38.0 APEX_CODE,FINEST;APEX_PROFILING,FINEST;CALLOUT,FINEST;DB,FINEST;SYSTEM,DEBUG;VALIDATION,INFO;VISUALFORCE,FINER;WORKFLOW,FINER
10:52:21.0 (378542)|USER_INFO|[EXTERNAL]|00528000004DSFj|resmi.ramakrishnan@qvmtest.com.devmerge|Australian Eastern Standard Time|GMT+10:00
10:52:21.0 (413504)|EXECUTION_STARTED
10:52:21.0 (419516)|CODE_UNIT_STARTED|[EXTERNAL]|066p00000004sPO|VF: /apex/DownloadABAFilePage
10:52:21.0 (2207433)|VF_APEX_CALL_START|[EXTERNAL]|01pp0000000EVMb|DownloadABAFileController <init>
10:52:21.0 (2223838)|SYSTEM_MODE_ENTER|true
10:52:21.0 (2820557)|HEAP_ALLOCATE|[72]|Bytes:3
10:52:21.0 (2866915)|HEAP_ALLOCATE|[77]|Bytes:152
10:52:21.0 (2882885)|HEAP_ALLOCATE|[342]|Bytes:408
10:52:21.0 (2899442)|HEAP_ALLOCATE|[355]|Bytes:408
10:52:21.0 (2914755)|HEAP_ALLOCATE|[467]|Bytes:48
10:52:21.0 (2945366)|HEAP_ALLOCATE|[139]|Bytes:6
10:52:21.0 (2968691)|HEAP_ALLOCATE|[EXTERNAL]|Bytes:164
10:52:21.0 (2977599)|HEAP_ALLOCATE|[EXTERNAL]|Bytes:16
10:52:21.0 (2980316)|HEAP_ALLOCATE|[EXTERNAL]|Bytes:2
10:52:21.0 (2995050)|METHOD_ENTRY|[1]|01pp0000000EVMb|DownloadABAFileController.DownloadABAFileController()
10:52:21.0 (2999333)|STATEMENT_EXECUTE|[1]
10:52:21.0 (3003534)|STATEMENT_EXECUTE|[1]
10:52:21.0 (3010694)|METHOD_EXIT|[1]|DownloadABAFileController
10:52:21.0 (3060820)|HEAP_ALLOCATE|[EXTERNAL]|Bytes:28
10:52:21.0 (3083138)|VARIABLE_SCOPE_BEGIN|[10]|this|DownloadABAFileController|true|false
10:52:21.0 (3167272)|VARIABLE_ASSIGNMENT|[10]|this|{}|0x662ac5ef
10:52:21.0 (3175100)|VARIABLE_SCOPE_BEGIN|[10]|stdController|ApexPages.StandardController|true|false
10:52:21.0 (3307779)|VARIABLE_ASSIGNMENT|[10]|stdController|"StandardController [null]"|0x1780f64f
10:52:21.0 (3316477)|STATEMENT_EXECUTE|[1]
10:52:21.0 (3317918)|STATEMENT_EXECUTE|[3]
10:52:21.0 (3319177)|STATEMENT_EXECUTE|[4]
10:52:21.0 (3320237)|STATEMENT_EXECUTE|[5]
10:52:21.0 (3321193)|STATEMENT_EXECUTE|[6]
10:52:21.0 (3322135)|STATEMENT_EXECUTE|[7]
10:52:21.0 (3323065)|STATEMENT_EXECUTE|[8]
10:52:21.0 (3332571)|HEAP_ALLOCATE|[12]|Bytes:6
10:52:21.0 (3373478)|STATEMENT_EXECUTE|[11]
10:52:21.0 (3375599)|STATEMENT_EXECUTE|[12]
10:52:21.0 (12143465)|HEAP_ALLOCATE|[12]|Bytes:12
10:52:21.0 (12190046)|VARIABLE_ASSIGNMENT|[12]|this.batchlobObj|{"s":1,"v":{"Id":"a01p0000002pSpRAAU","RecordTypeId":"012p0000000CggNAAS"}}|0x662ac5ef
10:52:21.0 (12194202)|STATEMENT_EXECUTE|[13]
10:52:21.0 (12234399)|HEAP_ALLOCATE|[13]|Bytes:12
10:52:21.0 (12336728)|VARIABLE_ASSIGNMENT|[13]|this.recId|"a01p0000002pSpRAAU"|0x662ac5ef
10:52:21.0 (12341206)|STATEMENT_EXECUTE|[14]
10:52:21.0 (12366686)|METHOD_ENTRY|[14]|01pp0000000EVMb|DownloadABAFileController.FormatStrings()
10:52:21.0 (12392633)|VARIABLE_SCOPE_BEGIN|[30]|this|DownloadABAFileController|true|false
10:52:21.0 (12495285)|VARIABLE_ASSIGNMENT|[30]|this|{"batchlobObj":"0x2a7d1f2b","recId":"a01p0000002pSpRAAU"}|0x662ac5ef
10:52:21.0 (12507514)|STATEMENT_EXECUTE|[31]
10:52:21.0 (12508875)|STATEMENT_EXECUTE|[32]
10:52:21.0 (12583712)|HEAP_ALLOCATE|[32]|Bytes:17
10:52:21.0 (12713612)|VARIABLE_ASSIGNMENT|[EXTERNAL]|this|{"batchlobObj":"0x2a7d1f2b","recId":"a01p0000002pSpRAAU"}|0x662ac5ef
10:52:21.0 (12724520)|VARIABLE_ASSIGNMENT|[EXTERNAL]|value|"                 "
10:52:21.0 (12732955)|VARIABLE_ASSIGNMENT|[6]|this.emptyString17|"                 "|0x662ac5ef
10:52:21.0 (12740235)|STATEMENT_EXECUTE|[33]
10:52:21.0 (12774515)|HEAP_ALLOCATE|[33]|Bytes:7
10:52:21.0 (12888224)|VARIABLE_ASSIGNMENT|[EXTERNAL]|this|{"batchlobObj":"0x2a7d1f2b","emptyString17":"                 ","recId":"a01p0000002pSpRAAU"}|0x662ac5ef
10:52:21.0 (12898396)|VARIABLE_ASSIGNMENT|[EXTERNAL]|value|"       "
10:52:21.0 (12906403)|VARIABLE_ASSIGNMENT|[7]|this.emptyString7|"       "|0x662ac5ef
10:52:21.0 (12913360)|STATEMENT_EXECUTE|[34]
10:52:21.0 (12917055)|HEAP_ALLOCATE|[34]|Bytes:2
10:52:21.0 (13044389)|VARIABLE_ASSIGNMENT|[EXTERNAL]|this|{"batchlobObj":"0x2a7d1f2b","emptyString17":"                 ","emptyString7":"       ","recId":"a01p0000002pSpRAAU"}|0x662ac5ef
10:52:21.0 (13056888)|VARIABLE_ASSIGNMENT|[EXTERNAL]|value|"\r\n"
10:52:21.0 (13064992)|VARIABLE_ASSIGNMENT|[8]|this.newLine|"\r\n"|0x662ac5ef
10:52:21.0 (13073233)|METHOD_EXIT|[14]|01pp0000000EVMb|DownloadABAFileController.FormatStrings()
10:52:21.0 (13092251)|VF_APEX_CALL_END|DownloadABAFileController <init>
10:52:21.0 (13179473)|VF_APEX_CALL_START|[EXTERNAL]|01pp0000000EVMb|DownloadABAFileController invoke(fetch)
10:52:21.0 (13211693)|HEAP_ALLOCATE|[EXTERNAL]|Bytes:28
10:52:21.0 (13220372)|VARIABLE_SCOPE_BEGIN|[17]|this|DownloadABAFileController|true|false
10:52:21.0 (13315369)|VARIABLE_ASSIGNMENT|[17]|this|{"batchlobObj":"0x2a7d1f2b","emptyString17":"                 ","emptyString7":"       ","newLine":"\r\n","recId":"a01p0000002pSpRAAU"}|0x662ac5ef
10:52:21.0 (13322802)|STATEMENT_EXECUTE|[18]
10:52:21.0 (13324448)|STATEMENT_EXECUTE|[19]
10:52:21.0 (13325476)|STATEMENT_EXECUTE|[20]
10:52:21.0 (13326703)|STATEMENT_EXECUTE|[21]
10:52:21.0 (13330052)|HEAP_ALLOCATE|[21]|Bytes:200
10:52:21.0 (13342826)|HEAP_ALLOCATE|[21]|Bytes:4
10:52:21.0 (13369022)|HEAP_ALLOCATE|[50]|Bytes:5
10:52:21.0 (13385498)|HEAP_ALLOCATE|[56]|Bytes:5
10:52:21.0 (13392960)|HEAP_ALLOCATE|[64]|Bytes:7
10:52:21.0 (13669987)|SOQL_EXECUTE_BEGIN|[21]|Aggregations:0|SELECT Financial_Institution__c, Name_Of_User__c, User_Identification_Number__c, Description__c, Date_to_be_Processed__c FROM Qvm_ABA_File_Generator__c WHERE Name = 'ABA File Header Generator' LIMIT 1
10:52:21.0 (13682443)|LIMIT_USAGE|[21]|SOQL|1|100
10:52:21.0 (13690652)|LIMIT_USAGE|[21]|AGGS|0|300
10:52:21.0 (19135183)|SOQL_EXECUTE_END|[21]|Rows:1
10:52:21.0 (19144687)|LIMIT_USAGE|[21]|SOQL_ROWS|1|50000
10:52:21.0 (19161383)|HEAP_ALLOCATE|[21]|Bytes:8
10:52:21.0 (19179838)|HEAP_ALLOCATE|[21]|Bytes:254
10:52:21.0 (19271905)|HEAP_ALLOCATE|[21]|Bytes:8
10:52:21.0 (19280572)|HEAP_ALLOCATE|[21]|Bytes:51
10:52:21.0 (19383634)|HEAP_ALLOCATE|[21]|Bytes:28
10:52:21.0 (19519058)|VARIABLE_ASSIGNMENT|[EXTERNAL]|this|{"batchlobObj":"0x2a7d1f2b","emptyString17":"                 ","emptyString7":"       ","newLine":"\r\n","recId":"a01p0000002pSpRAAU"}|0x662ac5ef
10:52:21.0 (19546317)|VARIABLE_ASSIGNMENT|[EXTERNAL]|value|{"s":1,"v":{"Financial_Institutio (4 more) ...":"NAB","Name_Of_User__c":"Queen Victoria Marke (1 more) ...","User_Identification_ (9 more) ...":128006,"Description__c":"TEST","Date_to_be_Processed (3 more) ...":170316,"Id":"a0bp0000001ZYpaAAG"}}|0x609e9bc
10:52:21.0 (19565169)|VARIABLE_ASSIGNMENT|[5]|this.qvmABAFileObj|{"s":1,"v":{"Financial_Institutio (4 more) ...":"NAB","Name_Of_User__c":"Queen Victoria Marke (1 more) ...","User_Identification_ (9 more) ...":128006,"Description__c":"TEST","Date_to_be_Processed (3 more) ...":170316,"Id":"a0bp0000001ZYpaAAG"}}|0x662ac5ef
10:52:21.0 (19615036)|VF_APEX_CALL_END|DownloadABAFileController invoke(fetch)
10:52:21.0 (20996555)|VF_APEX_CALL_START|[EXTERNAL]|01pp0000000EVMb|DownloadABAFileController get(emptyString17)
10:52:21.0 (21007917)|SYSTEM_MODE_ENTER|true
10:52:21.0 (21025194)|VF_APEX_CALL_START|[EXTERNAL]|01pp0000000EVMb|emptyString17
10:52:21.0 (21039058)|VF_APEX_CALL_END|emptyString17
10:52:21.0 (21055326)|VF_APEX_CALL_END|DownloadABAFileController get(emptyString17)
10:52:21.0 (21176092)|VF_APEX_CALL_START|[EXTERNAL]|01pp0000000EVMb|DownloadABAFileController get(qvmABAFileObj)
10:52:21.0 (21183721)|SYSTEM_MODE_ENTER|true
10:52:21.0 (21193402)|VF_APEX_CALL_START|[EXTERNAL]|01pp0000000EVMb|qvmABAFileObj
10:52:21.0 (21205145)|VF_APEX_CALL_END|qvmABAFileObj
10:52:21.0 (21219611)|VF_APEX_CALL_END|DownloadABAFileController get(qvmABAFileObj)
10:52:21.0 (21818551)|VF_APEX_CALL_START|[EXTERNAL]|01pp0000000EVMb|DownloadABAFileController get(newLine)
10:52:21.0 (21825624)|SYSTEM_MODE_ENTER|true
10:52:21.0 (21835287)|VF_APEX_CALL_START|[EXTERNAL]|01pp0000000EVMb|newLine
10:52:21.0 (21847175)|VF_APEX_CALL_END|newLine
10:52:21.0 (21860810)|VF_APEX_CALL_END|DownloadABAFileController get(newLine)
10:52:21.25 (25507694)|CUMULATIVE_LIMIT_USAGE
10:52:21.25 (25507694)|LIMIT_USAGE_FOR_NS|(default)|
  Number of SOQL queries: 1 out of 100
  Number of query rows: 1 out of 50000
  Number of SOSL queries: 0 out of 20
  Number of DML statements: 0 out of 150
  Number of DML rows: 0 out of 10000
  Maximum CPU time: 0 out of 10000
  Maximum heap size: 0 out of 6000000
  Number of callouts: 0 out of 100
  Number of Email Invocations: 0 out of 10
  Number of future calls: 0 out of 50
  Number of queueable jobs added to the queue: 0 out of 50
  Number of Mobile Apex push calls: 0 out of 10

10:52:21.25 (25507694)|TOTAL_EMAIL_RECIPIENTS_QUEUED|0
10:52:21.25 (25507694)|STATIC_VARIABLE_LIST|
  char[]:DigitTens:0
  long:serialVersionUID:0
  long:serialVersionUID:0
  String:_sfdcAdditionalCodeLocations:0
  double:MAX_VALUE:0
  Boolean:FALSE:0
  long:serialVersionUID:0
  double:MIN_VALUE:0
  int:SIZE:0
  double:NEGATIVE_INFINITY:0
  int:MAX_VALUE:0
  String:__sfdcProperties:0
  char[]:digits:0
  String:_sfdcSuppressedCodeLocations:0
  double:NaN:0
  Boolean:TRUE:0
  int:MIN_VALUE:0
  char[]:DigitOnes:0
  int:BYTES:0
  int:MIN_EXPONENT:0
  int[]:sizeTable:0
  int:MAX_EXPONENT:0
  String:_sfdcAdditionalCodeLocations:0
  int:SIZE:0
  double:POSITIVE_INFINITY:0
  double:MIN_NORMAL:0
  int:BYTES:0

10:52:21.25 (25507694)|CUMULATIVE_LIMIT_USAGE_END

10:52:21.0 (25646702)|CODE_UNIT_FINISHED|VF: /apex/DownloadABAFilePage
10:52:21.0 (27275608)|EXECUTION_FINISHED
10:52:21.30 (30136952)|CUMULATIVE_PROFILING_BEGIN
10:52:21.30 (30136952)|CUMULATIVE_PROFILING|SOQL operations|
Class.DownloadABAFileController.fetch: line 21, column 1: [SELECT Financial_Institution__c,Name_Of_User__c,
                             User_Identification_Number__c,Description__c,Date_to_be_Processed__c 
                             FROM Qvm_ABA_File_Generator__c where Name = 'ABA File Header Generator' LIMIT 1]: executed 2 times in 6 ms

10:52:21.30 (30136952)|CUMULATIVE_PROFILING|No profiling information for SOSL operations
10:52:21.30 (30136952)|CUMULATIVE_PROFILING|No profiling information for DML operations
10:52:21.30 (30136952)|CUMULATIVE_PROFILING|method invocations|
Class.DownloadABAFileController.<init>: line 12, column 1: global SObject getRecord(): executed 1 time in 8 ms
External entry point: public void fetch(): executed 1 time in 7 ms
Class.DownloadABAFileController.<init>: line 13, column 1: global SObject getRecord(): executed 1 time in 1 ms
Class.DownloadABAFileController.FormatStrings: line 32, column 1: public String rightPad(Integer): executed 2 times in 0 ms
Class.DownloadABAFileController.FormatStrings: line 33, column 1: public String rightPad(Integer): executed 2 times in 0 ms
Class.DownloadABAFileController.FormatStrings: line 34, column 1: public void __sfdc_newLine(String): executed 1 time in 0 ms
Class.DownloadABAFileController.<init>: line 14, column 1: public void FormatStrings(): executed 1 time in 0 ms

10:52:21.30 (30136952)|CUMULATIVE_PROFILING_END
