38.0 APEX_CODE,FINEST;APEX_PROFILING,FINEST;CALLOUT,FINEST;DB,FINEST;SYSTEM,DEBUG;VALIDATION,INFO;VISUALFORCE,FINER;WORKFLOW,FINER
11:06:35.16 (16314111)|USER_INFO|[EXTERNAL]|00528000004DSFj|resmi.ramakrishnan@qvmtest.com.devmerge|Australian Eastern Standard Time|GMT+10:00
11:06:35.16 (16382574)|EXECUTION_STARTED
11:06:35.16 (16390999)|CODE_UNIT_STARTED|[EXTERNAL]|066p00000004sPO|VF: /apex/DownloadABAFilePage
11:06:35.16 (64519423)|VF_APEX_CALL_START|[EXTERNAL]|01pp0000000EVMb|DownloadABAFileController <init>
11:06:35.16 (64548010)|SYSTEM_MODE_ENTER|true
11:06:35.16 (65250289)|HEAP_ALLOCATE|[72]|Bytes:3
11:06:35.16 (65306465)|HEAP_ALLOCATE|[77]|Bytes:152
11:06:35.16 (65322166)|HEAP_ALLOCATE|[342]|Bytes:408
11:06:35.16 (65338295)|HEAP_ALLOCATE|[355]|Bytes:408
11:06:35.16 (65353580)|HEAP_ALLOCATE|[467]|Bytes:48
11:06:35.16 (65385961)|HEAP_ALLOCATE|[139]|Bytes:6
11:06:35.16 (65408635)|HEAP_ALLOCATE|[EXTERNAL]|Bytes:188
11:06:35.16 (65414492)|HEAP_ALLOCATE|[EXTERNAL]|Bytes:20
11:06:35.16 (65417174)|HEAP_ALLOCATE|[EXTERNAL]|Bytes:2
11:06:35.16 (65433419)|METHOD_ENTRY|[1]|01pp0000000EVMb|DownloadABAFileController.DownloadABAFileController()
11:06:35.16 (65438299)|STATEMENT_EXECUTE|[1]
11:06:35.16 (65443089)|STATEMENT_EXECUTE|[1]
11:06:35.16 (65449745)|METHOD_EXIT|[1]|DownloadABAFileController
11:06:35.16 (65529128)|HEAP_ALLOCATE|[EXTERNAL]|Bytes:32
11:06:35.16 (65554623)|VARIABLE_SCOPE_BEGIN|[14]|this|DownloadABAFileController|true|false
11:06:35.16 (65651413)|VARIABLE_ASSIGNMENT|[14]|this|{}|0x145d8aa9
11:06:35.16 (65659356)|VARIABLE_SCOPE_BEGIN|[14]|stdController|ApexPages.StandardController|true|false
11:06:35.16 (65816791)|VARIABLE_ASSIGNMENT|[14]|stdController|"StandardController [null]"|0x126a30e7
11:06:35.16 (65825138)|STATEMENT_EXECUTE|[1]
11:06:35.16 (65826532)|STATEMENT_EXECUTE|[3]
11:06:35.16 (65827547)|STATEMENT_EXECUTE|[4]
11:06:35.16 (65828435)|STATEMENT_EXECUTE|[5]
11:06:35.16 (65829397)|STATEMENT_EXECUTE|[8]
11:06:35.16 (65830230)|STATEMENT_EXECUTE|[9]
11:06:35.16 (65831027)|STATEMENT_EXECUTE|[10]
11:06:35.16 (65831960)|STATEMENT_EXECUTE|[11]
11:06:35.16 (65841738)|HEAP_ALLOCATE|[16]|Bytes:6
11:06:35.16 (65884295)|STATEMENT_EXECUTE|[15]
11:06:35.16 (65886335)|STATEMENT_EXECUTE|[16]
11:06:35.16 (78196619)|HEAP_ALLOCATE|[16]|Bytes:12
11:06:35.16 (78273841)|VARIABLE_ASSIGNMENT|[16]|this.batchlobObj|{"s":1,"v":{"Id":"a01p0000002pSpRAAU","RecordTypeId":"012p0000000CggNAAS"}}|0x145d8aa9
11:06:35.16 (78280156)|STATEMENT_EXECUTE|[17]
11:06:35.16 (78358011)|HEAP_ALLOCATE|[17]|Bytes:12
11:06:35.16 (78543263)|VARIABLE_ASSIGNMENT|[17]|this.recId|"a01p0000002pSpRAAU"|0x145d8aa9
11:06:35.16 (78547804)|STATEMENT_EXECUTE|[18]
11:06:35.16 (78598099)|METHOD_ENTRY|[18]|01pp0000000EVMb|DownloadABAFileController.FormatStrings()
11:06:35.16 (78660171)|VARIABLE_SCOPE_BEGIN|[36]|this|DownloadABAFileController|true|false
11:06:35.16 (78782283)|VARIABLE_ASSIGNMENT|[36]|this|{"batchlobObj":"0x98a797a","recId":"a01p0000002pSpRAAU"}|0x145d8aa9
11:06:35.16 (78796693)|STATEMENT_EXECUTE|[37]
11:06:35.16 (78798401)|STATEMENT_EXECUTE|[38]
11:06:35.16 (78883006)|HEAP_ALLOCATE|[38]|Bytes:17
11:06:35.16 (79009246)|VARIABLE_ASSIGNMENT|[EXTERNAL]|this|{"batchlobObj":"0x98a797a","recId":"a01p0000002pSpRAAU"}|0x145d8aa9
11:06:35.16 (79021283)|VARIABLE_ASSIGNMENT|[EXTERNAL]|value|"                 "
11:06:35.16 (79030254)|VARIABLE_ASSIGNMENT|[8]|this.emptyString17|"                 "|0x145d8aa9
11:06:35.16 (79038165)|STATEMENT_EXECUTE|[39]
11:06:35.16 (79073321)|HEAP_ALLOCATE|[39]|Bytes:7
11:06:35.16 (79188558)|VARIABLE_ASSIGNMENT|[EXTERNAL]|this|{"batchlobObj":"0x98a797a","emptyString17":"                 ","recId":"a01p0000002pSpRAAU"}|0x145d8aa9
11:06:35.16 (79198771)|VARIABLE_ASSIGNMENT|[EXTERNAL]|value|"       "
11:06:35.16 (79206751)|VARIABLE_ASSIGNMENT|[9]|this.emptyString7|"       "|0x145d8aa9
11:06:35.16 (79214161)|STATEMENT_EXECUTE|[40]
11:06:35.16 (79217948)|HEAP_ALLOCATE|[40]|Bytes:2
11:06:35.16 (79358141)|VARIABLE_ASSIGNMENT|[EXTERNAL]|this|{"batchlobObj":"0x98a797a","emptyString17":"                 ","emptyString7":"       ","recId":"a01p0000002pSpRAAU"}|0x145d8aa9
11:06:35.16 (79369435)|VARIABLE_ASSIGNMENT|[EXTERNAL]|value|"\r\n"
11:06:35.16 (79377545)|VARIABLE_ASSIGNMENT|[10]|this.newLine|"\r\n"|0x145d8aa9
11:06:35.16 (79385927)|METHOD_EXIT|[18]|01pp0000000EVMb|DownloadABAFileController.FormatStrings()
11:06:35.16 (79434289)|VF_APEX_CALL_END|DownloadABAFileController <init>
11:06:35.16 (79601294)|VF_APEX_CALL_START|[EXTERNAL]|01pp0000000EVMb|DownloadABAFileController invoke(fetch)
11:06:35.16 (79644349)|HEAP_ALLOCATE|[EXTERNAL]|Bytes:32
11:06:35.16 (79656031)|VARIABLE_SCOPE_BEGIN|[21]|this|DownloadABAFileController|true|false
11:06:35.16 (79754985)|VARIABLE_ASSIGNMENT|[21]|this|{"batchlobObj":"0x98a797a","emptyString17":"                 ","emptyString7":"       ","newLine":"\r\n","recId":"a01p0000002pSpRAAU"}|0x145d8aa9
11:06:35.16 (79762879)|STATEMENT_EXECUTE|[22]
11:06:35.16 (79764243)|STATEMENT_EXECUTE|[23]
11:06:35.16 (79765351)|STATEMENT_EXECUTE|[24]
11:06:35.16 (79766278)|STATEMENT_EXECUTE|[25]
11:06:35.16 (79769330)|HEAP_ALLOCATE|[25]|Bytes:200
11:06:35.16 (79785594)|HEAP_ALLOCATE|[25]|Bytes:4
11:06:35.16 (79822698)|HEAP_ALLOCATE|[50]|Bytes:5
11:06:35.16 (79844592)|HEAP_ALLOCATE|[56]|Bytes:5
11:06:35.16 (79852644)|HEAP_ALLOCATE|[64]|Bytes:7
11:06:35.16 (80298478)|SOQL_EXECUTE_BEGIN|[25]|Aggregations:0|SELECT Financial_Institution__c, Name_Of_User__c, User_Identification_Number__c, Description__c, Date_to_be_Processed__c FROM Qvm_ABA_File_Generator__c WHERE Name = 'ABA File Header Generator' LIMIT 1
11:06:35.16 (80313835)|LIMIT_USAGE|[25]|SOQL|1|100
11:06:35.16 (80326782)|LIMIT_USAGE|[25]|AGGS|0|300
11:06:35.16 (85857054)|SOQL_EXECUTE_END|[25]|Rows:1
11:06:35.16 (85867923)|LIMIT_USAGE|[25]|SOQL_ROWS|1|50000
11:06:35.16 (85883401)|HEAP_ALLOCATE|[25]|Bytes:8
11:06:35.16 (85904592)|HEAP_ALLOCATE|[25]|Bytes:254
11:06:35.16 (86015209)|HEAP_ALLOCATE|[25]|Bytes:8
11:06:35.16 (86026038)|HEAP_ALLOCATE|[25]|Bytes:51
11:06:35.16 (86127950)|HEAP_ALLOCATE|[25]|Bytes:28
11:06:35.16 (86285410)|VARIABLE_ASSIGNMENT|[EXTERNAL]|this|{"batchlobObj":"0x98a797a","emptyString17":"                 ","emptyString7":"       ","newLine":"\r\n","recId":"a01p0000002pSpRAAU"}|0x145d8aa9
11:06:35.16 (86317135)|VARIABLE_ASSIGNMENT|[EXTERNAL]|value|{"s":1,"v":{"Financial_Institutio (4 more) ...":"NAB","Name_Of_User__c":"Queen Victoria Marke (1 more) ...","User_Identification_ (9 more) ...":128006,"Description__c":"TEST","Date_to_be_Processed (3 more) ...":170316,"Id":"a0bp0000001ZYpaAAG"}}|0x7bd49d34
11:06:35.16 (86336510)|VARIABLE_ASSIGNMENT|[5]|this.qvmABAFileObj|{"s":1,"v":{"Financial_Institutio (4 more) ...":"NAB","Name_Of_User__c":"Queen Victoria Marke (1 more) ...","User_Identification_ (9 more) ...":128006,"Description__c":"TEST","Date_to_be_Processed (3 more) ...":170316,"Id":"a0bp0000001ZYpaAAG"}}|0x145d8aa9
11:06:35.16 (86345971)|STATEMENT_EXECUTE|[28]
11:06:35.16 (86479836)|VARIABLE_ASSIGNMENT|[EXTERNAL]|this|{"batchlobObj":"0x98a797a","emptyString17":"                 ","emptyString7":"       ","newLine":"\r\n","qvmABAFileObj":"0x7bd49d34","recId":"a01p0000002pSpRAAU"}|0x145d8aa9
11:06:35.16 (86631305)|VARIABLE_ASSIGNMENT|[EXTERNAL]|this|{"batchlobObj":"0x98a797a","emptyString17":"                 ","emptyString7":"       ","newLine":"\r\n","qvmABAFileObj":"0x7bd49d34","recId":"a01p0000002pSpRAAU"}|0x145d8aa9
11:06:35.16 (86644482)|VARIABLE_ASSIGNMENT|[EXTERNAL]|value|"Queen Victoria Marke (1 more) ..."
11:06:35.16 (86656007)|VARIABLE_ASSIGNMENT|[11]|this.UserName|"Queen Victoria Marke (1 more) ..."|0x145d8aa9
11:06:35.16 (86663417)|STATEMENT_EXECUTE|[29]
11:06:35.16 (86782462)|VARIABLE_ASSIGNMENT|[EXTERNAL]|this|{"batchlobObj":"0x98a797a","emptyString17":"                 ","emptyString7":"       ","newLine":"\r\n","qvmABAFileObj":"0x7bd49d34","recId":"a01p0000002pSpRAAU","UserName":"Queen Victoria Market"}|0x145d8aa9
11:06:35.16 (86815823)|HEAP_ALLOCATE|[29]|Bytes:21
11:06:35.16 (86947295)|VARIABLE_ASSIGNMENT|[EXTERNAL]|this|{"batchlobObj":"0x98a797a","emptyString17":"                 ","emptyString7":"       ","newLine":"\r\n","qvmABAFileObj":"0x7bd49d34","recId":"a01p0000002pSpRAAU","UserName":"Queen Victoria Market"}|0x145d8aa9
11:06:35.16 (86956189)|VARIABLE_ASSIGNMENT|[EXTERNAL]|value|"Queen Victoria Marke (1 more) ..."
11:06:35.16 (86964367)|VARIABLE_ASSIGNMENT|[11]|this.UserName|"Queen Victoria Marke (1 more) ..."|0x145d8aa9
11:06:35.16 (87015471)|VF_APEX_CALL_END|DownloadABAFileController invoke(fetch)
11:06:35.16 (88544258)|VF_APEX_CALL_START|[EXTERNAL]|01pp0000000EVMb|DownloadABAFileController get(emptyString17)
11:06:35.16 (88557866)|SYSTEM_MODE_ENTER|true
11:06:35.16 (88576488)|VF_APEX_CALL_START|[EXTERNAL]|01pp0000000EVMb|emptyString17
11:06:35.16 (88590544)|VF_APEX_CALL_END|emptyString17
11:06:35.16 (88607066)|VF_APEX_CALL_END|DownloadABAFileController get(emptyString17)
11:06:35.16 (88728922)|VF_APEX_CALL_START|[EXTERNAL]|01pp0000000EVMb|DownloadABAFileController get(qvmABAFileObj)
11:06:35.16 (88736330)|SYSTEM_MODE_ENTER|true
11:06:35.16 (88746135)|VF_APEX_CALL_START|[EXTERNAL]|01pp0000000EVMb|qvmABAFileObj
11:06:35.16 (88757408)|VF_APEX_CALL_END|qvmABAFileObj
11:06:35.16 (88771840)|VF_APEX_CALL_END|DownloadABAFileController get(qvmABAFileObj)
11:06:35.16 (88915712)|VF_APEX_CALL_START|[EXTERNAL]|01pp0000000EVMb|DownloadABAFileController get(emptyString7)
11:06:35.16 (88922893)|SYSTEM_MODE_ENTER|true
11:06:35.16 (88932202)|VF_APEX_CALL_START|[EXTERNAL]|01pp0000000EVMb|emptyString7
11:06:35.16 (88942973)|VF_APEX_CALL_END|emptyString7
11:06:35.16 (88956935)|VF_APEX_CALL_END|DownloadABAFileController get(emptyString7)
11:06:35.16 (89012816)|VF_APEX_CALL_START|[EXTERNAL]|01pp0000000EVMb|DownloadABAFileController get(UserName)
11:06:35.16 (89020342)|SYSTEM_MODE_ENTER|true
11:06:35.16 (89029693)|VF_APEX_CALL_START|[EXTERNAL]|01pp0000000EVMb|UserName
11:06:35.16 (89040397)|VF_APEX_CALL_END|UserName
11:06:35.16 (89054171)|VF_APEX_CALL_END|DownloadABAFileController get(UserName)
11:06:35.16 (89505632)|VF_APEX_CALL_START|[EXTERNAL]|01pp0000000EVMb|DownloadABAFileController get(newLine)
11:06:35.16 (89516459)|SYSTEM_MODE_ENTER|true
11:06:35.16 (89530578)|VF_APEX_CALL_START|[EXTERNAL]|01pp0000000EVMb|newLine
11:06:35.16 (89542681)|VF_APEX_CALL_END|newLine
11:06:35.16 (89557476)|VF_APEX_CALL_END|DownloadABAFileController get(newLine)
11:06:35.92 (92794643)|CUMULATIVE_LIMIT_USAGE
11:06:35.92 (92794643)|LIMIT_USAGE_FOR_NS|(default)|
  Number of SOQL queries: 1 out of 100
  Number of query rows: 1 out of 50000
  Number of SOSL queries: 0 out of 20
  Number of DML statements: 0 out of 150
  Number of DML rows: 0 out of 10000
  Maximum CPU time: 0 out of 10000
  Maximum heap size: 0 out of 6000000
  Number of callouts: 0 out of 100
  Number of Email Invocations: 0 out of 10
  Number of future calls: 0 out of 50
  Number of queueable jobs added to the queue: 0 out of 50
  Number of Mobile Apex push calls: 0 out of 10

11:06:35.92 (92794643)|TOTAL_EMAIL_RECIPIENTS_QUEUED|0
11:06:35.92 (92794643)|STATIC_VARIABLE_LIST|
  char[]:DigitTens:0
  long:serialVersionUID:0
  long:serialVersionUID:0
  String:_sfdcAdditionalCodeLocations:0
  double:MAX_VALUE:0
  Boolean:FALSE:0
  long:serialVersionUID:0
  double:MIN_VALUE:0
  int:SIZE:0
  double:NEGATIVE_INFINITY:0
  int:MAX_VALUE:0
  String:__sfdcProperties:0
  char[]:digits:0
  String:_sfdcSuppressedCodeLocations:0
  double:NaN:0
  Boolean:TRUE:0
  int:MIN_VALUE:0
  char[]:DigitOnes:0
  int:BYTES:0
  int:MIN_EXPONENT:0
  int[]:sizeTable:0
  int:MAX_EXPONENT:0
  String:_sfdcAdditionalCodeLocations:0
  int:SIZE:0
  double:POSITIVE_INFINITY:0
  double:MIN_NORMAL:0
  int:BYTES:0

11:06:35.92 (92794643)|CUMULATIVE_LIMIT_USAGE_END

11:06:35.16 (92929810)|CODE_UNIT_FINISHED|VF: /apex/DownloadABAFilePage
11:06:35.16 (94116837)|EXECUTION_FINISHED
11:06:35.96 (96508666)|CUMULATIVE_PROFILING_BEGIN
11:06:35.96 (96508666)|CUMULATIVE_PROFILING|SOQL operations|
Class.DownloadABAFileController.fetch: line 25, column 1: [SELECT Financial_Institution__c,Name_Of_User__c,
                             User_Identification_Number__c,Description__c,Date_to_be_Processed__c 
                             FROM Qvm_ABA_File_Generator__c where Name = 'ABA File Header Generator' LIMIT 1]: executed 2 times in 6 ms

11:06:35.96 (96508666)|CUMULATIVE_PROFILING|No profiling information for SOSL operations
11:06:35.96 (96508666)|CUMULATIVE_PROFILING|No profiling information for DML operations
11:06:35.96 (96508666)|CUMULATIVE_PROFILING|method invocations|
Class.DownloadABAFileController.<init>: line 16, column 1: global SObject getRecord(): executed 1 time in 12 ms
External entry point: public void fetch(): executed 1 time in 8 ms
Class.DownloadABAFileController.<init>: line 18, column 1: public void FormatStrings(): executed 1 time in 1 ms
Class.DownloadABAFileController.fetch: line 29, column 1: public String __sfdc_UserName(): executed 3 times in 1 ms
Class.DownloadABAFileController.<init>: line 17, column 1: global SObject getRecord(): executed 1 time in 0 ms
Class.DownloadABAFileController.FormatStrings: line 38, column 1: public String rightPad(Integer): executed 2 times in 0 ms
Class.DownloadABAFileController.FormatStrings: line 39, column 1: public String rightPad(Integer): executed 2 times in 0 ms
Class.DownloadABAFileController.FormatStrings: line 40, column 1: public void __sfdc_newLine(String): executed 1 time in 0 ms
Class.DownloadABAFileController.fetch: line 28, column 1: public Qvm_ABA_File_Generator__c __sfdc_qvmABAFileObj(): executed 2 times in 0 ms

11:06:35.96 (96508666)|CUMULATIVE_PROFILING_END
