38.0 APEX_CODE,FINEST;APEX_PROFILING,FINEST;CALLOUT,FINEST;DB,FINEST;SYSTEM,DEBUG;VALIDATION,INFO;VISUALFORCE,FINER;WORKFLOW,FINER
11:03:11.0 (510710)|USER_INFO|[EXTERNAL]|00528000004DSLv|luke.farbotko@qvmtest.com.devmerge|Australian Eastern Standard Time|GMT+10:00
11:03:11.0 (555943)|EXECUTION_STARTED
11:03:11.0 (562957)|CODE_UNIT_STARTED|[EXTERNAL]|066p00000004sMt|VF: /apex/NewOrder
11:03:11.0 (11458908)|VF_APEX_CALL_START|[EXTERNAL]|01pp0000000EVH2|NewOrderControllerExt <init>
11:03:11.0 (11476374)|SYSTEM_MODE_ENTER|true
11:03:11.0 (12083767)|HEAP_ALLOCATE|[72]|Bytes:3
11:03:11.0 (12141335)|HEAP_ALLOCATE|[77]|Bytes:152
11:03:11.0 (12159955)|HEAP_ALLOCATE|[342]|Bytes:408
11:03:11.0 (12188164)|HEAP_ALLOCATE|[355]|Bytes:408
11:03:11.0 (12219748)|HEAP_ALLOCATE|[467]|Bytes:48
11:03:11.0 (12269058)|HEAP_ALLOCATE|[139]|Bytes:6
11:03:11.0 (12349136)|HEAP_ALLOCATE|[EXTERNAL]|Bytes:3
11:03:11.0 (12354291)|HEAP_ALLOCATE|[EXTERNAL]|Bytes:8
11:03:11.0 (12367614)|METHOD_ENTRY|[1]|01pp0000000EVH2|NewOrderControllerExt.NewOrderControllerExt()
11:03:11.0 (12376542)|STATEMENT_EXECUTE|[1]
11:03:11.0 (12382887)|STATEMENT_EXECUTE|[1]
11:03:11.0 (12389894)|METHOD_EXIT|[1]|NewOrderControllerExt
11:03:11.0 (12397119)|HEAP_ALLOCATE|[EXTERNAL]|Bytes:4
11:03:11.0 (12415114)|VARIABLE_SCOPE_BEGIN|[4]|this|NewOrderControllerExt|true|false
11:03:11.0 (12465857)|VARIABLE_ASSIGNMENT|[4]|this|{}|0x5715e4f3
11:03:11.0 (12469408)|VARIABLE_SCOPE_BEGIN|[4]|controller|ApexPages.StandardSetController|true|false
11:03:11.0 (12634463)|VARIABLE_ASSIGNMENT|[4]|controller|"core.apexpages.components.framework.controller.SetOrientedStandardControllerImpl@1c83be53"|0x1c83be53
11:03:11.0 (12644737)|STATEMENT_EXECUTE|[1]
11:03:11.0 (12654823)|HEAP_ALLOCATE|[EXTERNAL]|Bytes:6
11:03:11.0 (12702129)|STATEMENT_EXECUTE|[5]
11:03:11.0 (12730189)|VF_APEX_CALL_END|NewOrderControllerExt <init>
11:03:11.0 (12840504)|VF_APEX_CALL_START|[EXTERNAL]|01pp0000000EVH2|NewOrderControllerExt invoke(Redirect)
11:03:11.0 (12867384)|HEAP_ALLOCATE|[EXTERNAL]|Bytes:4
11:03:11.0 (12873691)|VARIABLE_SCOPE_BEGIN|[9]|this|NewOrderControllerExt|true|false
11:03:11.0 (12888258)|VARIABLE_ASSIGNMENT|[9]|this|{}|0x5715e4f3
11:03:11.0 (12900506)|STATEMENT_EXECUTE|[10]
11:03:11.0 (12902342)|STATEMENT_EXECUTE|[11]
11:03:11.0 (12906016)|HEAP_ALLOCATE|[11]|Bytes:12
11:03:11.0 (12925185)|HEAP_ALLOCATE|[50]|Bytes:5
11:03:11.0 (12944763)|HEAP_ALLOCATE|[56]|Bytes:5
11:03:11.0 (12953828)|HEAP_ALLOCATE|[64]|Bytes:7
11:03:11.0 (13025659)|HEAP_ALLOCATE|[11]|Bytes:106
11:03:11.0 (13086465)|HEAP_ALLOCATE|[11]|Bytes:136
11:03:11.0 (13105743)|HEAP_ALLOCATE|[11]|Bytes:148
11:03:11.0 (13131909)|USER_DEBUG|[11]|DEBUG|current PageSystem.PageReference[/apex/NewOrder?id=006p0000001ePka&new_order=New+Order&retURL=%2F006p0000001ePka&scontrolCaching=1&wrapMassAction=1]
11:03:11.0 (13140041)|STATEMENT_EXECUTE|[12]
11:03:11.0 (13143389)|HEAP_ALLOCATE|[12]|Bytes:5
11:03:11.0 (13171187)|HEAP_ALLOCATE|[12]|Bytes:106
11:03:11.0 (13234079)|HEAP_ALLOCATE|[12]|Bytes:88
11:03:11.0 (13251529)|HEAP_ALLOCATE|[12]|Bytes:2
11:03:11.0 (13275748)|HEAP_ALLOCATE|[12]|Bytes:20
11:03:11.0 (13287914)|USER_DEBUG|[12]|DEBUG|aid :006p0000001ePka
11:03:11.0 (13294215)|STATEMENT_EXECUTE|[13]
11:03:11.0 (13319407)|HEAP_ALLOCATE|[13]|Bytes:106
11:03:11.0 (13342729)|HEAP_ALLOCATE|[13]|Bytes:88
11:03:11.0 (13371883)|HEAP_ALLOCATE|[13]|Bytes:4
11:03:11.0 (13376886)|VARIABLE_SCOPE_BEGIN|[13]|accountId|Id|false|false
11:03:11.0 (13443980)|VARIABLE_ASSIGNMENT|[13]|accountId|"006p0000001ePkaAAE"
11:03:11.0 (13449451)|STATEMENT_EXECUTE|[14]
11:03:11.0 (13478887)|HEAP_ALLOCATE|[14]|Bytes:106
11:03:11.0 (13503006)|HEAP_ALLOCATE|[14]|Bytes:88
11:03:11.0 (13514717)|HEAP_ALLOCATE|[14]|Bytes:6
11:03:11.0 (13527486)|VARIABLE_SCOPE_BEGIN|[14]|returnUrl|String|false|false
11:03:11.0 (13536777)|VARIABLE_ASSIGNMENT|[14]|returnUrl|"/006p0000001ePka"
11:03:11.0 (13540075)|STATEMENT_EXECUTE|[16]
11:03:11.0 (13542775)|HEAP_ALLOCATE|[16]|Bytes:67
11:03:11.0 (13552135)|HEAP_ALLOCATE|[16]|Bytes:4
11:03:11.0 (13563442)|HEAP_ALLOCATE|[16]|Bytes:7
11:03:11.0 (15871049)|SOQL_EXECUTE_BEGIN|[16]|Aggregations:0|SELECT Id, RecordType.Name FROM Account WHERE id = :tmpVar1 LIMIT 1
11:03:11.0 (15883870)|LIMIT_USAGE|[16]|SOQL|1|100
11:03:11.0 (15894943)|LIMIT_USAGE|[16]|AGGS|0|300
11:03:11.0 (19292526)|SOQL_EXECUTE_END|[16]|Rows:0
11:03:11.0 (19306735)|LIMIT_USAGE|[16]|SOQL_ROWS|0|50000
11:03:11.0 (19330589)|HEAP_ALLOCATE|[16]|Bytes:4
11:03:11.0 (19346098)|HEAP_ALLOCATE|[16]|Bytes:0
11:03:11.0 (19506668)|HEAP_ALLOCATE|[16]|Bytes:4
11:03:11.0 (19538094)|HEAP_ALLOCATE|[16]|Bytes:33
11:03:11.0 (19729270)|HEAP_ALLOCATE|[16]|Bytes:46
11:03:11.0 (19883510)|FATAL_ERROR|System.QueryException: List has no rows for assignment to SObject

Class.NewOrderControllerExt.Redirect: line 16, column 1
11:03:11.0 (19901918)|VF_APEX_CALL_END|NewOrderControllerExt invoke(Redirect)
11:03:11.47 (47897541)|CUMULATIVE_PROFILING_BEGIN
11:03:11.47 (47897541)|CUMULATIVE_PROFILING|SOQL operations|
Class.NewOrderControllerExt.Redirect: line 16, column 1: [SELECT Id, RecordType.Name from Account where id = :accountId LIMIT 1]: executed 1 time in 6 ms

11:03:11.47 (47897541)|CUMULATIVE_PROFILING|No profiling information for SOSL operations
11:03:11.47 (47897541)|CUMULATIVE_PROFILING|No profiling information for DML operations
11:03:11.47 (47897541)|CUMULATIVE_PROFILING|method invocations|
External entry point: public System.PageReference Redirect(): executed 1 time in 7 ms
Class.NewOrderControllerExt.Redirect: line 13, column 1: global public static System.PageReference currentPage(): executed 3 times in 1 ms
Class.NewOrderControllerExt.Redirect: line 11, column 1: global public static System.PageReference currentPage(): executed 3 times in 0 ms
Class.NewOrderControllerExt.Redirect: line 12, column 1: global public static System.PageReference currentPage(): executed 4 times in 0 ms
Class.NewOrderControllerExt.Redirect: line 14, column 1: global public static System.PageReference currentPage(): executed 3 times in 0 ms

11:03:11.47 (47897541)|CUMULATIVE_PROFILING_END
