38.0 APEX_CODE,FINEST;APEX_PROFILING,FINEST;CALLOUT,FINEST;DB,FINEST;SYSTEM,DEBUG;VALIDATION,INFO;VISUALFORCE,FINER;WORKFLOW,FINER
10:27:33.0 (514605)|USER_INFO|[EXTERNAL]|00528000004DSFj|resmi.ramakrishnan@qvmtest.com.devmerge|Australian Eastern Standard Time|GMT+10:00
10:27:33.0 (555636)|EXECUTION_STARTED
10:27:33.0 (562501)|CODE_UNIT_STARTED|[EXTERNAL]|066p00000004sPO|VF: /apex/DownloadABAFilePage
10:27:33.0 (6020120)|VF_APEX_CALL_START|[EXTERNAL]|01pp0000000EVMb|DownloadABAFileController <init>
10:27:33.0 (6044766)|SYSTEM_MODE_ENTER|true
10:27:33.0 (6766254)|HEAP_ALLOCATE|[72]|Bytes:3
10:27:33.0 (6821448)|HEAP_ALLOCATE|[77]|Bytes:152
10:27:33.0 (6843568)|HEAP_ALLOCATE|[342]|Bytes:408
10:27:33.0 (6864954)|HEAP_ALLOCATE|[355]|Bytes:408
10:27:33.0 (6885233)|HEAP_ALLOCATE|[467]|Bytes:48
10:27:33.0 (6923544)|HEAP_ALLOCATE|[139]|Bytes:6
10:27:33.0 (6947389)|HEAP_ALLOCATE|[EXTERNAL]|Bytes:152
10:27:33.0 (6953879)|HEAP_ALLOCATE|[EXTERNAL]|Bytes:10
10:27:33.0 (6957873)|HEAP_ALLOCATE|[EXTERNAL]|Bytes:14
10:27:33.0 (6972759)|METHOD_ENTRY|[1]|01pp0000000EVMb|DownloadABAFileController.DownloadABAFileController()
10:27:33.0 (6978555)|STATEMENT_EXECUTE|[1]
10:27:33.0 (6985152)|STATEMENT_EXECUTE|[1]
10:27:33.0 (6992151)|METHOD_EXIT|[1]|DownloadABAFileController
10:27:33.0 (7067257)|HEAP_ALLOCATE|[EXTERNAL]|Bytes:24
10:27:33.0 (7089896)|VARIABLE_SCOPE_BEGIN|[9]|this|DownloadABAFileController|true|false
10:27:33.0 (7167739)|VARIABLE_ASSIGNMENT|[9]|this|{}|0x606a6ecc
10:27:33.0 (7176781)|VARIABLE_SCOPE_BEGIN|[9]|stdController|ApexPages.StandardController|true|false
10:27:33.0 (7310006)|VARIABLE_ASSIGNMENT|[9]|stdController|"StandardController [null]"|0xb6f6bb3
10:27:33.0 (7320607)|STATEMENT_EXECUTE|[1]
10:27:33.0 (7323136)|STATEMENT_EXECUTE|[3]
10:27:33.0 (7325637)|STATEMENT_EXECUTE|[4]
10:27:33.0 (7327444)|STATEMENT_EXECUTE|[5]
10:27:33.0 (7329116)|STATEMENT_EXECUTE|[6]
10:27:33.0 (7330781)|STATEMENT_EXECUTE|[7]
10:27:33.0 (7340410)|HEAP_ALLOCATE|[11]|Bytes:6
10:27:33.0 (7383451)|STATEMENT_EXECUTE|[10]
10:27:33.0 (7387358)|STATEMENT_EXECUTE|[11]
10:27:33.0 (7474512)|HEAP_ALLOCATE|[11]|Bytes:17
10:27:33.0 (7527883)|VARIABLE_ASSIGNMENT|[EXTERNAL]|this|{}|0x606a6ecc
10:27:33.0 (7540253)|VARIABLE_ASSIGNMENT|[EXTERNAL]|value|"                 "
10:27:33.0 (7553483)|VARIABLE_ASSIGNMENT|[6]|this.emptyString17|"                 "|0x606a6ecc
10:27:33.0 (7561000)|STATEMENT_EXECUTE|[12]
10:27:33.0 (7565383)|HEAP_ALLOCATE|[12]|Bytes:1
10:27:33.0 (7621534)|VARIABLE_ASSIGNMENT|[EXTERNAL]|this|{"emptyString17":"                 "}|0x606a6ecc
10:27:33.0 (7632604)|VARIABLE_ASSIGNMENT|[EXTERNAL]|value|"\n"
10:27:33.0 (7641923)|VARIABLE_ASSIGNMENT|[7]|this.newLine|"\n"|0x606a6ecc
10:27:33.0 (7650018)|STATEMENT_EXECUTE|[13]
10:27:33.0 (15630609)|HEAP_ALLOCATE|[13]|Bytes:12
10:27:33.0 (15671174)|VARIABLE_ASSIGNMENT|[13]|this.batchlobObj|{"s":1,"v":{"Id":"a01p0000002pSpRAAU","RecordTypeId":"012p0000000CggNAAS"}}|0x606a6ecc
10:27:33.0 (15677615)|STATEMENT_EXECUTE|[14]
10:27:33.0 (15720870)|HEAP_ALLOCATE|[14]|Bytes:12
10:27:33.0 (15835017)|VARIABLE_ASSIGNMENT|[14]|this.recId|"a01p0000002pSpRAAU"|0x606a6ecc
10:27:33.0 (15860236)|VF_APEX_CALL_END|DownloadABAFileController <init>
10:27:33.0 (15973577)|VF_APEX_CALL_START|[EXTERNAL]|01pp0000000EVMb|DownloadABAFileController invoke(fetch)
10:27:33.0 (16015896)|HEAP_ALLOCATE|[EXTERNAL]|Bytes:24
10:27:33.0 (16028345)|VARIABLE_SCOPE_BEGIN|[17]|this|DownloadABAFileController|true|false
10:27:33.0 (16133269)|VARIABLE_ASSIGNMENT|[17]|this|{"batchlobObj":"0x185da863","emptyString17":"                 ","newLine":"\n","recId":"a01p0000002pSpRAAU"}|0x606a6ecc
10:27:33.0 (16147541)|STATEMENT_EXECUTE|[18]
10:27:33.0 (16150462)|STATEMENT_EXECUTE|[20]
10:27:33.0 (16155341)|HEAP_ALLOCATE|[20]|Bytes:200
10:27:33.0 (16169584)|HEAP_ALLOCATE|[20]|Bytes:4
10:27:33.0 (16197139)|HEAP_ALLOCATE|[50]|Bytes:5
10:27:33.0 (16215626)|HEAP_ALLOCATE|[56]|Bytes:5
10:27:33.0 (16225818)|HEAP_ALLOCATE|[64]|Bytes:7
10:27:33.0 (17109917)|SOQL_EXECUTE_BEGIN|[20]|Aggregations:0|SELECT Financial_Institution__c, Name_Of_User__c, User_Identification_Number__c, Description__c, Date_to_be_Processed__c FROM Qvm_ABA_File_Generator__c WHERE Name = 'ABA File Header Generator' LIMIT 1
10:27:33.0 (17123118)|LIMIT_USAGE|[20]|SOQL|1|100
10:27:33.0 (17132833)|LIMIT_USAGE|[20]|AGGS|0|300
10:27:33.0 (23190147)|SOQL_EXECUTE_END|[20]|Rows:1
10:27:33.0 (23202766)|LIMIT_USAGE|[20]|SOQL_ROWS|1|50000
10:27:33.0 (23218983)|HEAP_ALLOCATE|[20]|Bytes:8
10:27:33.0 (23238330)|HEAP_ALLOCATE|[20]|Bytes:254
10:27:33.0 (23322391)|HEAP_ALLOCATE|[20]|Bytes:8
10:27:33.0 (23337035)|HEAP_ALLOCATE|[20]|Bytes:51
10:27:33.0 (23409387)|HEAP_ALLOCATE|[20]|Bytes:28
10:27:33.0 (23609219)|VARIABLE_ASSIGNMENT|[EXTERNAL]|this|{"batchlobObj":"0x185da863","emptyString17":"                 ","newLine":"\n","recId":"a01p0000002pSpRAAU"}|0x606a6ecc
10:27:33.0 (23641314)|VARIABLE_ASSIGNMENT|[EXTERNAL]|value|{"s":1,"v":{"Financial_Institutio (4 more) ...":"NAB","Name_Of_User__c":"Queen Victoria Marke (1 more) ...","User_Identification_ (9 more) ...":128006,"Description__c":"TEST","Date_to_be_Processed (3 more) ...":170316,"Id":"a0bp0000001ZYpaAAG"}}|0x4baef9e8
10:27:33.0 (23665307)|VARIABLE_ASSIGNMENT|[5]|this.qvmABAFileObj|{"s":1,"v":{"Financial_Institutio (4 more) ...":"NAB","Name_Of_User__c":"Queen Victoria Marke (1 more) ...","User_Identification_ (9 more) ...":128006,"Description__c":"TEST","Date_to_be_Processed (3 more) ...":170316,"Id":"a0bp0000001ZYpaAAG"}}|0x606a6ecc
10:27:33.0 (23677369)|STATEMENT_EXECUTE|[23]
10:27:33.0 (23682919)|HEAP_ALLOCATE|[23]|Bytes:5
10:27:33.0 (23828598)|VARIABLE_ASSIGNMENT|[EXTERNAL]|this|{"batchlobObj":"0x185da863","emptyString17":"                 ","newLine":"\n","qvmABAFileObj":"0x4baef9e8","recId":"a01p0000002pSpRAAU"}|0x606a6ecc
10:27:33.0 (23884674)|HEAP_ALLOCATE|[23]|Bytes:8
10:27:33.0 (23929574)|USER_DEBUG|[23]|DEBUG|TTTT=NAB
10:27:33.0 (23939687)|STATEMENT_EXECUTE|[24]
10:27:33.0 (24053407)|VARIABLE_ASSIGNMENT|[EXTERNAL]|this|{"batchlobObj":"0x185da863","emptyString17":"                 ","newLine":"\n","qvmABAFileObj":"0x4baef9e8","recId":"a01p0000002pSpRAAU"}|0x606a6ecc
10:27:33.0 (24092291)|HEAP_ALLOCATE|[24]|Bytes:26
10:27:33.0 (24110112)|USER_DEBUG|[24]|DEBUG|TTTT=Queen Victoria Market
10:27:33.0 (24117823)|STATEMENT_EXECUTE|[25]
10:27:33.0 (24226104)|VARIABLE_ASSIGNMENT|[EXTERNAL]|this|{"batchlobObj":"0x185da863","emptyString17":"                 ","newLine":"\n","qvmABAFileObj":"0x4baef9e8","recId":"a01p0000002pSpRAAU"}|0x606a6ecc
10:27:33.0 (24298100)|HEAP_ALLOCATE|[25]|Bytes:6
10:27:33.0 (24313096)|HEAP_ALLOCATE|[25]|Bytes:11
10:27:33.0 (24327296)|USER_DEBUG|[25]|DEBUG|TTTT=128006
10:27:33.0 (24334845)|STATEMENT_EXECUTE|[26]
10:27:33.0 (24442068)|VARIABLE_ASSIGNMENT|[EXTERNAL]|this|{"batchlobObj":"0x185da863","emptyString17":"                 ","newLine":"\n","qvmABAFileObj":"0x4baef9e8","recId":"a01p0000002pSpRAAU"}|0x606a6ecc
10:27:33.0 (24477267)|HEAP_ALLOCATE|[26]|Bytes:9
10:27:33.0 (24494132)|USER_DEBUG|[26]|DEBUG|TTTT=TEST
10:27:33.0 (24501732)|STATEMENT_EXECUTE|[27]
10:27:33.0 (24606572)|VARIABLE_ASSIGNMENT|[EXTERNAL]|this|{"batchlobObj":"0x185da863","emptyString17":"                 ","newLine":"\n","qvmABAFileObj":"0x4baef9e8","recId":"a01p0000002pSpRAAU"}|0x606a6ecc
10:27:33.0 (24651872)|HEAP_ALLOCATE|[27]|Bytes:6
10:27:33.0 (24666270)|HEAP_ALLOCATE|[27]|Bytes:11
10:27:33.0 (24679990)|USER_DEBUG|[27]|DEBUG|TTTT=170316
10:27:33.0 (24729653)|VF_APEX_CALL_END|DownloadABAFileController invoke(fetch)
10:27:33.0 (26170476)|VF_APEX_CALL_START|[EXTERNAL]|01pp0000000EVMb|DownloadABAFileController get(emptyString17)
10:27:33.0 (26185588)|SYSTEM_MODE_ENTER|true
10:27:33.0 (26205903)|VF_APEX_CALL_START|[EXTERNAL]|01pp0000000EVMb|emptyString17
10:27:33.0 (26220705)|VF_APEX_CALL_END|emptyString17
10:27:33.0 (26237921)|VF_APEX_CALL_END|DownloadABAFileController get(emptyString17)
10:27:33.0 (26356318)|VF_APEX_CALL_START|[EXTERNAL]|01pp0000000EVMb|DownloadABAFileController get(qvmABAFileObj)
10:27:33.0 (26365983)|SYSTEM_MODE_ENTER|true
10:27:33.0 (26379388)|VF_APEX_CALL_START|[EXTERNAL]|01pp0000000EVMb|qvmABAFileObj
10:27:33.0 (26392740)|VF_APEX_CALL_END|qvmABAFileObj
10:27:33.0 (26408663)|VF_APEX_CALL_END|DownloadABAFileController get(qvmABAFileObj)
10:27:33.0 (27099572)|VF_APEX_CALL_START|[EXTERNAL]|01pp0000000EVMb|DownloadABAFileController get(newLine)
10:27:33.0 (27110291)|SYSTEM_MODE_ENTER|true
10:27:33.0 (27123535)|VF_APEX_CALL_START|[EXTERNAL]|01pp0000000EVMb|newLine
10:27:33.0 (27136820)|VF_APEX_CALL_END|newLine
10:27:33.0 (27152309)|VF_APEX_CALL_END|DownloadABAFileController get(newLine)
10:27:33.30 (30530357)|CUMULATIVE_LIMIT_USAGE
10:27:33.30 (30530357)|LIMIT_USAGE_FOR_NS|(default)|
  Number of SOQL queries: 1 out of 100
  Number of query rows: 1 out of 50000
  Number of SOSL queries: 0 out of 20
  Number of DML statements: 0 out of 150
  Number of DML rows: 0 out of 10000
  Maximum CPU time: 0 out of 10000
  Maximum heap size: 0 out of 6000000
  Number of callouts: 0 out of 100
  Number of Email Invocations: 0 out of 10
  Number of future calls: 0 out of 50
  Number of queueable jobs added to the queue: 0 out of 50
  Number of Mobile Apex push calls: 0 out of 10

10:27:33.30 (30530357)|TOTAL_EMAIL_RECIPIENTS_QUEUED|0
10:27:33.30 (30530357)|STATIC_VARIABLE_LIST|
  char[]:DigitTens:0
  long:serialVersionUID:0
  long:serialVersionUID:0
  String:_sfdcAdditionalCodeLocations:0
  double:MAX_VALUE:0
  Boolean:FALSE:0
  long:serialVersionUID:0
  double:MIN_VALUE:0
  int:SIZE:0
  double:NEGATIVE_INFINITY:0
  int:MAX_VALUE:0
  String:__sfdcProperties:0
  char[]:digits:0
  String:_sfdcSuppressedCodeLocations:0
  double:NaN:0
  Boolean:TRUE:0
  int:MIN_VALUE:0
  char[]:DigitOnes:0
  int:BYTES:0
  int:MIN_EXPONENT:0
  int[]:sizeTable:0
  int:MAX_EXPONENT:0
  String:_sfdcAdditionalCodeLocations:0
  int:SIZE:0
  double:POSITIVE_INFINITY:0
  double:MIN_NORMAL:0
  int:BYTES:0

10:27:33.30 (30530357)|CUMULATIVE_LIMIT_USAGE_END

10:27:33.0 (30673619)|CODE_UNIT_FINISHED|VF: /apex/DownloadABAFilePage
10:27:33.0 (31979082)|EXECUTION_FINISHED
10:27:33.34 (34726885)|CUMULATIVE_PROFILING_BEGIN
10:27:33.34 (34726885)|CUMULATIVE_PROFILING|SOQL operations|
Class.DownloadABAFileController.fetch: line 20, column 1: [SELECT Financial_Institution__c,Name_Of_User__c,
                         User_Identification_Number__c,Description__c,Date_to_be_Processed__c 
                         FROM Qvm_ABA_File_Generator__c where Name = 'ABA File Header Generator' LIMIT 1]: executed 2 times in 8 ms

10:27:33.34 (34726885)|CUMULATIVE_PROFILING|No profiling information for SOSL operations
10:27:33.34 (34726885)|CUMULATIVE_PROFILING|No profiling information for DML operations
10:27:33.34 (34726885)|CUMULATIVE_PROFILING|method invocations|
External entry point: public void fetch(): executed 1 time in 9 ms
Class.DownloadABAFileController.<init>: line 13, column 1: global SObject getRecord(): executed 1 time in 8 ms
Class.DownloadABAFileController.fetch: line 23, column 1: public Qvm_ABA_File_Generator__c __sfdc_qvmABAFileObj(): executed 2 times in 0 ms
Class.DownloadABAFileController.fetch: line 24, column 1: public Qvm_ABA_File_Generator__c __sfdc_qvmABAFileObj(): executed 2 times in 0 ms
Class.DownloadABAFileController.fetch: line 25, column 1: public Qvm_ABA_File_Generator__c __sfdc_qvmABAFileObj(): executed 3 times in 0 ms
Class.DownloadABAFileController.fetch: line 26, column 1: public Qvm_ABA_File_Generator__c __sfdc_qvmABAFileObj(): executed 2 times in 0 ms
Class.DownloadABAFileController.<init>: line 11, column 1: public String rightPad(Integer): executed 2 times in 0 ms
Class.DownloadABAFileController.fetch: line 27, column 1: public Qvm_ABA_File_Generator__c __sfdc_qvmABAFileObj(): executed 3 times in 0 ms
Class.DownloadABAFileController.<init>: line 12, column 1: public void __sfdc_newLine(String): executed 1 time in 0 ms
Class.DownloadABAFileController.<init>: line 14, column 1: global SObject getRecord(): executed 1 time in 0 ms

10:27:33.34 (34726885)|CUMULATIVE_PROFILING_END
