38.0 APEX_CODE,FINEST;APEX_PROFILING,FINEST;CALLOUT,FINEST;DB,FINEST;SYSTEM,DEBUG;VALIDATION,INFO;VISUALFORCE,FINER;WORKFLOW,FINER
10:13:09.0 (590437)|USER_INFO|[EXTERNAL]|005p0000000MSbo|priyanka.manoharan@rxpservices.com.devmerge|Australian Eastern Standard Time|GMT+10:00
10:13:09.0 (622916)|EXECUTION_STARTED
10:13:09.0 (630603)|CODE_UNIT_STARTED|[EXTERNAL]|01pp0000000ETpq|LeaveController.getAccountBusiness
10:13:09.0 (804733)|HEAP_ALLOCATE|[72]|Bytes:3
10:13:09.0 (861798)|HEAP_ALLOCATE|[77]|Bytes:152
10:13:09.0 (881104)|HEAP_ALLOCATE|[342]|Bytes:408
10:13:09.0 (899707)|HEAP_ALLOCATE|[355]|Bytes:408
10:13:09.0 (917903)|HEAP_ALLOCATE|[467]|Bytes:48
10:13:09.0 (952041)|HEAP_ALLOCATE|[139]|Bytes:6
10:13:09.0 (1043779)|HEAP_ALLOCATE|[EXTERNAL]|Bytes:6
10:13:09.0 (1049750)|HEAP_ALLOCATE|[EXTERNAL]|Bytes:8
10:13:09.0 (1063171)|METHOD_ENTRY|[1]|01pp0000000ETpq|LeaveController.LeaveController()
10:13:09.0 (1067707)|STATEMENT_EXECUTE|[1]
10:13:09.0 (1073145)|STATEMENT_EXECUTE|[1]
10:13:09.0 (1106843)|HEAP_ALLOCATE|[50]|Bytes:5
10:13:09.0 (1132004)|HEAP_ALLOCATE|[56]|Bytes:5
10:13:09.0 (1140647)|HEAP_ALLOCATE|[64]|Bytes:7
10:13:09.0 (1163136)|SYSTEM_MODE_ENTER|true
10:13:09.0 (1183932)|HEAP_ALLOCATE|[EXTERNAL]|Bytes:5
10:13:09.0 (1191058)|SYSTEM_MODE_EXIT|true
10:13:09.0 (1202270)|METHOD_EXIT|[1]|LeaveController
10:13:09.0 (1211697)|SYSTEM_MODE_ENTER|false
10:13:09.0 (1222791)|SYSTEM_MODE_ENTER|true
10:13:09.0 (1226870)|HEAP_ALLOCATE|[11]|Bytes:5
10:13:09.0 (1230661)|STATEMENT_EXECUTE|[9]
10:13:09.0 (1231953)|STATEMENT_EXECUTE|[11]
10:13:09.0 (1244138)|METHOD_ENTRY|[11]|01pp0000000ETpq|LeaveController.getAccountId()
10:13:09.0 (1266415)|HEAP_ALLOCATE|[4]|Bytes:5
10:13:09.0 (1270635)|STATEMENT_EXECUTE|[3]
10:13:09.0 (1271930)|STATEMENT_EXECUTE|[4]
10:13:09.0 (1274454)|HEAP_ALLOCATE|[4]|Bytes:46
10:13:09.0 (1285577)|HEAP_ALLOCATE|[4]|Bytes:4
10:13:09.0 (1297893)|HEAP_ALLOCATE|[4]|Bytes:7
10:13:09.0 (1336979)|HEAP_ALLOCATE|[4]|Bytes:85
10:13:09.0 (1349242)|SYSTEM_METHOD_ENTRY|[1]|UserInfo.UserInfo()
10:13:09.0 (1351753)|STATEMENT_EXECUTE|[1]
10:13:09.0 (1358969)|SYSTEM_METHOD_EXIT|[1]|UserInfo
10:13:09.0 (1369122)|METHOD_ENTRY|[4]||System.UserInfo.getUserId()
10:13:09.0 (1417551)|METHOD_EXIT|[4]||System.UserInfo.getUserId()
10:13:09.0 (3129137)|SOQL_EXECUTE_BEGIN|[4]|Aggregations:0|SELECT AccountId FROM User WHERE Id = :tmpVar1
10:13:09.0 (3144409)|LIMIT_USAGE|[4]|SOQL|1|100
10:13:09.0 (3157438)|LIMIT_USAGE|[4]|AGGS|0|300
10:13:09.0 (6618547)|SOQL_EXECUTE_END|[4]|Rows:1
10:13:09.0 (6629061)|LIMIT_USAGE|[4]|SOQL_ROWS|1|50000
10:13:09.0 (6648081)|HEAP_ALLOCATE|[4]|Bytes:8
10:13:09.0 (6661676)|HEAP_ALLOCATE|[4]|Bytes:29
10:13:09.0 (6765118)|HEAP_ALLOCATE|[4]|Bytes:8
10:13:09.0 (6774104)|HEAP_ALLOCATE|[4]|Bytes:30
10:13:09.0 (6865326)|HEAP_ALLOCATE|[4]|Bytes:8
10:13:09.0 (6906485)|HEAP_ALLOCATE|[4]|Bytes:18
10:13:09.0 (6913522)|VARIABLE_SCOPE_BEGIN|[4]|accId|String|false|false
10:13:09.0 (6951043)|VARIABLE_ASSIGNMENT|[4]|accId|"005p0000000MSboAAG"
10:13:09.0 (6954632)|STATEMENT_EXECUTE|[6]
10:13:09.0 (6958052)|HEAP_ALLOCATE|[6]|Bytes:15
10:13:09.0 (6967052)|METHOD_EXIT|[11]|01pp0000000ETpq|LeaveController.getAccountId()
10:13:09.0 (6971418)|VARIABLE_SCOPE_BEGIN|[11]|accId|String|false|false
10:13:09.0 (6977497)|VARIABLE_ASSIGNMENT|[11]|accId|"001p000000DSVcL"
10:13:09.0 (6979953)|STATEMENT_EXECUTE|[12]
10:13:09.0 (6981221)|STATEMENT_EXECUTE|[13]
10:13:09.0 (6983712)|HEAP_ALLOCATE|[13]|Bytes:304
10:13:09.0 (6988897)|HEAP_ALLOCATE|[13]|Bytes:4
10:13:09.0 (11157418)|SOQL_EXECUTE_BEGIN|[13]|Aggregations:1|SELECT Id, Name, Leave_Remaining_Monday__c, Leave_Remaining_Tuesday__c, Leave_Remaining_Wednesday__c, Leave_Remaining_Thursday__c, Leave_Remaining_Friday__c, Leave_Remaining_Saturday__c, Leave_Remaining_Sunday__c, (SELECT id, Name, Leave_Date__c FROM Leave__r) FROM Opportunity WHERE AccountId = :tmpVar1
10:13:09.0 (11168129)|LIMIT_USAGE|[13]|SOQL|2|100
10:13:09.0 (11175259)|LIMIT_USAGE|[13]|AGGS|1|300
10:13:09.0 (26027772)|SOQL_EXECUTE_END|[13]|Rows:3
10:13:09.0 (26056116)|LIMIT_USAGE|[13]|SOQL_ROWS|18|50000
10:13:09.0 (26073514)|HEAP_ALLOCATE|[13]|Bytes:16
10:13:09.0 (26127054)|HEAP_ALLOCATE|[13]|Bytes:3131
10:13:09.0 (26184976)|HEAP_ALLOCATE|[13]|Bytes:16
10:13:09.0 (26200183)|VARIABLE_SCOPE_BEGIN|[13]|accBusiness|List<Opportunity>|true|false
10:13:09.0 (26364333)|VARIABLE_ASSIGNMENT|[13]|accBusiness|{"s":1,"v":[{"s":2,"v":{"Id":"006p0000003Y9K0AAK","Name":"Test AccBusiness2","Leave_Remaining_Mond (5 more) ...":3,"Leave_Remaining_Tues (6 more) ...":2,"Leave_Remaining_Wedn (8 more) ...":1,"Leave_Remaining_Thur (7 more) ...":1,"Leave_Remaining_Frid (5 more) ...":2,"Leave_Remaining_Satu (7 more) ...":3,"Leave_Remaining_Sund (5 more) ...":3,"Leave__r":[{"s":3,"v":{"Account_Business__c":"006p0000003Y9K0AAK","Id":"a02p0000002kJsQAAU","Name":"L-000000016","Leave_Date__c":"2016-09-14T00:00:00.000Z"}},{"s":4,"v":{"Account_Business__c":"006p0000003Y9K0AAK","Id":"a02p0000002kJsVAAU","Name":"L-000000017","Leave_Date__c":"2016-09-16T00:00:00.000Z"}},{"s":5,"v":{"Account_Business__c":"006p0000003Y9K0AAK","Id":"a02p0000002kL9gAAE","Name":"L-000000020","Leave_Date__c":"2016-09-21T00:00:00.000Z"}},{"s":6,"v":{"Account_Business__c":"006p0000003Y9K0AAK","Id":"a02p0000002kOE3AAM","Name":"L-000000025","Leave_Date__c":"2016-09-15T00:00:00.000Z"}},{"s":7,"v":{"Account_Business__c":"006p0000003Y9K0AAK","Id":"a02p0000002kOH2AAM","Name":"L-000000027","Leave_Date__c":"2016-09-15T00:00:00.000Z"}},{"s":8,"v":{"Account_Business__c":"006p0000003Y9K0AAK","Id":"a02p0000002kOHCAA2","Name":"L-000000028","Leave_Date__c":"2016-09-27T00:00:00.000Z"}}]}},{"s":9,"v":{"Id":"006p0000003Y9KAAA0","Name":"Test AccBusiness3","Leave_Remaining_Mond (5 more) ...":0,"Leave_Remaining_Tues (6 more) ...":0,"Leave_Remaining_Wedn (8 more) ...":0,"Leave_Remaining_Thur (7 more) ...":-2,"Leave_Remaining_Frid (5 more) ...":0,"Leave_Remaining_Satu (7 more) ...":-1,"Leave_Remaining_Sund (5 more) ...":-2,"Leave__r":[{"s":10,"v":{"Account_Business__c":"006p0000003Y9KAAA0","Id":"a02p0000002kJsaAAE","Name":"L-000000018","Leave_Date__c":"2016-09-17T00:00:00.000Z"}},{"s":11,"v":{"Account_Business__c":"006p0000003Y9KAAA0","Id":"a02p0000002kOGJAA2","Name":"L-000000026","Leave_Date__c":"2016-09-25T00:00:00.000Z"}},{"s":12,"v":{"Account_Business__c":"006p0000003Y9KAAA0","Id":"a02p0000002kNUXAA2","Name":"L-000000024","Leave_Date__c":"2016-09-15T00:00:00.000Z"}},{"s":13,"v":{"Account_Business__c":"006p0000003Y9KAAA0","Id":"a02p0000002kJspAAE","Name":"L-000000019","Leave_Date__c":"2016-09-18T00:00:00.000Z"}},{"s":14,"v":{"Account_Business__c":"006p0000003Y9KAAA0","Id":"a02p0000002kNQ1AAM","Name":"L-000000022","Leave_Date__c":"2016-09-22T00:00:00.000Z"}}]}},{"s":15,"v":{"Id":"006p0000003Y9JvAAK","Name":"Test AccountBusiness (1 more) ...","Leave_Remaining_Mond (5 more) ...":3,"Leave_Remaining_Tues (6 more) ...":3,"Leave_Remaining_Wedn (8 more) ...":4,"Leave_Remaining_Thur (7 more) ...":3,"Leave_Remaining_Frid (5 more) ...":4,"Leave_Remaining_Satu (7 more) ...":4,"Leave_Remaining_Sund (5 more) ...":4,"Leave__r":[{"s":16,"v":{"Account_Business__c":"006p0000003Y9JvAAK","Id":"a02p0000002kJsLAAU","Name":"L-000000015","Leave_Date__c":"2016-09-19T00:00:00.000Z"}},{"s":17,"v":{"Account_Business__c":"006p0000003Y9JvAAK","Id":"a02p0000002kJsBAAU","Name":"L-000000014","Leave_Date__c":"2016-09-15T00:00:00.000Z"}},{"s":18,"v":{"Account_Business__c":"006p0000003Y9JvAAK","Id":"a02p0000002kNQ6AAM","Name":"L-000000023","Leave_Date__c":"2016-09-27T00:00:00.000Z"}}]}}]}|0x28973942
10:13:09.0 (26389830)|STATEMENT_EXECUTE|[19]
10:13:09.0 (26395289)|HEAP_ALLOCATE|[19]|Bytes:12
10:13:09.0 (26578413)|HEAP_ALLOCATE|[19]|Bytes:823
10:13:09.0 (26601975)|HEAP_ALLOCATE|[19]|Bytes:835
10:13:09.0 (26629480)|USER_DEBUG|[19]|DEBUG|accBusiness (Opportunity:{Id=006p0000003Y9K0AAK, Name=Test AccBusiness2, Leave_Remaining_Monday__c=3, Leave_Remaining_Tuesday__c=2, Leave_Remaining_Wednesday__c=1, Leave_Remaining_Thursday__c=1, Leave_Remaining_Friday__c=2, Leave_Remaining_Saturday__c=3, Leave_Remaining_Sunday__c=3}, Opportunity:{Id=006p0000003Y9KAAA0, Name=Test AccBusiness3, Leave_Remaining_Monday__c=0, Leave_Remaining_Tuesday__c=0, Leave_Remaining_Wednesday__c=0, Leave_Remaining_Thursday__c=-2, Leave_Remaining_Friday__c=0, Leave_Remaining_Saturday__c=-1, Leave_Remaining_Sunday__c=-2}, Opportunity:{Id=006p0000003Y9JvAAK, Name=Test AccountBusiness1, Leave_Remaining_Monday__c=3, Leave_Remaining_Tuesday__c=3, Leave_Remaining_Wednesday__c=4, Leave_Remaining_Thursday__c=3, Leave_Remaining_Friday__c=4, Leave_Remaining_Saturday__c=4, Leave_Remaining_Sunday__c=4})
10:13:09.0 (26640734)|STATEMENT_EXECUTE|[20]
10:13:09.0 (26642281)|STATEMENT_EXECUTE|[21]
10:13:09.0 (26646172)|SYSTEM_MODE_EXIT|true
10:13:09.0 (27420933)|SYSTEM_MODE_EXIT|false
10:13:09.27 (27469972)|CUMULATIVE_LIMIT_USAGE
10:13:09.27 (27469972)|LIMIT_USAGE_FOR_NS|(default)|
  Number of SOQL queries: 2 out of 100
  Number of query rows: 18 out of 50000
  Number of SOSL queries: 0 out of 20
  Number of DML statements: 0 out of 150
  Number of DML rows: 0 out of 10000
  Maximum CPU time: 0 out of 10000
  Maximum heap size: 0 out of 6000000
  Number of callouts: 0 out of 100
  Number of Email Invocations: 0 out of 10
  Number of future calls: 0 out of 50
  Number of queueable jobs added to the queue: 0 out of 50
  Number of Mobile Apex push calls: 0 out of 10

10:13:09.27 (27469972)|TOTAL_EMAIL_RECIPIENTS_QUEUED|0
10:13:09.27 (27469972)|STATIC_VARIABLE_LIST|
  char[]:DigitTens:0
  long:serialVersionUID:0
  long:serialVersionUID:0
  String:_sfdcAdditionalCodeLocations:0
  double:MAX_VALUE:0
  Boolean:FALSE:0
  long:serialVersionUID:0
  String:_sfdcSuppressedCodeLocations:0
  double:MIN_VALUE:0
  int:SIZE:0
  double:NEGATIVE_INFINITY:0
  int:MAX_VALUE:0
  String:_sfdcAdditionalCodeLocations:0
  char[]:digits:0
  double:NaN:0
  Boolean:TRUE:0
  int:MIN_VALUE:0
  char[]:DigitOnes:0
  int:BYTES:0
  int:MIN_EXPONENT:0
  int[]:sizeTable:0
  int:MAX_EXPONENT:0
  int:SIZE:0
  double:POSITIVE_INFINITY:0
  double:MIN_NORMAL:0
  int:BYTES:0

10:13:09.27 (27469972)|CUMULATIVE_LIMIT_USAGE_END

10:13:09.0 (27607610)|CODE_UNIT_FINISHED|LeaveController.getAccountBusiness
10:13:09.0 (30082818)|EXECUTION_FINISHED
10:13:09.34 (34967401)|CUMULATIVE_PROFILING_BEGIN
10:13:09.34 (34967401)|CUMULATIVE_PROFILING|SOQL operations|
Class.LeaveController.getAccountBusiness: line 13, column 1: [SELECT Id,Name,Leave_Remaining_Monday__c,Leave_Remaining_Tuesday__c,Leave_Remaining_Wednesday__c,
                                             Leave_Remaining_Thursday__c,Leave_Remaining_Friday__c,Leave_Remaining_Saturday__c,Leave_Remaining_Sunday__c
                                             , (select id, Name,Leave_Date__c from Leave__r)
                                             FROM Opportunity
                                             WHERE AccountId  = :accId]: executed 1 time in 19 ms

10:13:09.34 (34967401)|CUMULATIVE_PROFILING|No profiling information for SOSL operations
10:13:09.34 (34967401)|CUMULATIVE_PROFILING|No profiling information for DML operations
10:13:09.34 (34967401)|CUMULATIVE_PROFILING|method invocations|
External entry point: public static List<Opportunity> getAccountBusiness(): executed 1 time in 27 ms
Class.LeaveController.getAccountId: line 4, column 1: global static String getUserId(): executed 2 times in 5 ms
Class.LeaveController.getAccountBusiness: line 11, column 1: public static String getAccountId(): executed 1 time in 5 ms
Class.LeaveController.getAccountBusiness: line 19, column 1: public static String valueOf(Object): executed 2 times in 0 ms

10:13:09.34 (34967401)|CUMULATIVE_PROFILING_END
