38.0 APEX_CODE,FINEST;APEX_PROFILING,FINEST;CALLOUT,FINEST;DB,FINEST;SYSTEM,DEBUG;VALIDATION,INFO;VISUALFORCE,FINER;WORKFLOW,FINER
10:52:49.0 (471396)|USER_INFO|[EXTERNAL]|00528000004DSFj|resmi.ramakrishnan@qvmtest.com.devmerge|Australian Eastern Standard Time|GMT+10:00
10:52:49.0 (503902)|EXECUTION_STARTED
10:52:49.0 (508707)|CODE_UNIT_STARTED|[EXTERNAL]|066p00000004sPO|VF: /apex/DownloadABAFilePage
10:52:49.0 (2002601)|VF_APEX_CALL_START|[EXTERNAL]|01pp0000000EVMb|DownloadABAFileController <init>
10:52:49.0 (2017300)|SYSTEM_MODE_ENTER|true
10:52:49.0 (2386142)|HEAP_ALLOCATE|[72]|Bytes:3
10:52:49.0 (2431662)|HEAP_ALLOCATE|[77]|Bytes:152
10:52:49.0 (2450053)|HEAP_ALLOCATE|[342]|Bytes:408
10:52:49.0 (2470477)|HEAP_ALLOCATE|[355]|Bytes:408
10:52:49.0 (2489920)|HEAP_ALLOCATE|[467]|Bytes:48
10:52:49.0 (2520128)|HEAP_ALLOCATE|[139]|Bytes:6
10:52:49.0 (2543996)|HEAP_ALLOCATE|[EXTERNAL]|Bytes:164
10:52:49.0 (2550457)|HEAP_ALLOCATE|[EXTERNAL]|Bytes:16
10:52:49.0 (2554098)|HEAP_ALLOCATE|[EXTERNAL]|Bytes:2
10:52:49.0 (2568133)|METHOD_ENTRY|[1]|01pp0000000EVMb|DownloadABAFileController.DownloadABAFileController()
10:52:49.0 (2572331)|STATEMENT_EXECUTE|[1]
10:52:49.0 (2578346)|STATEMENT_EXECUTE|[1]
10:52:49.0 (2584203)|METHOD_EXIT|[1]|DownloadABAFileController
10:52:49.0 (2633920)|HEAP_ALLOCATE|[EXTERNAL]|Bytes:28
10:52:49.0 (2654103)|VARIABLE_SCOPE_BEGIN|[10]|this|DownloadABAFileController|true|false
10:52:49.0 (2718745)|VARIABLE_ASSIGNMENT|[10]|this|{}|0x573f4f90
10:52:49.0 (2725538)|VARIABLE_SCOPE_BEGIN|[10]|stdController|ApexPages.StandardController|true|false
10:52:49.0 (2879663)|VARIABLE_ASSIGNMENT|[10]|stdController|"StandardController [null]"|0x1f5b52f5
10:52:49.0 (2887628)|STATEMENT_EXECUTE|[1]
10:52:49.0 (2888938)|STATEMENT_EXECUTE|[3]
10:52:49.0 (2890030)|STATEMENT_EXECUTE|[4]
10:52:49.0 (2890939)|STATEMENT_EXECUTE|[5]
10:52:49.0 (2891850)|STATEMENT_EXECUTE|[6]
10:52:49.0 (2892832)|STATEMENT_EXECUTE|[7]
10:52:49.0 (2893748)|STATEMENT_EXECUTE|[8]
10:52:49.0 (2902452)|HEAP_ALLOCATE|[12]|Bytes:6
10:52:49.0 (2944477)|STATEMENT_EXECUTE|[11]
10:52:49.0 (2946633)|STATEMENT_EXECUTE|[12]
10:52:49.0 (9792507)|HEAP_ALLOCATE|[12]|Bytes:12
10:52:49.0 (9840506)|VARIABLE_ASSIGNMENT|[12]|this.batchlobObj|{"s":1,"v":{"Id":"a01p0000002pSpRAAU","RecordTypeId":"012p0000000CggNAAS"}}|0x573f4f90
10:52:49.0 (9844568)|STATEMENT_EXECUTE|[13]
10:52:49.0 (9889089)|HEAP_ALLOCATE|[13]|Bytes:12
10:52:49.0 (9999012)|VARIABLE_ASSIGNMENT|[13]|this.recId|"a01p0000002pSpRAAU"|0x573f4f90
10:52:49.0 (10003304)|STATEMENT_EXECUTE|[14]
10:52:49.0 (10029511)|METHOD_ENTRY|[14]|01pp0000000EVMb|DownloadABAFileController.FormatStrings()
10:52:49.0 (10059102)|VARIABLE_SCOPE_BEGIN|[30]|this|DownloadABAFileController|true|false
10:52:49.0 (10185521)|VARIABLE_ASSIGNMENT|[30]|this|{"batchlobObj":"0x37b6ac91","recId":"a01p0000002pSpRAAU"}|0x573f4f90
10:52:49.0 (10196959)|STATEMENT_EXECUTE|[31]
10:52:49.0 (10198399)|STATEMENT_EXECUTE|[32]
10:52:49.0 (10257010)|HEAP_ALLOCATE|[32]|Bytes:17
10:52:49.0 (10382889)|VARIABLE_ASSIGNMENT|[EXTERNAL]|this|{"batchlobObj":"0x37b6ac91","recId":"a01p0000002pSpRAAU"}|0x573f4f90
10:52:49.0 (10393127)|VARIABLE_ASSIGNMENT|[EXTERNAL]|value|"                 "
10:52:49.0 (10402133)|VARIABLE_ASSIGNMENT|[6]|this.emptyString17|"                 "|0x573f4f90
10:52:49.0 (10409975)|STATEMENT_EXECUTE|[33]
10:52:49.0 (10444239)|HEAP_ALLOCATE|[33]|Bytes:7
10:52:49.0 (10565334)|VARIABLE_ASSIGNMENT|[EXTERNAL]|this|{"batchlobObj":"0x37b6ac91","emptyString17":"                 ","recId":"a01p0000002pSpRAAU"}|0x573f4f90
10:52:49.0 (10575054)|VARIABLE_ASSIGNMENT|[EXTERNAL]|value|"       "
10:52:49.0 (10583835)|VARIABLE_ASSIGNMENT|[7]|this.emptyString7|"       "|0x573f4f90
10:52:49.0 (10591471)|STATEMENT_EXECUTE|[34]
10:52:49.0 (10595421)|HEAP_ALLOCATE|[34]|Bytes:2
10:52:49.0 (10729336)|VARIABLE_ASSIGNMENT|[EXTERNAL]|this|{"batchlobObj":"0x37b6ac91","emptyString17":"                 ","emptyString7":"       ","recId":"a01p0000002pSpRAAU"}|0x573f4f90
10:52:49.0 (10740220)|VARIABLE_ASSIGNMENT|[EXTERNAL]|value|"\r\n"
10:52:49.0 (10749169)|VARIABLE_ASSIGNMENT|[8]|this.newLine|"\r\n"|0x573f4f90
10:52:49.0 (10758180)|METHOD_EXIT|[14]|01pp0000000EVMb|DownloadABAFileController.FormatStrings()
10:52:49.0 (10776619)|VF_APEX_CALL_END|DownloadABAFileController <init>
10:52:49.0 (10852629)|VF_APEX_CALL_START|[EXTERNAL]|01pp0000000EVMb|DownloadABAFileController invoke(fetch)
10:52:49.0 (10885720)|HEAP_ALLOCATE|[EXTERNAL]|Bytes:28
10:52:49.0 (10895483)|VARIABLE_SCOPE_BEGIN|[17]|this|DownloadABAFileController|true|false
10:52:49.0 (10994832)|VARIABLE_ASSIGNMENT|[17]|this|{"batchlobObj":"0x37b6ac91","emptyString17":"                 ","emptyString7":"       ","newLine":"\r\n","recId":"a01p0000002pSpRAAU"}|0x573f4f90
10:52:49.0 (11002340)|STATEMENT_EXECUTE|[18]
10:52:49.0 (11004508)|STATEMENT_EXECUTE|[19]
10:52:49.0 (11005397)|STATEMENT_EXECUTE|[20]
10:52:49.0 (11006556)|STATEMENT_EXECUTE|[21]
10:52:49.0 (11010825)|HEAP_ALLOCATE|[21]|Bytes:200
10:52:49.0 (11023267)|HEAP_ALLOCATE|[21]|Bytes:4
10:52:49.0 (11049816)|HEAP_ALLOCATE|[50]|Bytes:5
10:52:49.0 (11067545)|HEAP_ALLOCATE|[56]|Bytes:5
10:52:49.0 (11077389)|HEAP_ALLOCATE|[64]|Bytes:7
10:52:49.0 (11409369)|SOQL_EXECUTE_BEGIN|[21]|Aggregations:0|SELECT Financial_Institution__c, Name_Of_User__c, User_Identification_Number__c, Description__c, Date_to_be_Processed__c FROM Qvm_ABA_File_Generator__c WHERE Name = 'ABA File Header Generator' LIMIT 1
10:52:49.0 (11419689)|LIMIT_USAGE|[21]|SOQL|1|100
10:52:49.0 (11428426)|LIMIT_USAGE|[21]|AGGS|0|300
10:52:49.0 (17741902)|SOQL_EXECUTE_END|[21]|Rows:1
10:52:49.0 (17750469)|LIMIT_USAGE|[21]|SOQL_ROWS|1|50000
10:52:49.0 (17766271)|HEAP_ALLOCATE|[21]|Bytes:8
10:52:49.0 (17787656)|HEAP_ALLOCATE|[21]|Bytes:254
10:52:49.0 (17887268)|HEAP_ALLOCATE|[21]|Bytes:8
10:52:49.0 (17901088)|HEAP_ALLOCATE|[21]|Bytes:51
10:52:49.0 (17988577)|HEAP_ALLOCATE|[21]|Bytes:28
10:52:49.0 (18151459)|VARIABLE_ASSIGNMENT|[EXTERNAL]|this|{"batchlobObj":"0x37b6ac91","emptyString17":"                 ","emptyString7":"       ","newLine":"\r\n","recId":"a01p0000002pSpRAAU"}|0x573f4f90
10:52:49.0 (18189085)|VARIABLE_ASSIGNMENT|[EXTERNAL]|value|{"s":1,"v":{"Financial_Institutio (4 more) ...":"NAB","Name_Of_User__c":"Queen Victoria Marke (1 more) ...","User_Identification_ (9 more) ...":128006,"Description__c":"TEST","Date_to_be_Processed (3 more) ...":170316,"Id":"a0bp0000001ZYpaAAG"}}|0x7bbc6928
10:52:49.0 (18228535)|VARIABLE_ASSIGNMENT|[5]|this.qvmABAFileObj|{"s":1,"v":{"Financial_Institutio (4 more) ...":"NAB","Name_Of_User__c":"Queen Victoria Marke (1 more) ...","User_Identification_ (9 more) ...":128006,"Description__c":"TEST","Date_to_be_Processed (3 more) ...":170316,"Id":"a0bp0000001ZYpaAAG"}}|0x573f4f90
10:52:49.0 (18295916)|VF_APEX_CALL_END|DownloadABAFileController invoke(fetch)
10:52:49.0 (19478839)|VF_APEX_CALL_START|[EXTERNAL]|01pp0000000EVMb|DownloadABAFileController get(emptyString17)
10:52:49.0 (19490621)|SYSTEM_MODE_ENTER|true
10:52:49.0 (19509013)|VF_APEX_CALL_START|[EXTERNAL]|01pp0000000EVMb|emptyString17
10:52:49.0 (19522553)|VF_APEX_CALL_END|emptyString17
10:52:49.0 (19538247)|VF_APEX_CALL_END|DownloadABAFileController get(emptyString17)
10:52:49.0 (19681354)|VF_APEX_CALL_START|[EXTERNAL]|01pp0000000EVMb|DownloadABAFileController get(qvmABAFileObj)
10:52:49.0 (19692951)|SYSTEM_MODE_ENTER|true
10:52:49.0 (19713292)|VF_APEX_CALL_START|[EXTERNAL]|01pp0000000EVMb|qvmABAFileObj
10:52:49.0 (19731843)|VF_APEX_CALL_END|qvmABAFileObj
10:52:49.0 (19754515)|VF_APEX_CALL_END|DownloadABAFileController get(qvmABAFileObj)
10:52:49.0 (19948578)|VF_APEX_CALL_START|[EXTERNAL]|01pp0000000EVMb|DownloadABAFileController get(emptyString7)
10:52:49.0 (19956531)|SYSTEM_MODE_ENTER|true
10:52:49.0 (19969600)|VF_APEX_CALL_START|[EXTERNAL]|01pp0000000EVMb|emptyString7
10:52:49.0 (19981920)|VF_APEX_CALL_END|emptyString7
10:52:49.0 (19996576)|VF_APEX_CALL_END|DownloadABAFileController get(emptyString7)
10:52:49.0 (20536638)|VF_APEX_CALL_START|[EXTERNAL]|01pp0000000EVMb|DownloadABAFileController get(newLine)
10:52:49.0 (20545418)|SYSTEM_MODE_ENTER|true
10:52:49.0 (20558567)|VF_APEX_CALL_START|[EXTERNAL]|01pp0000000EVMb|newLine
10:52:49.0 (20570862)|VF_APEX_CALL_END|newLine
10:52:49.0 (20585034)|VF_APEX_CALL_END|DownloadABAFileController get(newLine)
10:52:49.23 (23788260)|CUMULATIVE_LIMIT_USAGE
10:52:49.23 (23788260)|LIMIT_USAGE_FOR_NS|(default)|
  Number of SOQL queries: 1 out of 100
  Number of query rows: 1 out of 50000
  Number of SOSL queries: 0 out of 20
  Number of DML statements: 0 out of 150
  Number of DML rows: 0 out of 10000
  Maximum CPU time: 0 out of 10000
  Maximum heap size: 0 out of 6000000
  Number of callouts: 0 out of 100
  Number of Email Invocations: 0 out of 10
  Number of future calls: 0 out of 50
  Number of queueable jobs added to the queue: 0 out of 50
  Number of Mobile Apex push calls: 0 out of 10

10:52:49.23 (23788260)|TOTAL_EMAIL_RECIPIENTS_QUEUED|0
10:52:49.23 (23788260)|STATIC_VARIABLE_LIST|
  char[]:DigitTens:0
  long:serialVersionUID:0
  long:serialVersionUID:0
  String:_sfdcAdditionalCodeLocations:0
  double:MAX_VALUE:0
  Boolean:FALSE:0
  long:serialVersionUID:0
  double:MIN_VALUE:0
  int:SIZE:0
  double:NEGATIVE_INFINITY:0
  int:MAX_VALUE:0
  String:__sfdcProperties:0
  char[]:digits:0
  String:_sfdcSuppressedCodeLocations:0
  double:NaN:0
  Boolean:TRUE:0
  int:MIN_VALUE:0
  char[]:DigitOnes:0
  int:BYTES:0
  int:MIN_EXPONENT:0
  int[]:sizeTable:0
  int:MAX_EXPONENT:0
  String:_sfdcAdditionalCodeLocations:0
  int:SIZE:0
  double:POSITIVE_INFINITY:0
  double:MIN_NORMAL:0
  int:BYTES:0

10:52:49.23 (23788260)|CUMULATIVE_LIMIT_USAGE_END

10:52:49.0 (23962812)|CODE_UNIT_FINISHED|VF: /apex/DownloadABAFilePage
10:52:49.0 (25334511)|EXECUTION_FINISHED
10:52:49.28 (28199172)|CUMULATIVE_PROFILING_BEGIN
10:52:49.28 (28199172)|CUMULATIVE_PROFILING|SOQL operations|
Class.DownloadABAFileController.fetch: line 21, column 1: [SELECT Financial_Institution__c,Name_Of_User__c,
                             User_Identification_Number__c,Description__c,Date_to_be_Processed__c 
                             FROM Qvm_ABA_File_Generator__c where Name = 'ABA File Header Generator' LIMIT 1]: executed 2 times in 7 ms

10:52:49.28 (28199172)|CUMULATIVE_PROFILING|No profiling information for SOSL operations
10:52:49.28 (28199172)|CUMULATIVE_PROFILING|No profiling information for DML operations
10:52:49.28 (28199172)|CUMULATIVE_PROFILING|method invocations|
External entry point: public void fetch(): executed 1 time in 7 ms
Class.DownloadABAFileController.<init>: line 12, column 1: global SObject getRecord(): executed 1 time in 6 ms
Class.DownloadABAFileController.FormatStrings: line 32, column 1: public String rightPad(Integer): executed 2 times in 0 ms
Class.DownloadABAFileController.FormatStrings: line 33, column 1: public String rightPad(Integer): executed 2 times in 0 ms
Class.DownloadABAFileController.FormatStrings: line 34, column 1: public void __sfdc_newLine(String): executed 1 time in 0 ms
Class.DownloadABAFileController.<init>: line 13, column 1: global SObject getRecord(): executed 1 time in 0 ms
Class.DownloadABAFileController.<init>: line 14, column 1: public void FormatStrings(): executed 1 time in 0 ms

10:52:49.28 (28199172)|CUMULATIVE_PROFILING_END
