38.0 APEX_CODE,FINEST;APEX_PROFILING,FINEST;CALLOUT,FINEST;DB,FINEST;SYSTEM,DEBUG;VALIDATION,INFO;VISUALFORCE,FINER;WORKFLOW,FINER
10:21:55.0 (602270)|USER_INFO|[EXTERNAL]|005p0000000MSbo|priyanka.manoharan@rxpservices.com.devmerge|Australian Eastern Standard Time|GMT+10:00
10:21:55.0 (643428)|EXECUTION_STARTED
10:21:55.0 (649448)|CODE_UNIT_STARTED|[EXTERNAL]|01pp0000000ETpq|LeaveController.getAccountBusiness
10:21:55.0 (800706)|HEAP_ALLOCATE|[72]|Bytes:3
10:21:55.0 (854652)|HEAP_ALLOCATE|[77]|Bytes:152
10:21:55.0 (874532)|HEAP_ALLOCATE|[342]|Bytes:408
10:21:55.0 (893767)|HEAP_ALLOCATE|[355]|Bytes:408
10:21:55.0 (911696)|HEAP_ALLOCATE|[467]|Bytes:48
10:21:55.0 (947707)|HEAP_ALLOCATE|[139]|Bytes:6
10:21:55.0 (1027101)|HEAP_ALLOCATE|[EXTERNAL]|Bytes:6
10:21:55.0 (1032997)|HEAP_ALLOCATE|[EXTERNAL]|Bytes:8
10:21:55.0 (1046217)|METHOD_ENTRY|[1]|01pp0000000ETpq|LeaveController.LeaveController()
10:21:55.0 (1050874)|STATEMENT_EXECUTE|[1]
10:21:55.0 (1057191)|STATEMENT_EXECUTE|[1]
10:21:55.0 (1089604)|HEAP_ALLOCATE|[50]|Bytes:5
10:21:55.0 (1108483)|HEAP_ALLOCATE|[56]|Bytes:5
10:21:55.0 (1116613)|HEAP_ALLOCATE|[64]|Bytes:7
10:21:55.0 (1137177)|SYSTEM_MODE_ENTER|true
10:21:55.0 (1153126)|HEAP_ALLOCATE|[EXTERNAL]|Bytes:5
10:21:55.0 (1159443)|SYSTEM_MODE_EXIT|true
10:21:55.0 (1169083)|METHOD_EXIT|[1]|LeaveController
10:21:55.0 (1181834)|SYSTEM_MODE_ENTER|false
10:21:55.0 (1191703)|SYSTEM_MODE_ENTER|true
10:21:55.0 (1195803)|HEAP_ALLOCATE|[11]|Bytes:5
10:21:55.0 (1199467)|STATEMENT_EXECUTE|[9]
10:21:55.0 (1201002)|STATEMENT_EXECUTE|[11]
10:21:55.0 (1212276)|METHOD_ENTRY|[11]|01pp0000000ETpq|LeaveController.getAccountId()
10:21:55.0 (1234845)|HEAP_ALLOCATE|[4]|Bytes:5
10:21:55.0 (1238485)|STATEMENT_EXECUTE|[3]
10:21:55.0 (1239947)|STATEMENT_EXECUTE|[4]
10:21:55.0 (1242720)|HEAP_ALLOCATE|[4]|Bytes:46
10:21:55.0 (1251217)|HEAP_ALLOCATE|[4]|Bytes:4
10:21:55.0 (1260586)|HEAP_ALLOCATE|[4]|Bytes:7
10:21:55.0 (1300438)|HEAP_ALLOCATE|[4]|Bytes:85
10:21:55.0 (1312811)|SYSTEM_METHOD_ENTRY|[1]|UserInfo.UserInfo()
10:21:55.0 (1315666)|STATEMENT_EXECUTE|[1]
10:21:55.0 (1322917)|SYSTEM_METHOD_EXIT|[1]|UserInfo
10:21:55.0 (1333836)|METHOD_ENTRY|[4]||System.UserInfo.getUserId()
10:21:55.0 (1371992)|METHOD_EXIT|[4]||System.UserInfo.getUserId()
10:21:55.0 (2842010)|SOQL_EXECUTE_BEGIN|[4]|Aggregations:0|SELECT AccountId FROM User WHERE Id = :tmpVar1
10:21:55.0 (2856396)|LIMIT_USAGE|[4]|SOQL|1|100
10:21:55.0 (2865135)|LIMIT_USAGE|[4]|AGGS|0|300
10:21:55.0 (6200297)|SOQL_EXECUTE_END|[4]|Rows:1
10:21:55.0 (6206865)|LIMIT_USAGE|[4]|SOQL_ROWS|1|50000
10:21:55.0 (6218015)|HEAP_ALLOCATE|[4]|Bytes:8
10:21:55.0 (6230408)|HEAP_ALLOCATE|[4]|Bytes:29
10:21:55.0 (6308549)|HEAP_ALLOCATE|[4]|Bytes:8
10:21:55.0 (6318096)|HEAP_ALLOCATE|[4]|Bytes:30
10:21:55.0 (6387352)|HEAP_ALLOCATE|[4]|Bytes:8
10:21:55.0 (6424876)|HEAP_ALLOCATE|[4]|Bytes:18
10:21:55.0 (6433518)|VARIABLE_SCOPE_BEGIN|[4]|accId|String|false|false
10:21:55.0 (6468760)|VARIABLE_ASSIGNMENT|[4]|accId|"005p0000000MSboAAG"
10:21:55.0 (6472090)|STATEMENT_EXECUTE|[6]
10:21:55.0 (6475343)|HEAP_ALLOCATE|[6]|Bytes:15
10:21:55.0 (6484801)|METHOD_EXIT|[11]|01pp0000000ETpq|LeaveController.getAccountId()
10:21:55.0 (6489932)|VARIABLE_SCOPE_BEGIN|[11]|accId|String|false|false
10:21:55.0 (6495469)|VARIABLE_ASSIGNMENT|[11]|accId|"001p000000DSVcL"
10:21:55.0 (6497629)|STATEMENT_EXECUTE|[12]
10:21:55.0 (6498697)|STATEMENT_EXECUTE|[13]
10:21:55.0 (6501176)|HEAP_ALLOCATE|[13]|Bytes:304
10:21:55.0 (6506356)|HEAP_ALLOCATE|[13]|Bytes:4
10:21:55.0 (10595873)|SOQL_EXECUTE_BEGIN|[13]|Aggregations:1|SELECT Id, Name, Leave_Remaining_Monday__c, Leave_Remaining_Tuesday__c, Leave_Remaining_Wednesday__c, Leave_Remaining_Thursday__c, Leave_Remaining_Friday__c, Leave_Remaining_Saturday__c, Leave_Remaining_Sunday__c, (SELECT id, Name, Leave_Date__c FROM Leave__r) FROM Opportunity WHERE AccountId = :tmpVar1
10:21:55.0 (10607425)|LIMIT_USAGE|[13]|SOQL|2|100
10:21:55.0 (10615253)|LIMIT_USAGE|[13]|AGGS|1|300
10:21:55.0 (27435152)|SOQL_EXECUTE_END|[13]|Rows:3
10:21:55.0 (27479672)|LIMIT_USAGE|[13]|SOQL_ROWS|18|50000
10:21:55.0 (27501046)|HEAP_ALLOCATE|[13]|Bytes:16
10:21:55.0 (27564106)|HEAP_ALLOCATE|[13]|Bytes:3131
10:21:55.0 (27652757)|HEAP_ALLOCATE|[13]|Bytes:16
10:21:55.0 (27673327)|VARIABLE_SCOPE_BEGIN|[13]|accBusiness|List<Opportunity>|true|false
10:21:55.0 (27883617)|VARIABLE_ASSIGNMENT|[13]|accBusiness|{"s":1,"v":[{"s":2,"v":{"Id":"006p0000003Y9K0AAK","Name":"Test AccBusiness2","Leave_Remaining_Mond (5 more) ...":3,"Leave_Remaining_Tues (6 more) ...":2,"Leave_Remaining_Wedn (8 more) ...":1,"Leave_Remaining_Thur (7 more) ...":1,"Leave_Remaining_Frid (5 more) ...":2,"Leave_Remaining_Satu (7 more) ...":3,"Leave_Remaining_Sund (5 more) ...":3,"Leave__r":[{"s":3,"v":{"Account_Business__c":"006p0000003Y9K0AAK","Id":"a02p0000002kJsQAAU","Name":"L-000000016","Leave_Date__c":"2016-09-14T00:00:00.000Z"}},{"s":4,"v":{"Account_Business__c":"006p0000003Y9K0AAK","Id":"a02p0000002kJsVAAU","Name":"L-000000017","Leave_Date__c":"2016-09-16T00:00:00.000Z"}},{"s":5,"v":{"Account_Business__c":"006p0000003Y9K0AAK","Id":"a02p0000002kL9gAAE","Name":"L-000000020","Leave_Date__c":"2016-09-21T00:00:00.000Z"}},{"s":6,"v":{"Account_Business__c":"006p0000003Y9K0AAK","Id":"a02p0000002kOE3AAM","Name":"L-000000025","Leave_Date__c":"2016-09-15T00:00:00.000Z"}},{"s":7,"v":{"Account_Business__c":"006p0000003Y9K0AAK","Id":"a02p0000002kOH2AAM","Name":"L-000000027","Leave_Date__c":"2016-09-15T00:00:00.000Z"}},{"s":8,"v":{"Account_Business__c":"006p0000003Y9K0AAK","Id":"a02p0000002kOHCAA2","Name":"L-000000028","Leave_Date__c":"2016-09-27T00:00:00.000Z"}}]}},{"s":9,"v":{"Id":"006p0000003Y9KAAA0","Name":"Test AccBusiness3","Leave_Remaining_Mond (5 more) ...":0,"Leave_Remaining_Tues (6 more) ...":0,"Leave_Remaining_Wedn (8 more) ...":0,"Leave_Remaining_Thur (7 more) ...":-2,"Leave_Remaining_Frid (5 more) ...":0,"Leave_Remaining_Satu (7 more) ...":-1,"Leave_Remaining_Sund (5 more) ...":-2,"Leave__r":[{"s":10,"v":{"Account_Business__c":"006p0000003Y9KAAA0","Id":"a02p0000002kJsaAAE","Name":"L-000000018","Leave_Date__c":"2016-09-17T00:00:00.000Z"}},{"s":11,"v":{"Account_Business__c":"006p0000003Y9KAAA0","Id":"a02p0000002kOGJAA2","Name":"L-000000026","Leave_Date__c":"2016-09-25T00:00:00.000Z"}},{"s":12,"v":{"Account_Business__c":"006p0000003Y9KAAA0","Id":"a02p0000002kNUXAA2","Name":"L-000000024","Leave_Date__c":"2016-09-15T00:00:00.000Z"}},{"s":13,"v":{"Account_Business__c":"006p0000003Y9KAAA0","Id":"a02p0000002kJspAAE","Name":"L-000000019","Leave_Date__c":"2016-09-18T00:00:00.000Z"}},{"s":14,"v":{"Account_Business__c":"006p0000003Y9KAAA0","Id":"a02p0000002kNQ1AAM","Name":"L-000000022","Leave_Date__c":"2016-09-22T00:00:00.000Z"}}]}},{"s":15,"v":{"Id":"006p0000003Y9JvAAK","Name":"Test AccountBusiness (1 more) ...","Leave_Remaining_Mond (5 more) ...":3,"Leave_Remaining_Tues (6 more) ...":3,"Leave_Remaining_Wedn (8 more) ...":4,"Leave_Remaining_Thur (7 more) ...":3,"Leave_Remaining_Frid (5 more) ...":4,"Leave_Remaining_Satu (7 more) ...":4,"Leave_Remaining_Sund (5 more) ...":4,"Leave__r":[{"s":16,"v":{"Account_Business__c":"006p0000003Y9JvAAK","Id":"a02p0000002kJsLAAU","Name":"L-000000015","Leave_Date__c":"2016-09-19T00:00:00.000Z"}},{"s":17,"v":{"Account_Business__c":"006p0000003Y9JvAAK","Id":"a02p0000002kJsBAAU","Name":"L-000000014","Leave_Date__c":"2016-09-15T00:00:00.000Z"}},{"s":18,"v":{"Account_Business__c":"006p0000003Y9JvAAK","Id":"a02p0000002kNQ6AAM","Name":"L-000000023","Leave_Date__c":"2016-09-27T00:00:00.000Z"}}]}}]}|0x490402b4
10:21:55.0 (27905397)|STATEMENT_EXECUTE|[19]
10:21:55.0 (27912103)|HEAP_ALLOCATE|[19]|Bytes:12
10:21:55.0 (28107883)|HEAP_ALLOCATE|[19]|Bytes:823
10:21:55.0 (28133042)|HEAP_ALLOCATE|[19]|Bytes:835
10:21:55.0 (28168667)|USER_DEBUG|[19]|DEBUG|accBusiness (Opportunity:{Id=006p0000003Y9K0AAK, Name=Test AccBusiness2, Leave_Remaining_Monday__c=3, Leave_Remaining_Tuesday__c=2, Leave_Remaining_Wednesday__c=1, Leave_Remaining_Thursday__c=1, Leave_Remaining_Friday__c=2, Leave_Remaining_Saturday__c=3, Leave_Remaining_Sunday__c=3}, Opportunity:{Id=006p0000003Y9KAAA0, Name=Test AccBusiness3, Leave_Remaining_Monday__c=0, Leave_Remaining_Tuesday__c=0, Leave_Remaining_Wednesday__c=0, Leave_Remaining_Thursday__c=-2, Leave_Remaining_Friday__c=0, Leave_Remaining_Saturday__c=-1, Leave_Remaining_Sunday__c=-2}, Opportunity:{Id=006p0000003Y9JvAAK, Name=Test AccountBusiness1, Leave_Remaining_Monday__c=3, Leave_Remaining_Tuesday__c=3, Leave_Remaining_Wednesday__c=4, Leave_Remaining_Thursday__c=3, Leave_Remaining_Friday__c=4, Leave_Remaining_Saturday__c=4, Leave_Remaining_Sunday__c=4})
10:21:55.0 (28179695)|STATEMENT_EXECUTE|[20]
10:21:55.0 (28181293)|STATEMENT_EXECUTE|[21]
10:21:55.0 (28187933)|SYSTEM_MODE_EXIT|true
10:21:55.0 (28860547)|SYSTEM_MODE_EXIT|false
10:21:55.28 (28903988)|CUMULATIVE_LIMIT_USAGE
10:21:55.28 (28903988)|LIMIT_USAGE_FOR_NS|(default)|
  Number of SOQL queries: 2 out of 100
  Number of query rows: 18 out of 50000
  Number of SOSL queries: 0 out of 20
  Number of DML statements: 0 out of 150
  Number of DML rows: 0 out of 10000
  Maximum CPU time: 0 out of 10000
  Maximum heap size: 0 out of 6000000
  Number of callouts: 0 out of 100
  Number of Email Invocations: 0 out of 10
  Number of future calls: 0 out of 50
  Number of queueable jobs added to the queue: 0 out of 50
  Number of Mobile Apex push calls: 0 out of 10

10:21:55.28 (28903988)|TOTAL_EMAIL_RECIPIENTS_QUEUED|0
10:21:55.28 (28903988)|STATIC_VARIABLE_LIST|
  char[]:DigitTens:0
  long:serialVersionUID:0
  long:serialVersionUID:0
  String:_sfdcAdditionalCodeLocations:0
  double:MAX_VALUE:0
  Boolean:FALSE:0
  long:serialVersionUID:0
  String:_sfdcSuppressedCodeLocations:0
  double:MIN_VALUE:0
  int:SIZE:0
  double:NEGATIVE_INFINITY:0
  int:MAX_VALUE:0
  String:_sfdcAdditionalCodeLocations:0
  char[]:digits:0
  double:NaN:0
  Boolean:TRUE:0
  int:MIN_VALUE:0
  char[]:DigitOnes:0
  int:BYTES:0
  int:MIN_EXPONENT:0
  int[]:sizeTable:0
  int:MAX_EXPONENT:0
  int:SIZE:0
  double:POSITIVE_INFINITY:0
  double:MIN_NORMAL:0
  int:BYTES:0

10:21:55.28 (28903988)|CUMULATIVE_LIMIT_USAGE_END

10:21:55.0 (29057137)|CODE_UNIT_FINISHED|LeaveController.getAccountBusiness
10:21:55.0 (30840038)|EXECUTION_FINISHED
10:21:55.35 (35225670)|CUMULATIVE_PROFILING_BEGIN
10:21:55.35 (35225670)|CUMULATIVE_PROFILING|SOQL operations|
Class.LeaveController.getAccountBusiness: line 13, column 1: [SELECT Id,Name,Leave_Remaining_Monday__c,Leave_Remaining_Tuesday__c,Leave_Remaining_Wednesday__c,
                                             Leave_Remaining_Thursday__c,Leave_Remaining_Friday__c,Leave_Remaining_Saturday__c,Leave_Remaining_Sunday__c
                                             , (select id, Name,Leave_Date__c from Leave__r)
                                             FROM Opportunity
                                             WHERE AccountId  = :accId]: executed 1 time in 21 ms

10:21:55.35 (35225670)|CUMULATIVE_PROFILING|No profiling information for SOSL operations
10:21:55.35 (35225670)|CUMULATIVE_PROFILING|No profiling information for DML operations
10:21:55.35 (35225670)|CUMULATIVE_PROFILING|method invocations|
External entry point: public static List<Opportunity> getAccountBusiness(): executed 1 time in 28 ms
Class.LeaveController.getAccountBusiness: line 11, column 1: public static String getAccountId(): executed 1 time in 6 ms
Class.LeaveController.getAccountId: line 4, column 1: global static String getUserId(): executed 2 times in 4 ms
Class.LeaveController.getAccountBusiness: line 19, column 1: public static String valueOf(Object): executed 2 times in 0 ms

10:21:55.35 (35225670)|CUMULATIVE_PROFILING_END
