38.0 APEX_CODE,FINEST;APEX_PROFILING,FINEST;CALLOUT,FINEST;DB,FINEST;SYSTEM,DEBUG;VALIDATION,INFO;VISUALFORCE,FINER;WORKFLOW,FINER
11:10:31.0 (856329)|USER_INFO|[EXTERNAL]|00528000004DSFj|resmi.ramakrishnan@qvmtest.com.devmerge|Australian Eastern Standard Time|GMT+10:00
11:10:31.0 (902616)|EXECUTION_STARTED
11:10:31.0 (910211)|CODE_UNIT_STARTED|[EXTERNAL]|066p00000004sPO|VF: /apex/DownloadABAFilePage
11:10:31.0 (56539433)|VF_APEX_CALL_START|[EXTERNAL]|01pp0000000EVMb|DownloadABAFileController <init>
11:10:31.0 (56573156)|SYSTEM_MODE_ENTER|true
11:10:31.0 (57356140)|HEAP_ALLOCATE|[72]|Bytes:3
11:10:31.0 (57428063)|HEAP_ALLOCATE|[77]|Bytes:152
11:10:31.0 (57460072)|HEAP_ALLOCATE|[342]|Bytes:408
11:10:31.0 (57493793)|HEAP_ALLOCATE|[355]|Bytes:408
11:10:31.0 (57527742)|HEAP_ALLOCATE|[467]|Bytes:48
11:10:31.0 (57576929)|HEAP_ALLOCATE|[139]|Bytes:6
11:10:31.0 (57633528)|HEAP_ALLOCATE|[EXTERNAL]|Bytes:188
11:10:31.0 (57642442)|HEAP_ALLOCATE|[EXTERNAL]|Bytes:20
11:10:31.0 (57647662)|HEAP_ALLOCATE|[EXTERNAL]|Bytes:2
11:10:31.0 (57664545)|METHOD_ENTRY|[1]|01pp0000000EVMb|DownloadABAFileController.DownloadABAFileController()
11:10:31.0 (57670633)|STATEMENT_EXECUTE|[1]
11:10:31.0 (57677161)|STATEMENT_EXECUTE|[1]
11:10:31.0 (57684424)|METHOD_EXIT|[1]|DownloadABAFileController
11:10:31.0 (57777291)|HEAP_ALLOCATE|[EXTERNAL]|Bytes:32
11:10:31.0 (57806170)|VARIABLE_SCOPE_BEGIN|[14]|this|DownloadABAFileController|true|false
11:10:31.0 (57939012)|VARIABLE_ASSIGNMENT|[14]|this|{}|0x230b015b
11:10:31.0 (57949231)|VARIABLE_SCOPE_BEGIN|[14]|stdController|ApexPages.StandardController|true|false
11:10:31.0 (58123728)|VARIABLE_ASSIGNMENT|[14]|stdController|"StandardController [null]"|0x79cc8fb5
11:10:31.0 (58135248)|STATEMENT_EXECUTE|[1]
11:10:31.0 (58137864)|STATEMENT_EXECUTE|[3]
11:10:31.0 (58140162)|STATEMENT_EXECUTE|[4]
11:10:31.0 (58141883)|STATEMENT_EXECUTE|[5]
11:10:31.0 (58143529)|STATEMENT_EXECUTE|[8]
11:10:31.0 (58145227)|STATEMENT_EXECUTE|[9]
11:10:31.0 (58146643)|STATEMENT_EXECUTE|[10]
11:10:31.0 (58148118)|STATEMENT_EXECUTE|[11]
11:10:31.0 (58160254)|HEAP_ALLOCATE|[16]|Bytes:6
11:10:31.0 (58225112)|STATEMENT_EXECUTE|[15]
11:10:31.0 (58228451)|STATEMENT_EXECUTE|[16]
11:10:31.0 (66983730)|HEAP_ALLOCATE|[16]|Bytes:12
11:10:31.0 (67082170)|VARIABLE_ASSIGNMENT|[16]|this.batchlobObj|{"s":1,"v":{"Id":"a01p0000002pSpRAAU","RecordTypeId":"012p0000000CggNAAS"}}|0x230b015b
11:10:31.0 (67091782)|STATEMENT_EXECUTE|[17]
11:10:31.0 (67198439)|HEAP_ALLOCATE|[17]|Bytes:12
11:10:31.0 (67414768)|VARIABLE_ASSIGNMENT|[17]|this.recId|"a01p0000002pSpRAAU"|0x230b015b
11:10:31.0 (67420650)|STATEMENT_EXECUTE|[18]
11:10:31.0 (67467427)|METHOD_ENTRY|[18]|01pp0000000EVMb|DownloadABAFileController.FormatStrings()
11:10:31.0 (67524625)|VARIABLE_SCOPE_BEGIN|[36]|this|DownloadABAFileController|true|false
11:10:31.0 (67689030)|VARIABLE_ASSIGNMENT|[36]|this|{"batchlobObj":"0x3abb7244","recId":"a01p0000002pSpRAAU"}|0x230b015b
11:10:31.0 (67707211)|STATEMENT_EXECUTE|[37]
11:10:31.0 (67709529)|STATEMENT_EXECUTE|[38]
11:10:31.0 (67804661)|HEAP_ALLOCATE|[38]|Bytes:17
11:10:31.0 (67978587)|VARIABLE_ASSIGNMENT|[EXTERNAL]|this|{"batchlobObj":"0x3abb7244","recId":"a01p0000002pSpRAAU"}|0x230b015b
11:10:31.0 (67992551)|VARIABLE_ASSIGNMENT|[EXTERNAL]|value|"                 "
11:10:31.0 (68005015)|VARIABLE_ASSIGNMENT|[8]|this.emptyString17|"                 "|0x230b015b
11:10:31.0 (68017974)|STATEMENT_EXECUTE|[39]
11:10:31.0 (68061165)|HEAP_ALLOCATE|[39]|Bytes:7
11:10:31.0 (68223879)|VARIABLE_ASSIGNMENT|[EXTERNAL]|this|{"batchlobObj":"0x3abb7244","emptyString17":"                 ","recId":"a01p0000002pSpRAAU"}|0x230b015b
11:10:31.0 (68237281)|VARIABLE_ASSIGNMENT|[EXTERNAL]|value|"       "
11:10:31.0 (68247913)|VARIABLE_ASSIGNMENT|[9]|this.emptyString7|"       "|0x230b015b
11:10:31.0 (68258310)|STATEMENT_EXECUTE|[40]
11:10:31.0 (68264538)|HEAP_ALLOCATE|[40]|Bytes:2
11:10:31.0 (68418589)|VARIABLE_ASSIGNMENT|[EXTERNAL]|this|{"batchlobObj":"0x3abb7244","emptyString17":"                 ","emptyString7":"       ","recId":"a01p0000002pSpRAAU"}|0x230b015b
11:10:31.0 (68432673)|VARIABLE_ASSIGNMENT|[EXTERNAL]|value|"\r\n"
11:10:31.0 (68441712)|VARIABLE_ASSIGNMENT|[10]|this.newLine|"\r\n"|0x230b015b
11:10:31.0 (68451639)|METHOD_EXIT|[18]|01pp0000000EVMb|DownloadABAFileController.FormatStrings()
11:10:31.0 (68483024)|VF_APEX_CALL_END|DownloadABAFileController <init>
11:10:31.0 (68642906)|VF_APEX_CALL_START|[EXTERNAL]|01pp0000000EVMb|DownloadABAFileController invoke(fetch)
11:10:31.0 (68690513)|HEAP_ALLOCATE|[EXTERNAL]|Bytes:32
11:10:31.0 (68703278)|VARIABLE_SCOPE_BEGIN|[21]|this|DownloadABAFileController|true|false
11:10:31.0 (68806758)|VARIABLE_ASSIGNMENT|[21]|this|{"batchlobObj":"0x3abb7244","emptyString17":"                 ","emptyString7":"       ","newLine":"\r\n","recId":"a01p0000002pSpRAAU"}|0x230b015b
11:10:31.0 (68814925)|STATEMENT_EXECUTE|[22]
11:10:31.0 (68816950)|STATEMENT_EXECUTE|[23]
11:10:31.0 (68818220)|STATEMENT_EXECUTE|[24]
11:10:31.0 (68819273)|STATEMENT_EXECUTE|[25]
11:10:31.0 (68822658)|HEAP_ALLOCATE|[25]|Bytes:200
11:10:31.0 (68842752)|HEAP_ALLOCATE|[25]|Bytes:4
11:10:31.0 (68890335)|HEAP_ALLOCATE|[50]|Bytes:5
11:10:31.0 (68913701)|HEAP_ALLOCATE|[56]|Bytes:5
11:10:31.0 (68922263)|HEAP_ALLOCATE|[64]|Bytes:7
11:10:31.0 (69283676)|SOQL_EXECUTE_BEGIN|[25]|Aggregations:0|SELECT Financial_Institution__c, Name_Of_User__c, User_Identification_Number__c, Description__c, Date_to_be_Processed__c FROM Qvm_ABA_File_Generator__c WHERE Name = 'ABA File Header Generator' LIMIT 1
11:10:31.0 (69296796)|LIMIT_USAGE|[25]|SOQL|1|100
11:10:31.0 (69309936)|LIMIT_USAGE|[25]|AGGS|0|300
11:10:31.0 (75880814)|SOQL_EXECUTE_END|[25]|Rows:1
11:10:31.0 (75897795)|LIMIT_USAGE|[25]|SOQL_ROWS|1|50000
11:10:31.0 (75923113)|HEAP_ALLOCATE|[25]|Bytes:8
11:10:31.0 (75956399)|HEAP_ALLOCATE|[25]|Bytes:254
11:10:31.0 (76125972)|HEAP_ALLOCATE|[25]|Bytes:8
11:10:31.0 (76149733)|HEAP_ALLOCATE|[25]|Bytes:51
11:10:31.0 (76310969)|HEAP_ALLOCATE|[25]|Bytes:28
11:10:31.0 (76623143)|VARIABLE_ASSIGNMENT|[EXTERNAL]|this|{"batchlobObj":"0x3abb7244","emptyString17":"                 ","emptyString7":"       ","newLine":"\r\n","recId":"a01p0000002pSpRAAU"}|0x230b015b
11:10:31.0 (76667532)|VARIABLE_ASSIGNMENT|[EXTERNAL]|value|{"s":1,"v":{"Financial_Institutio (4 more) ...":"NAB","Name_Of_User__c":"Queen Victoria Marke (1 more) ...","User_Identification_ (9 more) ...":128006,"Description__c":"TEST","Date_to_be_Processed (3 more) ...":170316,"Id":"a0bp0000001ZYpaAAG"}}|0x2b9179b4
11:10:31.0 (76704415)|VARIABLE_ASSIGNMENT|[5]|this.qvmABAFileObj|{"s":1,"v":{"Financial_Institutio (4 more) ...":"NAB","Name_Of_User__c":"Queen Victoria Marke (1 more) ...","User_Identification_ (9 more) ...":128006,"Description__c":"TEST","Date_to_be_Processed (3 more) ...":170316,"Id":"a0bp0000001ZYpaAAG"}}|0x230b015b
11:10:31.0 (76721497)|STATEMENT_EXECUTE|[28]
11:10:31.0 (76904598)|VARIABLE_ASSIGNMENT|[EXTERNAL]|this|{"batchlobObj":"0x3abb7244","emptyString17":"                 ","emptyString7":"       ","newLine":"\r\n","qvmABAFileObj":"0x2b9179b4","recId":"a01p0000002pSpRAAU"}|0x230b015b
11:10:31.0 (77120931)|VARIABLE_ASSIGNMENT|[EXTERNAL]|this|{"batchlobObj":"0x3abb7244","emptyString17":"                 ","emptyString7":"       ","newLine":"\r\n","qvmABAFileObj":"0x2b9179b4","recId":"a01p0000002pSpRAAU"}|0x230b015b
11:10:31.0 (77136714)|VARIABLE_ASSIGNMENT|[EXTERNAL]|value|"Queen Victoria Marke (1 more) ..."
11:10:31.0 (77150174)|VARIABLE_ASSIGNMENT|[11]|this.UserName|"Queen Victoria Marke (1 more) ..."|0x230b015b
11:10:31.0 (77159844)|STATEMENT_EXECUTE|[29]
11:10:31.0 (77317415)|VARIABLE_ASSIGNMENT|[EXTERNAL]|this|{"batchlobObj":"0x3abb7244","emptyString17":"                 ","emptyString7":"       ","newLine":"\r\n","qvmABAFileObj":"0x2b9179b4","recId":"a01p0000002pSpRAAU","UserName":"Queen Victoria Market"}|0x230b015b
11:10:31.0 (77370536)|HEAP_ALLOCATE|[29]|Bytes:21
11:10:31.0 (77526225)|VARIABLE_ASSIGNMENT|[EXTERNAL]|this|{"batchlobObj":"0x3abb7244","emptyString17":"                 ","emptyString7":"       ","newLine":"\r\n","qvmABAFileObj":"0x2b9179b4","recId":"a01p0000002pSpRAAU","UserName":"Queen Victoria Market"}|0x230b015b
11:10:31.0 (77537651)|VARIABLE_ASSIGNMENT|[EXTERNAL]|value|"Queen Victoria Marke (1 more) ..."
11:10:31.0 (77550847)|VARIABLE_ASSIGNMENT|[11]|this.UserName|"Queen Victoria Marke (1 more) ..."|0x230b015b
11:10:31.0 (77626826)|VF_APEX_CALL_END|DownloadABAFileController invoke(fetch)
11:10:31.0 (79296495)|VF_APEX_CALL_START|[EXTERNAL]|01pp0000000EVMb|DownloadABAFileController get(emptyString17)
11:10:31.0 (79315179)|SYSTEM_MODE_ENTER|true
11:10:31.0 (79345305)|VF_APEX_CALL_START|[EXTERNAL]|01pp0000000EVMb|emptyString17
11:10:31.0 (79365350)|VF_APEX_CALL_END|emptyString17
11:10:31.0 (79387899)|VF_APEX_CALL_END|DownloadABAFileController get(emptyString17)
11:10:31.0 (79554083)|VF_APEX_CALL_START|[EXTERNAL]|01pp0000000EVMb|DownloadABAFileController get(qvmABAFileObj)
11:10:31.0 (79564595)|SYSTEM_MODE_ENTER|true
11:10:31.0 (79583175)|VF_APEX_CALL_START|[EXTERNAL]|01pp0000000EVMb|qvmABAFileObj
11:10:31.0 (79604587)|VF_APEX_CALL_END|qvmABAFileObj
11:10:31.0 (79624585)|VF_APEX_CALL_END|DownloadABAFileController get(qvmABAFileObj)
11:10:31.0 (79818436)|VF_APEX_CALL_START|[EXTERNAL]|01pp0000000EVMb|DownloadABAFileController get(emptyString7)
11:10:31.0 (79828178)|SYSTEM_MODE_ENTER|true
11:10:31.0 (79843368)|VF_APEX_CALL_START|[EXTERNAL]|01pp0000000EVMb|emptyString7
11:10:31.0 (79858365)|VF_APEX_CALL_END|emptyString7
11:10:31.0 (79876798)|VF_APEX_CALL_END|DownloadABAFileController get(emptyString7)
11:10:31.0 (79947115)|VF_APEX_CALL_START|[EXTERNAL]|01pp0000000EVMb|DownloadABAFileController get(UserName)
11:10:31.0 (79955778)|SYSTEM_MODE_ENTER|true
11:10:31.0 (79970376)|VF_APEX_CALL_START|[EXTERNAL]|01pp0000000EVMb|UserName
11:10:31.0 (79984547)|VF_APEX_CALL_END|UserName
11:10:31.0 (80001905)|VF_APEX_CALL_END|DownloadABAFileController get(UserName)
11:10:31.0 (80559618)|VF_APEX_CALL_START|[EXTERNAL]|01pp0000000EVMb|DownloadABAFileController get(newLine)
11:10:31.0 (80568944)|SYSTEM_MODE_ENTER|true
11:10:31.0 (80581727)|VF_APEX_CALL_START|[EXTERNAL]|01pp0000000EVMb|newLine
11:10:31.0 (80594683)|VF_APEX_CALL_END|newLine
11:10:31.0 (80610676)|VF_APEX_CALL_END|DownloadABAFileController get(newLine)
11:10:31.84 (84266876)|CUMULATIVE_LIMIT_USAGE
11:10:31.84 (84266876)|LIMIT_USAGE_FOR_NS|(default)|
  Number of SOQL queries: 1 out of 100
  Number of query rows: 1 out of 50000
  Number of SOSL queries: 0 out of 20
  Number of DML statements: 0 out of 150
  Number of DML rows: 0 out of 10000
  Maximum CPU time: 0 out of 10000
  Maximum heap size: 0 out of 6000000
  Number of callouts: 0 out of 100
  Number of Email Invocations: 0 out of 10
  Number of future calls: 0 out of 50
  Number of queueable jobs added to the queue: 0 out of 50
  Number of Mobile Apex push calls: 0 out of 10

11:10:31.84 (84266876)|TOTAL_EMAIL_RECIPIENTS_QUEUED|0
11:10:31.84 (84266876)|STATIC_VARIABLE_LIST|
  char[]:DigitTens:0
  long:serialVersionUID:0
  long:serialVersionUID:0
  String:_sfdcAdditionalCodeLocations:0
  double:MAX_VALUE:0
  Boolean:FALSE:0
  long:serialVersionUID:0
  double:MIN_VALUE:0
  int:SIZE:0
  double:NEGATIVE_INFINITY:0
  int:MAX_VALUE:0
  String:__sfdcProperties:0
  char[]:digits:0
  String:_sfdcSuppressedCodeLocations:0
  double:NaN:0
  Boolean:TRUE:0
  int:MIN_VALUE:0
  char[]:DigitOnes:0
  int:BYTES:0
  int:MIN_EXPONENT:0
  int[]:sizeTable:0
  int:MAX_EXPONENT:0
  String:_sfdcAdditionalCodeLocations:0
  int:SIZE:0
  double:POSITIVE_INFINITY:0
  double:MIN_NORMAL:0
  int:BYTES:0

11:10:31.84 (84266876)|CUMULATIVE_LIMIT_USAGE_END

11:10:31.0 (84498193)|CODE_UNIT_FINISHED|VF: /apex/DownloadABAFilePage
11:10:31.0 (85803117)|EXECUTION_FINISHED
11:10:31.88 (88353902)|CUMULATIVE_PROFILING_BEGIN
11:10:31.88 (88353902)|CUMULATIVE_PROFILING|SOQL operations|
Class.DownloadABAFileController.fetch: line 25, column 1: [SELECT Financial_Institution__c,Name_Of_User__c,
                             User_Identification_Number__c,Description__c,Date_to_be_Processed__c 
                             FROM Qvm_ABA_File_Generator__c where Name = 'ABA File Header Generator' LIMIT 1]: executed 2 times in 7 ms

11:10:31.88 (88353902)|CUMULATIVE_PROFILING|No profiling information for SOSL operations
11:10:31.88 (88353902)|CUMULATIVE_PROFILING|No profiling information for DML operations
11:10:31.88 (88353902)|CUMULATIVE_PROFILING|method invocations|
External entry point: public void fetch(): executed 1 time in 9 ms
Class.DownloadABAFileController.<init>: line 16, column 1: global SObject getRecord(): executed 1 time in 8 ms
Class.DownloadABAFileController.<init>: line 18, column 1: public void FormatStrings(): executed 1 time in 1 ms
Class.DownloadABAFileController.fetch: line 29, column 1: public String __sfdc_UserName(): executed 3 times in 1 ms
Class.DownloadABAFileController.<init>: line 17, column 1: global SObject getRecord(): executed 1 time in 0 ms
Class.DownloadABAFileController.FormatStrings: line 38, column 1: public String rightPad(Integer): executed 2 times in 0 ms
Class.DownloadABAFileController.FormatStrings: line 39, column 1: public String rightPad(Integer): executed 2 times in 0 ms
Class.DownloadABAFileController.FormatStrings: line 40, column 1: public void __sfdc_newLine(String): executed 1 time in 0 ms
Class.DownloadABAFileController.fetch: line 28, column 1: public Qvm_ABA_File_Generator__c __sfdc_qvmABAFileObj(): executed 2 times in 0 ms

11:10:31.88 (88353902)|CUMULATIVE_PROFILING_END
