38.0 APEX_CODE,FINEST;APEX_PROFILING,FINEST;CALLOUT,FINEST;DB,FINEST;SYSTEM,DEBUG;VALIDATION,INFO;VISUALFORCE,FINER;WORKFLOW,FINER
11:01:37.0 (618106)|USER_INFO|[EXTERNAL]|00528000004DSLv|luke.farbotko@qvmtest.com.devmerge|Australian Eastern Standard Time|GMT+10:00
11:01:37.0 (658941)|EXECUTION_STARTED
11:01:37.0 (664222)|CODE_UNIT_STARTED|[EXTERNAL]|066p00000004sMt|VF: /apex/NewOrder
11:01:37.0 (6987454)|VF_APEX_CALL_START|[EXTERNAL]|01pp0000000EVH2|NewOrderControllerExt <init>
11:01:37.0 (7016891)|SYSTEM_MODE_ENTER|true
11:01:37.0 (7581062)|HEAP_ALLOCATE|[72]|Bytes:3
11:01:37.0 (7629969)|HEAP_ALLOCATE|[77]|Bytes:152
11:01:37.0 (7648600)|HEAP_ALLOCATE|[342]|Bytes:408
11:01:37.0 (7669790)|HEAP_ALLOCATE|[355]|Bytes:408
11:01:37.0 (7689553)|HEAP_ALLOCATE|[467]|Bytes:48
11:01:37.0 (7719158)|HEAP_ALLOCATE|[139]|Bytes:6
11:01:37.0 (7740833)|HEAP_ALLOCATE|[EXTERNAL]|Bytes:3
11:01:37.0 (7745437)|HEAP_ALLOCATE|[EXTERNAL]|Bytes:8
11:01:37.0 (7759892)|METHOD_ENTRY|[1]|01pp0000000EVH2|NewOrderControllerExt.NewOrderControllerExt()
11:01:37.0 (7769194)|STATEMENT_EXECUTE|[1]
11:01:37.0 (7774761)|STATEMENT_EXECUTE|[1]
11:01:37.0 (7781376)|METHOD_EXIT|[1]|NewOrderControllerExt
11:01:37.0 (7797165)|HEAP_ALLOCATE|[EXTERNAL]|Bytes:4
11:01:37.0 (7816482)|VARIABLE_SCOPE_BEGIN|[4]|this|NewOrderControllerExt|true|false
11:01:37.0 (7876048)|VARIABLE_ASSIGNMENT|[4]|this|{}|0x1525912f
11:01:37.0 (7883211)|VARIABLE_SCOPE_BEGIN|[4]|controller|ApexPages.StandardSetController|true|false
11:01:37.0 (8043153)|VARIABLE_ASSIGNMENT|[4]|controller|"core.apexpages.components.framework.controller.SetOrientedStandardControllerImpl@721f4e55"|0x721f4e55
11:01:37.0 (8052871)|STATEMENT_EXECUTE|[1]
11:01:37.0 (8062442)|HEAP_ALLOCATE|[EXTERNAL]|Bytes:6
11:01:37.0 (8102729)|STATEMENT_EXECUTE|[5]
11:01:37.0 (8124145)|VF_APEX_CALL_END|NewOrderControllerExt <init>
11:01:37.0 (8275625)|VF_APEX_CALL_START|[EXTERNAL]|01pp0000000EVH2|NewOrderControllerExt invoke(Redirect)
11:01:37.0 (8305671)|HEAP_ALLOCATE|[EXTERNAL]|Bytes:4
11:01:37.0 (8313987)|VARIABLE_SCOPE_BEGIN|[9]|this|NewOrderControllerExt|true|false
11:01:37.0 (8329246)|VARIABLE_ASSIGNMENT|[9]|this|{}|0x1525912f
11:01:37.0 (8340318)|STATEMENT_EXECUTE|[10]
11:01:37.0 (8342110)|STATEMENT_EXECUTE|[11]
11:01:37.0 (8345659)|HEAP_ALLOCATE|[11]|Bytes:12
11:01:37.0 (8362463)|HEAP_ALLOCATE|[50]|Bytes:5
11:01:37.0 (8379407)|HEAP_ALLOCATE|[56]|Bytes:5
11:01:37.0 (8387226)|HEAP_ALLOCATE|[64]|Bytes:7
11:01:37.0 (8456810)|HEAP_ALLOCATE|[11]|Bytes:106
11:01:37.0 (8507781)|HEAP_ALLOCATE|[11]|Bytes:136
11:01:37.0 (8525830)|HEAP_ALLOCATE|[11]|Bytes:148
11:01:37.0 (8547942)|USER_DEBUG|[11]|DEBUG|current PageSystem.PageReference[/apex/NewOrder?id=006p0000001ePka&new_order=New+Order&retURL=%2F006p0000001ePka&scontrolCaching=1&wrapMassAction=1]
11:01:37.0 (8555661)|STATEMENT_EXECUTE|[12]
11:01:37.0 (8559344)|HEAP_ALLOCATE|[12]|Bytes:5
11:01:37.0 (8587286)|HEAP_ALLOCATE|[12]|Bytes:106
11:01:37.0 (8638574)|HEAP_ALLOCATE|[12]|Bytes:88
11:01:37.0 (8655980)|HEAP_ALLOCATE|[12]|Bytes:2
11:01:37.0 (8677265)|HEAP_ALLOCATE|[12]|Bytes:20
11:01:37.0 (8689812)|USER_DEBUG|[12]|DEBUG|aid :006p0000001ePka
11:01:37.0 (8695850)|STATEMENT_EXECUTE|[13]
11:01:37.0 (8723814)|HEAP_ALLOCATE|[13]|Bytes:106
11:01:37.0 (8749877)|HEAP_ALLOCATE|[13]|Bytes:88
11:01:37.0 (8781551)|HEAP_ALLOCATE|[13]|Bytes:4
11:01:37.0 (8786837)|VARIABLE_SCOPE_BEGIN|[13]|accountId|Id|false|false
11:01:37.0 (8854533)|VARIABLE_ASSIGNMENT|[13]|accountId|"006p0000001ePkaAAE"
11:01:37.0 (8859938)|STATEMENT_EXECUTE|[14]
11:01:37.0 (8889737)|HEAP_ALLOCATE|[14]|Bytes:106
11:01:37.0 (8913140)|HEAP_ALLOCATE|[14]|Bytes:88
11:01:37.0 (8924098)|HEAP_ALLOCATE|[14]|Bytes:6
11:01:37.0 (8938188)|VARIABLE_SCOPE_BEGIN|[14]|returnUrl|String|false|false
11:01:37.0 (8946847)|VARIABLE_ASSIGNMENT|[14]|returnUrl|"/006p0000001ePka"
11:01:37.0 (8949944)|STATEMENT_EXECUTE|[16]
11:01:37.0 (8953113)|HEAP_ALLOCATE|[16]|Bytes:67
11:01:37.0 (8962343)|HEAP_ALLOCATE|[16]|Bytes:4
11:01:37.0 (8973543)|HEAP_ALLOCATE|[16]|Bytes:7
11:01:37.0 (11411696)|SOQL_EXECUTE_BEGIN|[16]|Aggregations:0|SELECT Id, RecordType.Name FROM Account WHERE id = :tmpVar1 LIMIT 1
11:01:37.0 (11428215)|LIMIT_USAGE|[16]|SOQL|1|100
11:01:37.0 (11441038)|LIMIT_USAGE|[16]|AGGS|0|300
11:01:37.0 (14806810)|SOQL_EXECUTE_END|[16]|Rows:0
11:01:37.0 (14818962)|LIMIT_USAGE|[16]|SOQL_ROWS|0|50000
11:01:37.0 (14834691)|HEAP_ALLOCATE|[16]|Bytes:4
11:01:37.0 (14846496)|HEAP_ALLOCATE|[16]|Bytes:0
11:01:37.0 (14974895)|HEAP_ALLOCATE|[16]|Bytes:4
11:01:37.0 (14988121)|HEAP_ALLOCATE|[16]|Bytes:33
11:01:37.0 (15108260)|HEAP_ALLOCATE|[16]|Bytes:46
11:01:37.0 (15211364)|FATAL_ERROR|System.QueryException: List has no rows for assignment to SObject

Class.NewOrderControllerExt.Redirect: line 16, column 1
11:01:37.0 (15268942)|VF_APEX_CALL_END|NewOrderControllerExt invoke(Redirect)
11:01:37.39 (39369142)|CUMULATIVE_PROFILING_BEGIN
11:01:37.39 (39369142)|CUMULATIVE_PROFILING|SOQL operations|
Class.NewOrderControllerExt.Redirect: line 16, column 1: [SELECT Id, RecordType.Name from Account where id = :accountId LIMIT 1]: executed 1 time in 6 ms

11:01:37.39 (39369142)|CUMULATIVE_PROFILING|No profiling information for SOSL operations
11:01:37.39 (39369142)|CUMULATIVE_PROFILING|No profiling information for DML operations
11:01:37.39 (39369142)|CUMULATIVE_PROFILING|method invocations|
External entry point: public System.PageReference Redirect(): executed 1 time in 7 ms
Class.NewOrderControllerExt.Redirect: line 11, column 1: global public static System.PageReference currentPage(): executed 3 times in 0 ms
Class.NewOrderControllerExt.Redirect: line 12, column 1: global public static System.PageReference currentPage(): executed 4 times in 0 ms
Class.NewOrderControllerExt.Redirect: line 13, column 1: global public static System.PageReference currentPage(): executed 3 times in 0 ms
Class.NewOrderControllerExt.Redirect: line 14, column 1: global public static System.PageReference currentPage(): executed 3 times in 0 ms

11:01:37.39 (39369142)|CUMULATIVE_PROFILING_END
