38.0 APEX_CODE,FINEST;APEX_PROFILING,FINEST;CALLOUT,FINEST;DB,FINEST;SYSTEM,DEBUG;VALIDATION,INFO;VISUALFORCE,FINER;WORKFLOW,FINER
10:54:25.0 (503252)|USER_INFO|[EXTERNAL]|00528000004DSLv|luke.farbotko@qvmtest.com.devmerge|Australian Eastern Standard Time|GMT+10:00
10:54:25.0 (540106)|EXECUTION_STARTED
10:54:25.0 (545359)|CODE_UNIT_STARTED|[EXTERNAL]|VisualForce View State
10:54:25.0 (207806774)|HEAP_ALLOCATE|[72]|Bytes:3
10:54:25.0 (207880092)|HEAP_ALLOCATE|[77]|Bytes:152
10:54:25.0 (207899715)|HEAP_ALLOCATE|[342]|Bytes:408
10:54:25.0 (207921435)|HEAP_ALLOCATE|[355]|Bytes:408
10:54:25.0 (207941277)|HEAP_ALLOCATE|[467]|Bytes:48
10:54:25.0 (207973554)|HEAP_ALLOCATE|[139]|Bytes:6
10:54:25.0 (208002235)|HEAP_ALLOCATE|[50]|Bytes:5
10:54:25.0 (208021805)|HEAP_ALLOCATE|[56]|Bytes:5
10:54:25.0 (208030621)|HEAP_ALLOCATE|[64]|Bytes:7
10:54:25.0 (209606140)|CODE_UNIT_FINISHED|VisualForce View State
10:54:25.0 (209800146)|EXECUTION_FINISHED
10:54:25.215 (215492558)|USER_INFO|[EXTERNAL]|00528000004DSLv|luke.farbotko@qvmtest.com.devmerge|Australian Eastern Standard Time|GMT+10:00
10:54:25.218 (218565922)|CUMULATIVE_LIMIT_USAGE
10:54:25.218 (218565922)|LIMIT_USAGE_FOR_NS|(default)|
  Number of SOQL queries: 0 out of 100
  Number of query rows: 0 out of 50000
  Number of SOSL queries: 0 out of 20
  Number of DML statements: 0 out of 150
  Number of DML rows: 0 out of 10000
  Maximum CPU time: 0 out of 10000
  Maximum heap size: 0 out of 6000000
  Number of callouts: 0 out of 100
  Number of Email Invocations: 0 out of 10
  Number of future calls: 0 out of 50
  Number of queueable jobs added to the queue: 0 out of 50
  Number of Mobile Apex push calls: 0 out of 10

10:54:25.218 (218565922)|CUMULATIVE_LIMIT_USAGE_END

