38.0 APEX_CODE,FINEST;APEX_PROFILING,FINEST;CALLOUT,FINEST;DB,FINEST;SYSTEM,DEBUG;VALIDATION,INFO;VISUALFORCE,FINER;WORKFLOW,FINER
11:08:19.0 (622739)|USER_INFO|[EXTERNAL]|00528000004DSFj|resmi.ramakrishnan@qvmtest.com.devmerge|Australian Eastern Standard Time|GMT+10:00
11:08:19.0 (657283)|EXECUTION_STARTED
11:08:19.0 (663641)|CODE_UNIT_STARTED|[EXTERNAL]|066p00000004sPO|VF: /apex/DownloadABAFilePage
11:08:19.0 (28374921)|VF_APEX_CALL_START|[EXTERNAL]|01pp0000000EVMb|DownloadABAFileController <init>
11:08:19.0 (28402071)|SYSTEM_MODE_ENTER|true
11:08:19.0 (29033957)|HEAP_ALLOCATE|[72]|Bytes:3
11:08:19.0 (29077722)|HEAP_ALLOCATE|[77]|Bytes:152
11:08:19.0 (29091488)|HEAP_ALLOCATE|[342]|Bytes:408
11:08:19.0 (29107611)|HEAP_ALLOCATE|[355]|Bytes:408
11:08:19.0 (29122432)|HEAP_ALLOCATE|[467]|Bytes:48
11:08:19.0 (29151235)|HEAP_ALLOCATE|[139]|Bytes:6
11:08:19.0 (29171499)|HEAP_ALLOCATE|[EXTERNAL]|Bytes:188
11:08:19.0 (29176216)|HEAP_ALLOCATE|[EXTERNAL]|Bytes:20
11:08:19.0 (29178744)|HEAP_ALLOCATE|[EXTERNAL]|Bytes:2
11:08:19.0 (29192876)|METHOD_ENTRY|[1]|01pp0000000EVMb|DownloadABAFileController.DownloadABAFileController()
11:08:19.0 (29198056)|STATEMENT_EXECUTE|[1]
11:08:19.0 (29202690)|STATEMENT_EXECUTE|[1]
11:08:19.0 (29208715)|METHOD_EXIT|[1]|DownloadABAFileController
11:08:19.0 (29272904)|HEAP_ALLOCATE|[EXTERNAL]|Bytes:32
11:08:19.0 (29293224)|VARIABLE_SCOPE_BEGIN|[14]|this|DownloadABAFileController|true|false
11:08:19.0 (29381845)|VARIABLE_ASSIGNMENT|[14]|this|{}|0x3613aaf8
11:08:19.0 (29388058)|VARIABLE_SCOPE_BEGIN|[14]|stdController|ApexPages.StandardController|true|false
11:08:19.0 (29507810)|VARIABLE_ASSIGNMENT|[14]|stdController|"StandardController [null]"|0x2214007
11:08:19.0 (29515791)|STATEMENT_EXECUTE|[1]
11:08:19.0 (29517175)|STATEMENT_EXECUTE|[3]
11:08:19.0 (29518565)|STATEMENT_EXECUTE|[4]
11:08:19.0 (29519603)|STATEMENT_EXECUTE|[5]
11:08:19.0 (29520426)|STATEMENT_EXECUTE|[8]
11:08:19.0 (29521363)|STATEMENT_EXECUTE|[9]
11:08:19.0 (29522203)|STATEMENT_EXECUTE|[10]
11:08:19.0 (29523152)|STATEMENT_EXECUTE|[11]
11:08:19.0 (29531704)|HEAP_ALLOCATE|[16]|Bytes:6
11:08:19.0 (29569414)|STATEMENT_EXECUTE|[15]
11:08:19.0 (29571282)|STATEMENT_EXECUTE|[16]
11:08:19.0 (35901349)|HEAP_ALLOCATE|[16]|Bytes:12
11:08:19.0 (35941311)|VARIABLE_ASSIGNMENT|[16]|this.batchlobObj|{"s":1,"v":{"Id":"a01p0000002pSpRAAU","RecordTypeId":"012p0000000CggNAAS"}}|0x3613aaf8
11:08:19.0 (35945059)|STATEMENT_EXECUTE|[17]
11:08:19.0 (35987123)|HEAP_ALLOCATE|[17]|Bytes:12
11:08:19.0 (36082826)|VARIABLE_ASSIGNMENT|[17]|this.recId|"a01p0000002pSpRAAU"|0x3613aaf8
11:08:19.0 (36087908)|STATEMENT_EXECUTE|[18]
11:08:19.0 (36108423)|METHOD_ENTRY|[18]|01pp0000000EVMb|DownloadABAFileController.FormatStrings()
11:08:19.0 (36134667)|VARIABLE_SCOPE_BEGIN|[36]|this|DownloadABAFileController|true|false
11:08:19.0 (36233993)|VARIABLE_ASSIGNMENT|[36]|this|{"batchlobObj":"0x96e6826","recId":"a01p0000002pSpRAAU"}|0x3613aaf8
11:08:19.0 (36244349)|STATEMENT_EXECUTE|[37]
11:08:19.0 (36245655)|STATEMENT_EXECUTE|[38]
11:08:19.0 (36304187)|HEAP_ALLOCATE|[38]|Bytes:17
11:08:19.0 (36420945)|VARIABLE_ASSIGNMENT|[EXTERNAL]|this|{"batchlobObj":"0x96e6826","recId":"a01p0000002pSpRAAU"}|0x3613aaf8
11:08:19.0 (36430435)|VARIABLE_ASSIGNMENT|[EXTERNAL]|value|"                 "
11:08:19.0 (36438627)|VARIABLE_ASSIGNMENT|[8]|this.emptyString17|"                 "|0x3613aaf8
11:08:19.0 (36446021)|STATEMENT_EXECUTE|[39]
11:08:19.0 (36478325)|HEAP_ALLOCATE|[39]|Bytes:7
11:08:19.0 (36592548)|VARIABLE_ASSIGNMENT|[EXTERNAL]|this|{"batchlobObj":"0x96e6826","emptyString17":"                 ","recId":"a01p0000002pSpRAAU"}|0x3613aaf8
11:08:19.0 (36601711)|VARIABLE_ASSIGNMENT|[EXTERNAL]|value|"       "
11:08:19.0 (36609388)|VARIABLE_ASSIGNMENT|[9]|this.emptyString7|"       "|0x3613aaf8
11:08:19.0 (36616582)|STATEMENT_EXECUTE|[40]
11:08:19.0 (36619887)|HEAP_ALLOCATE|[40]|Bytes:2
11:08:19.0 (36743153)|VARIABLE_ASSIGNMENT|[EXTERNAL]|this|{"batchlobObj":"0x96e6826","emptyString17":"                 ","emptyString7":"       ","recId":"a01p0000002pSpRAAU"}|0x3613aaf8
11:08:19.0 (36753289)|VARIABLE_ASSIGNMENT|[EXTERNAL]|value|"\r\n"
11:08:19.0 (36761146)|VARIABLE_ASSIGNMENT|[10]|this.newLine|"\r\n"|0x3613aaf8
11:08:19.0 (36769355)|METHOD_EXIT|[18]|01pp0000000EVMb|DownloadABAFileController.FormatStrings()
11:08:19.0 (36789646)|VF_APEX_CALL_END|DownloadABAFileController <init>
11:08:19.0 (36911749)|VF_APEX_CALL_START|[EXTERNAL]|01pp0000000EVMb|DownloadABAFileController invoke(fetch)
11:08:19.0 (36946770)|HEAP_ALLOCATE|[EXTERNAL]|Bytes:32
11:08:19.0 (36955012)|VARIABLE_SCOPE_BEGIN|[21]|this|DownloadABAFileController|true|false
11:08:19.0 (37049889)|VARIABLE_ASSIGNMENT|[21]|this|{"batchlobObj":"0x96e6826","emptyString17":"                 ","emptyString7":"       ","newLine":"\r\n","recId":"a01p0000002pSpRAAU"}|0x3613aaf8
11:08:19.0 (37057979)|STATEMENT_EXECUTE|[22]
11:08:19.0 (37059395)|STATEMENT_EXECUTE|[23]
11:08:19.0 (37060374)|STATEMENT_EXECUTE|[24]
11:08:19.0 (37061192)|STATEMENT_EXECUTE|[25]
11:08:19.0 (37064931)|HEAP_ALLOCATE|[25]|Bytes:200
11:08:19.0 (37076658)|HEAP_ALLOCATE|[25]|Bytes:4
11:08:19.0 (37101820)|HEAP_ALLOCATE|[50]|Bytes:5
11:08:19.0 (37116735)|HEAP_ALLOCATE|[56]|Bytes:5
11:08:19.0 (37124675)|HEAP_ALLOCATE|[64]|Bytes:7
11:08:19.0 (37333062)|SOQL_EXECUTE_BEGIN|[25]|Aggregations:0|SELECT Financial_Institution__c, Name_Of_User__c, User_Identification_Number__c, Description__c, Date_to_be_Processed__c FROM Qvm_ABA_File_Generator__c WHERE Name = 'ABA File Header Generator' LIMIT 1
11:08:19.0 (37343180)|LIMIT_USAGE|[25]|SOQL|1|100
11:08:19.0 (37352907)|LIMIT_USAGE|[25]|AGGS|0|300
11:08:19.0 (42263648)|SOQL_EXECUTE_END|[25]|Rows:1
11:08:19.0 (42271919)|LIMIT_USAGE|[25]|SOQL_ROWS|1|50000
11:08:19.0 (42283492)|HEAP_ALLOCATE|[25]|Bytes:8
11:08:19.0 (42299655)|HEAP_ALLOCATE|[25]|Bytes:254
11:08:19.0 (42388661)|HEAP_ALLOCATE|[25]|Bytes:8
11:08:19.0 (42398933)|HEAP_ALLOCATE|[25]|Bytes:51
11:08:19.0 (42480367)|HEAP_ALLOCATE|[25]|Bytes:28
11:08:19.0 (42607905)|VARIABLE_ASSIGNMENT|[EXTERNAL]|this|{"batchlobObj":"0x96e6826","emptyString17":"                 ","emptyString7":"       ","newLine":"\r\n","recId":"a01p0000002pSpRAAU"}|0x3613aaf8
11:08:19.0 (42632937)|VARIABLE_ASSIGNMENT|[EXTERNAL]|value|{"s":1,"v":{"Financial_Institutio (4 more) ...":"NAB","Name_Of_User__c":"Queen Victoria Marke (1 more) ...","User_Identification_ (9 more) ...":128006,"Description__c":"TEST","Date_to_be_Processed (3 more) ...":170316,"Id":"a0bp0000001ZYpaAAG"}}|0x38453e5f
11:08:19.0 (42649900)|VARIABLE_ASSIGNMENT|[5]|this.qvmABAFileObj|{"s":1,"v":{"Financial_Institutio (4 more) ...":"NAB","Name_Of_User__c":"Queen Victoria Marke (1 more) ...","User_Identification_ (9 more) ...":128006,"Description__c":"TEST","Date_to_be_Processed (3 more) ...":170316,"Id":"a0bp0000001ZYpaAAG"}}|0x3613aaf8
11:08:19.0 (42658598)|STATEMENT_EXECUTE|[28]
11:08:19.0 (42774671)|VARIABLE_ASSIGNMENT|[EXTERNAL]|this|{"batchlobObj":"0x96e6826","emptyString17":"                 ","emptyString7":"       ","newLine":"\r\n","qvmABAFileObj":"0x38453e5f","recId":"a01p0000002pSpRAAU"}|0x3613aaf8
11:08:19.0 (42922285)|VARIABLE_ASSIGNMENT|[EXTERNAL]|this|{"batchlobObj":"0x96e6826","emptyString17":"                 ","emptyString7":"       ","newLine":"\r\n","qvmABAFileObj":"0x38453e5f","recId":"a01p0000002pSpRAAU"}|0x3613aaf8
11:08:19.0 (42932705)|VARIABLE_ASSIGNMENT|[EXTERNAL]|value|"Queen Victoria Marke (1 more) ..."
11:08:19.0 (42941527)|VARIABLE_ASSIGNMENT|[11]|this.UserName|"Queen Victoria Marke (1 more) ..."|0x3613aaf8
11:08:19.0 (42948618)|STATEMENT_EXECUTE|[29]
11:08:19.0 (43059101)|VARIABLE_ASSIGNMENT|[EXTERNAL]|this|{"batchlobObj":"0x96e6826","emptyString17":"                 ","emptyString7":"       ","newLine":"\r\n","qvmABAFileObj":"0x38453e5f","recId":"a01p0000002pSpRAAU","UserName":"Queen Victoria Market"}|0x3613aaf8
11:08:19.0 (43094248)|HEAP_ALLOCATE|[29]|Bytes:21
11:08:19.0 (43197477)|VARIABLE_ASSIGNMENT|[EXTERNAL]|this|{"batchlobObj":"0x96e6826","emptyString17":"                 ","emptyString7":"       ","newLine":"\r\n","qvmABAFileObj":"0x38453e5f","recId":"a01p0000002pSpRAAU","UserName":"Queen Victoria Market"}|0x3613aaf8
11:08:19.0 (43204924)|VARIABLE_ASSIGNMENT|[EXTERNAL]|value|"Queen Victoria Marke (1 more) ..."
11:08:19.0 (43212474)|VARIABLE_ASSIGNMENT|[11]|this.UserName|"Queen Victoria Marke (1 more) ..."|0x3613aaf8
11:08:19.0 (43260613)|VF_APEX_CALL_END|DownloadABAFileController invoke(fetch)
11:08:19.0 (44553857)|VF_APEX_CALL_START|[EXTERNAL]|01pp0000000EVMb|DownloadABAFileController get(emptyString17)
11:08:19.0 (44566719)|SYSTEM_MODE_ENTER|true
11:08:19.0 (44582450)|VF_APEX_CALL_START|[EXTERNAL]|01pp0000000EVMb|emptyString17
11:08:19.0 (44596312)|VF_APEX_CALL_END|emptyString17
11:08:19.0 (44613739)|VF_APEX_CALL_END|DownloadABAFileController get(emptyString17)
11:08:19.0 (44723631)|VF_APEX_CALL_START|[EXTERNAL]|01pp0000000EVMb|DownloadABAFileController get(qvmABAFileObj)
11:08:19.0 (44731643)|SYSTEM_MODE_ENTER|true
11:08:19.0 (44741833)|VF_APEX_CALL_START|[EXTERNAL]|01pp0000000EVMb|qvmABAFileObj
11:08:19.0 (44753949)|VF_APEX_CALL_END|qvmABAFileObj
11:08:19.0 (44769535)|VF_APEX_CALL_END|DownloadABAFileController get(qvmABAFileObj)
11:08:19.0 (44916648)|VF_APEX_CALL_START|[EXTERNAL]|01pp0000000EVMb|DownloadABAFileController get(emptyString7)
11:08:19.0 (44924836)|SYSTEM_MODE_ENTER|true
11:08:19.0 (44934970)|VF_APEX_CALL_START|[EXTERNAL]|01pp0000000EVMb|emptyString7
11:08:19.0 (44947008)|VF_APEX_CALL_END|emptyString7
11:08:19.0 (44962643)|VF_APEX_CALL_END|DownloadABAFileController get(emptyString7)
11:08:19.0 (45017190)|VF_APEX_CALL_START|[EXTERNAL]|01pp0000000EVMb|DownloadABAFileController get(UserName)
11:08:19.0 (45025456)|SYSTEM_MODE_ENTER|true
11:08:19.0 (45035319)|VF_APEX_CALL_START|[EXTERNAL]|01pp0000000EVMb|UserName
11:08:19.0 (45046849)|VF_APEX_CALL_END|UserName
11:08:19.0 (45061914)|VF_APEX_CALL_END|DownloadABAFileController get(UserName)
11:08:19.0 (45474806)|VF_APEX_CALL_START|[EXTERNAL]|01pp0000000EVMb|DownloadABAFileController get(newLine)
11:08:19.0 (45482702)|SYSTEM_MODE_ENTER|true
11:08:19.0 (45492444)|VF_APEX_CALL_START|[EXTERNAL]|01pp0000000EVMb|newLine
11:08:19.0 (45504241)|VF_APEX_CALL_END|newLine
11:08:19.0 (45519809)|VF_APEX_CALL_END|DownloadABAFileController get(newLine)
11:08:19.48 (48754652)|CUMULATIVE_LIMIT_USAGE
11:08:19.48 (48754652)|LIMIT_USAGE_FOR_NS|(default)|
  Number of SOQL queries: 1 out of 100
  Number of query rows: 1 out of 50000
  Number of SOSL queries: 0 out of 20
  Number of DML statements: 0 out of 150
  Number of DML rows: 0 out of 10000
  Maximum CPU time: 0 out of 10000
  Maximum heap size: 0 out of 6000000
  Number of callouts: 0 out of 100
  Number of Email Invocations: 0 out of 10
  Number of future calls: 0 out of 50
  Number of queueable jobs added to the queue: 0 out of 50
  Number of Mobile Apex push calls: 0 out of 10

11:08:19.48 (48754652)|TOTAL_EMAIL_RECIPIENTS_QUEUED|0
11:08:19.48 (48754652)|STATIC_VARIABLE_LIST|
  char[]:DigitTens:0
  long:serialVersionUID:0
  long:serialVersionUID:0
  String:_sfdcAdditionalCodeLocations:0
  double:MAX_VALUE:0
  Boolean:FALSE:0
  long:serialVersionUID:0
  double:MIN_VALUE:0
  int:SIZE:0
  double:NEGATIVE_INFINITY:0
  int:MAX_VALUE:0
  String:__sfdcProperties:0
  char[]:digits:0
  String:_sfdcSuppressedCodeLocations:0
  double:NaN:0
  Boolean:TRUE:0
  int:MIN_VALUE:0
  char[]:DigitOnes:0
  int:BYTES:0
  int:MIN_EXPONENT:0
  int[]:sizeTable:0
  int:MAX_EXPONENT:0
  String:_sfdcAdditionalCodeLocations:0
  int:SIZE:0
  double:POSITIVE_INFINITY:0
  double:MIN_NORMAL:0
  int:BYTES:0

11:08:19.48 (48754652)|CUMULATIVE_LIMIT_USAGE_END

11:08:19.0 (48879332)|CODE_UNIT_FINISHED|VF: /apex/DownloadABAFilePage
11:08:19.0 (50055694)|EXECUTION_FINISHED
11:08:19.52 (52495444)|CUMULATIVE_PROFILING_BEGIN
11:08:19.52 (52495444)|CUMULATIVE_PROFILING|SOQL operations|
Class.DownloadABAFileController.fetch: line 25, column 1: [SELECT Financial_Institution__c,Name_Of_User__c,
                             User_Identification_Number__c,Description__c,Date_to_be_Processed__c 
                             FROM Qvm_ABA_File_Generator__c where Name = 'ABA File Header Generator' LIMIT 1]: executed 2 times in 5 ms

11:08:19.52 (52495444)|CUMULATIVE_PROFILING|No profiling information for SOSL operations
11:08:19.52 (52495444)|CUMULATIVE_PROFILING|No profiling information for DML operations
11:08:19.52 (52495444)|CUMULATIVE_PROFILING|method invocations|
Class.DownloadABAFileController.<init>: line 16, column 1: global SObject getRecord(): executed 1 time in 7 ms
External entry point: public void fetch(): executed 1 time in 6 ms
Class.DownloadABAFileController.<init>: line 18, column 1: public void FormatStrings(): executed 1 time in 1 ms
Class.DownloadABAFileController.FormatStrings: line 40, column 1: public void __sfdc_newLine(String): executed 1 time in 1 ms
Class.DownloadABAFileController.fetch: line 28, column 1: public Qvm_ABA_File_Generator__c __sfdc_qvmABAFileObj(): executed 2 times in 1 ms
Class.DownloadABAFileController.<init>: line 17, column 1: global SObject getRecord(): executed 1 time in 0 ms
Class.DownloadABAFileController.FormatStrings: line 38, column 1: public String rightPad(Integer): executed 2 times in 0 ms
Class.DownloadABAFileController.FormatStrings: line 39, column 1: public String rightPad(Integer): executed 2 times in 0 ms
Class.DownloadABAFileController.fetch: line 29, column 1: public String __sfdc_UserName(): executed 3 times in 0 ms

11:08:19.52 (52495444)|CUMULATIVE_PROFILING_END
