38.0 APEX_CODE,FINEST;APEX_PROFILING,FINEST;CALLOUT,FINEST;DB,FINEST;SYSTEM,DEBUG;VALIDATION,INFO;VISUALFORCE,FINER;WORKFLOW,FINER
10:12:31.0 (585699)|USER_INFO|[EXTERNAL]|00528000004DSFj|resmi.ramakrishnan@qvmtest.com.devmerge|Australian Eastern Standard Time|GMT+10:00
10:12:31.0 (616390)|EXECUTION_STARTED
10:12:31.0 (622225)|CODE_UNIT_STARTED|[EXTERNAL]|066p00000004sPO|VF: /apex/DownloadABAFilePage
10:12:31.0 (2263233)|VF_APEX_CALL_START|[EXTERNAL]|01pp0000000EVMb|DownloadABAFileController <init>
10:12:31.0 (2281225)|SYSTEM_MODE_ENTER|true
10:12:31.0 (2887099)|HEAP_ALLOCATE|[72]|Bytes:3
10:12:31.0 (2941129)|HEAP_ALLOCATE|[77]|Bytes:152
10:12:31.0 (2957549)|HEAP_ALLOCATE|[342]|Bytes:408
10:12:31.0 (2974117)|HEAP_ALLOCATE|[355]|Bytes:408
10:12:31.0 (2989390)|HEAP_ALLOCATE|[467]|Bytes:48
10:12:31.0 (3021184)|HEAP_ALLOCATE|[139]|Bytes:6
10:12:31.0 (3042450)|HEAP_ALLOCATE|[EXTERNAL]|Bytes:92
10:12:31.0 (3046893)|HEAP_ALLOCATE|[EXTERNAL]|Bytes:6
10:12:31.0 (3049500)|HEAP_ALLOCATE|[EXTERNAL]|Bytes:14
10:12:31.0 (3061735)|METHOD_ENTRY|[1]|01pp0000000EVMb|DownloadABAFileController.DownloadABAFileController()
10:12:31.0 (3065424)|STATEMENT_EXECUTE|[1]
10:12:31.0 (3070709)|STATEMENT_EXECUTE|[1]
10:12:31.0 (3075410)|METHOD_EXIT|[1]|DownloadABAFileController
10:12:31.0 (3131642)|HEAP_ALLOCATE|[EXTERNAL]|Bytes:16
10:12:31.0 (3153795)|VARIABLE_SCOPE_BEGIN|[7]|this|DownloadABAFileController|true|false
10:12:31.0 (3219394)|VARIABLE_ASSIGNMENT|[7]|this|{}|0x771f4814
10:12:31.0 (3226388)|VARIABLE_SCOPE_BEGIN|[7]|stdController|ApexPages.StandardController|true|false
10:12:31.0 (3352633)|VARIABLE_ASSIGNMENT|[7]|stdController|"StandardController [null]"|0x6eda5e71
10:12:31.0 (3363745)|STATEMENT_EXECUTE|[1]
10:12:31.0 (3366477)|STATEMENT_EXECUTE|[3]
10:12:31.0 (3368692)|STATEMENT_EXECUTE|[4]
10:12:31.0 (3370721)|STATEMENT_EXECUTE|[5]
10:12:31.0 (3381331)|HEAP_ALLOCATE|[9]|Bytes:6
10:12:31.0 (3425566)|STATEMENT_EXECUTE|[8]
10:12:31.0 (3427668)|STATEMENT_EXECUTE|[9]
10:12:31.0 (11233817)|HEAP_ALLOCATE|[9]|Bytes:12
10:12:31.0 (11290185)|VARIABLE_ASSIGNMENT|[9]|this.batchlobObj|{"s":1,"v":{"Id":"a01p0000002pSpRAAU","RecordTypeId":"012p0000000CggNAAS"}}|0x771f4814
10:12:31.0 (11295070)|STATEMENT_EXECUTE|[10]
10:12:31.0 (11349134)|HEAP_ALLOCATE|[10]|Bytes:12
10:12:31.0 (11461090)|VARIABLE_ASSIGNMENT|[10]|this.recId|"a01p0000002pSpRAAU"|0x771f4814
10:12:31.0 (11486144)|VF_APEX_CALL_END|DownloadABAFileController <init>
10:12:31.0 (11586987)|VF_APEX_CALL_START|[EXTERNAL]|01pp0000000EVMb|DownloadABAFileController invoke(fetch)
10:12:31.0 (11622161)|HEAP_ALLOCATE|[EXTERNAL]|Bytes:16
10:12:31.0 (11632422)|VARIABLE_SCOPE_BEGIN|[13]|this|DownloadABAFileController|true|false
10:12:31.0 (11729503)|VARIABLE_ASSIGNMENT|[13]|this|{"batchlobObj":"0x63cb0aeb","recId":"a01p0000002pSpRAAU"}|0x771f4814
10:12:31.0 (11744102)|STATEMENT_EXECUTE|[14]
10:12:31.0 (11745872)|STATEMENT_EXECUTE|[16]
10:12:31.0 (11750314)|HEAP_ALLOCATE|[16]|Bytes:200
10:12:31.0 (11765171)|HEAP_ALLOCATE|[16]|Bytes:4
10:12:31.0 (11792631)|HEAP_ALLOCATE|[50]|Bytes:5
10:12:31.0 (11810294)|HEAP_ALLOCATE|[56]|Bytes:5
10:12:31.0 (11818364)|HEAP_ALLOCATE|[64]|Bytes:7
10:12:31.0 (12147786)|SOQL_EXECUTE_BEGIN|[16]|Aggregations:0|SELECT Financial_Institution__c, Name_Of_User__c, User_Identification_Number__c, Description__c, Date_to_be_Processed__c FROM Qvm_ABA_File_Generator__c WHERE Name = 'ABA File Header Generator' LIMIT 1
10:12:31.0 (12159697)|LIMIT_USAGE|[16]|SOQL|1|100
10:12:31.0 (12169263)|LIMIT_USAGE|[16]|AGGS|0|300
10:12:31.0 (17913809)|SOQL_EXECUTE_END|[16]|Rows:1
10:12:31.0 (17925696)|LIMIT_USAGE|[16]|SOQL_ROWS|1|50000
10:12:31.0 (17946019)|HEAP_ALLOCATE|[16]|Bytes:8
10:12:31.0 (17967847)|HEAP_ALLOCATE|[16]|Bytes:254
10:12:31.0 (18083698)|HEAP_ALLOCATE|[16]|Bytes:8
10:12:31.0 (18097725)|HEAP_ALLOCATE|[16]|Bytes:51
10:12:31.0 (18204180)|HEAP_ALLOCATE|[16]|Bytes:28
10:12:31.0 (18367252)|VARIABLE_ASSIGNMENT|[EXTERNAL]|this|{"batchlobObj":"0x63cb0aeb","recId":"a01p0000002pSpRAAU"}|0x771f4814
10:12:31.0 (18394843)|VARIABLE_ASSIGNMENT|[EXTERNAL]|value|{"s":1,"v":{"Financial_Institutio (4 more) ...":"NAB","Name_Of_User__c":"Queen Victoria Marke (1 more) ...","User_Identification_ (9 more) ...":128006,"Description__c":"TEST","Date_to_be_Processed (3 more) ...":170316,"Id":"a0bp0000001ZYpaAAG"}}|0x6a214114
10:12:31.0 (18415650)|VARIABLE_ASSIGNMENT|[5]|this.qvmABAFileObj|{"s":1,"v":{"Financial_Institutio (4 more) ...":"NAB","Name_Of_User__c":"Queen Victoria Marke (1 more) ...","User_Identification_ (9 more) ...":128006,"Description__c":"TEST","Date_to_be_Processed (3 more) ...":170316,"Id":"a0bp0000001ZYpaAAG"}}|0x771f4814
10:12:31.0 (18426043)|STATEMENT_EXECUTE|[19]
10:12:31.0 (18430591)|HEAP_ALLOCATE|[19]|Bytes:5
10:12:31.0 (18549629)|VARIABLE_ASSIGNMENT|[EXTERNAL]|this|{"batchlobObj":"0x63cb0aeb","qvmABAFileObj":"0x6a214114","recId":"a01p0000002pSpRAAU"}|0x771f4814
10:12:31.0 (18608199)|HEAP_ALLOCATE|[19]|Bytes:8
10:12:31.0 (18634975)|USER_DEBUG|[19]|DEBUG|TTTT=NAB
10:12:31.0 (18640733)|STATEMENT_EXECUTE|[20]
10:12:31.0 (18743238)|VARIABLE_ASSIGNMENT|[EXTERNAL]|this|{"batchlobObj":"0x63cb0aeb","qvmABAFileObj":"0x6a214114","recId":"a01p0000002pSpRAAU"}|0x771f4814
10:12:31.0 (18791884)|HEAP_ALLOCATE|[20]|Bytes:26
10:12:31.0 (18811351)|USER_DEBUG|[20]|DEBUG|TTTT=Queen Victoria Market
10:12:31.0 (18823152)|STATEMENT_EXECUTE|[21]
10:12:31.0 (18927484)|VARIABLE_ASSIGNMENT|[EXTERNAL]|this|{"batchlobObj":"0x63cb0aeb","qvmABAFileObj":"0x6a214114","recId":"a01p0000002pSpRAAU"}|0x771f4814
10:12:31.0 (19015575)|HEAP_ALLOCATE|[21]|Bytes:6
10:12:31.0 (19029434)|HEAP_ALLOCATE|[21]|Bytes:11
10:12:31.0 (19039576)|USER_DEBUG|[21]|DEBUG|TTTT=128006
10:12:31.0 (19044677)|STATEMENT_EXECUTE|[22]
10:12:31.0 (19154564)|VARIABLE_ASSIGNMENT|[EXTERNAL]|this|{"batchlobObj":"0x63cb0aeb","qvmABAFileObj":"0x6a214114","recId":"a01p0000002pSpRAAU"}|0x771f4814
10:12:31.0 (19189136)|HEAP_ALLOCATE|[22]|Bytes:9
10:12:31.0 (19201543)|USER_DEBUG|[22]|DEBUG|TTTT=TEST
10:12:31.0 (19206392)|STATEMENT_EXECUTE|[23]
10:12:31.0 (19304920)|VARIABLE_ASSIGNMENT|[EXTERNAL]|this|{"batchlobObj":"0x63cb0aeb","qvmABAFileObj":"0x6a214114","recId":"a01p0000002pSpRAAU"}|0x771f4814
10:12:31.0 (19355148)|HEAP_ALLOCATE|[23]|Bytes:6
10:12:31.0 (19366442)|HEAP_ALLOCATE|[23]|Bytes:11
10:12:31.0 (19376077)|USER_DEBUG|[23]|DEBUG|TTTT=170316
10:12:31.0 (19425476)|VF_APEX_CALL_END|DownloadABAFileController invoke(fetch)
10:12:31.0 (20840899)|VF_APEX_CALL_START|[EXTERNAL]|01pp0000000EVMb|DownloadABAFileController get(qvmABAFileObj)
10:12:31.0 (20852981)|SYSTEM_MODE_ENTER|true
10:12:31.0 (20870997)|VF_APEX_CALL_START|[EXTERNAL]|01pp0000000EVMb|qvmABAFileObj
10:12:31.0 (20884051)|VF_APEX_CALL_END|qvmABAFileObj
10:12:31.0 (20901544)|VF_APEX_CALL_END|DownloadABAFileController get(qvmABAFileObj)
10:12:31.25 (25406909)|CUMULATIVE_LIMIT_USAGE
10:12:31.25 (25406909)|LIMIT_USAGE_FOR_NS|(default)|
  Number of SOQL queries: 1 out of 100
  Number of query rows: 1 out of 50000
  Number of SOSL queries: 0 out of 20
  Number of DML statements: 0 out of 150
  Number of DML rows: 0 out of 10000
  Maximum CPU time: 0 out of 10000
  Maximum heap size: 0 out of 6000000
  Number of callouts: 0 out of 100
  Number of Email Invocations: 0 out of 10
  Number of future calls: 0 out of 50
  Number of queueable jobs added to the queue: 0 out of 50
  Number of Mobile Apex push calls: 0 out of 10

10:12:31.25 (25406909)|TOTAL_EMAIL_RECIPIENTS_QUEUED|0
10:12:31.25 (25406909)|STATIC_VARIABLE_LIST|
  char[]:DigitTens:0
  long:serialVersionUID:0
  long:serialVersionUID:0
  String:_sfdcAdditionalCodeLocations:0
  double:MAX_VALUE:0
  Boolean:FALSE:0
  long:serialVersionUID:0
  double:MIN_VALUE:0
  int:SIZE:0
  double:NEGATIVE_INFINITY:0
  int:MAX_VALUE:0
  String:__sfdcProperties:0
  char[]:digits:0
  String:_sfdcSuppressedCodeLocations:0
  double:NaN:0
  Boolean:TRUE:0
  int:MIN_VALUE:0
  char[]:DigitOnes:0
  int:BYTES:0
  int:MIN_EXPONENT:0
  int[]:sizeTable:0
  int:MAX_EXPONENT:0
  String:_sfdcAdditionalCodeLocations:0
  int:SIZE:0
  double:POSITIVE_INFINITY:0
  double:MIN_NORMAL:0
  int:BYTES:0

10:12:31.25 (25406909)|CUMULATIVE_LIMIT_USAGE_END

10:12:31.0 (25582640)|CODE_UNIT_FINISHED|VF: /apex/DownloadABAFilePage
10:12:31.0 (26863509)|EXECUTION_FINISHED
10:12:31.29 (29621656)|CUMULATIVE_PROFILING_BEGIN
10:12:31.29 (29621656)|CUMULATIVE_PROFILING|SOQL operations|
Class.DownloadABAFileController.fetch: line 16, column 1: [SELECT Financial_Institution__c,Name_Of_User__c,
                         User_Identification_Number__c,Description__c,Date_to_be_Processed__c 
                         FROM Qvm_ABA_File_Generator__c where Name = 'ABA File Header Generator' LIMIT 1]: executed 2 times in 7 ms

10:12:31.29 (29621656)|CUMULATIVE_PROFILING|No profiling information for SOSL operations
10:12:31.29 (29621656)|CUMULATIVE_PROFILING|No profiling information for DML operations
10:12:31.29 (29621656)|CUMULATIVE_PROFILING|method invocations|
External entry point: public void fetch(): executed 1 time in 8 ms
Class.DownloadABAFileController.<init>: line 9, column 1: global SObject getRecord(): executed 1 time in 7 ms
Class.DownloadABAFileController.fetch: line 23, column 1: public Qvm_ABA_File_Generator__c __sfdc_qvmABAFileObj(): executed 3 times in 1 ms
Class.DownloadABAFileController.fetch: line 19, column 1: public Qvm_ABA_File_Generator__c __sfdc_qvmABAFileObj(): executed 2 times in 0 ms
Class.DownloadABAFileController.fetch: line 20, column 1: public Qvm_ABA_File_Generator__c __sfdc_qvmABAFileObj(): executed 2 times in 0 ms
Class.DownloadABAFileController.fetch: line 21, column 1: public Qvm_ABA_File_Generator__c __sfdc_qvmABAFileObj(): executed 3 times in 0 ms
Class.DownloadABAFileController.fetch: line 22, column 1: public Qvm_ABA_File_Generator__c __sfdc_qvmABAFileObj(): executed 2 times in 0 ms
Class.DownloadABAFileController.<init>: line 10, column 1: global SObject getRecord(): executed 1 time in 0 ms

10:12:31.29 (29621656)|CUMULATIVE_PROFILING_END
