38.0 APEX_CODE,FINEST;APEX_PROFILING,FINEST;CALLOUT,FINEST;DB,FINEST;SYSTEM,DEBUG;VALIDATION,INFO;VISUALFORCE,FINER;WORKFLOW,FINER
10:31:42.0 (793832)|USER_INFO|[EXTERNAL]|005p0000000MSbo|priyanka.manoharan@rxpservices.com.devmerge|Australian Eastern Standard Time|GMT+10:00
10:31:42.0 (831100)|EXECUTION_STARTED
10:31:42.0 (836589)|CODE_UNIT_STARTED|[EXTERNAL]|01pp0000000ETpq|LeaveController.getAccountBusiness
10:31:42.0 (1015108)|HEAP_ALLOCATE|[72]|Bytes:3
10:31:42.0 (1082272)|HEAP_ALLOCATE|[77]|Bytes:152
10:31:42.0 (1099645)|HEAP_ALLOCATE|[342]|Bytes:408
10:31:42.0 (1116006)|HEAP_ALLOCATE|[355]|Bytes:408
10:31:42.0 (1131719)|HEAP_ALLOCATE|[467]|Bytes:48
10:31:42.0 (1164378)|HEAP_ALLOCATE|[139]|Bytes:6
10:31:42.0 (1255072)|HEAP_ALLOCATE|[EXTERNAL]|Bytes:6
10:31:42.0 (1259568)|HEAP_ALLOCATE|[EXTERNAL]|Bytes:8
10:31:42.0 (1271423)|METHOD_ENTRY|[1]|01pp0000000ETpq|LeaveController.LeaveController()
10:31:42.0 (1275501)|STATEMENT_EXECUTE|[1]
10:31:42.0 (1281045)|STATEMENT_EXECUTE|[1]
10:31:42.0 (1315489)|HEAP_ALLOCATE|[50]|Bytes:5
10:31:42.0 (1341811)|HEAP_ALLOCATE|[56]|Bytes:5
10:31:42.0 (1350402)|HEAP_ALLOCATE|[64]|Bytes:7
10:31:42.0 (1370828)|SYSTEM_MODE_ENTER|true
10:31:42.0 (1397690)|HEAP_ALLOCATE|[EXTERNAL]|Bytes:5
10:31:42.0 (1406048)|SYSTEM_MODE_EXIT|true
10:31:42.0 (1414442)|METHOD_EXIT|[1]|LeaveController
10:31:42.0 (1424350)|SYSTEM_MODE_ENTER|false
10:31:42.0 (1437744)|SYSTEM_MODE_ENTER|true
10:31:42.0 (1441785)|HEAP_ALLOCATE|[11]|Bytes:5
10:31:42.0 (1445026)|STATEMENT_EXECUTE|[9]
10:31:42.0 (1446464)|STATEMENT_EXECUTE|[11]
10:31:42.0 (1460545)|METHOD_ENTRY|[11]|01pp0000000ETpq|LeaveController.getAccountId()
10:31:42.0 (1488184)|HEAP_ALLOCATE|[4]|Bytes:5
10:31:42.0 (1492202)|STATEMENT_EXECUTE|[3]
10:31:42.0 (1493587)|STATEMENT_EXECUTE|[4]
10:31:42.0 (1496145)|HEAP_ALLOCATE|[4]|Bytes:46
10:31:42.0 (1508332)|HEAP_ALLOCATE|[4]|Bytes:4
10:31:42.0 (1519686)|HEAP_ALLOCATE|[4]|Bytes:7
10:31:42.0 (1557528)|HEAP_ALLOCATE|[4]|Bytes:85
10:31:42.0 (1567174)|SYSTEM_METHOD_ENTRY|[1]|UserInfo.UserInfo()
10:31:42.0 (1569514)|STATEMENT_EXECUTE|[1]
10:31:42.0 (1575983)|SYSTEM_METHOD_EXIT|[1]|UserInfo
10:31:42.0 (1587369)|METHOD_ENTRY|[4]||System.UserInfo.getUserId()
10:31:42.0 (1632250)|METHOD_EXIT|[4]||System.UserInfo.getUserId()
10:31:42.0 (3228384)|SOQL_EXECUTE_BEGIN|[4]|Aggregations:0|SELECT AccountId FROM User WHERE Id = :tmpVar1
10:31:42.0 (3242626)|LIMIT_USAGE|[4]|SOQL|1|100
10:31:42.0 (3253069)|LIMIT_USAGE|[4]|AGGS|0|300
10:31:42.0 (6623509)|SOQL_EXECUTE_END|[4]|Rows:1
10:31:42.0 (6632849)|LIMIT_USAGE|[4]|SOQL_ROWS|1|50000
10:31:42.0 (6647083)|HEAP_ALLOCATE|[4]|Bytes:8
10:31:42.0 (6661285)|HEAP_ALLOCATE|[4]|Bytes:29
10:31:42.0 (6771073)|HEAP_ALLOCATE|[4]|Bytes:8
10:31:42.0 (6780699)|HEAP_ALLOCATE|[4]|Bytes:30
10:31:42.0 (6883529)|HEAP_ALLOCATE|[4]|Bytes:8
10:31:42.0 (6927282)|HEAP_ALLOCATE|[4]|Bytes:18
10:31:42.0 (6935298)|VARIABLE_SCOPE_BEGIN|[4]|accId|String|false|false
10:31:42.0 (6975765)|VARIABLE_ASSIGNMENT|[4]|accId|"005p0000000MSboAAG"
10:31:42.0 (6979072)|STATEMENT_EXECUTE|[6]
10:31:42.0 (6982420)|HEAP_ALLOCATE|[6]|Bytes:15
10:31:42.0 (6992790)|METHOD_EXIT|[11]|01pp0000000ETpq|LeaveController.getAccountId()
10:31:42.0 (6997572)|VARIABLE_SCOPE_BEGIN|[11]|accId|String|false|false
10:31:42.0 (7003252)|VARIABLE_ASSIGNMENT|[11]|accId|"001p000000DSVcL"
10:31:42.0 (7006708)|STATEMENT_EXECUTE|[12]
10:31:42.0 (7007898)|STATEMENT_EXECUTE|[13]
10:31:42.0 (7015295)|HEAP_ALLOCATE|[13]|Bytes:304
10:31:42.0 (7021012)|HEAP_ALLOCATE|[13]|Bytes:4
10:31:42.0 (11193322)|SOQL_EXECUTE_BEGIN|[13]|Aggregations:1|SELECT Id, Name, Leave_Remaining_Monday__c, Leave_Remaining_Tuesday__c, Leave_Remaining_Wednesday__c, Leave_Remaining_Thursday__c, Leave_Remaining_Friday__c, Leave_Remaining_Saturday__c, Leave_Remaining_Sunday__c, (SELECT id, Name, Leave_Date__c FROM Leave__r) FROM Opportunity WHERE AccountId = :tmpVar1
10:31:42.0 (11202223)|LIMIT_USAGE|[13]|SOQL|2|100
10:31:42.0 (11208559)|LIMIT_USAGE|[13]|AGGS|1|300
10:31:42.0 (27006753)|SOQL_EXECUTE_END|[13]|Rows:3
10:31:42.0 (27041075)|LIMIT_USAGE|[13]|SOQL_ROWS|18|50000
10:31:42.0 (27059171)|HEAP_ALLOCATE|[13]|Bytes:16
10:31:42.0 (27118634)|HEAP_ALLOCATE|[13]|Bytes:3131
10:31:42.0 (27226414)|HEAP_ALLOCATE|[13]|Bytes:16
10:31:42.0 (27246336)|VARIABLE_SCOPE_BEGIN|[13]|accBusiness|List<Opportunity>|true|false
10:31:42.0 (27408639)|VARIABLE_ASSIGNMENT|[13]|accBusiness|{"s":1,"v":[{"s":2,"v":{"Id":"006p0000003Y9K0AAK","Name":"Test AccBusiness2","Leave_Remaining_Mond (5 more) ...":3,"Leave_Remaining_Tues (6 more) ...":2,"Leave_Remaining_Wedn (8 more) ...":1,"Leave_Remaining_Thur (7 more) ...":1,"Leave_Remaining_Frid (5 more) ...":2,"Leave_Remaining_Satu (7 more) ...":3,"Leave_Remaining_Sund (5 more) ...":3,"Leave__r":[{"s":3,"v":{"Account_Business__c":"006p0000003Y9K0AAK","Id":"a02p0000002kJsQAAU","Name":"L-000000016","Leave_Date__c":"2016-09-14T00:00:00.000Z"}},{"s":4,"v":{"Account_Business__c":"006p0000003Y9K0AAK","Id":"a02p0000002kJsVAAU","Name":"L-000000017","Leave_Date__c":"2016-09-16T00:00:00.000Z"}},{"s":5,"v":{"Account_Business__c":"006p0000003Y9K0AAK","Id":"a02p0000002kL9gAAE","Name":"L-000000020","Leave_Date__c":"2016-09-21T00:00:00.000Z"}},{"s":6,"v":{"Account_Business__c":"006p0000003Y9K0AAK","Id":"a02p0000002kOE3AAM","Name":"L-000000025","Leave_Date__c":"2016-09-15T00:00:00.000Z"}},{"s":7,"v":{"Account_Business__c":"006p0000003Y9K0AAK","Id":"a02p0000002kOH2AAM","Name":"L-000000027","Leave_Date__c":"2016-09-15T00:00:00.000Z"}},{"s":8,"v":{"Account_Business__c":"006p0000003Y9K0AAK","Id":"a02p0000002kOHCAA2","Name":"L-000000028","Leave_Date__c":"2016-09-27T00:00:00.000Z"}}]}},{"s":9,"v":{"Id":"006p0000003Y9KAAA0","Name":"Test AccBusiness3","Leave_Remaining_Mond (5 more) ...":0,"Leave_Remaining_Tues (6 more) ...":0,"Leave_Remaining_Wedn (8 more) ...":0,"Leave_Remaining_Thur (7 more) ...":-2,"Leave_Remaining_Frid (5 more) ...":0,"Leave_Remaining_Satu (7 more) ...":-1,"Leave_Remaining_Sund (5 more) ...":-2,"Leave__r":[{"s":10,"v":{"Account_Business__c":"006p0000003Y9KAAA0","Id":"a02p0000002kJsaAAE","Name":"L-000000018","Leave_Date__c":"2016-09-17T00:00:00.000Z"}},{"s":11,"v":{"Account_Business__c":"006p0000003Y9KAAA0","Id":"a02p0000002kOGJAA2","Name":"L-000000026","Leave_Date__c":"2016-09-25T00:00:00.000Z"}},{"s":12,"v":{"Account_Business__c":"006p0000003Y9KAAA0","Id":"a02p0000002kNUXAA2","Name":"L-000000024","Leave_Date__c":"2016-09-15T00:00:00.000Z"}},{"s":13,"v":{"Account_Business__c":"006p0000003Y9KAAA0","Id":"a02p0000002kJspAAE","Name":"L-000000019","Leave_Date__c":"2016-09-18T00:00:00.000Z"}},{"s":14,"v":{"Account_Business__c":"006p0000003Y9KAAA0","Id":"a02p0000002kNQ1AAM","Name":"L-000000022","Leave_Date__c":"2016-09-22T00:00:00.000Z"}}]}},{"s":15,"v":{"Id":"006p0000003Y9JvAAK","Name":"Test AccountBusiness (1 more) ...","Leave_Remaining_Mond (5 more) ...":3,"Leave_Remaining_Tues (6 more) ...":3,"Leave_Remaining_Wedn (8 more) ...":4,"Leave_Remaining_Thur (7 more) ...":3,"Leave_Remaining_Frid (5 more) ...":4,"Leave_Remaining_Satu (7 more) ...":4,"Leave_Remaining_Sund (5 more) ...":4,"Leave__r":[{"s":16,"v":{"Account_Business__c":"006p0000003Y9JvAAK","Id":"a02p0000002kJsLAAU","Name":"L-000000015","Leave_Date__c":"2016-09-19T00:00:00.000Z"}},{"s":17,"v":{"Account_Business__c":"006p0000003Y9JvAAK","Id":"a02p0000002kJsBAAU","Name":"L-000000014","Leave_Date__c":"2016-09-15T00:00:00.000Z"}},{"s":18,"v":{"Account_Business__c":"006p0000003Y9JvAAK","Id":"a02p0000002kNQ6AAM","Name":"L-000000023","Leave_Date__c":"2016-09-27T00:00:00.000Z"}}]}}]}|0x54ca81c7
10:31:42.0 (27428243)|STATEMENT_EXECUTE|[19]
10:31:42.0 (27435229)|HEAP_ALLOCATE|[19]|Bytes:12
10:31:42.0 (27698528)|HEAP_ALLOCATE|[19]|Bytes:823
10:31:42.0 (27724301)|HEAP_ALLOCATE|[19]|Bytes:835
10:31:42.0 (27756469)|USER_DEBUG|[19]|DEBUG|accBusiness (Opportunity:{Id=006p0000003Y9K0AAK, Name=Test AccBusiness2, Leave_Remaining_Monday__c=3, Leave_Remaining_Tuesday__c=2, Leave_Remaining_Wednesday__c=1, Leave_Remaining_Thursday__c=1, Leave_Remaining_Friday__c=2, Leave_Remaining_Saturday__c=3, Leave_Remaining_Sunday__c=3}, Opportunity:{Id=006p0000003Y9KAAA0, Name=Test AccBusiness3, Leave_Remaining_Monday__c=0, Leave_Remaining_Tuesday__c=0, Leave_Remaining_Wednesday__c=0, Leave_Remaining_Thursday__c=-2, Leave_Remaining_Friday__c=0, Leave_Remaining_Saturday__c=-1, Leave_Remaining_Sunday__c=-2}, Opportunity:{Id=006p0000003Y9JvAAK, Name=Test AccountBusiness1, Leave_Remaining_Monday__c=3, Leave_Remaining_Tuesday__c=3, Leave_Remaining_Wednesday__c=4, Leave_Remaining_Thursday__c=3, Leave_Remaining_Friday__c=4, Leave_Remaining_Saturday__c=4, Leave_Remaining_Sunday__c=4})
10:31:42.0 (27766495)|STATEMENT_EXECUTE|[20]
10:31:42.0 (27768036)|STATEMENT_EXECUTE|[21]
10:31:42.0 (27773834)|SYSTEM_MODE_EXIT|true
10:31:42.0 (28398999)|SYSTEM_MODE_EXIT|false
10:31:42.28 (28452137)|CUMULATIVE_LIMIT_USAGE
10:31:42.28 (28452137)|LIMIT_USAGE_FOR_NS|(default)|
  Number of SOQL queries: 2 out of 100
  Number of query rows: 18 out of 50000
  Number of SOSL queries: 0 out of 20
  Number of DML statements: 0 out of 150
  Number of DML rows: 0 out of 10000
  Maximum CPU time: 0 out of 10000
  Maximum heap size: 0 out of 6000000
  Number of callouts: 0 out of 100
  Number of Email Invocations: 0 out of 10
  Number of future calls: 0 out of 50
  Number of queueable jobs added to the queue: 0 out of 50
  Number of Mobile Apex push calls: 0 out of 10

10:31:42.28 (28452137)|TOTAL_EMAIL_RECIPIENTS_QUEUED|0
10:31:42.28 (28452137)|STATIC_VARIABLE_LIST|
  char[]:DigitTens:0
  long:serialVersionUID:0
  long:serialVersionUID:0
  String:_sfdcAdditionalCodeLocations:0
  double:MAX_VALUE:0
  Boolean:FALSE:0
  long:serialVersionUID:0
  String:_sfdcSuppressedCodeLocations:0
  double:MIN_VALUE:0
  int:SIZE:0
  double:NEGATIVE_INFINITY:0
  int:MAX_VALUE:0
  String:_sfdcAdditionalCodeLocations:0
  char[]:digits:0
  double:NaN:0
  Boolean:TRUE:0
  int:MIN_VALUE:0
  char[]:DigitOnes:0
  int:BYTES:0
  int:MIN_EXPONENT:0
  int[]:sizeTable:0
  int:MAX_EXPONENT:0
  int:SIZE:0
  double:POSITIVE_INFINITY:0
  double:MIN_NORMAL:0
  int:BYTES:0

10:31:42.28 (28452137)|CUMULATIVE_LIMIT_USAGE_END

10:31:42.0 (28604692)|CODE_UNIT_FINISHED|LeaveController.getAccountBusiness
10:31:42.0 (30603264)|EXECUTION_FINISHED
10:31:42.123 (123931492)|CUMULATIVE_PROFILING_BEGIN
10:31:42.123 (123931492)|CUMULATIVE_PROFILING|SOQL operations|
Class.LeaveController.getAccountBusiness: line 13, column 1: [SELECT Id,Name,Leave_Remaining_Monday__c,Leave_Remaining_Tuesday__c,Leave_Remaining_Wednesday__c,
                                             Leave_Remaining_Thursday__c,Leave_Remaining_Friday__c,Leave_Remaining_Saturday__c,Leave_Remaining_Sunday__c
                                             , (select id, Name,Leave_Date__c from Leave__r)
                                             FROM Opportunity
                                             WHERE AccountId  = :accId]: executed 1 time in 20 ms

10:31:42.123 (123931492)|CUMULATIVE_PROFILING|No profiling information for SOSL operations
10:31:42.123 (123931492)|CUMULATIVE_PROFILING|No profiling information for DML operations
10:31:42.123 (123931492)|CUMULATIVE_PROFILING|method invocations|
External entry point: public static List<Opportunity> getAccountBusiness(): executed 1 time in 28 ms
Class.LeaveController.getAccountBusiness: line 11, column 1: public static String getAccountId(): executed 1 time in 6 ms
Class.LeaveController.getAccountId: line 4, column 1: global static String getUserId(): executed 2 times in 5 ms
Class.LeaveController.getAccountBusiness: line 19, column 1: public static String valueOf(Object): executed 2 times in 0 ms

10:31:42.123 (123931492)|CUMULATIVE_PROFILING_END
