38.0 APEX_CODE,FINEST;APEX_PROFILING,FINEST;CALLOUT,FINEST;DB,FINEST;SYSTEM,DEBUG;VALIDATION,INFO;VISUALFORCE,FINER;WORKFLOW,FINER
10:21:03.0 (560979)|USER_INFO|[EXTERNAL]|005p0000000MSbo|priyanka.manoharan@rxpservices.com.devmerge|Australian Eastern Standard Time|GMT+10:00
10:21:03.0 (597297)|EXECUTION_STARTED
10:21:03.0 (602834)|CODE_UNIT_STARTED|[EXTERNAL]|01pp0000000ETpq|LeaveController.getAccountBusiness
10:21:03.0 (750338)|HEAP_ALLOCATE|[72]|Bytes:3
10:21:03.0 (789719)|HEAP_ALLOCATE|[77]|Bytes:152
10:21:03.0 (804746)|HEAP_ALLOCATE|[342]|Bytes:408
10:21:03.0 (823310)|HEAP_ALLOCATE|[355]|Bytes:408
10:21:03.0 (841341)|HEAP_ALLOCATE|[467]|Bytes:48
10:21:03.0 (871470)|HEAP_ALLOCATE|[139]|Bytes:6
10:21:03.0 (947163)|HEAP_ALLOCATE|[EXTERNAL]|Bytes:6
10:21:03.0 (960208)|HEAP_ALLOCATE|[EXTERNAL]|Bytes:8
10:21:03.0 (974442)|METHOD_ENTRY|[1]|01pp0000000ETpq|LeaveController.LeaveController()
10:21:03.0 (978115)|STATEMENT_EXECUTE|[1]
10:21:03.0 (984155)|STATEMENT_EXECUTE|[1]
10:21:03.0 (1017707)|HEAP_ALLOCATE|[50]|Bytes:5
10:21:03.0 (1040552)|HEAP_ALLOCATE|[56]|Bytes:5
10:21:03.0 (1049523)|HEAP_ALLOCATE|[64]|Bytes:7
10:21:03.0 (1065604)|SYSTEM_MODE_ENTER|true
10:21:03.0 (1083717)|HEAP_ALLOCATE|[EXTERNAL]|Bytes:5
10:21:03.0 (1091029)|SYSTEM_MODE_EXIT|true
10:21:03.0 (1100938)|METHOD_EXIT|[1]|LeaveController
10:21:03.0 (1109507)|SYSTEM_MODE_ENTER|false
10:21:03.0 (1119839)|SYSTEM_MODE_ENTER|true
10:21:03.0 (1123466)|HEAP_ALLOCATE|[11]|Bytes:5
10:21:03.0 (1127017)|STATEMENT_EXECUTE|[9]
10:21:03.0 (1128567)|STATEMENT_EXECUTE|[11]
10:21:03.0 (1140437)|METHOD_ENTRY|[11]|01pp0000000ETpq|LeaveController.getAccountId()
10:21:03.0 (1160589)|HEAP_ALLOCATE|[4]|Bytes:5
10:21:03.0 (1164187)|STATEMENT_EXECUTE|[3]
10:21:03.0 (1165572)|STATEMENT_EXECUTE|[4]
10:21:03.0 (1167669)|HEAP_ALLOCATE|[4]|Bytes:46
10:21:03.0 (1175205)|HEAP_ALLOCATE|[4]|Bytes:4
10:21:03.0 (1182852)|HEAP_ALLOCATE|[4]|Bytes:7
10:21:03.0 (1225563)|HEAP_ALLOCATE|[4]|Bytes:85
10:21:03.0 (1238484)|SYSTEM_METHOD_ENTRY|[1]|UserInfo.UserInfo()
10:21:03.0 (1241243)|STATEMENT_EXECUTE|[1]
10:21:03.0 (1249172)|SYSTEM_METHOD_EXIT|[1]|UserInfo
10:21:03.0 (1259038)|METHOD_ENTRY|[4]||System.UserInfo.getUserId()
10:21:03.0 (1298899)|METHOD_EXIT|[4]||System.UserInfo.getUserId()
10:21:03.0 (2827231)|SOQL_EXECUTE_BEGIN|[4]|Aggregations:0|SELECT AccountId FROM User WHERE Id = :tmpVar1
10:21:03.0 (2845402)|LIMIT_USAGE|[4]|SOQL|1|100
10:21:03.0 (2853146)|LIMIT_USAGE|[4]|AGGS|0|300
10:21:03.0 (5999991)|SOQL_EXECUTE_END|[4]|Rows:1
10:21:03.0 (6009474)|LIMIT_USAGE|[4]|SOQL_ROWS|1|50000
10:21:03.0 (6025095)|HEAP_ALLOCATE|[4]|Bytes:8
10:21:03.0 (6039110)|HEAP_ALLOCATE|[4]|Bytes:29
10:21:03.0 (6145094)|HEAP_ALLOCATE|[4]|Bytes:8
10:21:03.0 (6157514)|HEAP_ALLOCATE|[4]|Bytes:30
10:21:03.0 (6266849)|HEAP_ALLOCATE|[4]|Bytes:8
10:21:03.0 (6308772)|HEAP_ALLOCATE|[4]|Bytes:18
10:21:03.0 (6316914)|VARIABLE_SCOPE_BEGIN|[4]|accId|String|false|false
10:21:03.0 (6355676)|VARIABLE_ASSIGNMENT|[4]|accId|"005p0000000MSboAAG"
10:21:03.0 (6359516)|STATEMENT_EXECUTE|[6]
10:21:03.0 (6362580)|HEAP_ALLOCATE|[6]|Bytes:15
10:21:03.0 (6376384)|METHOD_EXIT|[11]|01pp0000000ETpq|LeaveController.getAccountId()
10:21:03.0 (6381489)|VARIABLE_SCOPE_BEGIN|[11]|accId|String|false|false
10:21:03.0 (6387105)|VARIABLE_ASSIGNMENT|[11]|accId|"001p000000DSVcL"
10:21:03.0 (6389261)|STATEMENT_EXECUTE|[12]
10:21:03.0 (6390378)|STATEMENT_EXECUTE|[13]
10:21:03.0 (6392920)|HEAP_ALLOCATE|[13]|Bytes:304
10:21:03.0 (6399885)|HEAP_ALLOCATE|[13]|Bytes:4
10:21:03.0 (10593625)|SOQL_EXECUTE_BEGIN|[13]|Aggregations:1|SELECT Id, Name, Leave_Remaining_Monday__c, Leave_Remaining_Tuesday__c, Leave_Remaining_Wednesday__c, Leave_Remaining_Thursday__c, Leave_Remaining_Friday__c, Leave_Remaining_Saturday__c, Leave_Remaining_Sunday__c, (SELECT id, Name, Leave_Date__c FROM Leave__r) FROM Opportunity WHERE AccountId = :tmpVar1
10:21:03.0 (10604236)|LIMIT_USAGE|[13]|SOQL|2|100
10:21:03.0 (10610920)|LIMIT_USAGE|[13]|AGGS|1|300
10:21:03.0 (26740807)|SOQL_EXECUTE_END|[13]|Rows:3
10:21:03.0 (26780456)|LIMIT_USAGE|[13]|SOQL_ROWS|18|50000
10:21:03.0 (26804293)|HEAP_ALLOCATE|[13]|Bytes:16
10:21:03.0 (26886796)|HEAP_ALLOCATE|[13]|Bytes:3131
10:21:03.0 (26988956)|HEAP_ALLOCATE|[13]|Bytes:16
10:21:03.0 (27010253)|VARIABLE_SCOPE_BEGIN|[13]|accBusiness|List<Opportunity>|true|false
10:21:03.0 (27269228)|VARIABLE_ASSIGNMENT|[13]|accBusiness|{"s":1,"v":[{"s":2,"v":{"Id":"006p0000003Y9K0AAK","Name":"Test AccBusiness2","Leave_Remaining_Mond (5 more) ...":3,"Leave_Remaining_Tues (6 more) ...":2,"Leave_Remaining_Wedn (8 more) ...":1,"Leave_Remaining_Thur (7 more) ...":1,"Leave_Remaining_Frid (5 more) ...":2,"Leave_Remaining_Satu (7 more) ...":3,"Leave_Remaining_Sund (5 more) ...":3,"Leave__r":[{"s":3,"v":{"Account_Business__c":"006p0000003Y9K0AAK","Id":"a02p0000002kJsQAAU","Name":"L-000000016","Leave_Date__c":"2016-09-14T00:00:00.000Z"}},{"s":4,"v":{"Account_Business__c":"006p0000003Y9K0AAK","Id":"a02p0000002kJsVAAU","Name":"L-000000017","Leave_Date__c":"2016-09-16T00:00:00.000Z"}},{"s":5,"v":{"Account_Business__c":"006p0000003Y9K0AAK","Id":"a02p0000002kL9gAAE","Name":"L-000000020","Leave_Date__c":"2016-09-21T00:00:00.000Z"}},{"s":6,"v":{"Account_Business__c":"006p0000003Y9K0AAK","Id":"a02p0000002kOE3AAM","Name":"L-000000025","Leave_Date__c":"2016-09-15T00:00:00.000Z"}},{"s":7,"v":{"Account_Business__c":"006p0000003Y9K0AAK","Id":"a02p0000002kOH2AAM","Name":"L-000000027","Leave_Date__c":"2016-09-15T00:00:00.000Z"}},{"s":8,"v":{"Account_Business__c":"006p0000003Y9K0AAK","Id":"a02p0000002kOHCAA2","Name":"L-000000028","Leave_Date__c":"2016-09-27T00:00:00.000Z"}}]}},{"s":9,"v":{"Id":"006p0000003Y9KAAA0","Name":"Test AccBusiness3","Leave_Remaining_Mond (5 more) ...":0,"Leave_Remaining_Tues (6 more) ...":0,"Leave_Remaining_Wedn (8 more) ...":0,"Leave_Remaining_Thur (7 more) ...":-2,"Leave_Remaining_Frid (5 more) ...":0,"Leave_Remaining_Satu (7 more) ...":-1,"Leave_Remaining_Sund (5 more) ...":-2,"Leave__r":[{"s":10,"v":{"Account_Business__c":"006p0000003Y9KAAA0","Id":"a02p0000002kJsaAAE","Name":"L-000000018","Leave_Date__c":"2016-09-17T00:00:00.000Z"}},{"s":11,"v":{"Account_Business__c":"006p0000003Y9KAAA0","Id":"a02p0000002kOGJAA2","Name":"L-000000026","Leave_Date__c":"2016-09-25T00:00:00.000Z"}},{"s":12,"v":{"Account_Business__c":"006p0000003Y9KAAA0","Id":"a02p0000002kNUXAA2","Name":"L-000000024","Leave_Date__c":"2016-09-15T00:00:00.000Z"}},{"s":13,"v":{"Account_Business__c":"006p0000003Y9KAAA0","Id":"a02p0000002kJspAAE","Name":"L-000000019","Leave_Date__c":"2016-09-18T00:00:00.000Z"}},{"s":14,"v":{"Account_Business__c":"006p0000003Y9KAAA0","Id":"a02p0000002kNQ1AAM","Name":"L-000000022","Leave_Date__c":"2016-09-22T00:00:00.000Z"}}]}},{"s":15,"v":{"Id":"006p0000003Y9JvAAK","Name":"Test AccountBusiness (1 more) ...","Leave_Remaining_Mond (5 more) ...":3,"Leave_Remaining_Tues (6 more) ...":3,"Leave_Remaining_Wedn (8 more) ...":4,"Leave_Remaining_Thur (7 more) ...":3,"Leave_Remaining_Frid (5 more) ...":4,"Leave_Remaining_Satu (7 more) ...":4,"Leave_Remaining_Sund (5 more) ...":4,"Leave__r":[{"s":16,"v":{"Account_Business__c":"006p0000003Y9JvAAK","Id":"a02p0000002kJsLAAU","Name":"L-000000015","Leave_Date__c":"2016-09-19T00:00:00.000Z"}},{"s":17,"v":{"Account_Business__c":"006p0000003Y9JvAAK","Id":"a02p0000002kJsBAAU","Name":"L-000000014","Leave_Date__c":"2016-09-15T00:00:00.000Z"}},{"s":18,"v":{"Account_Business__c":"006p0000003Y9JvAAK","Id":"a02p0000002kNQ6AAM","Name":"L-000000023","Leave_Date__c":"2016-09-27T00:00:00.000Z"}}]}}]}|0x1d90a576
10:21:03.0 (27294419)|STATEMENT_EXECUTE|[19]
10:21:03.0 (27302378)|HEAP_ALLOCATE|[19]|Bytes:12
10:21:03.0 (27625346)|HEAP_ALLOCATE|[19]|Bytes:823
10:21:03.0 (27661474)|HEAP_ALLOCATE|[19]|Bytes:835
10:21:03.0 (27704631)|USER_DEBUG|[19]|DEBUG|accBusiness (Opportunity:{Id=006p0000003Y9K0AAK, Name=Test AccBusiness2, Leave_Remaining_Monday__c=3, Leave_Remaining_Tuesday__c=2, Leave_Remaining_Wednesday__c=1, Leave_Remaining_Thursday__c=1, Leave_Remaining_Friday__c=2, Leave_Remaining_Saturday__c=3, Leave_Remaining_Sunday__c=3}, Opportunity:{Id=006p0000003Y9KAAA0, Name=Test AccBusiness3, Leave_Remaining_Monday__c=0, Leave_Remaining_Tuesday__c=0, Leave_Remaining_Wednesday__c=0, Leave_Remaining_Thursday__c=-2, Leave_Remaining_Friday__c=0, Leave_Remaining_Saturday__c=-1, Leave_Remaining_Sunday__c=-2}, Opportunity:{Id=006p0000003Y9JvAAK, Name=Test AccountBusiness1, Leave_Remaining_Monday__c=3, Leave_Remaining_Tuesday__c=3, Leave_Remaining_Wednesday__c=4, Leave_Remaining_Thursday__c=3, Leave_Remaining_Friday__c=4, Leave_Remaining_Saturday__c=4, Leave_Remaining_Sunday__c=4})
10:21:03.0 (27722401)|STATEMENT_EXECUTE|[20]
10:21:03.0 (27725364)|STATEMENT_EXECUTE|[21]
10:21:03.0 (27732515)|SYSTEM_MODE_EXIT|true
10:21:03.0 (28404717)|SYSTEM_MODE_EXIT|false
10:21:03.28 (28455866)|CUMULATIVE_LIMIT_USAGE
10:21:03.28 (28455866)|LIMIT_USAGE_FOR_NS|(default)|
  Number of SOQL queries: 2 out of 100
  Number of query rows: 18 out of 50000
  Number of SOSL queries: 0 out of 20
  Number of DML statements: 0 out of 150
  Number of DML rows: 0 out of 10000
  Maximum CPU time: 0 out of 10000
  Maximum heap size: 0 out of 6000000
  Number of callouts: 0 out of 100
  Number of Email Invocations: 0 out of 10
  Number of future calls: 0 out of 50
  Number of queueable jobs added to the queue: 0 out of 50
  Number of Mobile Apex push calls: 0 out of 10

10:21:03.28 (28455866)|TOTAL_EMAIL_RECIPIENTS_QUEUED|0
10:21:03.28 (28455866)|STATIC_VARIABLE_LIST|
  char[]:DigitTens:0
  long:serialVersionUID:0
  long:serialVersionUID:0
  String:_sfdcAdditionalCodeLocations:0
  double:MAX_VALUE:0
  Boolean:FALSE:0
  long:serialVersionUID:0
  String:_sfdcSuppressedCodeLocations:0
  double:MIN_VALUE:0
  int:SIZE:0
  double:NEGATIVE_INFINITY:0
  int:MAX_VALUE:0
  String:_sfdcAdditionalCodeLocations:0
  char[]:digits:0
  double:NaN:0
  Boolean:TRUE:0
  int:MIN_VALUE:0
  char[]:DigitOnes:0
  int:BYTES:0
  int:MIN_EXPONENT:0
  int[]:sizeTable:0
  int:MAX_EXPONENT:0
  int:SIZE:0
  double:POSITIVE_INFINITY:0
  double:MIN_NORMAL:0
  int:BYTES:0

10:21:03.28 (28455866)|CUMULATIVE_LIMIT_USAGE_END

10:21:03.0 (28666473)|CODE_UNIT_FINISHED|LeaveController.getAccountBusiness
10:21:03.0 (30784543)|EXECUTION_FINISHED
10:21:03.34 (34921730)|CUMULATIVE_PROFILING_BEGIN
10:21:03.34 (34921730)|CUMULATIVE_PROFILING|SOQL operations|
Class.LeaveController.getAccountBusiness: line 13, column 1: [SELECT Id,Name,Leave_Remaining_Monday__c,Leave_Remaining_Tuesday__c,Leave_Remaining_Wednesday__c,
                                             Leave_Remaining_Thursday__c,Leave_Remaining_Friday__c,Leave_Remaining_Saturday__c,Leave_Remaining_Sunday__c
                                             , (select id, Name,Leave_Date__c from Leave__r)
                                             FROM Opportunity
                                             WHERE AccountId  = :accId]: executed 1 time in 20 ms

10:21:03.34 (34921730)|CUMULATIVE_PROFILING|No profiling information for SOSL operations
10:21:03.34 (34921730)|CUMULATIVE_PROFILING|No profiling information for DML operations
10:21:03.34 (34921730)|CUMULATIVE_PROFILING|method invocations|
External entry point: public static List<Opportunity> getAccountBusiness(): executed 1 time in 27 ms
Class.LeaveController.getAccountId: line 4, column 1: global static String getUserId(): executed 2 times in 5 ms
Class.LeaveController.getAccountBusiness: line 11, column 1: public static String getAccountId(): executed 1 time in 5 ms
Class.LeaveController.getAccountBusiness: line 19, column 1: public static String valueOf(Object): executed 2 times in 1 ms

10:21:03.34 (34921730)|CUMULATIVE_PROFILING_END
