38.0 APEX_CODE,FINEST;APEX_PROFILING,FINEST;CALLOUT,FINEST;DB,FINEST;SYSTEM,DEBUG;VALIDATION,INFO;VISUALFORCE,FINER;WORKFLOW,FINER
10:59:56.0 (613825)|USER_INFO|[EXTERNAL]|00528000004DSLv|luke.farbotko@qvmtest.com.devmerge|Australian Eastern Standard Time|GMT+10:00
10:59:56.0 (648502)|EXECUTION_STARTED
10:59:56.0 (653282)|CODE_UNIT_STARTED|[EXTERNAL]|VisualForce View State
10:59:56.0 (350582959)|HEAP_ALLOCATE|[72]|Bytes:3
10:59:56.0 (350649962)|HEAP_ALLOCATE|[77]|Bytes:152
10:59:56.0 (350669517)|HEAP_ALLOCATE|[342]|Bytes:408
10:59:56.0 (350688455)|HEAP_ALLOCATE|[355]|Bytes:408
10:59:56.0 (350706127)|HEAP_ALLOCATE|[467]|Bytes:48
10:59:56.0 (350738656)|HEAP_ALLOCATE|[139]|Bytes:6
10:59:56.0 (350768977)|HEAP_ALLOCATE|[50]|Bytes:5
10:59:56.0 (350790648)|HEAP_ALLOCATE|[56]|Bytes:5
10:59:56.0 (350798652)|HEAP_ALLOCATE|[64]|Bytes:7
10:59:56.0 (352276237)|CODE_UNIT_FINISHED|VisualForce View State
10:59:56.0 (354286775)|EXECUTION_FINISHED
10:59:56.356 (356205949)|USER_INFO|[EXTERNAL]|00528000004DSLv|luke.farbotko@qvmtest.com.devmerge|Australian Eastern Standard Time|GMT+10:00
10:59:57.628 (1628989995)|CUMULATIVE_LIMIT_USAGE
10:59:57.628 (1628989995)|LIMIT_USAGE_FOR_NS|(default)|
  Number of SOQL queries: 0 out of 100
  Number of query rows: 0 out of 50000
  Number of SOSL queries: 0 out of 20
  Number of DML statements: 0 out of 150
  Number of DML rows: 0 out of 10000
  Maximum CPU time: 0 out of 10000
  Maximum heap size: 0 out of 6000000
  Number of callouts: 0 out of 100
  Number of Email Invocations: 0 out of 10
  Number of future calls: 0 out of 50
  Number of queueable jobs added to the queue: 0 out of 50
  Number of Mobile Apex push calls: 0 out of 10

10:59:57.628 (1628989995)|CUMULATIVE_LIMIT_USAGE_END

