38.0 APEX_CODE,FINEST;APEX_PROFILING,FINEST;CALLOUT,FINEST;DB,FINEST;SYSTEM,DEBUG;VALIDATION,INFO;VISUALFORCE,FINER;WORKFLOW,FINER
11:20:38.0 (639979)|USER_INFO|[EXTERNAL]|00528000004DSLv|luke.farbotko@qvmtest.com.devmerge|Australian Eastern Standard Time|GMT+10:00
11:20:38.0 (684707)|EXECUTION_STARTED
11:20:38.0 (692338)|CODE_UNIT_STARTED|[EXTERNAL]|VisualForce View State
11:20:38.0 (371688297)|HEAP_ALLOCATE|[72]|Bytes:3
11:20:38.0 (371752615)|HEAP_ALLOCATE|[77]|Bytes:152
11:20:38.0 (371769950)|HEAP_ALLOCATE|[342]|Bytes:408
11:20:38.0 (371789024)|HEAP_ALLOCATE|[355]|Bytes:408
11:20:38.0 (371807339)|HEAP_ALLOCATE|[467]|Bytes:48
11:20:38.0 (371834904)|HEAP_ALLOCATE|[139]|Bytes:6
11:20:38.0 (371863588)|HEAP_ALLOCATE|[50]|Bytes:5
11:20:38.0 (371881763)|HEAP_ALLOCATE|[56]|Bytes:5
11:20:38.0 (371890005)|HEAP_ALLOCATE|[64]|Bytes:7
11:20:38.0 (373413326)|CODE_UNIT_FINISHED|VisualForce View State
11:20:38.0 (375518959)|EXECUTION_FINISHED
11:20:38.377 (377890305)|USER_INFO|[EXTERNAL]|00528000004DSLv|luke.farbotko@qvmtest.com.devmerge|Australian Eastern Standard Time|GMT+10:00
11:20:39.31 (1031929641)|CUMULATIVE_LIMIT_USAGE
11:20:39.31 (1031929641)|LIMIT_USAGE_FOR_NS|(default)|
  Number of SOQL queries: 0 out of 100
  Number of query rows: 0 out of 50000
  Number of SOSL queries: 0 out of 20
  Number of DML statements: 0 out of 150
  Number of DML rows: 0 out of 10000
  Maximum CPU time: 0 out of 10000
  Maximum heap size: 0 out of 6000000
  Number of callouts: 0 out of 100
  Number of Email Invocations: 0 out of 10
  Number of future calls: 0 out of 50
  Number of queueable jobs added to the queue: 0 out of 50
  Number of Mobile Apex push calls: 0 out of 10

11:20:39.31 (1031929641)|CUMULATIVE_LIMIT_USAGE_END

