38.0 APEX_CODE,FINEST;APEX_PROFILING,FINEST;CALLOUT,FINEST;DB,FINEST;SYSTEM,DEBUG;VALIDATION,INFO;VISUALFORCE,FINER;WORKFLOW,FINER
11:45:17.0 (757058)|USER_INFO|[EXTERNAL]|00528000004DSLv|luke.farbotko@qvmtest.com.devmerge|Australian Eastern Standard Time|GMT+10:00
11:45:17.0 (795694)|EXECUTION_STARTED
11:45:17.0 (803075)|CODE_UNIT_STARTED|[EXTERNAL]|01pp0000000EU9R|TransactionBuilderBatch
11:45:17.0 (46243152)|HEAP_ALLOCATE|[72]|Bytes:3
11:45:17.0 (46313064)|HEAP_ALLOCATE|[77]|Bytes:152
11:45:17.0 (46333111)|HEAP_ALLOCATE|[342]|Bytes:408
11:45:17.0 (46353440)|HEAP_ALLOCATE|[355]|Bytes:408
11:45:17.0 (46372340)|HEAP_ALLOCATE|[467]|Bytes:48
11:45:17.0 (46411645)|HEAP_ALLOCATE|[139]|Bytes:6
11:45:17.0 (48466830)|HEAP_ALLOCATE|[EXTERNAL]|Bytes:84692
11:45:17.0 (72658336)|HEAP_ALLOCATE|[EXTERNAL]|Bytes:11
11:45:17.0 (72692073)|SYSTEM_METHOD_ENTRY|[15]|BatchableContextImpl.BatchableContextImpl()
11:45:17.0 (72701461)|STATEMENT_EXECUTE|[15]
11:45:17.0 (72717784)|SYSTEM_METHOD_EXIT|[15]|BatchableContextImpl
11:45:17.0 (72728878)|HEAP_ALLOCATE|[EXTERNAL]|Bytes:12
11:45:17.0 (72733437)|HEAP_ALLOCATE|[EXTERNAL]|Bytes:4
11:45:17.0 (72740194)|VARIABLE_SCOPE_BEGIN|[31]|this|Database.BatchableContextImpl|true|false
11:45:17.0 (72812380)|VARIABLE_ASSIGNMENT|[31]|this|{}|0x6df1472e
11:45:17.0 (72816524)|VARIABLE_SCOPE_BEGIN|[31]|jobId|Id|false|false
11:45:17.0 (72917206)|VARIABLE_ASSIGNMENT|[31]|jobId|"707p000000A3IfxAAF"
11:45:17.0 (72924139)|VARIABLE_SCOPE_BEGIN|[31]|childJobId|Id|false|false
11:45:17.0 (72931836)|VARIABLE_ASSIGNMENT|[31]|childJobId|null
11:45:17.0 (73320221)|HEAP_ALLOCATE|[EXTERNAL]|Bytes:52
11:45:17.0 (73330310)|HEAP_ALLOCATE|[EXTERNAL]|Bytes:11
11:45:17.0 (73333252)|HEAP_ALLOCATE|[EXTERNAL]|Bytes:8
11:45:17.0 (73343612)|METHOD_ENTRY|[9]|01pp0000000EU9R|TransactionBuilderBatch.TransactionBuilderBatch()
11:45:17.0 (73351120)|STATEMENT_EXECUTE|[9]
11:45:17.0 (73358152)|STATEMENT_EXECUTE|[9]
11:45:17.0 (73362503)|METHOD_EXIT|[9]|TransactionBuilderBatch
11:45:17.0 (73367327)|HEAP_ALLOCATE|[EXTERNAL]|Bytes:16
11:45:17.0 (73369652)|HEAP_ALLOCATE|[EXTERNAL]|Bytes:12
11:45:17.0 (73376680)|VARIABLE_SCOPE_BEGIN|[21]|this|TransactionBuilderBatch|true|false
11:45:17.0 (73465297)|VARIABLE_ASSIGNMENT|[21]|this|{"batchJob":"a01p0000002pYiaAAE","transactionCount":259,"transList":"0x11382807"}|0x2095c42c
11:45:17.0 (73472730)|VARIABLE_SCOPE_BEGIN|[21]|BC|Database.BatchableContext|true|false
11:45:17.0 (73520308)|VARIABLE_ASSIGNMENT|[21]|BC|{"jobId":"707p000000A3IfxAAF"}|0x6df1472e
11:45:17.0 (73536027)|STATEMENT_EXECUTE|[22]
11:45:17.0 (73538326)|STATEMENT_EXECUTE|[23]
11:45:17.0 (73543250)|HEAP_ALLOCATE|[23]|Bytes:12
11:45:17.0 (73570345)|HEAP_ALLOCATE|[50]|Bytes:5
11:45:17.0 (73592079)|HEAP_ALLOCATE|[56]|Bytes:5
11:45:17.0 (73600253)|HEAP_ALLOCATE|[64]|Bytes:7
11:45:17.0 (73692330)|USER_DEBUG|[23]|DEBUG|Inside start
11:45:17.0 (73704225)|STATEMENT_EXECUTE|[24]
11:45:17.0 (74911313)|HEAP_ALLOCATE|[EXTERNAL]|Bytes:1040
11:45:17.0 (75206603)|HEAP_ALLOCATE|[EXTERNAL]|Bytes:8
11:45:17.0 (75233465)|HEAP_ALLOCATE|[EXTERNAL]|Bytes:5
11:45:17.0 (75298029)|HEAP_ALLOCATE|[EXTERNAL]|Bytes:8
11:45:17.0 (75315881)|HEAP_ALLOCATE|[EXTERNAL]|Bytes:44
11:45:17.0 (75331926)|HEAP_ALLOCATE|[EXTERNAL]|Bytes:8
11:45:17.0 (75336927)|HEAP_ALLOCATE|[EXTERNAL]|Bytes:5
11:45:17.0 (75351702)|HEAP_ALLOCATE|[EXTERNAL]|Bytes:8
11:45:17.0 (75356888)|HEAP_ALLOCATE|[EXTERNAL]|Bytes:44
11:45:17.0 (75368752)|HEAP_ALLOCATE|[EXTERNAL]|Bytes:8
11:45:17.0 (75372631)|HEAP_ALLOCATE|[EXTERNAL]|Bytes:5
11:45:17.0 (75386032)|HEAP_ALLOCATE|[EXTERNAL]|Bytes:8
11:45:17.0 (75390720)|HEAP_ALLOCATE|[EXTERNAL]|Bytes:44
11:45:17.0 (75401869)|HEAP_ALLOCATE|[EXTERNAL]|Bytes:8
11:45:17.0 (75405743)|HEAP_ALLOCATE|[EXTERNAL]|Bytes:5
11:45:17.0 (75419006)|HEAP_ALLOCATE|[EXTERNAL]|Bytes:8
11:45:17.0 (75423521)|HEAP_ALLOCATE|[EXTERNAL]|Bytes:44
11:45:17.0 (75434409)|HEAP_ALLOCATE|[EXTERNAL]|Bytes:8
11:45:17.0 (75442250)|HEAP_ALLOCATE|[EXTERNAL]|Bytes:5
11:45:17.0 (75456553)|HEAP_ALLOCATE|[EXTERNAL]|Bytes:8
11:45:17.0 (75461284)|HEAP_ALLOCATE|[EXTERNAL]|Bytes:44
11:45:17.0 (75472342)|HEAP_ALLOCATE|[EXTERNAL]|Bytes:8
11:45:17.0 (75475923)|HEAP_ALLOCATE|[EXTERNAL]|Bytes:5
11:45:17.0 (75488804)|HEAP_ALLOCATE|[EXTERNAL]|Bytes:8
11:45:17.0 (75493141)|HEAP_ALLOCATE|[EXTERNAL]|Bytes:44
11:45:17.0 (75504075)|HEAP_ALLOCATE|[EXTERNAL]|Bytes:8
11:45:17.0 (75507725)|HEAP_ALLOCATE|[EXTERNAL]|Bytes:5
11:45:17.0 (75520573)|HEAP_ALLOCATE|[EXTERNAL]|Bytes:8
11:45:17.0 (75525117)|HEAP_ALLOCATE|[EXTERNAL]|Bytes:44
11:45:17.0 (75536158)|HEAP_ALLOCATE|[EXTERNAL]|Bytes:8
11:45:17.0 (75539892)|HEAP_ALLOCATE|[EXTERNAL]|Bytes:5
11:45:17.0 (75552720)|HEAP_ALLOCATE|[EXTERNAL]|Bytes:8
11:45:17.0 (75557521)|HEAP_ALLOCATE|[EXTERNAL]|Bytes:44
11:45:17.0 (75568385)|HEAP_ALLOCATE|[EXTERNAL]|Bytes:8
11:45:17.0 (75572129)|HEAP_ALLOCATE|[EXTERNAL]|Bytes:5
11:45:17.0 (75584936)|HEAP_ALLOCATE|[EXTERNAL]|Bytes:8
11:45:17.0 (75589320)|HEAP_ALLOCATE|[EXTERNAL]|Bytes:44
11:45:17.0 (75600105)|HEAP_ALLOCATE|[EXTERNAL]|Bytes:8
11:45:17.0 (75603877)|HEAP_ALLOCATE|[EXTERNAL]|Bytes:5
11:45:17.0 (75616564)|HEAP_ALLOCATE|[EXTERNAL]|Bytes:8
11:45:17.0 (75620914)|HEAP_ALLOCATE|[EXTERNAL]|Bytes:44
11:45:17.0 (75631745)|HEAP_ALLOCATE|[EXTERNAL]|Bytes:8
11:45:17.0 (75635364)|HEAP_ALLOCATE|[EXTERNAL]|Bytes:5
11:45:17.0 (75648039)|HEAP_ALLOCATE|[EXTERNAL]|Bytes:8
11:45:17.0 (75652287)|HEAP_ALLOCATE|[EXTERNAL]|Bytes:44
11:45:17.0 (75662995)|HEAP_ALLOCATE|[EXTERNAL]|Bytes:8
11:45:17.0 (75666592)|HEAP_ALLOCATE|[EXTERNAL]|Bytes:5
11:45:17.0 (75679395)|HEAP_ALLOCATE|[EXTERNAL]|Bytes:8
11:45:17.0 (75683760)|HEAP_ALLOCATE|[EXTERNAL]|Bytes:44
11:45:17.0 (75694531)|HEAP_ALLOCATE|[EXTERNAL]|Bytes:8
11:45:17.0 (75698280)|HEAP_ALLOCATE|[EXTERNAL]|Bytes:5
11:45:17.0 (75711429)|HEAP_ALLOCATE|[EXTERNAL]|Bytes:8
11:45:17.0 (75715767)|HEAP_ALLOCATE|[EXTERNAL]|Bytes:44
11:45:17.0 (75726618)|HEAP_ALLOCATE|[EXTERNAL]|Bytes:8
11:45:17.0 (75730381)|HEAP_ALLOCATE|[EXTERNAL]|Bytes:5
11:45:17.0 (75743401)|HEAP_ALLOCATE|[EXTERNAL]|Bytes:8
11:45:17.0 (75750083)|HEAP_ALLOCATE|[EXTERNAL]|Bytes:44
11:45:17.0 (75768502)|HEAP_ALLOCATE|[EXTERNAL]|Bytes:8
11:45:17.0 (75775653)|HEAP_ALLOCATE|[EXTERNAL]|Bytes:5
11:45:17.0 (75800814)|HEAP_ALLOCATE|[EXTERNAL]|Bytes:8
11:45:17.0 (75810167)|HEAP_ALLOCATE|[EXTERNAL]|Bytes:44
11:45:17.0 (75828973)|HEAP_ALLOCATE|[EXTERNAL]|Bytes:8
11:45:17.0 (75833852)|HEAP_ALLOCATE|[EXTERNAL]|Bytes:5
11:45:17.0 (75848417)|HEAP_ALLOCATE|[EXTERNAL]|Bytes:8
11:45:17.0 (75853216)|HEAP_ALLOCATE|[EXTERNAL]|Bytes:44
11:45:17.0 (75864496)|HEAP_ALLOCATE|[EXTERNAL]|Bytes:8
11:45:17.0 (75868266)|HEAP_ALLOCATE|[EXTERNAL]|Bytes:5
11:45:17.0 (75881080)|HEAP_ALLOCATE|[EXTERNAL]|Bytes:8
11:45:17.0 (75885296)|HEAP_ALLOCATE|[EXTERNAL]|Bytes:44
11:45:17.0 (75896380)|HEAP_ALLOCATE|[EXTERNAL]|Bytes:8
11:45:17.0 (75900063)|HEAP_ALLOCATE|[EXTERNAL]|Bytes:5
11:45:17.0 (75912903)|HEAP_ALLOCATE|[EXTERNAL]|Bytes:8
11:45:17.0 (75917282)|HEAP_ALLOCATE|[EXTERNAL]|Bytes:44
11:45:17.0 (75928335)|HEAP_ALLOCATE|[EXTERNAL]|Bytes:8
11:45:17.0 (75932132)|HEAP_ALLOCATE|[EXTERNAL]|Bytes:5
11:45:17.0 (75945066)|HEAP_ALLOCATE|[EXTERNAL]|Bytes:8
11:45:17.0 (75949468)|HEAP_ALLOCATE|[EXTERNAL]|Bytes:44
11:45:17.0 (75960436)|HEAP_ALLOCATE|[EXTERNAL]|Bytes:8
11:45:17.0 (75964080)|HEAP_ALLOCATE|[EXTERNAL]|Bytes:5
11:45:17.0 (75976906)|HEAP_ALLOCATE|[EXTERNAL]|Bytes:8
11:45:17.0 (75981449)|HEAP_ALLOCATE|[EXTERNAL]|Bytes:44
11:45:17.0 (75992376)|HEAP_ALLOCATE|[EXTERNAL]|Bytes:8
11:45:17.0 (75996043)|HEAP_ALLOCATE|[EXTERNAL]|Bytes:5
11:45:17.0 (76009281)|HEAP_ALLOCATE|[EXTERNAL]|Bytes:8
11:45:17.0 (76014559)|HEAP_ALLOCATE|[EXTERNAL]|Bytes:44
11:45:17.0 (76025768)|HEAP_ALLOCATE|[EXTERNAL]|Bytes:8
11:45:17.0 (76029560)|HEAP_ALLOCATE|[EXTERNAL]|Bytes:5
11:45:17.0 (76042724)|HEAP_ALLOCATE|[EXTERNAL]|Bytes:8
11:45:17.0 (76047455)|HEAP_ALLOCATE|[EXTERNAL]|Bytes:44
11:45:17.0 (76058463)|HEAP_ALLOCATE|[EXTERNAL]|Bytes:8
11:45:17.0 (76062159)|HEAP_ALLOCATE|[EXTERNAL]|Bytes:5
11:45:17.0 (76075063)|HEAP_ALLOCATE|[EXTERNAL]|Bytes:8
11:45:17.0 (76079404)|HEAP_ALLOCATE|[EXTERNAL]|Bytes:44
11:45:17.0 (76090393)|HEAP_ALLOCATE|[EXTERNAL]|Bytes:8
11:45:17.0 (76094111)|HEAP_ALLOCATE|[EXTERNAL]|Bytes:5
11:45:17.0 (76107161)|HEAP_ALLOCATE|[EXTERNAL]|Bytes:8
11:45:17.0 (76111572)|HEAP_ALLOCATE|[EXTERNAL]|Bytes:44
11:45:17.0 (76134405)|HEAP_ALLOCATE|[EXTERNAL]|Bytes:8
11:45:17.0 (76138846)|HEAP_ALLOCATE|[EXTERNAL]|Bytes:5
11:45:17.0 (76152848)|HEAP_ALLOCATE|[EXTERNAL]|Bytes:8
11:45:17.0 (76157657)|HEAP_ALLOCATE|[EXTERNAL]|Bytes:44
11:45:17.0 (76168779)|HEAP_ALLOCATE|[EXTERNAL]|Bytes:8
11:45:17.0 (76172434)|HEAP_ALLOCATE|[EXTERNAL]|Bytes:5
11:45:17.0 (76185510)|HEAP_ALLOCATE|[EXTERNAL]|Bytes:8
11:45:17.0 (76189843)|HEAP_ALLOCATE|[EXTERNAL]|Bytes:44
11:45:17.0 (76200708)|HEAP_ALLOCATE|[EXTERNAL]|Bytes:8
11:45:17.0 (76204565)|HEAP_ALLOCATE|[EXTERNAL]|Bytes:5
11:45:17.0 (76217371)|HEAP_ALLOCATE|[EXTERNAL]|Bytes:8
11:45:17.0 (76221634)|HEAP_ALLOCATE|[EXTERNAL]|Bytes:44
11:45:17.0 (76232488)|HEAP_ALLOCATE|[EXTERNAL]|Bytes:8
11:45:17.0 (76236225)|HEAP_ALLOCATE|[EXTERNAL]|Bytes:5
11:45:17.0 (76249119)|HEAP_ALLOCATE|[EXTERNAL]|Bytes:8
11:45:17.0 (76253399)|HEAP_ALLOCATE|[EXTERNAL]|Bytes:44
11:45:17.0 (76282904)|HEAP_ALLOCATE|[EXTERNAL]|Bytes:8
11:45:17.0 (76291115)|HEAP_ALLOCATE|[EXTERNAL]|Bytes:5
11:45:17.0 (76317739)|HEAP_ALLOCATE|[EXTERNAL]|Bytes:8
11:45:17.0 (76324510)|HEAP_ALLOCATE|[EXTERNAL]|Bytes:44
11:45:17.0 (76338183)|HEAP_ALLOCATE|[EXTERNAL]|Bytes:8
11:45:17.0 (76342398)|HEAP_ALLOCATE|[EXTERNAL]|Bytes:5
11:45:17.0 (76355895)|HEAP_ALLOCATE|[EXTERNAL]|Bytes:8
11:45:17.0 (76360389)|HEAP_ALLOCATE|[EXTERNAL]|Bytes:44
11:45:17.0 (76371469)|HEAP_ALLOCATE|[EXTERNAL]|Bytes:8
11:45:17.0 (76375264)|HEAP_ALLOCATE|[EXTERNAL]|Bytes:5
11:45:17.0 (76388482)|HEAP_ALLOCATE|[EXTERNAL]|Bytes:8
11:45:17.0 (76392905)|HEAP_ALLOCATE|[EXTERNAL]|Bytes:44
11:45:17.0 (76404225)|HEAP_ALLOCATE|[EXTERNAL]|Bytes:8
11:45:17.0 (76407952)|HEAP_ALLOCATE|[EXTERNAL]|Bytes:5
11:45:17.0 (76420974)|HEAP_ALLOCATE|[EXTERNAL]|Bytes:8
11:45:17.0 (76425354)|HEAP_ALLOCATE|[EXTERNAL]|Bytes:44
11:45:17.0 (76436551)|HEAP_ALLOCATE|[EXTERNAL]|Bytes:8
11:45:17.0 (76445581)|HEAP_ALLOCATE|[EXTERNAL]|Bytes:5
11:45:17.0 (76460365)|HEAP_ALLOCATE|[EXTERNAL]|Bytes:8
11:45:17.0 (76465176)|HEAP_ALLOCATE|[EXTERNAL]|Bytes:44
11:45:17.0 (76476509)|HEAP_ALLOCATE|[EXTERNAL]|Bytes:8
11:45:17.0 (76480164)|HEAP_ALLOCATE|[EXTERNAL]|Bytes:5
11:45:17.0 (76493247)|HEAP_ALLOCATE|[EXTERNAL]|Bytes:8
11:45:17.0 (76497641)|HEAP_ALLOCATE|[EXTERNAL]|Bytes:44
11:45:17.0 (76508823)|HEAP_ALLOCATE|[EXTERNAL]|Bytes:8
11:45:17.0 (76512486)|HEAP_ALLOCATE|[EXTERNAL]|Bytes:5
11:45:17.0 (76525546)|HEAP_ALLOCATE|[EXTERNAL]|Bytes:8
11:45:17.0 (76529939)|HEAP_ALLOCATE|[EXTERNAL]|Bytes:44
11:45:17.0 (76541074)|HEAP_ALLOCATE|[EXTERNAL]|Bytes:8
11:45:17.0 (76544795)|HEAP_ALLOCATE|[EXTERNAL]|Bytes:5
11:45:17.0 (76558043)|HEAP_ALLOCATE|[EXTERNAL]|Bytes:8
11:45:17.0 (76562340)|HEAP_ALLOCATE|[EXTERNAL]|Bytes:44
11:45:17.0 (76573281)|HEAP_ALLOCATE|[EXTERNAL]|Bytes:8
11:45:17.0 (76576988)|HEAP_ALLOCATE|[EXTERNAL]|Bytes:5
11:45:17.0 (76589804)|HEAP_ALLOCATE|[EXTERNAL]|Bytes:8
11:45:17.0 (76594100)|HEAP_ALLOCATE|[EXTERNAL]|Bytes:44
11:45:17.0 (76605986)|HEAP_ALLOCATE|[EXTERNAL]|Bytes:8
11:45:17.0 (76611867)|HEAP_ALLOCATE|[EXTERNAL]|Bytes:5
11:45:17.0 (76627186)|HEAP_ALLOCATE|[EXTERNAL]|Bytes:8
11:45:17.0 (76631802)|HEAP_ALLOCATE|[EXTERNAL]|Bytes:44
11:45:17.0 (76643311)|HEAP_ALLOCATE|[EXTERNAL]|Bytes:8
11:45:17.0 (76647148)|HEAP_ALLOCATE|[EXTERNAL]|Bytes:5
11:45:17.0 (76660171)|HEAP_ALLOCATE|[EXTERNAL]|Bytes:8
11:45:17.0 (76664489)|HEAP_ALLOCATE|[EXTERNAL]|Bytes:44
11:45:17.0 (76675449)|HEAP_ALLOCATE|[EXTERNAL]|Bytes:8
11:45:17.0 (76679165)|HEAP_ALLOCATE|[EXTERNAL]|Bytes:5
11:45:17.0 (76692222)|HEAP_ALLOCATE|[EXTERNAL]|Bytes:8
11:45:17.0 (76696764)|HEAP_ALLOCATE|[EXTERNAL]|Bytes:44
11:45:17.0 (76707665)|HEAP_ALLOCATE|[EXTERNAL]|Bytes:8
11:45:17.0 (76711627)|HEAP_ALLOCATE|[EXTERNAL]|Bytes:5
11:45:17.0 (76724852)|HEAP_ALLOCATE|[EXTERNAL]|Bytes:8
11:45:17.0 (76729262)|HEAP_ALLOCATE|[EXTERNAL]|Bytes:44
11:45:17.0 (76740637)|HEAP_ALLOCATE|[EXTERNAL]|Bytes:8
11:45:17.0 (76744249)|HEAP_ALLOCATE|[EXTERNAL]|Bytes:5
11:45:17.0 (76757117)|HEAP_ALLOCATE|[EXTERNAL]|Bytes:8
11:45:17.0 (76761562)|HEAP_ALLOCATE|[EXTERNAL]|Bytes:44
11:45:17.0 (76772445)|HEAP_ALLOCATE|[EXTERNAL]|Bytes:8
11:45:17.0 (76776030)|HEAP_ALLOCATE|[EXTERNAL]|Bytes:5
11:45:17.0 (76788718)|HEAP_ALLOCATE|[EXTERNAL]|Bytes:8
11:45:17.0 (76793036)|HEAP_ALLOCATE|[EXTERNAL]|Bytes:44
11:45:17.0 (76803934)|HEAP_ALLOCATE|[EXTERNAL]|Bytes:8
11:45:17.0 (76807519)|HEAP_ALLOCATE|[EXTERNAL]|Bytes:5
11:45:17.0 (76820305)|HEAP_ALLOCATE|[EXTERNAL]|Bytes:8
11:45:17.0 (76824617)|HEAP_ALLOCATE|[EXTERNAL]|Bytes:44
11:45:17.0 (76835564)|HEAP_ALLOCATE|[EXTERNAL]|Bytes:8
11:45:17.0 (76839176)|HEAP_ALLOCATE|[EXTERNAL]|Bytes:5
11:45:17.0 (76851952)|HEAP_ALLOCATE|[EXTERNAL]|Bytes:8
11:45:17.0 (76856627)|HEAP_ALLOCATE|[EXTERNAL]|Bytes:44
11:45:17.0 (76867360)|HEAP_ALLOCATE|[EXTERNAL]|Bytes:8
11:45:17.0 (76870950)|HEAP_ALLOCATE|[EXTERNAL]|Bytes:5
11:45:17.0 (76883998)|HEAP_ALLOCATE|[EXTERNAL]|Bytes:8
11:45:17.0 (76888365)|HEAP_ALLOCATE|[EXTERNAL]|Bytes:44
11:45:17.0 (76899411)|HEAP_ALLOCATE|[EXTERNAL]|Bytes:8
11:45:17.0 (76903020)|HEAP_ALLOCATE|[EXTERNAL]|Bytes:5
11:45:17.0 (76915988)|HEAP_ALLOCATE|[EXTERNAL]|Bytes:8
11:45:17.0 (76920293)|HEAP_ALLOCATE|[EXTERNAL]|Bytes:44
11:45:17.0 (76931213)|HEAP_ALLOCATE|[EXTERNAL]|Bytes:8
11:45:17.0 (76934855)|HEAP_ALLOCATE|[EXTERNAL]|Bytes:5
11:45:17.0 (76947761)|HEAP_ALLOCATE|[EXTERNAL]|Bytes:8
11:45:17.0 (76952207)|HEAP_ALLOCATE|[EXTERNAL]|Bytes:44
11:45:17.0 (76963028)|HEAP_ALLOCATE|[EXTERNAL]|Bytes:8
11:45:17.0 (76966694)|HEAP_ALLOCATE|[EXTERNAL]|Bytes:5
11:45:17.0 (76979500)|HEAP_ALLOCATE|[EXTERNAL]|Bytes:8
11:45:17.0 (76983741)|HEAP_ALLOCATE|[EXTERNAL]|Bytes:44
11:45:17.0 (76994618)|HEAP_ALLOCATE|[EXTERNAL]|Bytes:8
11:45:17.0 (76998263)|HEAP_ALLOCATE|[EXTERNAL]|Bytes:5
11:45:17.0 (77011221)|HEAP_ALLOCATE|[EXTERNAL]|Bytes:8
11:45:17.0 (77016489)|HEAP_ALLOCATE|[EXTERNAL]|Bytes:44
11:45:17.0 (77027637)|HEAP_ALLOCATE|[EXTERNAL]|Bytes:8
11:45:17.0 (77031290)|HEAP_ALLOCATE|[EXTERNAL]|Bytes:5
11:45:17.0 (77044221)|HEAP_ALLOCATE|[EXTERNAL]|Bytes:8
11:45:17.0 (77048502)|HEAP_ALLOCATE|[EXTERNAL]|Bytes:44
11:45:17.0 (77088575)|HEAP_ALLOCATE|[EXTERNAL]|Bytes:4
11:45:17.0 (77098756)|HEAP_ALLOCATE|[EXTERNAL]|Bytes:4
11:45:17.0 (77105182)|HEAP_ALLOCATE|[EXTERNAL]|Bytes:4
11:45:17.0 (77106884)|HEAP_ALLOCATE|[EXTERNAL]|Bytes:4
11:45:17.0 (77108034)|HEAP_ALLOCATE|[EXTERNAL]|Bytes:4
11:45:17.0 (77109204)|HEAP_ALLOCATE|[EXTERNAL]|Bytes:4
11:45:17.0 (77110321)|HEAP_ALLOCATE|[EXTERNAL]|Bytes:4
11:45:17.0 (77111362)|HEAP_ALLOCATE|[EXTERNAL]|Bytes:4
11:45:17.0 (77112386)|HEAP_ALLOCATE|[EXTERNAL]|Bytes:4
11:45:17.0 (77113407)|HEAP_ALLOCATE|[EXTERNAL]|Bytes:4
11:45:17.0 (77114497)|HEAP_ALLOCATE|[EXTERNAL]|Bytes:4
11:45:17.0 (77115575)|HEAP_ALLOCATE|[EXTERNAL]|Bytes:4
11:45:17.0 (77116586)|HEAP_ALLOCATE|[EXTERNAL]|Bytes:4
11:45:17.0 (77118146)|HEAP_ALLOCATE|[EXTERNAL]|Bytes:4
11:45:17.0 (77119215)|HEAP_ALLOCATE|[EXTERNAL]|Bytes:4
11:45:17.0 (77120241)|HEAP_ALLOCATE|[EXTERNAL]|Bytes:4
11:45:17.0 (77121253)|HEAP_ALLOCATE|[EXTERNAL]|Bytes:4
11:45:17.0 (77122275)|HEAP_ALLOCATE|[EXTERNAL]|Bytes:4
11:45:17.0 (77123367)|HEAP_ALLOCATE|[EXTERNAL]|Bytes:4
11:45:17.0 (77124382)|HEAP_ALLOCATE|[EXTERNAL]|Bytes:4
11:45:17.0 (77125385)|HEAP_ALLOCATE|[EXTERNAL]|Bytes:4
11:45:17.0 (77126614)|HEAP_ALLOCATE|[EXTERNAL]|Bytes:4
11:45:17.0 (77127638)|HEAP_ALLOCATE|[EXTERNAL]|Bytes:4
11:45:17.0 (77128654)|HEAP_ALLOCATE|[EXTERNAL]|Bytes:4
11:45:17.0 (77129714)|HEAP_ALLOCATE|[EXTERNAL]|Bytes:4
11:45:17.0 (77130811)|HEAP_ALLOCATE|[EXTERNAL]|Bytes:4
11:45:17.0 (77131814)|HEAP_ALLOCATE|[EXTERNAL]|Bytes:4
11:45:17.0 (77132903)|HEAP_ALLOCATE|[EXTERNAL]|Bytes:4
11:45:17.0 (77133996)|HEAP_ALLOCATE|[EXTERNAL]|Bytes:4
11:45:17.0 (77135060)|HEAP_ALLOCATE|[EXTERNAL]|Bytes:4
11:45:17.0 (77136076)|HEAP_ALLOCATE|[EXTERNAL]|Bytes:4
11:45:17.0 (77137274)|HEAP_ALLOCATE|[EXTERNAL]|Bytes:4
11:45:17.0 (77138329)|HEAP_ALLOCATE|[EXTERNAL]|Bytes:4
11:45:17.0 (77139362)|HEAP_ALLOCATE|[EXTERNAL]|Bytes:4
11:45:17.0 (77140410)|HEAP_ALLOCATE|[EXTERNAL]|Bytes:4
11:45:17.0 (77141445)|HEAP_ALLOCATE|[EXTERNAL]|Bytes:4
11:45:17.0 (77142539)|HEAP_ALLOCATE|[EXTERNAL]|Bytes:4
11:45:17.0 (77143601)|HEAP_ALLOCATE|[EXTERNAL]|Bytes:4
11:45:17.0 (77144610)|HEAP_ALLOCATE|[EXTERNAL]|Bytes:4
11:45:17.0 (77145624)|HEAP_ALLOCATE|[EXTERNAL]|Bytes:4
11:45:17.0 (77146701)|HEAP_ALLOCATE|[EXTERNAL]|Bytes:4
11:45:17.0 (77147718)|HEAP_ALLOCATE|[EXTERNAL]|Bytes:4
11:45:17.0 (77148773)|HEAP_ALLOCATE|[EXTERNAL]|Bytes:4
11:45:17.0 (77149836)|HEAP_ALLOCATE|[EXTERNAL]|Bytes:4
11:45:17.0 (77150881)|HEAP_ALLOCATE|[EXTERNAL]|Bytes:4
11:45:17.0 (77151997)|HEAP_ALLOCATE|[EXTERNAL]|Bytes:4
11:45:17.0 (77153016)|HEAP_ALLOCATE|[EXTERNAL]|Bytes:4
11:45:17.0 (77154027)|HEAP_ALLOCATE|[EXTERNAL]|Bytes:4
11:45:17.0 (77155094)|HEAP_ALLOCATE|[EXTERNAL]|Bytes:4
11:45:17.0 (77156135)|HEAP_ALLOCATE|[EXTERNAL]|Bytes:4
11:45:17.0 (77157301)|HEAP_ALLOCATE|[EXTERNAL]|Bytes:4
11:45:17.0 (77158326)|HEAP_ALLOCATE|[EXTERNAL]|Bytes:4
11:45:17.0 (79386221)|HEAP_ALLOCATE|[EXTERNAL]|Bytes:8
11:45:17.0 (79405061)|HEAP_ALLOCATE|[EXTERNAL]|Bytes:5
11:45:17.0 (79443673)|HEAP_ALLOCATE|[EXTERNAL]|Bytes:8
11:45:17.0 (79456069)|HEAP_ALLOCATE|[EXTERNAL]|Bytes:44
11:45:17.0 (79490273)|HEAP_ALLOCATE|[EXTERNAL]|Bytes:8
11:45:17.0 (79499732)|HEAP_ALLOCATE|[EXTERNAL]|Bytes:5
11:45:17.0 (79543572)|HEAP_ALLOCATE|[EXTERNAL]|Bytes:8
11:45:17.0 (79555789)|HEAP_ALLOCATE|[EXTERNAL]|Bytes:44
11:45:17.0 (79583194)|HEAP_ALLOCATE|[EXTERNAL]|Bytes:8
11:45:17.0 (79589806)|HEAP_ALLOCATE|[EXTERNAL]|Bytes:5
11:45:17.0 (79608193)|HEAP_ALLOCATE|[EXTERNAL]|Bytes:8
11:45:17.0 (79614320)|HEAP_ALLOCATE|[EXTERNAL]|Bytes:44
11:45:17.0 (79626799)|HEAP_ALLOCATE|[EXTERNAL]|Bytes:8
11:45:17.0 (79630770)|HEAP_ALLOCATE|[EXTERNAL]|Bytes:5
11:45:17.0 (79644430)|HEAP_ALLOCATE|[EXTERNAL]|Bytes:8
11:45:17.0 (79649075)|HEAP_ALLOCATE|[EXTERNAL]|Bytes:44
11:45:17.0 (79660655)|HEAP_ALLOCATE|[EXTERNAL]|Bytes:8
11:45:17.0 (79664333)|HEAP_ALLOCATE|[EXTERNAL]|Bytes:5
11:45:17.0 (79677230)|HEAP_ALLOCATE|[EXTERNAL]|Bytes:8
11:45:17.0 (79681623)|HEAP_ALLOCATE|[EXTERNAL]|Bytes:44
11:45:17.0 (79692597)|HEAP_ALLOCATE|[EXTERNAL]|Bytes:8
11:45:17.0 (79696205)|HEAP_ALLOCATE|[EXTERNAL]|Bytes:5
11:45:17.0 (79708878)|HEAP_ALLOCATE|[EXTERNAL]|Bytes:8
11:45:17.0 (79713161)|HEAP_ALLOCATE|[EXTERNAL]|Bytes:44
11:45:17.0 (79723820)|HEAP_ALLOCATE|[EXTERNAL]|Bytes:8
11:45:17.0 (79727487)|HEAP_ALLOCATE|[EXTERNAL]|Bytes:5
11:45:17.0 (79740250)|HEAP_ALLOCATE|[EXTERNAL]|Bytes:8
11:45:17.0 (79744711)|HEAP_ALLOCATE|[EXTERNAL]|Bytes:44
11:45:17.0 (79755400)|HEAP_ALLOCATE|[EXTERNAL]|Bytes:8
11:45:17.0 (79758943)|HEAP_ALLOCATE|[EXTERNAL]|Bytes:5
11:45:17.0 (79771682)|HEAP_ALLOCATE|[EXTERNAL]|Bytes:8
11:45:17.0 (79776244)|HEAP_ALLOCATE|[EXTERNAL]|Bytes:44
11:45:17.0 (79786954)|HEAP_ALLOCATE|[EXTERNAL]|Bytes:8
11:45:17.0 (79790578)|HEAP_ALLOCATE|[EXTERNAL]|Bytes:5
11:45:17.0 (79803249)|HEAP_ALLOCATE|[EXTERNAL]|Bytes:8
11:45:17.0 (79807718)|HEAP_ALLOCATE|[EXTERNAL]|Bytes:44
11:45:17.0 (79818420)|HEAP_ALLOCATE|[EXTERNAL]|Bytes:8
11:45:17.0 (79822086)|HEAP_ALLOCATE|[EXTERNAL]|Bytes:5
11:45:17.0 (79834787)|HEAP_ALLOCATE|[EXTERNAL]|Bytes:8
11:45:17.0 (79838981)|HEAP_ALLOCATE|[EXTERNAL]|Bytes:44
11:45:17.0 (79849724)|HEAP_ALLOCATE|[EXTERNAL]|Bytes:8
11:45:17.0 (79853414)|HEAP_ALLOCATE|[EXTERNAL]|Bytes:5
11:45:17.0 (79866183)|HEAP_ALLOCATE|[EXTERNAL]|Bytes:8
11:45:17.0 (79870869)|HEAP_ALLOCATE|[EXTERNAL]|Bytes:44
11:45:17.0 (79881539)|HEAP_ALLOCATE|[EXTERNAL]|Bytes:8
11:45:17.0 (79885215)|HEAP_ALLOCATE|[EXTERNAL]|Bytes:5
11:45:17.0 (79897906)|HEAP_ALLOCATE|[EXTERNAL]|Bytes:8
11:45:17.0 (79902296)|HEAP_ALLOCATE|[EXTERNAL]|Bytes:44
11:45:17.0 (79912861)|HEAP_ALLOCATE|[EXTERNAL]|Bytes:8
11:45:17.0 (79916456)|HEAP_ALLOCATE|[EXTERNAL]|Bytes:5
11:45:17.0 (79929090)|HEAP_ALLOCATE|[EXTERNAL]|Bytes:8
11:45:17.0 (79933335)|HEAP_ALLOCATE|[EXTERNAL]|Bytes:44
11:45:17.0 (79944147)|HEAP_ALLOCATE|[EXTERNAL]|Bytes:8
11:45:17.0 (79947937)|HEAP_ALLOCATE|[EXTERNAL]|Bytes:5
11:45:17.0 (79960798)|HEAP_ALLOCATE|[EXTERNAL]|Bytes:8
11:45:17.0 (79965056)|HEAP_ALLOCATE|[EXTERNAL]|Bytes:44
11:45:17.0 (79975792)|HEAP_ALLOCATE|[EXTERNAL]|Bytes:8
11:45:17.0 (79979493)|HEAP_ALLOCATE|[EXTERNAL]|Bytes:5
11:45:17.0 (79992303)|HEAP_ALLOCATE|[EXTERNAL]|Bytes:8
11:45:17.0 (79996658)|HEAP_ALLOCATE|[EXTERNAL]|Bytes:44
11:45:17.0 (80007268)|HEAP_ALLOCATE|[EXTERNAL]|Bytes:8
11:45:17.0 (80011822)|HEAP_ALLOCATE|[EXTERNAL]|Bytes:5
11:45:17.0 (80024819)|HEAP_ALLOCATE|[EXTERNAL]|Bytes:8
11:45:17.0 (80029184)|HEAP_ALLOCATE|[EXTERNAL]|Bytes:44
11:45:17.0 (80039871)|HEAP_ALLOCATE|[EXTERNAL]|Bytes:8
11:45:17.0 (80043641)|HEAP_ALLOCATE|[EXTERNAL]|Bytes:5
11:45:17.0 (80056349)|HEAP_ALLOCATE|[EXTERNAL]|Bytes:8
11:45:17.0 (80060722)|HEAP_ALLOCATE|[EXTERNAL]|Bytes:44
11:45:17.0 (80071390)|HEAP_ALLOCATE|[EXTERNAL]|Bytes:8
11:45:17.0 (80075051)|HEAP_ALLOCATE|[EXTERNAL]|Bytes:5
11:45:17.0 (80087776)|HEAP_ALLOCATE|[EXTERNAL]|Bytes:8
11:45:17.0 (80092063)|HEAP_ALLOCATE|[EXTERNAL]|Bytes:44
11:45:17.0 (80103055)|HEAP_ALLOCATE|[EXTERNAL]|Bytes:8
11:45:17.0 (80106779)|HEAP_ALLOCATE|[EXTERNAL]|Bytes:5
11:45:17.0 (80119894)|HEAP_ALLOCATE|[EXTERNAL]|Bytes:8
11:45:17.0 (80124367)|HEAP_ALLOCATE|[EXTERNAL]|Bytes:44
11:45:17.0 (80135070)|HEAP_ALLOCATE|[EXTERNAL]|Bytes:8
11:45:17.0 (80138688)|HEAP_ALLOCATE|[EXTERNAL]|Bytes:5
11:45:17.0 (80151428)|HEAP_ALLOCATE|[EXTERNAL]|Bytes:8
11:45:17.0 (80155913)|HEAP_ALLOCATE|[EXTERNAL]|Bytes:44
11:45:17.0 (80166732)|HEAP_ALLOCATE|[EXTERNAL]|Bytes:8
11:45:17.0 (80170303)|HEAP_ALLOCATE|[EXTERNAL]|Bytes:5
11:45:17.0 (80182914)|HEAP_ALLOCATE|[EXTERNAL]|Bytes:8
11:45:17.0 (80187178)|HEAP_ALLOCATE|[EXTERNAL]|Bytes:44
11:45:17.0 (80197738)|HEAP_ALLOCATE|[EXTERNAL]|Bytes:8
11:45:17.0 (80201470)|HEAP_ALLOCATE|[EXTERNAL]|Bytes:5
11:45:17.0 (80217451)|HEAP_ALLOCATE|[EXTERNAL]|Bytes:8
11:45:17.0 (80225105)|HEAP_ALLOCATE|[EXTERNAL]|Bytes:44
11:45:17.0 (80248508)|HEAP_ALLOCATE|[EXTERNAL]|Bytes:8
11:45:17.0 (80256492)|HEAP_ALLOCATE|[EXTERNAL]|Bytes:5
11:45:17.0 (80286133)|HEAP_ALLOCATE|[EXTERNAL]|Bytes:8
11:45:17.0 (80295923)|HEAP_ALLOCATE|[EXTERNAL]|Bytes:44
11:45:17.0 (80320776)|HEAP_ALLOCATE|[EXTERNAL]|Bytes:8
11:45:17.0 (80328465)|HEAP_ALLOCATE|[EXTERNAL]|Bytes:5
11:45:17.0 (80357363)|HEAP_ALLOCATE|[EXTERNAL]|Bytes:8
11:45:17.0 (80366983)|HEAP_ALLOCATE|[EXTERNAL]|Bytes:44
11:45:17.0 (80391958)|HEAP_ALLOCATE|[EXTERNAL]|Bytes:8
11:45:17.0 (80400573)|HEAP_ALLOCATE|[EXTERNAL]|Bytes:5
11:45:17.0 (80429080)|HEAP_ALLOCATE|[EXTERNAL]|Bytes:8
11:45:17.0 (80440601)|HEAP_ALLOCATE|[EXTERNAL]|Bytes:44
11:45:17.0 (80472201)|HEAP_ALLOCATE|[EXTERNAL]|Bytes:8
11:45:17.0 (80480637)|HEAP_ALLOCATE|[EXTERNAL]|Bytes:5
11:45:17.0 (80502017)|HEAP_ALLOCATE|[EXTERNAL]|Bytes:8
11:45:17.0 (80507403)|HEAP_ALLOCATE|[EXTERNAL]|Bytes:44
11:45:17.0 (80519194)|HEAP_ALLOCATE|[EXTERNAL]|Bytes:8
11:45:17.0 (80523074)|HEAP_ALLOCATE|[EXTERNAL]|Bytes:5
11:45:17.0 (80536272)|HEAP_ALLOCATE|[EXTERNAL]|Bytes:8
11:45:17.0 (80540631)|HEAP_ALLOCATE|[EXTERNAL]|Bytes:44
11:45:17.0 (80551510)|HEAP_ALLOCATE|[EXTERNAL]|Bytes:8
11:45:17.0 (80555489)|HEAP_ALLOCATE|[EXTERNAL]|Bytes:5
11:45:17.0 (80568361)|HEAP_ALLOCATE|[EXTERNAL]|Bytes:8
11:45:17.0 (80572670)|HEAP_ALLOCATE|[EXTERNAL]|Bytes:44
11:45:17.0 (80583478)|HEAP_ALLOCATE|[EXTERNAL]|Bytes:8
11:45:17.0 (80587064)|HEAP_ALLOCATE|[EXTERNAL]|Bytes:5
11:45:17.0 (80599742)|HEAP_ALLOCATE|[EXTERNAL]|Bytes:8
11:45:17.0 (80604028)|HEAP_ALLOCATE|[EXTERNAL]|Bytes:44
11:45:17.0 (80614669)|HEAP_ALLOCATE|[EXTERNAL]|Bytes:8
11:45:17.0 (80618352)|HEAP_ALLOCATE|[EXTERNAL]|Bytes:5
11:45:17.0 (80631084)|HEAP_ALLOCATE|[EXTERNAL]|Bytes:8
11:45:17.0 (80635357)|HEAP_ALLOCATE|[EXTERNAL]|Bytes:44
11:45:17.0 (80646007)|HEAP_ALLOCATE|[EXTERNAL]|Bytes:8
11:45:17.0 (80649643)|HEAP_ALLOCATE|[EXTERNAL]|Bytes:5
11:45:17.0 (80662516)|HEAP_ALLOCATE|[EXTERNAL]|Bytes:8
11:45:17.0 (80666760)|HEAP_ALLOCATE|[EXTERNAL]|Bytes:44
11:45:17.0 (80677342)|HEAP_ALLOCATE|[EXTERNAL]|Bytes:8
11:45:17.0 (80680813)|HEAP_ALLOCATE|[EXTERNAL]|Bytes:5
11:45:17.0 (80693512)|HEAP_ALLOCATE|[EXTERNAL]|Bytes:8
11:45:17.0 (80697749)|HEAP_ALLOCATE|[EXTERNAL]|Bytes:44
11:45:17.0 (80708595)|HEAP_ALLOCATE|[EXTERNAL]|Bytes:8
11:45:17.0 (80712201)|HEAP_ALLOCATE|[EXTERNAL]|Bytes:5
11:45:17.0 (80724960)|HEAP_ALLOCATE|[EXTERNAL]|Bytes:8
11:45:17.0 (80729371)|HEAP_ALLOCATE|[EXTERNAL]|Bytes:44
11:45:17.0 (80739817)|HEAP_ALLOCATE|[EXTERNAL]|Bytes:8
11:45:17.0 (80743400)|HEAP_ALLOCATE|[EXTERNAL]|Bytes:5
11:45:17.0 (80756094)|HEAP_ALLOCATE|[EXTERNAL]|Bytes:8
11:45:17.0 (80760417)|HEAP_ALLOCATE|[EXTERNAL]|Bytes:44
11:45:17.0 (80770946)|HEAP_ALLOCATE|[EXTERNAL]|Bytes:8
11:45:17.0 (80774587)|HEAP_ALLOCATE|[EXTERNAL]|Bytes:5
11:45:17.0 (80787515)|HEAP_ALLOCATE|[EXTERNAL]|Bytes:8
11:45:17.0 (80791834)|HEAP_ALLOCATE|[EXTERNAL]|Bytes:44
11:45:17.0 (80802441)|HEAP_ALLOCATE|[EXTERNAL]|Bytes:8
11:45:17.0 (80806036)|HEAP_ALLOCATE|[EXTERNAL]|Bytes:5
11:45:17.0 (80818756)|HEAP_ALLOCATE|[EXTERNAL]|Bytes:8
11:45:17.0 (80823137)|HEAP_ALLOCATE|[EXTERNAL]|Bytes:44
11:45:17.0 (80833873)|HEAP_ALLOCATE|[EXTERNAL]|Bytes:8
11:45:17.0 (80849916)|HEAP_ALLOCATE|[EXTERNAL]|Bytes:5
11:45:17.0 (80880677)|HEAP_ALLOCATE|[EXTERNAL]|Bytes:8
11:45:17.0 (80889817)|HEAP_ALLOCATE|[EXTERNAL]|Bytes:44
11:45:17.0 (80914211)|HEAP_ALLOCATE|[EXTERNAL]|Bytes:8
11:45:17.0 (80921415)|HEAP_ALLOCATE|[EXTERNAL]|Bytes:5
11:45:17.0 (80939519)|HEAP_ALLOCATE|[EXTERNAL]|Bytes:8
11:45:17.0 (80944822)|HEAP_ALLOCATE|[EXTERNAL]|Bytes:44
11:45:17.0 (80956479)|HEAP_ALLOCATE|[EXTERNAL]|Bytes:8
11:45:17.0 (80960091)|HEAP_ALLOCATE|[EXTERNAL]|Bytes:5
11:45:17.0 (80973000)|HEAP_ALLOCATE|[EXTERNAL]|Bytes:8
11:45:17.0 (80977247)|HEAP_ALLOCATE|[EXTERNAL]|Bytes:44
11:45:17.0 (80987965)|HEAP_ALLOCATE|[EXTERNAL]|Bytes:8
11:45:17.0 (80991694)|HEAP_ALLOCATE|[EXTERNAL]|Bytes:5
11:45:17.0 (81004446)|HEAP_ALLOCATE|[EXTERNAL]|Bytes:8
11:45:17.0 (81009800)|HEAP_ALLOCATE|[EXTERNAL]|Bytes:44
11:45:17.0 (81020981)|HEAP_ALLOCATE|[EXTERNAL]|Bytes:8
11:45:17.0 (81024666)|HEAP_ALLOCATE|[EXTERNAL]|Bytes:5
11:45:17.0 (81037667)|HEAP_ALLOCATE|[EXTERNAL]|Bytes:8
11:45:17.0 (81042007)|HEAP_ALLOCATE|[EXTERNAL]|Bytes:44
11:45:17.0 (81052808)|HEAP_ALLOCATE|[EXTERNAL]|Bytes:8
11:45:17.0 (81056929)|HEAP_ALLOCATE|[EXTERNAL]|Bytes:5
11:45:17.0 (81069960)|HEAP_ALLOCATE|[EXTERNAL]|Bytes:8
11:45:17.0 (81074199)|HEAP_ALLOCATE|[EXTERNAL]|Bytes:44
11:45:17.0 (81084800)|HEAP_ALLOCATE|[EXTERNAL]|Bytes:8
11:45:17.0 (81088541)|HEAP_ALLOCATE|[EXTERNAL]|Bytes:5
11:45:17.0 (81101268)|HEAP_ALLOCATE|[EXTERNAL]|Bytes:8
11:45:17.0 (81105569)|HEAP_ALLOCATE|[EXTERNAL]|Bytes:44
11:45:17.0 (81116120)|HEAP_ALLOCATE|[EXTERNAL]|Bytes:8
11:45:17.0 (81119813)|HEAP_ALLOCATE|[EXTERNAL]|Bytes:5
11:45:17.0 (81132426)|HEAP_ALLOCATE|[EXTERNAL]|Bytes:8
11:45:17.0 (81136818)|HEAP_ALLOCATE|[EXTERNAL]|Bytes:44
11:45:17.0 (81147440)|HEAP_ALLOCATE|[EXTERNAL]|Bytes:8
11:45:17.0 (81150988)|HEAP_ALLOCATE|[EXTERNAL]|Bytes:5
11:45:17.0 (81163615)|HEAP_ALLOCATE|[EXTERNAL]|Bytes:8
11:45:17.0 (81167889)|HEAP_ALLOCATE|[EXTERNAL]|Bytes:44
11:45:17.0 (81178657)|HEAP_ALLOCATE|[EXTERNAL]|Bytes:8
11:45:17.0 (81182211)|HEAP_ALLOCATE|[EXTERNAL]|Bytes:5
11:45:17.0 (81194810)|HEAP_ALLOCATE|[EXTERNAL]|Bytes:8
11:45:17.0 (81199305)|HEAP_ALLOCATE|[EXTERNAL]|Bytes:44
11:45:17.0 (81209969)|HEAP_ALLOCATE|[EXTERNAL]|Bytes:8
11:45:17.0 (81213728)|HEAP_ALLOCATE|[EXTERNAL]|Bytes:5
11:45:17.0 (81226548)|HEAP_ALLOCATE|[EXTERNAL]|Bytes:8
11:45:17.0 (81230730)|HEAP_ALLOCATE|[EXTERNAL]|Bytes:44
11:45:17.0 (81241233)|HEAP_ALLOCATE|[EXTERNAL]|Bytes:8
11:45:17.0 (81244923)|HEAP_ALLOCATE|[EXTERNAL]|Bytes:5
11:45:17.0 (81257378)|HEAP_ALLOCATE|[EXTERNAL]|Bytes:8
11:45:17.0 (81261766)|HEAP_ALLOCATE|[EXTERNAL]|Bytes:44
11:45:17.0 (81272295)|HEAP_ALLOCATE|[EXTERNAL]|Bytes:8
11:45:17.0 (81276006)|HEAP_ALLOCATE|[EXTERNAL]|Bytes:5
11:45:17.0 (81288642)|HEAP_ALLOCATE|[EXTERNAL]|Bytes:8
11:45:17.0 (81293115)|HEAP_ALLOCATE|[EXTERNAL]|Bytes:44
11:45:17.0 (81303701)|HEAP_ALLOCATE|[EXTERNAL]|Bytes:8
11:45:17.0 (81307310)|HEAP_ALLOCATE|[EXTERNAL]|Bytes:5
11:45:17.0 (81320194)|HEAP_ALLOCATE|[EXTERNAL]|Bytes:8
11:45:17.0 (81324392)|HEAP_ALLOCATE|[EXTERNAL]|Bytes:44
11:45:17.0 (81353570)|HEAP_ALLOCATE|[EXTERNAL]|Bytes:4
11:45:17.0 (81362176)|HEAP_ALLOCATE|[EXTERNAL]|Bytes:4
11:45:17.0 (81366536)|HEAP_ALLOCATE|[EXTERNAL]|Bytes:4
11:45:17.0 (81368207)|HEAP_ALLOCATE|[EXTERNAL]|Bytes:4
11:45:17.0 (81369473)|HEAP_ALLOCATE|[EXTERNAL]|Bytes:4
11:45:17.0 (81370632)|HEAP_ALLOCATE|[EXTERNAL]|Bytes:4
11:45:17.0 (81371709)|HEAP_ALLOCATE|[EXTERNAL]|Bytes:4
11:45:17.0 (81372772)|HEAP_ALLOCATE|[EXTERNAL]|Bytes:4
11:45:17.0 (81373809)|HEAP_ALLOCATE|[EXTERNAL]|Bytes:4
11:45:17.0 (81374857)|HEAP_ALLOCATE|[EXTERNAL]|Bytes:4
11:45:17.0 (81375857)|HEAP_ALLOCATE|[EXTERNAL]|Bytes:4
11:45:17.0 (81376894)|HEAP_ALLOCATE|[EXTERNAL]|Bytes:4
11:45:17.0 (81382994)|HEAP_ALLOCATE|[EXTERNAL]|Bytes:4
11:45:17.0 (81384810)|HEAP_ALLOCATE|[EXTERNAL]|Bytes:4
11:45:17.0 (81385914)|HEAP_ALLOCATE|[EXTERNAL]|Bytes:4
11:45:17.0 (81386954)|HEAP_ALLOCATE|[EXTERNAL]|Bytes:4
11:45:17.0 (81387991)|HEAP_ALLOCATE|[EXTERNAL]|Bytes:4
11:45:17.0 (81389048)|HEAP_ALLOCATE|[EXTERNAL]|Bytes:4
11:45:17.0 (81390116)|HEAP_ALLOCATE|[EXTERNAL]|Bytes:4
11:45:17.0 (81391229)|HEAP_ALLOCATE|[EXTERNAL]|Bytes:4
11:45:17.0 (81392677)|HEAP_ALLOCATE|[EXTERNAL]|Bytes:4
11:45:17.0 (81393713)|HEAP_ALLOCATE|[EXTERNAL]|Bytes:4
11:45:17.0 (81394731)|HEAP_ALLOCATE|[EXTERNAL]|Bytes:4
11:45:17.0 (81395740)|HEAP_ALLOCATE|[EXTERNAL]|Bytes:4
11:45:17.0 (81396753)|HEAP_ALLOCATE|[EXTERNAL]|Bytes:4
11:45:17.0 (81397896)|HEAP_ALLOCATE|[EXTERNAL]|Bytes:4
11:45:17.0 (81398908)|HEAP_ALLOCATE|[EXTERNAL]|Bytes:4
11:45:17.0 (81400057)|HEAP_ALLOCATE|[EXTERNAL]|Bytes:4
11:45:17.0 (81401240)|HEAP_ALLOCATE|[EXTERNAL]|Bytes:4
11:45:17.0 (81402270)|HEAP_ALLOCATE|[EXTERNAL]|Bytes:4
11:45:17.0 (81403328)|HEAP_ALLOCATE|[EXTERNAL]|Bytes:4
11:45:17.0 (81404344)|HEAP_ALLOCATE|[EXTERNAL]|Bytes:4
11:45:17.0 (81405358)|HEAP_ALLOCATE|[EXTERNAL]|Bytes:4
11:45:17.0 (81406376)|HEAP_ALLOCATE|[EXTERNAL]|Bytes:4
11:45:17.0 (81407414)|HEAP_ALLOCATE|[EXTERNAL]|Bytes:4
11:45:17.0 (81408431)|HEAP_ALLOCATE|[EXTERNAL]|Bytes:4
11:45:17.0 (81409538)|HEAP_ALLOCATE|[EXTERNAL]|Bytes:4
11:45:17.0 (81410588)|HEAP_ALLOCATE|[EXTERNAL]|Bytes:4
11:45:17.0 (81411675)|HEAP_ALLOCATE|[EXTERNAL]|Bytes:4
11:45:17.0 (81412985)|HEAP_ALLOCATE|[EXTERNAL]|Bytes:4
11:45:17.0 (81414022)|HEAP_ALLOCATE|[EXTERNAL]|Bytes:4
11:45:17.0 (81415038)|HEAP_ALLOCATE|[EXTERNAL]|Bytes:4
11:45:17.0 (81416066)|HEAP_ALLOCATE|[EXTERNAL]|Bytes:4
11:45:17.0 (81417112)|HEAP_ALLOCATE|[EXTERNAL]|Bytes:4
11:45:17.0 (81418127)|HEAP_ALLOCATE|[EXTERNAL]|Bytes:4
11:45:17.0 (81419174)|HEAP_ALLOCATE|[EXTERNAL]|Bytes:4
11:45:17.0 (81420183)|HEAP_ALLOCATE|[EXTERNAL]|Bytes:4
11:45:17.0 (81421224)|HEAP_ALLOCATE|[EXTERNAL]|Bytes:4
11:45:17.0 (81422301)|HEAP_ALLOCATE|[EXTERNAL]|Bytes:4
11:45:17.0 (81423351)|HEAP_ALLOCATE|[EXTERNAL]|Bytes:4
11:45:17.0 (81424370)|HEAP_ALLOCATE|[EXTERNAL]|Bytes:4
11:45:17.0 (81425384)|HEAP_ALLOCATE|[EXTERNAL]|Bytes:4
11:45:17.0 (83186953)|HEAP_ALLOCATE|[EXTERNAL]|Bytes:8
11:45:17.0 (83203632)|HEAP_ALLOCATE|[EXTERNAL]|Bytes:5
11:45:17.0 (83243726)|HEAP_ALLOCATE|[EXTERNAL]|Bytes:8
11:45:17.0 (83254748)|HEAP_ALLOCATE|[EXTERNAL]|Bytes:44
11:45:17.0 (83277604)|HEAP_ALLOCATE|[EXTERNAL]|Bytes:8
11:45:17.0 (83283399)|HEAP_ALLOCATE|[EXTERNAL]|Bytes:5
11:45:17.0 (83300680)|HEAP_ALLOCATE|[EXTERNAL]|Bytes:8
11:45:17.0 (83306382)|HEAP_ALLOCATE|[EXTERNAL]|Bytes:44
11:45:17.0 (83318094)|HEAP_ALLOCATE|[EXTERNAL]|Bytes:8
11:45:17.0 (83321902)|HEAP_ALLOCATE|[EXTERNAL]|Bytes:5
11:45:17.0 (83335181)|HEAP_ALLOCATE|[EXTERNAL]|Bytes:8
11:45:17.0 (83339638)|HEAP_ALLOCATE|[EXTERNAL]|Bytes:44
11:45:17.0 (83350716)|HEAP_ALLOCATE|[EXTERNAL]|Bytes:8
11:45:17.0 (83354475)|HEAP_ALLOCATE|[EXTERNAL]|Bytes:5
11:45:17.0 (83367211)|HEAP_ALLOCATE|[EXTERNAL]|Bytes:8
11:45:17.0 (83371523)|HEAP_ALLOCATE|[EXTERNAL]|Bytes:44
11:45:17.0 (83382057)|HEAP_ALLOCATE|[EXTERNAL]|Bytes:8
11:45:17.0 (83385593)|HEAP_ALLOCATE|[EXTERNAL]|Bytes:5
11:45:17.0 (83398597)|HEAP_ALLOCATE|[EXTERNAL]|Bytes:8
11:45:17.0 (83402757)|HEAP_ALLOCATE|[EXTERNAL]|Bytes:44
11:45:17.0 (83413464)|HEAP_ALLOCATE|[EXTERNAL]|Bytes:8
11:45:17.0 (83417140)|HEAP_ALLOCATE|[EXTERNAL]|Bytes:5
11:45:17.0 (83429881)|HEAP_ALLOCATE|[EXTERNAL]|Bytes:8
11:45:17.0 (83434281)|HEAP_ALLOCATE|[EXTERNAL]|Bytes:44
11:45:17.0 (83445143)|HEAP_ALLOCATE|[EXTERNAL]|Bytes:8
11:45:17.0 (83448858)|HEAP_ALLOCATE|[EXTERNAL]|Bytes:5
11:45:17.0 (83466320)|HEAP_ALLOCATE|[EXTERNAL]|Bytes:8
11:45:17.0 (83471171)|HEAP_ALLOCATE|[EXTERNAL]|Bytes:44
11:45:17.0 (83483129)|HEAP_ALLOCATE|[EXTERNAL]|Bytes:8
11:45:17.0 (83487020)|HEAP_ALLOCATE|[EXTERNAL]|Bytes:5
11:45:17.0 (83500186)|HEAP_ALLOCATE|[EXTERNAL]|Bytes:8
11:45:17.0 (83504542)|HEAP_ALLOCATE|[EXTERNAL]|Bytes:44
11:45:17.0 (83515369)|HEAP_ALLOCATE|[EXTERNAL]|Bytes:8
11:45:17.0 (83518999)|HEAP_ALLOCATE|[EXTERNAL]|Bytes:5
11:45:17.0 (83531614)|HEAP_ALLOCATE|[EXTERNAL]|Bytes:8
11:45:17.0 (83535887)|HEAP_ALLOCATE|[EXTERNAL]|Bytes:44
11:45:17.0 (83546494)|HEAP_ALLOCATE|[EXTERNAL]|Bytes:8
11:45:17.0 (83550044)|HEAP_ALLOCATE|[EXTERNAL]|Bytes:5
11:45:17.0 (83562823)|HEAP_ALLOCATE|[EXTERNAL]|Bytes:8
11:45:17.0 (83566925)|HEAP_ALLOCATE|[EXTERNAL]|Bytes:44
11:45:17.0 (83577540)|HEAP_ALLOCATE|[EXTERNAL]|Bytes:8
11:45:17.0 (83581186)|HEAP_ALLOCATE|[EXTERNAL]|Bytes:5
11:45:17.0 (83593987)|HEAP_ALLOCATE|[EXTERNAL]|Bytes:8
11:45:17.0 (83598572)|HEAP_ALLOCATE|[EXTERNAL]|Bytes:44
11:45:17.0 (83609427)|HEAP_ALLOCATE|[EXTERNAL]|Bytes:8
11:45:17.0 (83613168)|HEAP_ALLOCATE|[EXTERNAL]|Bytes:5
11:45:17.0 (83626018)|HEAP_ALLOCATE|[EXTERNAL]|Bytes:8
11:45:17.0 (83630212)|HEAP_ALLOCATE|[EXTERNAL]|Bytes:44
11:45:17.0 (83658802)|HEAP_ALLOCATE|[EXTERNAL]|Bytes:8
11:45:17.0 (83666785)|HEAP_ALLOCATE|[EXTERNAL]|Bytes:5
11:45:17.0 (83694978)|HEAP_ALLOCATE|[EXTERNAL]|Bytes:8
11:45:17.0 (83704448)|HEAP_ALLOCATE|[EXTERNAL]|Bytes:44
11:45:17.0 (83727272)|HEAP_ALLOCATE|[EXTERNAL]|Bytes:8
11:45:17.0 (83732802)|HEAP_ALLOCATE|[EXTERNAL]|Bytes:5
11:45:17.0 (83748253)|HEAP_ALLOCATE|[EXTERNAL]|Bytes:8
11:45:17.0 (83753071)|HEAP_ALLOCATE|[EXTERNAL]|Bytes:44
11:45:17.0 (83764392)|HEAP_ALLOCATE|[EXTERNAL]|Bytes:8
11:45:17.0 (83768142)|HEAP_ALLOCATE|[EXTERNAL]|Bytes:5
11:45:17.0 (83790902)|HEAP_ALLOCATE|[EXTERNAL]|Bytes:8
11:45:17.0 (83796381)|HEAP_ALLOCATE|[EXTERNAL]|Bytes:44
11:45:17.0 (83808594)|HEAP_ALLOCATE|[EXTERNAL]|Bytes:8
11:45:17.0 (83813055)|HEAP_ALLOCATE|[EXTERNAL]|Bytes:5
11:45:17.0 (83826450)|HEAP_ALLOCATE|[EXTERNAL]|Bytes:8
11:45:17.0 (83830978)|HEAP_ALLOCATE|[EXTERNAL]|Bytes:44
11:45:17.0 (83841947)|HEAP_ALLOCATE|[EXTERNAL]|Bytes:8
11:45:17.0 (83845636)|HEAP_ALLOCATE|[EXTERNAL]|Bytes:5
11:45:17.0 (83858455)|HEAP_ALLOCATE|[EXTERNAL]|Bytes:8
11:45:17.0 (83862809)|HEAP_ALLOCATE|[EXTERNAL]|Bytes:44
11:45:17.0 (83873591)|HEAP_ALLOCATE|[EXTERNAL]|Bytes:8
11:45:17.0 (83877261)|HEAP_ALLOCATE|[EXTERNAL]|Bytes:5
11:45:17.0 (83890341)|HEAP_ALLOCATE|[EXTERNAL]|Bytes:8
11:45:17.0 (83894621)|HEAP_ALLOCATE|[EXTERNAL]|Bytes:44
11:45:17.0 (83905293)|HEAP_ALLOCATE|[EXTERNAL]|Bytes:8
11:45:17.0 (83908900)|HEAP_ALLOCATE|[EXTERNAL]|Bytes:5
11:45:17.0 (83921594)|HEAP_ALLOCATE|[EXTERNAL]|Bytes:8
11:45:17.0 (83926026)|HEAP_ALLOCATE|[EXTERNAL]|Bytes:44
11:45:17.0 (83936612)|HEAP_ALLOCATE|[EXTERNAL]|Bytes:8
11:45:17.0 (83940289)|HEAP_ALLOCATE|[EXTERNAL]|Bytes:5
11:45:17.0 (83953113)|HEAP_ALLOCATE|[EXTERNAL]|Bytes:8
11:45:17.0 (83957465)|HEAP_ALLOCATE|[EXTERNAL]|Bytes:44
11:45:17.0 (83968348)|HEAP_ALLOCATE|[EXTERNAL]|Bytes:8
11:45:17.0 (83971811)|HEAP_ALLOCATE|[EXTERNAL]|Bytes:5
11:45:17.0 (83984314)|HEAP_ALLOCATE|[EXTERNAL]|Bytes:8
11:45:17.0 (83988435)|HEAP_ALLOCATE|[EXTERNAL]|Bytes:44
11:45:17.0 (83998995)|HEAP_ALLOCATE|[EXTERNAL]|Bytes:8
11:45:17.0 (84002574)|HEAP_ALLOCATE|[EXTERNAL]|Bytes:5
11:45:17.0 (84016386)|HEAP_ALLOCATE|[EXTERNAL]|Bytes:8
11:45:17.0 (84020620)|HEAP_ALLOCATE|[EXTERNAL]|Bytes:44
11:45:17.0 (84031223)|HEAP_ALLOCATE|[EXTERNAL]|Bytes:8
11:45:17.0 (84034877)|HEAP_ALLOCATE|[EXTERNAL]|Bytes:5
11:45:17.0 (84047494)|HEAP_ALLOCATE|[EXTERNAL]|Bytes:8
11:45:17.0 (84051733)|HEAP_ALLOCATE|[EXTERNAL]|Bytes:44
11:45:17.0 (84062231)|HEAP_ALLOCATE|[EXTERNAL]|Bytes:8
11:45:17.0 (84065876)|HEAP_ALLOCATE|[EXTERNAL]|Bytes:5
11:45:17.0 (84078725)|HEAP_ALLOCATE|[EXTERNAL]|Bytes:8
11:45:17.0 (84082985)|HEAP_ALLOCATE|[EXTERNAL]|Bytes:44
11:45:17.0 (84093606)|HEAP_ALLOCATE|[EXTERNAL]|Bytes:8
11:45:17.0 (84097325)|HEAP_ALLOCATE|[EXTERNAL]|Bytes:5
11:45:17.0 (84110176)|HEAP_ALLOCATE|[EXTERNAL]|Bytes:8
11:45:17.0 (84114402)|HEAP_ALLOCATE|[EXTERNAL]|Bytes:44
11:45:17.0 (84124957)|HEAP_ALLOCATE|[EXTERNAL]|Bytes:8
11:45:17.0 (84128597)|HEAP_ALLOCATE|[EXTERNAL]|Bytes:5
11:45:17.0 (84141078)|HEAP_ALLOCATE|[EXTERNAL]|Bytes:8
11:45:17.0 (84145389)|HEAP_ALLOCATE|[EXTERNAL]|Bytes:44
11:45:17.0 (84155902)|HEAP_ALLOCATE|[EXTERNAL]|Bytes:8
11:45:17.0 (84159477)|HEAP_ALLOCATE|[EXTERNAL]|Bytes:5
11:45:17.0 (84172139)|HEAP_ALLOCATE|[EXTERNAL]|Bytes:8
11:45:17.0 (84176539)|HEAP_ALLOCATE|[EXTERNAL]|Bytes:44
11:45:17.0 (84187161)|HEAP_ALLOCATE|[EXTERNAL]|Bytes:8
11:45:17.0 (84190846)|HEAP_ALLOCATE|[EXTERNAL]|Bytes:5
11:45:17.0 (84203504)|HEAP_ALLOCATE|[EXTERNAL]|Bytes:8
11:45:17.0 (84207648)|HEAP_ALLOCATE|[EXTERNAL]|Bytes:44
11:45:17.0 (84218222)|HEAP_ALLOCATE|[EXTERNAL]|Bytes:8
11:45:17.0 (84221758)|HEAP_ALLOCATE|[EXTERNAL]|Bytes:5
11:45:17.0 (84234139)|HEAP_ALLOCATE|[EXTERNAL]|Bytes:8
11:45:17.0 (84238475)|HEAP_ALLOCATE|[EXTERNAL]|Bytes:44
11:45:17.0 (84248889)|HEAP_ALLOCATE|[EXTERNAL]|Bytes:8
11:45:17.0 (84252782)|HEAP_ALLOCATE|[EXTERNAL]|Bytes:5
11:45:17.0 (84265545)|HEAP_ALLOCATE|[EXTERNAL]|Bytes:8
11:45:17.0 (84269830)|HEAP_ALLOCATE|[EXTERNAL]|Bytes:44
11:45:17.0 (84280362)|HEAP_ALLOCATE|[EXTERNAL]|Bytes:8
11:45:17.0 (84283882)|HEAP_ALLOCATE|[EXTERNAL]|Bytes:5
11:45:17.0 (84296445)|HEAP_ALLOCATE|[EXTERNAL]|Bytes:8
11:45:17.0 (84300821)|HEAP_ALLOCATE|[EXTERNAL]|Bytes:44
11:45:17.0 (84311483)|HEAP_ALLOCATE|[EXTERNAL]|Bytes:8
11:45:17.0 (84315037)|HEAP_ALLOCATE|[EXTERNAL]|Bytes:5
11:45:17.0 (84327733)|HEAP_ALLOCATE|[EXTERNAL]|Bytes:8
11:45:17.0 (84331956)|HEAP_ALLOCATE|[EXTERNAL]|Bytes:44
11:45:17.0 (84342585)|HEAP_ALLOCATE|[EXTERNAL]|Bytes:8
11:45:17.0 (84346119)|HEAP_ALLOCATE|[EXTERNAL]|Bytes:5
11:45:17.0 (84358670)|HEAP_ALLOCATE|[EXTERNAL]|Bytes:8
11:45:17.0 (84363150)|HEAP_ALLOCATE|[EXTERNAL]|Bytes:44
11:45:17.0 (84373783)|HEAP_ALLOCATE|[EXTERNAL]|Bytes:8
11:45:17.0 (84377285)|HEAP_ALLOCATE|[EXTERNAL]|Bytes:5
11:45:17.0 (84389769)|HEAP_ALLOCATE|[EXTERNAL]|Bytes:8
11:45:17.0 (84394403)|HEAP_ALLOCATE|[EXTERNAL]|Bytes:44
11:45:17.0 (84404998)|HEAP_ALLOCATE|[EXTERNAL]|Bytes:8
11:45:17.0 (84408652)|HEAP_ALLOCATE|[EXTERNAL]|Bytes:5
11:45:17.0 (84421390)|HEAP_ALLOCATE|[EXTERNAL]|Bytes:8
11:45:17.0 (84425733)|HEAP_ALLOCATE|[EXTERNAL]|Bytes:44
11:45:17.0 (84436496)|HEAP_ALLOCATE|[EXTERNAL]|Bytes:8
11:45:17.0 (84440164)|HEAP_ALLOCATE|[EXTERNAL]|Bytes:5
11:45:17.0 (84453008)|HEAP_ALLOCATE|[EXTERNAL]|Bytes:8
11:45:17.0 (84457339)|HEAP_ALLOCATE|[EXTERNAL]|Bytes:44
11:45:17.0 (84473964)|HEAP_ALLOCATE|[EXTERNAL]|Bytes:8
11:45:17.0 (84477831)|HEAP_ALLOCATE|[EXTERNAL]|Bytes:5
11:45:17.0 (84491156)|HEAP_ALLOCATE|[EXTERNAL]|Bytes:8
11:45:17.0 (84495667)|HEAP_ALLOCATE|[EXTERNAL]|Bytes:44
11:45:17.0 (84506491)|HEAP_ALLOCATE|[EXTERNAL]|Bytes:8
11:45:17.0 (84510099)|HEAP_ALLOCATE|[EXTERNAL]|Bytes:5
11:45:17.0 (84522752)|HEAP_ALLOCATE|[EXTERNAL]|Bytes:8
11:45:17.0 (84526956)|HEAP_ALLOCATE|[EXTERNAL]|Bytes:44
11:45:17.0 (84537527)|HEAP_ALLOCATE|[EXTERNAL]|Bytes:8
11:45:17.0 (84541131)|HEAP_ALLOCATE|[EXTERNAL]|Bytes:5
11:45:17.0 (84554098)|HEAP_ALLOCATE|[EXTERNAL]|Bytes:8
11:45:17.0 (84558375)|HEAP_ALLOCATE|[EXTERNAL]|Bytes:44
11:45:17.0 (84569023)|HEAP_ALLOCATE|[EXTERNAL]|Bytes:8
11:45:17.0 (84572651)|HEAP_ALLOCATE|[EXTERNAL]|Bytes:5
11:45:17.0 (84585193)|HEAP_ALLOCATE|[EXTERNAL]|Bytes:8
11:45:17.0 (84589341)|HEAP_ALLOCATE|[EXTERNAL]|Bytes:44
11:45:17.0 (84600037)|HEAP_ALLOCATE|[EXTERNAL]|Bytes:8
11:45:17.0 (84603639)|HEAP_ALLOCATE|[EXTERNAL]|Bytes:5
11:45:17.0 (84616247)|HEAP_ALLOCATE|[EXTERNAL]|Bytes:8
11:45:17.0 (84620502)|HEAP_ALLOCATE|[EXTERNAL]|Bytes:44
11:45:17.0 (84631265)|HEAP_ALLOCATE|[EXTERNAL]|Bytes:8
11:45:17.0 (84634837)|HEAP_ALLOCATE|[EXTERNAL]|Bytes:5
11:45:17.0 (84647476)|HEAP_ALLOCATE|[EXTERNAL]|Bytes:8
11:45:17.0 (84651850)|HEAP_ALLOCATE|[EXTERNAL]|Bytes:44
11:45:17.0 (84662411)|HEAP_ALLOCATE|[EXTERNAL]|Bytes:8
11:45:17.0 (84665935)|HEAP_ALLOCATE|[EXTERNAL]|Bytes:5
11:45:17.0 (84678412)|HEAP_ALLOCATE|[EXTERNAL]|Bytes:8
11:45:17.0 (84682622)|HEAP_ALLOCATE|[EXTERNAL]|Bytes:44
11:45:17.0 (84693399)|HEAP_ALLOCATE|[EXTERNAL]|Bytes:8
11:45:17.0 (84697036)|HEAP_ALLOCATE|[EXTERNAL]|Bytes:5
11:45:17.0 (84709735)|HEAP_ALLOCATE|[EXTERNAL]|Bytes:8
11:45:17.0 (84713964)|HEAP_ALLOCATE|[EXTERNAL]|Bytes:44
11:45:17.0 (84724649)|HEAP_ALLOCATE|[EXTERNAL]|Bytes:8
11:45:17.0 (84728201)|HEAP_ALLOCATE|[EXTERNAL]|Bytes:5
11:45:17.0 (84740822)|HEAP_ALLOCATE|[EXTERNAL]|Bytes:8
11:45:17.0 (84745276)|HEAP_ALLOCATE|[EXTERNAL]|Bytes:44
11:45:17.0 (84755900)|HEAP_ALLOCATE|[EXTERNAL]|Bytes:8
11:45:17.0 (84759489)|HEAP_ALLOCATE|[EXTERNAL]|Bytes:5
11:45:17.0 (84772162)|HEAP_ALLOCATE|[EXTERNAL]|Bytes:8
11:45:17.0 (84776538)|HEAP_ALLOCATE|[EXTERNAL]|Bytes:44
11:45:17.0 (84787102)|HEAP_ALLOCATE|[EXTERNAL]|Bytes:8
11:45:17.0 (84790737)|HEAP_ALLOCATE|[EXTERNAL]|Bytes:5
11:45:17.0 (84803426)|HEAP_ALLOCATE|[EXTERNAL]|Bytes:8
11:45:17.0 (84807799)|HEAP_ALLOCATE|[EXTERNAL]|Bytes:44
11:45:17.0 (84818291)|HEAP_ALLOCATE|[EXTERNAL]|Bytes:8
11:45:17.0 (84821964)|HEAP_ALLOCATE|[EXTERNAL]|Bytes:5
11:45:17.0 (84834507)|HEAP_ALLOCATE|[EXTERNAL]|Bytes:8
11:45:17.0 (84839048)|HEAP_ALLOCATE|[EXTERNAL]|Bytes:44
11:45:17.0 (84849949)|HEAP_ALLOCATE|[EXTERNAL]|Bytes:8
11:45:17.0 (84853502)|HEAP_ALLOCATE|[EXTERNAL]|Bytes:5
11:45:17.0 (84866162)|HEAP_ALLOCATE|[EXTERNAL]|Bytes:8
11:45:17.0 (84870410)|HEAP_ALLOCATE|[EXTERNAL]|Bytes:44
11:45:17.0 (84881061)|HEAP_ALLOCATE|[EXTERNAL]|Bytes:8
11:45:17.0 (84884590)|HEAP_ALLOCATE|[EXTERNAL]|Bytes:5
11:45:17.0 (84897200)|HEAP_ALLOCATE|[EXTERNAL]|Bytes:8
11:45:17.0 (84901604)|HEAP_ALLOCATE|[EXTERNAL]|Bytes:44
11:45:17.0 (84928827)|HEAP_ALLOCATE|[EXTERNAL]|Bytes:4
11:45:17.0 (84935869)|HEAP_ALLOCATE|[EXTERNAL]|Bytes:4
11:45:17.0 (84939866)|HEAP_ALLOCATE|[EXTERNAL]|Bytes:4
11:45:17.0 (84941426)|HEAP_ALLOCATE|[EXTERNAL]|Bytes:4
11:45:17.0 (84942619)|HEAP_ALLOCATE|[EXTERNAL]|Bytes:4
11:45:17.0 (84943694)|HEAP_ALLOCATE|[EXTERNAL]|Bytes:4
11:45:17.0 (84944777)|HEAP_ALLOCATE|[EXTERNAL]|Bytes:4
11:45:17.0 (84945794)|HEAP_ALLOCATE|[EXTERNAL]|Bytes:4
11:45:17.0 (84947004)|HEAP_ALLOCATE|[EXTERNAL]|Bytes:4
11:45:17.0 (84948231)|HEAP_ALLOCATE|[EXTERNAL]|Bytes:4
11:45:17.0 (84949300)|HEAP_ALLOCATE|[EXTERNAL]|Bytes:4
11:45:17.0 (84950323)|HEAP_ALLOCATE|[EXTERNAL]|Bytes:4
11:45:17.0 (84951341)|HEAP_ALLOCATE|[EXTERNAL]|Bytes:4
11:45:17.0 (84952594)|HEAP_ALLOCATE|[EXTERNAL]|Bytes:4
11:45:17.0 (84953654)|HEAP_ALLOCATE|[EXTERNAL]|Bytes:4
11:45:17.0 (84954693)|HEAP_ALLOCATE|[EXTERNAL]|Bytes:4
11:45:17.0 (84955820)|HEAP_ALLOCATE|[EXTERNAL]|Bytes:4
11:45:17.0 (84956845)|HEAP_ALLOCATE|[EXTERNAL]|Bytes:4
11:45:17.0 (84958015)|HEAP_ALLOCATE|[EXTERNAL]|Bytes:4
11:45:17.0 (84959057)|HEAP_ALLOCATE|[EXTERNAL]|Bytes:4
11:45:17.0 (84960091)|HEAP_ALLOCATE|[EXTERNAL]|Bytes:4
11:45:17.0 (84961107)|HEAP_ALLOCATE|[EXTERNAL]|Bytes:4
11:45:17.0 (84962143)|HEAP_ALLOCATE|[EXTERNAL]|Bytes:4
11:45:17.0 (84963150)|HEAP_ALLOCATE|[EXTERNAL]|Bytes:4
11:45:17.0 (84964217)|HEAP_ALLOCATE|[EXTERNAL]|Bytes:4
11:45:17.0 (84965328)|HEAP_ALLOCATE|[EXTERNAL]|Bytes:4
11:45:17.0 (84966333)|HEAP_ALLOCATE|[EXTERNAL]|Bytes:4
11:45:17.0 (84967409)|HEAP_ALLOCATE|[EXTERNAL]|Bytes:4
11:45:17.0 (84968700)|HEAP_ALLOCATE|[EXTERNAL]|Bytes:4
11:45:17.0 (84969732)|HEAP_ALLOCATE|[EXTERNAL]|Bytes:4
11:45:17.0 (84970782)|HEAP_ALLOCATE|[EXTERNAL]|Bytes:4
11:45:17.0 (84971866)|HEAP_ALLOCATE|[EXTERNAL]|Bytes:4
11:45:17.0 (84972908)|HEAP_ALLOCATE|[EXTERNAL]|Bytes:4
11:45:17.0 (84973904)|HEAP_ALLOCATE|[EXTERNAL]|Bytes:4
11:45:17.0 (84974974)|HEAP_ALLOCATE|[EXTERNAL]|Bytes:4
11:45:17.0 (84976017)|HEAP_ALLOCATE|[EXTERNAL]|Bytes:4
11:45:17.0 (84977093)|HEAP_ALLOCATE|[EXTERNAL]|Bytes:4
11:45:17.0 (84978089)|HEAP_ALLOCATE|[EXTERNAL]|Bytes:4
11:45:17.0 (84979169)|HEAP_ALLOCATE|[EXTERNAL]|Bytes:4
11:45:17.0 (84980284)|HEAP_ALLOCATE|[EXTERNAL]|Bytes:4
11:45:17.0 (84981309)|HEAP_ALLOCATE|[EXTERNAL]|Bytes:4
11:45:17.0 (84982324)|HEAP_ALLOCATE|[EXTERNAL]|Bytes:4
11:45:17.0 (84983333)|HEAP_ALLOCATE|[EXTERNAL]|Bytes:4
11:45:17.0 (84984356)|HEAP_ALLOCATE|[EXTERNAL]|Bytes:4
11:45:17.0 (84985378)|HEAP_ALLOCATE|[EXTERNAL]|Bytes:4
11:45:17.0 (84986385)|HEAP_ALLOCATE|[EXTERNAL]|Bytes:4
11:45:17.0 (84987381)|HEAP_ALLOCATE|[EXTERNAL]|Bytes:4
11:45:17.0 (84988566)|HEAP_ALLOCATE|[EXTERNAL]|Bytes:4
11:45:17.0 (84989623)|HEAP_ALLOCATE|[EXTERNAL]|Bytes:4
11:45:17.0 (84990646)|HEAP_ALLOCATE|[EXTERNAL]|Bytes:4
11:45:17.0 (84991658)|HEAP_ALLOCATE|[EXTERNAL]|Bytes:4
11:45:17.0 (84992714)|HEAP_ALLOCATE|[EXTERNAL]|Bytes:4
11:45:17.0 (87069721)|HEAP_ALLOCATE|[EXTERNAL]|Bytes:8
11:45:17.0 (87085848)|HEAP_ALLOCATE|[EXTERNAL]|Bytes:5
11:45:17.0 (87113466)|HEAP_ALLOCATE|[EXTERNAL]|Bytes:8
11:45:17.0 (87120845)|HEAP_ALLOCATE|[EXTERNAL]|Bytes:44
11:45:17.0 (87134104)|HEAP_ALLOCATE|[EXTERNAL]|Bytes:8
11:45:17.0 (87138338)|HEAP_ALLOCATE|[EXTERNAL]|Bytes:5
11:45:17.0 (87152118)|HEAP_ALLOCATE|[EXTERNAL]|Bytes:8
11:45:17.0 (87156794)|HEAP_ALLOCATE|[EXTERNAL]|Bytes:44
11:45:17.0 (87168148)|HEAP_ALLOCATE|[EXTERNAL]|Bytes:8
11:45:17.0 (87171791)|HEAP_ALLOCATE|[EXTERNAL]|Bytes:5
11:45:17.0 (87184773)|HEAP_ALLOCATE|[EXTERNAL]|Bytes:8
11:45:17.0 (87189118)|HEAP_ALLOCATE|[EXTERNAL]|Bytes:44
11:45:17.0 (87200081)|HEAP_ALLOCATE|[EXTERNAL]|Bytes:8
11:45:17.0 (87203940)|HEAP_ALLOCATE|[EXTERNAL]|Bytes:5
11:45:17.0 (87216686)|HEAP_ALLOCATE|[EXTERNAL]|Bytes:8
11:45:17.0 (87221013)|HEAP_ALLOCATE|[EXTERNAL]|Bytes:44
11:45:17.0 (87231861)|HEAP_ALLOCATE|[EXTERNAL]|Bytes:8
11:45:17.0 (87245898)|HEAP_ALLOCATE|[EXTERNAL]|Bytes:5
11:45:17.0 (87274159)|HEAP_ALLOCATE|[EXTERNAL]|Bytes:8
11:45:17.0 (87283633)|HEAP_ALLOCATE|[EXTERNAL]|Bytes:44
11:45:17.0 (87307646)|HEAP_ALLOCATE|[EXTERNAL]|Bytes:8
11:45:17.0 (87315254)|HEAP_ALLOCATE|[EXTERNAL]|Bytes:5
11:45:17.0 (87341020)|HEAP_ALLOCATE|[EXTERNAL]|Bytes:8
11:45:17.0 (87350585)|HEAP_ALLOCATE|[EXTERNAL]|Bytes:44
11:45:17.0 (87374815)|HEAP_ALLOCATE|[EXTERNAL]|Bytes:8
11:45:17.0 (87382673)|HEAP_ALLOCATE|[EXTERNAL]|Bytes:5
11:45:17.0 (87408863)|HEAP_ALLOCATE|[EXTERNAL]|Bytes:8
11:45:17.0 (87417422)|HEAP_ALLOCATE|[EXTERNAL]|Bytes:44
11:45:17.0 (87438373)|HEAP_ALLOCATE|[EXTERNAL]|Bytes:8
11:45:17.0 (87445615)|HEAP_ALLOCATE|[EXTERNAL]|Bytes:5
11:45:17.0 (87469341)|HEAP_ALLOCATE|[EXTERNAL]|Bytes:8
11:45:17.0 (87477777)|HEAP_ALLOCATE|[EXTERNAL]|Bytes:44
11:45:17.0 (87507246)|HEAP_ALLOCATE|[EXTERNAL]|Bytes:8
11:45:17.0 (87515347)|HEAP_ALLOCATE|[EXTERNAL]|Bytes:5
11:45:17.0 (87542608)|HEAP_ALLOCATE|[EXTERNAL]|Bytes:8
11:45:17.0 (87551710)|HEAP_ALLOCATE|[EXTERNAL]|Bytes:44
11:45:17.0 (87573536)|HEAP_ALLOCATE|[EXTERNAL]|Bytes:8
11:45:17.0 (87580832)|HEAP_ALLOCATE|[EXTERNAL]|Bytes:5
11:45:17.0 (87607180)|HEAP_ALLOCATE|[EXTERNAL]|Bytes:8
11:45:17.0 (87615508)|HEAP_ALLOCATE|[EXTERNAL]|Bytes:44
11:45:17.0 (87649066)|HEAP_ALLOCATE|[EXTERNAL]|Bytes:8
11:45:17.0 (87658166)|HEAP_ALLOCATE|[EXTERNAL]|Bytes:5
11:45:17.0 (87689165)|HEAP_ALLOCATE|[EXTERNAL]|Bytes:8
11:45:17.0 (87698861)|HEAP_ALLOCATE|[EXTERNAL]|Bytes:44
11:45:17.0 (87722142)|HEAP_ALLOCATE|[EXTERNAL]|Bytes:8
11:45:17.0 (87729589)|HEAP_ALLOCATE|[EXTERNAL]|Bytes:5
11:45:17.0 (87756156)|HEAP_ALLOCATE|[EXTERNAL]|Bytes:8
11:45:17.0 (87765451)|HEAP_ALLOCATE|[EXTERNAL]|Bytes:44
11:45:17.0 (87787116)|HEAP_ALLOCATE|[EXTERNAL]|Bytes:8
11:45:17.0 (87794337)|HEAP_ALLOCATE|[EXTERNAL]|Bytes:5
11:45:17.0 (87822538)|HEAP_ALLOCATE|[EXTERNAL]|Bytes:8
11:45:17.0 (87830734)|HEAP_ALLOCATE|[EXTERNAL]|Bytes:44
11:45:17.0 (87853665)|HEAP_ALLOCATE|[EXTERNAL]|Bytes:8
11:45:17.0 (87860942)|HEAP_ALLOCATE|[EXTERNAL]|Bytes:5
11:45:17.0 (87887809)|HEAP_ALLOCATE|[EXTERNAL]|Bytes:8
11:45:17.0 (87898035)|HEAP_ALLOCATE|[EXTERNAL]|Bytes:44
11:45:17.0 (87919306)|HEAP_ALLOCATE|[EXTERNAL]|Bytes:8
11:45:17.0 (87926504)|HEAP_ALLOCATE|[EXTERNAL]|Bytes:5
11:45:17.0 (87950524)|HEAP_ALLOCATE|[EXTERNAL]|Bytes:8
11:45:17.0 (87958152)|HEAP_ALLOCATE|[EXTERNAL]|Bytes:44
11:45:17.0 (87988985)|HEAP_ALLOCATE|[EXTERNAL]|Bytes:8
11:45:17.0 (87996869)|HEAP_ALLOCATE|[EXTERNAL]|Bytes:5
11:45:17.0 (88023665)|HEAP_ALLOCATE|[EXTERNAL]|Bytes:8
11:45:17.0 (88045215)|HEAP_ALLOCATE|[EXTERNAL]|Bytes:44
11:45:17.0 (88069741)|HEAP_ALLOCATE|[EXTERNAL]|Bytes:8
11:45:17.0 (88077416)|HEAP_ALLOCATE|[EXTERNAL]|Bytes:5
11:45:17.0 (88104668)|HEAP_ALLOCATE|[EXTERNAL]|Bytes:8
11:45:17.0 (88112720)|HEAP_ALLOCATE|[EXTERNAL]|Bytes:44
11:45:17.0 (88131210)|HEAP_ALLOCATE|[EXTERNAL]|Bytes:8
11:45:17.0 (88138039)|HEAP_ALLOCATE|[EXTERNAL]|Bytes:5
11:45:17.0 (88159029)|HEAP_ALLOCATE|[EXTERNAL]|Bytes:8
11:45:17.0 (88166072)|HEAP_ALLOCATE|[EXTERNAL]|Bytes:44
11:45:17.0 (88183981)|HEAP_ALLOCATE|[EXTERNAL]|Bytes:8
11:45:17.0 (88190219)|HEAP_ALLOCATE|[EXTERNAL]|Bytes:5
11:45:17.0 (88210661)|HEAP_ALLOCATE|[EXTERNAL]|Bytes:8
11:45:17.0 (88217820)|HEAP_ALLOCATE|[EXTERNAL]|Bytes:44
11:45:17.0 (88235624)|HEAP_ALLOCATE|[EXTERNAL]|Bytes:8
11:45:17.0 (88241556)|HEAP_ALLOCATE|[EXTERNAL]|Bytes:5
11:45:17.0 (88261810)|HEAP_ALLOCATE|[EXTERNAL]|Bytes:8
11:45:17.0 (88268691)|HEAP_ALLOCATE|[EXTERNAL]|Bytes:44
11:45:17.0 (88286286)|HEAP_ALLOCATE|[EXTERNAL]|Bytes:8
11:45:17.0 (88293449)|HEAP_ALLOCATE|[EXTERNAL]|Bytes:5
11:45:17.0 (88319450)|HEAP_ALLOCATE|[EXTERNAL]|Bytes:8
11:45:17.0 (88328288)|HEAP_ALLOCATE|[EXTERNAL]|Bytes:44
11:45:17.0 (88352005)|HEAP_ALLOCATE|[EXTERNAL]|Bytes:8
11:45:17.0 (88358756)|HEAP_ALLOCATE|[EXTERNAL]|Bytes:5
11:45:17.0 (88382876)|HEAP_ALLOCATE|[EXTERNAL]|Bytes:8
11:45:17.0 (88391107)|HEAP_ALLOCATE|[EXTERNAL]|Bytes:44
11:45:17.0 (88410361)|HEAP_ALLOCATE|[EXTERNAL]|Bytes:8
11:45:17.0 (88417674)|HEAP_ALLOCATE|[EXTERNAL]|Bytes:5
11:45:17.0 (88441082)|HEAP_ALLOCATE|[EXTERNAL]|Bytes:8
11:45:17.0 (88449149)|HEAP_ALLOCATE|[EXTERNAL]|Bytes:44
11:45:17.0 (88472573)|HEAP_ALLOCATE|[EXTERNAL]|Bytes:8
11:45:17.0 (88485217)|HEAP_ALLOCATE|[EXTERNAL]|Bytes:5
11:45:17.0 (88523638)|HEAP_ALLOCATE|[EXTERNAL]|Bytes:8
11:45:17.0 (88533296)|HEAP_ALLOCATE|[EXTERNAL]|Bytes:44
11:45:17.0 (88556939)|HEAP_ALLOCATE|[EXTERNAL]|Bytes:8
11:45:17.0 (88564652)|HEAP_ALLOCATE|[EXTERNAL]|Bytes:5
11:45:17.0 (88591801)|HEAP_ALLOCATE|[EXTERNAL]|Bytes:8
11:45:17.0 (88600280)|HEAP_ALLOCATE|[EXTERNAL]|Bytes:44
11:45:17.0 (88623225)|HEAP_ALLOCATE|[EXTERNAL]|Bytes:8
11:45:17.0 (88630681)|HEAP_ALLOCATE|[EXTERNAL]|Bytes:5
11:45:17.0 (88658302)|HEAP_ALLOCATE|[EXTERNAL]|Bytes:8
11:45:17.0 (88666825)|HEAP_ALLOCATE|[EXTERNAL]|Bytes:44
11:45:17.0 (88689012)|HEAP_ALLOCATE|[EXTERNAL]|Bytes:8
11:45:17.0 (88695743)|HEAP_ALLOCATE|[EXTERNAL]|Bytes:5
11:45:17.0 (88721718)|HEAP_ALLOCATE|[EXTERNAL]|Bytes:8
11:45:17.0 (88729970)|HEAP_ALLOCATE|[EXTERNAL]|Bytes:44
11:45:17.0 (88751307)|HEAP_ALLOCATE|[EXTERNAL]|Bytes:8
11:45:17.0 (88759228)|HEAP_ALLOCATE|[EXTERNAL]|Bytes:5
11:45:17.0 (88784886)|HEAP_ALLOCATE|[EXTERNAL]|Bytes:8
11:45:17.0 (88793054)|HEAP_ALLOCATE|[EXTERNAL]|Bytes:44
11:45:17.0 (88815401)|HEAP_ALLOCATE|[EXTERNAL]|Bytes:8
11:45:17.0 (88821926)|HEAP_ALLOCATE|[EXTERNAL]|Bytes:5
11:45:17.0 (88847218)|HEAP_ALLOCATE|[EXTERNAL]|Bytes:8
11:45:17.0 (88856536)|HEAP_ALLOCATE|[EXTERNAL]|Bytes:44
11:45:17.0 (88879207)|HEAP_ALLOCATE|[EXTERNAL]|Bytes:8
11:45:17.0 (88886371)|HEAP_ALLOCATE|[EXTERNAL]|Bytes:5
11:45:17.0 (88912421)|HEAP_ALLOCATE|[EXTERNAL]|Bytes:8
11:45:17.0 (88921047)|HEAP_ALLOCATE|[EXTERNAL]|Bytes:44
11:45:17.0 (88942446)|HEAP_ALLOCATE|[EXTERNAL]|Bytes:8
11:45:17.0 (88949057)|HEAP_ALLOCATE|[EXTERNAL]|Bytes:5
11:45:17.0 (88974351)|HEAP_ALLOCATE|[EXTERNAL]|Bytes:8
11:45:17.0 (88982959)|HEAP_ALLOCATE|[EXTERNAL]|Bytes:44
11:45:17.0 (89004820)|HEAP_ALLOCATE|[EXTERNAL]|Bytes:8
11:45:17.0 (89013656)|HEAP_ALLOCATE|[EXTERNAL]|Bytes:5
11:45:17.0 (89040675)|HEAP_ALLOCATE|[EXTERNAL]|Bytes:8
11:45:17.0 (89049795)|HEAP_ALLOCATE|[EXTERNAL]|Bytes:44
11:45:17.0 (89072501)|HEAP_ALLOCATE|[EXTERNAL]|Bytes:8
11:45:17.0 (89080549)|HEAP_ALLOCATE|[EXTERNAL]|Bytes:5
11:45:17.0 (89107508)|HEAP_ALLOCATE|[EXTERNAL]|Bytes:8
11:45:17.0 (89115509)|HEAP_ALLOCATE|[EXTERNAL]|Bytes:44
11:45:17.0 (89137715)|HEAP_ALLOCATE|[EXTERNAL]|Bytes:8
11:45:17.0 (89145643)|HEAP_ALLOCATE|[EXTERNAL]|Bytes:5
11:45:17.0 (89171680)|HEAP_ALLOCATE|[EXTERNAL]|Bytes:8
11:45:17.0 (89180573)|HEAP_ALLOCATE|[EXTERNAL]|Bytes:44
11:45:17.0 (89199234)|HEAP_ALLOCATE|[EXTERNAL]|Bytes:8
11:45:17.0 (89206233)|HEAP_ALLOCATE|[EXTERNAL]|Bytes:5
11:45:17.0 (89232781)|HEAP_ALLOCATE|[EXTERNAL]|Bytes:8
11:45:17.0 (89241128)|HEAP_ALLOCATE|[EXTERNAL]|Bytes:44
11:45:17.0 (89264521)|HEAP_ALLOCATE|[EXTERNAL]|Bytes:8
11:45:17.0 (89271780)|HEAP_ALLOCATE|[EXTERNAL]|Bytes:5
11:45:17.0 (89298797)|HEAP_ALLOCATE|[EXTERNAL]|Bytes:8
11:45:17.0 (89308249)|HEAP_ALLOCATE|[EXTERNAL]|Bytes:44
11:45:17.0 (89331650)|HEAP_ALLOCATE|[EXTERNAL]|Bytes:8
11:45:17.0 (89339769)|HEAP_ALLOCATE|[EXTERNAL]|Bytes:5
11:45:17.0 (89368126)|HEAP_ALLOCATE|[EXTERNAL]|Bytes:8
11:45:17.0 (89377956)|HEAP_ALLOCATE|[EXTERNAL]|Bytes:44
11:45:17.0 (89400067)|HEAP_ALLOCATE|[EXTERNAL]|Bytes:8
11:45:17.0 (89407601)|HEAP_ALLOCATE|[EXTERNAL]|Bytes:5
11:45:17.0 (89433781)|HEAP_ALLOCATE|[EXTERNAL]|Bytes:8
11:45:17.0 (89442547)|HEAP_ALLOCATE|[EXTERNAL]|Bytes:44
11:45:17.0 (89465719)|HEAP_ALLOCATE|[EXTERNAL]|Bytes:8
11:45:17.0 (89473595)|HEAP_ALLOCATE|[EXTERNAL]|Bytes:5
11:45:17.0 (89518408)|HEAP_ALLOCATE|[EXTERNAL]|Bytes:8
11:45:17.0 (89528603)|HEAP_ALLOCATE|[EXTERNAL]|Bytes:44
11:45:17.0 (89552473)|HEAP_ALLOCATE|[EXTERNAL]|Bytes:8
11:45:17.0 (89560367)|HEAP_ALLOCATE|[EXTERNAL]|Bytes:5
11:45:17.0 (89587713)|HEAP_ALLOCATE|[EXTERNAL]|Bytes:8
11:45:17.0 (89596418)|HEAP_ALLOCATE|[EXTERNAL]|Bytes:44
11:45:17.0 (89618116)|HEAP_ALLOCATE|[EXTERNAL]|Bytes:8
11:45:17.0 (89624701)|HEAP_ALLOCATE|[EXTERNAL]|Bytes:5
11:45:17.0 (89647448)|HEAP_ALLOCATE|[EXTERNAL]|Bytes:8
11:45:17.0 (89655399)|HEAP_ALLOCATE|[EXTERNAL]|Bytes:44
11:45:17.0 (89673656)|HEAP_ALLOCATE|[EXTERNAL]|Bytes:8
11:45:17.0 (89679630)|HEAP_ALLOCATE|[EXTERNAL]|Bytes:5
11:45:17.0 (89700568)|HEAP_ALLOCATE|[EXTERNAL]|Bytes:8
11:45:17.0 (89707452)|HEAP_ALLOCATE|[EXTERNAL]|Bytes:44
11:45:17.0 (89724742)|HEAP_ALLOCATE|[EXTERNAL]|Bytes:8
11:45:17.0 (89730635)|HEAP_ALLOCATE|[EXTERNAL]|Bytes:5
11:45:17.0 (89764785)|HEAP_ALLOCATE|[EXTERNAL]|Bytes:8
11:45:17.0 (89772203)|HEAP_ALLOCATE|[EXTERNAL]|Bytes:44
11:45:17.0 (89789655)|HEAP_ALLOCATE|[EXTERNAL]|Bytes:8
11:45:17.0 (89795415)|HEAP_ALLOCATE|[EXTERNAL]|Bytes:5
11:45:17.0 (89817864)|HEAP_ALLOCATE|[EXTERNAL]|Bytes:8
11:45:17.0 (89826453)|HEAP_ALLOCATE|[EXTERNAL]|Bytes:44
11:45:17.0 (89847597)|HEAP_ALLOCATE|[EXTERNAL]|Bytes:8
11:45:17.0 (89854824)|HEAP_ALLOCATE|[EXTERNAL]|Bytes:5
11:45:17.0 (89880506)|HEAP_ALLOCATE|[EXTERNAL]|Bytes:8
11:45:17.0 (89889404)|HEAP_ALLOCATE|[EXTERNAL]|Bytes:44
11:45:17.0 (89911882)|HEAP_ALLOCATE|[EXTERNAL]|Bytes:8
11:45:17.0 (89918957)|HEAP_ALLOCATE|[EXTERNAL]|Bytes:5
11:45:17.0 (89944053)|HEAP_ALLOCATE|[EXTERNAL]|Bytes:8
11:45:17.0 (89953464)|HEAP_ALLOCATE|[EXTERNAL]|Bytes:44
11:45:17.0 (90633501)|HEAP_ALLOCATE|[EXTERNAL]|Bytes:8
11:45:17.0 (90642141)|HEAP_ALLOCATE|[EXTERNAL]|Bytes:5
11:45:17.0 (90664002)|HEAP_ALLOCATE|[EXTERNAL]|Bytes:8
11:45:17.0 (90670632)|HEAP_ALLOCATE|[EXTERNAL]|Bytes:44
11:45:17.0 (90684098)|HEAP_ALLOCATE|[EXTERNAL]|Bytes:8
11:45:17.0 (90688246)|HEAP_ALLOCATE|[EXTERNAL]|Bytes:5
11:45:17.0 (90702443)|HEAP_ALLOCATE|[EXTERNAL]|Bytes:8
11:45:17.0 (90707398)|HEAP_ALLOCATE|[EXTERNAL]|Bytes:44
11:45:17.0 (90718657)|HEAP_ALLOCATE|[EXTERNAL]|Bytes:8
11:45:17.0 (90722358)|HEAP_ALLOCATE|[EXTERNAL]|Bytes:5
11:45:17.0 (90735273)|HEAP_ALLOCATE|[EXTERNAL]|Bytes:8
11:45:17.0 (90739669)|HEAP_ALLOCATE|[EXTERNAL]|Bytes:44
11:45:17.0 (90750366)|HEAP_ALLOCATE|[EXTERNAL]|Bytes:8
11:45:17.0 (90753884)|HEAP_ALLOCATE|[EXTERNAL]|Bytes:5
11:45:17.0 (90766738)|HEAP_ALLOCATE|[EXTERNAL]|Bytes:8
11:45:17.0 (90771350)|HEAP_ALLOCATE|[EXTERNAL]|Bytes:44
11:45:17.0 (90802480)|HEAP_ALLOCATE|[EXTERNAL]|Bytes:4
11:45:17.0 (90811360)|HEAP_ALLOCATE|[EXTERNAL]|Bytes:4
11:45:17.0 (90816796)|HEAP_ALLOCATE|[EXTERNAL]|Bytes:4
11:45:17.0 (90818544)|HEAP_ALLOCATE|[EXTERNAL]|Bytes:4
11:45:17.0 (90819804)|HEAP_ALLOCATE|[EXTERNAL]|Bytes:4
11:45:17.0 (90820925)|HEAP_ALLOCATE|[EXTERNAL]|Bytes:4
11:45:17.0 (90821990)|HEAP_ALLOCATE|[EXTERNAL]|Bytes:4
11:45:17.0 (90823074)|HEAP_ALLOCATE|[EXTERNAL]|Bytes:4
11:45:17.0 (90824104)|HEAP_ALLOCATE|[EXTERNAL]|Bytes:4
11:45:17.0 (90825193)|HEAP_ALLOCATE|[EXTERNAL]|Bytes:4
11:45:17.0 (90826204)|HEAP_ALLOCATE|[EXTERNAL]|Bytes:4
11:45:17.0 (90827225)|HEAP_ALLOCATE|[EXTERNAL]|Bytes:4
11:45:17.0 (90828238)|HEAP_ALLOCATE|[EXTERNAL]|Bytes:4
11:45:17.0 (90829392)|HEAP_ALLOCATE|[EXTERNAL]|Bytes:4
11:45:17.0 (90830401)|HEAP_ALLOCATE|[EXTERNAL]|Bytes:4
11:45:17.0 (90831421)|HEAP_ALLOCATE|[EXTERNAL]|Bytes:4
11:45:17.0 (90832426)|HEAP_ALLOCATE|[EXTERNAL]|Bytes:4
11:45:17.0 (90833706)|HEAP_ALLOCATE|[EXTERNAL]|Bytes:4
11:45:17.0 (90834956)|HEAP_ALLOCATE|[EXTERNAL]|Bytes:4
11:45:17.0 (90835962)|HEAP_ALLOCATE|[EXTERNAL]|Bytes:4
11:45:17.0 (90836995)|HEAP_ALLOCATE|[EXTERNAL]|Bytes:4
11:45:17.0 (90838005)|HEAP_ALLOCATE|[EXTERNAL]|Bytes:4
11:45:17.0 (90839063)|HEAP_ALLOCATE|[EXTERNAL]|Bytes:4
11:45:17.0 (90840073)|HEAP_ALLOCATE|[EXTERNAL]|Bytes:4
11:45:17.0 (90841124)|HEAP_ALLOCATE|[EXTERNAL]|Bytes:4
11:45:17.0 (90842228)|HEAP_ALLOCATE|[EXTERNAL]|Bytes:4
11:45:17.0 (90843345)|HEAP_ALLOCATE|[EXTERNAL]|Bytes:4
11:45:17.0 (90844349)|HEAP_ALLOCATE|[EXTERNAL]|Bytes:4
11:45:17.0 (90845357)|HEAP_ALLOCATE|[EXTERNAL]|Bytes:4
11:45:17.0 (90846467)|HEAP_ALLOCATE|[EXTERNAL]|Bytes:4
11:45:17.0 (90847513)|HEAP_ALLOCATE|[EXTERNAL]|Bytes:4
11:45:17.0 (90848509)|HEAP_ALLOCATE|[EXTERNAL]|Bytes:4
11:45:17.0 (90849512)|HEAP_ALLOCATE|[EXTERNAL]|Bytes:4
11:45:17.0 (90850548)|HEAP_ALLOCATE|[EXTERNAL]|Bytes:4
11:45:17.0 (90851543)|HEAP_ALLOCATE|[EXTERNAL]|Bytes:4
11:45:17.0 (90852558)|HEAP_ALLOCATE|[EXTERNAL]|Bytes:4
11:45:17.0 (90853869)|HEAP_ALLOCATE|[EXTERNAL]|Bytes:4
11:45:17.0 (90854990)|HEAP_ALLOCATE|[EXTERNAL]|Bytes:4
11:45:17.0 (90856019)|HEAP_ALLOCATE|[EXTERNAL]|Bytes:4
11:45:17.0 (90857034)|HEAP_ALLOCATE|[EXTERNAL]|Bytes:4
11:45:17.0 (90858085)|HEAP_ALLOCATE|[EXTERNAL]|Bytes:4
11:45:17.0 (90859157)|HEAP_ALLOCATE|[EXTERNAL]|Bytes:4
11:45:17.0 (90860224)|HEAP_ALLOCATE|[EXTERNAL]|Bytes:4
11:45:17.0 (90861233)|HEAP_ALLOCATE|[EXTERNAL]|Bytes:4
11:45:17.0 (90862235)|HEAP_ALLOCATE|[EXTERNAL]|Bytes:4
11:45:17.0 (90863266)|HEAP_ALLOCATE|[EXTERNAL]|Bytes:4
11:45:17.0 (90864365)|HEAP_ALLOCATE|[EXTERNAL]|Bytes:4
11:45:17.0 (90865429)|HEAP_ALLOCATE|[EXTERNAL]|Bytes:4
11:45:17.0 (90866440)|HEAP_ALLOCATE|[EXTERNAL]|Bytes:4
11:45:17.0 (90867467)|HEAP_ALLOCATE|[EXTERNAL]|Bytes:4
11:45:17.0 (90868646)|HEAP_ALLOCATE|[EXTERNAL]|Bytes:4
11:45:17.0 (90869651)|HEAP_ALLOCATE|[EXTERNAL]|Bytes:4
11:45:17.0 (92635383)|HEAP_ALLOCATE|[EXTERNAL]|Bytes:8
11:45:17.0 (92646892)|HEAP_ALLOCATE|[EXTERNAL]|Bytes:5
11:45:17.0 (92669487)|HEAP_ALLOCATE|[EXTERNAL]|Bytes:8
11:45:17.0 (92676545)|HEAP_ALLOCATE|[EXTERNAL]|Bytes:44
11:45:17.0 (92689407)|HEAP_ALLOCATE|[EXTERNAL]|Bytes:8
11:45:17.0 (92693459)|HEAP_ALLOCATE|[EXTERNAL]|Bytes:5
11:45:17.0 (92706936)|HEAP_ALLOCATE|[EXTERNAL]|Bytes:8
11:45:17.0 (92711610)|HEAP_ALLOCATE|[EXTERNAL]|Bytes:44
11:45:17.0 (92722821)|HEAP_ALLOCATE|[EXTERNAL]|Bytes:8
11:45:17.0 (92726383)|HEAP_ALLOCATE|[EXTERNAL]|Bytes:5
11:45:17.0 (92739354)|HEAP_ALLOCATE|[EXTERNAL]|Bytes:8
11:45:17.0 (92743748)|HEAP_ALLOCATE|[EXTERNAL]|Bytes:44
11:45:17.0 (92754665)|HEAP_ALLOCATE|[EXTERNAL]|Bytes:8
11:45:17.0 (92758235)|HEAP_ALLOCATE|[EXTERNAL]|Bytes:5
11:45:17.0 (92771451)|HEAP_ALLOCATE|[EXTERNAL]|Bytes:8
11:45:17.0 (92775613)|HEAP_ALLOCATE|[EXTERNAL]|Bytes:44
11:45:17.0 (92786345)|HEAP_ALLOCATE|[EXTERNAL]|Bytes:8
11:45:17.0 (92790010)|HEAP_ALLOCATE|[EXTERNAL]|Bytes:5
11:45:17.0 (92802861)|HEAP_ALLOCATE|[EXTERNAL]|Bytes:8
11:45:17.0 (92807033)|HEAP_ALLOCATE|[EXTERNAL]|Bytes:44
11:45:17.0 (92817654)|HEAP_ALLOCATE|[EXTERNAL]|Bytes:8
11:45:17.0 (92821603)|HEAP_ALLOCATE|[EXTERNAL]|Bytes:5
11:45:17.0 (92834423)|HEAP_ALLOCATE|[EXTERNAL]|Bytes:8
11:45:17.0 (92838817)|HEAP_ALLOCATE|[EXTERNAL]|Bytes:44
11:45:17.0 (92849982)|HEAP_ALLOCATE|[EXTERNAL]|Bytes:8
11:45:17.0 (92853712)|HEAP_ALLOCATE|[EXTERNAL]|Bytes:5
11:45:17.0 (92866456)|HEAP_ALLOCATE|[EXTERNAL]|Bytes:8
11:45:17.0 (92870737)|HEAP_ALLOCATE|[EXTERNAL]|Bytes:44
11:45:17.0 (92881646)|HEAP_ALLOCATE|[EXTERNAL]|Bytes:8
11:45:17.0 (92885230)|HEAP_ALLOCATE|[EXTERNAL]|Bytes:5
11:45:17.0 (92897919)|HEAP_ALLOCATE|[EXTERNAL]|Bytes:8
11:45:17.0 (92902158)|HEAP_ALLOCATE|[EXTERNAL]|Bytes:44
11:45:17.0 (92912754)|HEAP_ALLOCATE|[EXTERNAL]|Bytes:8
11:45:17.0 (92916268)|HEAP_ALLOCATE|[EXTERNAL]|Bytes:5
11:45:17.0 (92928808)|HEAP_ALLOCATE|[EXTERNAL]|Bytes:8
11:45:17.0 (92933023)|HEAP_ALLOCATE|[EXTERNAL]|Bytes:44
11:45:17.0 (92943538)|HEAP_ALLOCATE|[EXTERNAL]|Bytes:8
11:45:17.0 (92947145)|HEAP_ALLOCATE|[EXTERNAL]|Bytes:5
11:45:17.0 (92959741)|HEAP_ALLOCATE|[EXTERNAL]|Bytes:8
11:45:17.0 (92963839)|HEAP_ALLOCATE|[EXTERNAL]|Bytes:44
11:45:17.0 (92974691)|HEAP_ALLOCATE|[EXTERNAL]|Bytes:8
11:45:17.0 (92978280)|HEAP_ALLOCATE|[EXTERNAL]|Bytes:5
11:45:17.0 (92990977)|HEAP_ALLOCATE|[EXTERNAL]|Bytes:8
11:45:17.0 (92995307)|HEAP_ALLOCATE|[EXTERNAL]|Bytes:44
11:45:17.0 (93005929)|HEAP_ALLOCATE|[EXTERNAL]|Bytes:8
11:45:17.0 (93010198)|HEAP_ALLOCATE|[EXTERNAL]|Bytes:5
11:45:17.0 (93023281)|HEAP_ALLOCATE|[EXTERNAL]|Bytes:8
11:45:17.0 (93027629)|HEAP_ALLOCATE|[EXTERNAL]|Bytes:44
11:45:17.0 (93038317)|HEAP_ALLOCATE|[EXTERNAL]|Bytes:8
11:45:17.0 (93041945)|HEAP_ALLOCATE|[EXTERNAL]|Bytes:5
11:45:17.0 (93054825)|HEAP_ALLOCATE|[EXTERNAL]|Bytes:8
11:45:17.0 (93059173)|HEAP_ALLOCATE|[EXTERNAL]|Bytes:44
11:45:17.0 (93069827)|HEAP_ALLOCATE|[EXTERNAL]|Bytes:8
11:45:17.0 (93073433)|HEAP_ALLOCATE|[EXTERNAL]|Bytes:5
11:45:17.0 (93086298)|HEAP_ALLOCATE|[EXTERNAL]|Bytes:8
11:45:17.0 (93090572)|HEAP_ALLOCATE|[EXTERNAL]|Bytes:44
11:45:17.0 (93101310)|HEAP_ALLOCATE|[EXTERNAL]|Bytes:8
11:45:17.0 (93104983)|HEAP_ALLOCATE|[EXTERNAL]|Bytes:5
11:45:17.0 (93118019)|HEAP_ALLOCATE|[EXTERNAL]|Bytes:8
11:45:17.0 (93122520)|HEAP_ALLOCATE|[EXTERNAL]|Bytes:44
11:45:17.0 (93133243)|HEAP_ALLOCATE|[EXTERNAL]|Bytes:8
11:45:17.0 (93136964)|HEAP_ALLOCATE|[EXTERNAL]|Bytes:5
11:45:17.0 (93149654)|HEAP_ALLOCATE|[EXTERNAL]|Bytes:8
11:45:17.0 (93153976)|HEAP_ALLOCATE|[EXTERNAL]|Bytes:44
11:45:17.0 (93164630)|HEAP_ALLOCATE|[EXTERNAL]|Bytes:8
11:45:17.0 (93168348)|HEAP_ALLOCATE|[EXTERNAL]|Bytes:5
11:45:17.0 (93181358)|HEAP_ALLOCATE|[EXTERNAL]|Bytes:8
11:45:17.0 (93185987)|HEAP_ALLOCATE|[EXTERNAL]|Bytes:44
11:45:17.0 (93196913)|HEAP_ALLOCATE|[EXTERNAL]|Bytes:8
11:45:17.0 (93200382)|HEAP_ALLOCATE|[EXTERNAL]|Bytes:5
11:45:17.0 (93213108)|HEAP_ALLOCATE|[EXTERNAL]|Bytes:8
11:45:17.0 (93217315)|HEAP_ALLOCATE|[EXTERNAL]|Bytes:44
11:45:17.0 (93228439)|HEAP_ALLOCATE|[EXTERNAL]|Bytes:8
11:45:17.0 (93232032)|HEAP_ALLOCATE|[EXTERNAL]|Bytes:5
11:45:17.0 (93244764)|HEAP_ALLOCATE|[EXTERNAL]|Bytes:8
11:45:17.0 (93249024)|HEAP_ALLOCATE|[EXTERNAL]|Bytes:44
11:45:17.0 (93259600)|HEAP_ALLOCATE|[EXTERNAL]|Bytes:8
11:45:17.0 (93263365)|HEAP_ALLOCATE|[EXTERNAL]|Bytes:5
11:45:17.0 (93276309)|HEAP_ALLOCATE|[EXTERNAL]|Bytes:8
11:45:17.0 (93280527)|HEAP_ALLOCATE|[EXTERNAL]|Bytes:44
11:45:17.0 (93291126)|HEAP_ALLOCATE|[EXTERNAL]|Bytes:8
11:45:17.0 (93294759)|HEAP_ALLOCATE|[EXTERNAL]|Bytes:5
11:45:17.0 (93307549)|HEAP_ALLOCATE|[EXTERNAL]|Bytes:8
11:45:17.0 (93311913)|HEAP_ALLOCATE|[EXTERNAL]|Bytes:44
11:45:17.0 (93322587)|HEAP_ALLOCATE|[EXTERNAL]|Bytes:8
11:45:17.0 (93326262)|HEAP_ALLOCATE|[EXTERNAL]|Bytes:5
11:45:17.0 (93338967)|HEAP_ALLOCATE|[EXTERNAL]|Bytes:8
11:45:17.0 (93343252)|HEAP_ALLOCATE|[EXTERNAL]|Bytes:44
11:45:17.0 (93353969)|HEAP_ALLOCATE|[EXTERNAL]|Bytes:8
11:45:17.0 (93357644)|HEAP_ALLOCATE|[EXTERNAL]|Bytes:5
11:45:17.0 (93370349)|HEAP_ALLOCATE|[EXTERNAL]|Bytes:8
11:45:17.0 (93379221)|HEAP_ALLOCATE|[EXTERNAL]|Bytes:44
11:45:17.0 (93392123)|HEAP_ALLOCATE|[EXTERNAL]|Bytes:8
11:45:17.0 (93396027)|HEAP_ALLOCATE|[EXTERNAL]|Bytes:5
11:45:17.0 (93409150)|HEAP_ALLOCATE|[EXTERNAL]|Bytes:8
11:45:17.0 (93414003)|HEAP_ALLOCATE|[EXTERNAL]|Bytes:44
11:45:17.0 (93424975)|HEAP_ALLOCATE|[EXTERNAL]|Bytes:8
11:45:17.0 (93428583)|HEAP_ALLOCATE|[EXTERNAL]|Bytes:5
11:45:17.0 (93441337)|HEAP_ALLOCATE|[EXTERNAL]|Bytes:8
11:45:17.0 (93445634)|HEAP_ALLOCATE|[EXTERNAL]|Bytes:44
11:45:17.0 (93456334)|HEAP_ALLOCATE|[EXTERNAL]|Bytes:8
11:45:17.0 (93459857)|HEAP_ALLOCATE|[EXTERNAL]|Bytes:5
11:45:17.0 (93472647)|HEAP_ALLOCATE|[EXTERNAL]|Bytes:8
11:45:17.0 (93477038)|HEAP_ALLOCATE|[EXTERNAL]|Bytes:44
11:45:17.0 (93487971)|HEAP_ALLOCATE|[EXTERNAL]|Bytes:8
11:45:17.0 (93491670)|HEAP_ALLOCATE|[EXTERNAL]|Bytes:5
11:45:17.0 (93504331)|HEAP_ALLOCATE|[EXTERNAL]|Bytes:8
11:45:17.0 (93508510)|HEAP_ALLOCATE|[EXTERNAL]|Bytes:44
11:45:17.0 (93519199)|HEAP_ALLOCATE|[EXTERNAL]|Bytes:8
11:45:17.0 (93522749)|HEAP_ALLOCATE|[EXTERNAL]|Bytes:5
11:45:17.0 (93535321)|HEAP_ALLOCATE|[EXTERNAL]|Bytes:8
11:45:17.0 (93539598)|HEAP_ALLOCATE|[EXTERNAL]|Bytes:44
11:45:17.0 (93550230)|HEAP_ALLOCATE|[EXTERNAL]|Bytes:8
11:45:17.0 (93553908)|HEAP_ALLOCATE|[EXTERNAL]|Bytes:5
11:45:17.0 (93572488)|HEAP_ALLOCATE|[EXTERNAL]|Bytes:8
11:45:17.0 (93578621)|HEAP_ALLOCATE|[EXTERNAL]|Bytes:44
11:45:17.0 (93594068)|HEAP_ALLOCATE|[EXTERNAL]|Bytes:8
11:45:17.0 (93598497)|HEAP_ALLOCATE|[EXTERNAL]|Bytes:5
11:45:17.0 (93612610)|HEAP_ALLOCATE|[EXTERNAL]|Bytes:8
11:45:17.0 (93617332)|HEAP_ALLOCATE|[EXTERNAL]|Bytes:44
11:45:17.0 (93628216)|HEAP_ALLOCATE|[EXTERNAL]|Bytes:8
11:45:17.0 (93631854)|HEAP_ALLOCATE|[EXTERNAL]|Bytes:5
11:45:17.0 (93644692)|HEAP_ALLOCATE|[EXTERNAL]|Bytes:8
11:45:17.0 (93649098)|HEAP_ALLOCATE|[EXTERNAL]|Bytes:44
11:45:17.0 (93659915)|HEAP_ALLOCATE|[EXTERNAL]|Bytes:8
11:45:17.0 (93663543)|HEAP_ALLOCATE|[EXTERNAL]|Bytes:5
11:45:17.0 (93676363)|HEAP_ALLOCATE|[EXTERNAL]|Bytes:8
11:45:17.0 (93680637)|HEAP_ALLOCATE|[EXTERNAL]|Bytes:44
11:45:17.0 (93691358)|HEAP_ALLOCATE|[EXTERNAL]|Bytes:8
11:45:17.0 (93694921)|HEAP_ALLOCATE|[EXTERNAL]|Bytes:5
11:45:17.0 (93707691)|HEAP_ALLOCATE|[EXTERNAL]|Bytes:8
11:45:17.0 (93712009)|HEAP_ALLOCATE|[EXTERNAL]|Bytes:44
11:45:17.0 (93723117)|HEAP_ALLOCATE|[EXTERNAL]|Bytes:8
11:45:17.0 (93726805)|HEAP_ALLOCATE|[EXTERNAL]|Bytes:5
11:45:17.0 (93739568)|HEAP_ALLOCATE|[EXTERNAL]|Bytes:8
11:45:17.0 (93743922)|HEAP_ALLOCATE|[EXTERNAL]|Bytes:44
11:45:17.0 (93754767)|HEAP_ALLOCATE|[EXTERNAL]|Bytes:8
11:45:17.0 (93758379)|HEAP_ALLOCATE|[EXTERNAL]|Bytes:5
11:45:17.0 (93771136)|HEAP_ALLOCATE|[EXTERNAL]|Bytes:8
11:45:17.0 (93775498)|HEAP_ALLOCATE|[EXTERNAL]|Bytes:44
11:45:17.0 (93786240)|HEAP_ALLOCATE|[EXTERNAL]|Bytes:8
11:45:17.0 (93789974)|HEAP_ALLOCATE|[EXTERNAL]|Bytes:5
11:45:17.0 (93802531)|HEAP_ALLOCATE|[EXTERNAL]|Bytes:8
11:45:17.0 (93806773)|HEAP_ALLOCATE|[EXTERNAL]|Bytes:44
11:45:17.0 (93817464)|HEAP_ALLOCATE|[EXTERNAL]|Bytes:8
11:45:17.0 (93821158)|HEAP_ALLOCATE|[EXTERNAL]|Bytes:5
11:45:17.0 (93833946)|HEAP_ALLOCATE|[EXTERNAL]|Bytes:8
11:45:17.0 (93838383)|HEAP_ALLOCATE|[EXTERNAL]|Bytes:44
11:45:17.0 (93849320)|HEAP_ALLOCATE|[EXTERNAL]|Bytes:8
11:45:17.0 (93852858)|HEAP_ALLOCATE|[EXTERNAL]|Bytes:5
11:45:17.0 (93865583)|HEAP_ALLOCATE|[EXTERNAL]|Bytes:8
11:45:17.0 (93870189)|HEAP_ALLOCATE|[EXTERNAL]|Bytes:44
11:45:17.0 (93880870)|HEAP_ALLOCATE|[EXTERNAL]|Bytes:8
11:45:17.0 (93884384)|HEAP_ALLOCATE|[EXTERNAL]|Bytes:5
11:45:17.0 (93897375)|HEAP_ALLOCATE|[EXTERNAL]|Bytes:8
11:45:17.0 (93901665)|HEAP_ALLOCATE|[EXTERNAL]|Bytes:44
11:45:17.0 (93912349)|HEAP_ALLOCATE|[EXTERNAL]|Bytes:8
11:45:17.0 (93915921)|HEAP_ALLOCATE|[EXTERNAL]|Bytes:5
11:45:17.0 (93928720)|HEAP_ALLOCATE|[EXTERNAL]|Bytes:8
11:45:17.0 (93932963)|HEAP_ALLOCATE|[EXTERNAL]|Bytes:44
11:45:17.0 (93943785)|HEAP_ALLOCATE|[EXTERNAL]|Bytes:8
11:45:17.0 (93947463)|HEAP_ALLOCATE|[EXTERNAL]|Bytes:5
11:45:17.0 (93960250)|HEAP_ALLOCATE|[EXTERNAL]|Bytes:8
11:45:17.0 (93964561)|HEAP_ALLOCATE|[EXTERNAL]|Bytes:44
11:45:17.0 (93975383)|HEAP_ALLOCATE|[EXTERNAL]|Bytes:8
11:45:17.0 (93978865)|HEAP_ALLOCATE|[EXTERNAL]|Bytes:5
11:45:17.0 (93991783)|HEAP_ALLOCATE|[EXTERNAL]|Bytes:8
11:45:17.0 (93996129)|HEAP_ALLOCATE|[EXTERNAL]|Bytes:44
11:45:17.0 (94006994)|HEAP_ALLOCATE|[EXTERNAL]|Bytes:8
11:45:17.0 (94011368)|HEAP_ALLOCATE|[EXTERNAL]|Bytes:5
11:45:17.0 (94024339)|HEAP_ALLOCATE|[EXTERNAL]|Bytes:8
11:45:17.0 (94028776)|HEAP_ALLOCATE|[EXTERNAL]|Bytes:44
11:45:17.0 (94039569)|HEAP_ALLOCATE|[EXTERNAL]|Bytes:8
11:45:17.0 (94043164)|HEAP_ALLOCATE|[EXTERNAL]|Bytes:5
11:45:17.0 (94055990)|HEAP_ALLOCATE|[EXTERNAL]|Bytes:8
11:45:17.0 (94060111)|HEAP_ALLOCATE|[EXTERNAL]|Bytes:44
11:45:17.0 (94070743)|HEAP_ALLOCATE|[EXTERNAL]|Bytes:8
11:45:17.0 (94074285)|HEAP_ALLOCATE|[EXTERNAL]|Bytes:5
11:45:17.0 (94086878)|HEAP_ALLOCATE|[EXTERNAL]|Bytes:8
11:45:17.0 (94091125)|HEAP_ALLOCATE|[EXTERNAL]|Bytes:44
11:45:17.0 (94101906)|HEAP_ALLOCATE|[EXTERNAL]|Bytes:8
11:45:17.0 (94105676)|HEAP_ALLOCATE|[EXTERNAL]|Bytes:5
11:45:17.0 (94118519)|HEAP_ALLOCATE|[EXTERNAL]|Bytes:8
11:45:17.0 (94122956)|HEAP_ALLOCATE|[EXTERNAL]|Bytes:44
11:45:17.0 (94133752)|HEAP_ALLOCATE|[EXTERNAL]|Bytes:8
11:45:17.0 (94137421)|HEAP_ALLOCATE|[EXTERNAL]|Bytes:5
11:45:17.0 (94150137)|HEAP_ALLOCATE|[EXTERNAL]|Bytes:8
11:45:17.0 (94154479)|HEAP_ALLOCATE|[EXTERNAL]|Bytes:44
11:45:17.0 (94165399)|HEAP_ALLOCATE|[EXTERNAL]|Bytes:8
11:45:17.0 (94169031)|HEAP_ALLOCATE|[EXTERNAL]|Bytes:5
11:45:17.0 (94181674)|HEAP_ALLOCATE|[EXTERNAL]|Bytes:8
11:45:17.0 (94186112)|HEAP_ALLOCATE|[EXTERNAL]|Bytes:44
11:45:17.0 (94196890)|HEAP_ALLOCATE|[EXTERNAL]|Bytes:8
11:45:17.0 (94200378)|HEAP_ALLOCATE|[EXTERNAL]|Bytes:5
11:45:17.0 (94212942)|HEAP_ALLOCATE|[EXTERNAL]|Bytes:8
11:45:17.0 (94217268)|HEAP_ALLOCATE|[EXTERNAL]|Bytes:44
11:45:17.0 (94227950)|HEAP_ALLOCATE|[EXTERNAL]|Bytes:8
11:45:17.0 (94231543)|HEAP_ALLOCATE|[EXTERNAL]|Bytes:5
11:45:17.0 (94244433)|HEAP_ALLOCATE|[EXTERNAL]|Bytes:8
11:45:17.0 (94248827)|HEAP_ALLOCATE|[EXTERNAL]|Bytes:44
11:45:17.0 (94274434)|HEAP_ALLOCATE|[EXTERNAL]|Bytes:4
11:45:17.0 (94281318)|HEAP_ALLOCATE|[EXTERNAL]|Bytes:4
11:45:17.0 (94285264)|HEAP_ALLOCATE|[EXTERNAL]|Bytes:4
11:45:17.0 (94286863)|HEAP_ALLOCATE|[EXTERNAL]|Bytes:4
11:45:17.0 (94288111)|HEAP_ALLOCATE|[EXTERNAL]|Bytes:4
11:45:17.0 (94289179)|HEAP_ALLOCATE|[EXTERNAL]|Bytes:4
11:45:17.0 (94290682)|HEAP_ALLOCATE|[EXTERNAL]|Bytes:4
11:45:17.0 (94291722)|HEAP_ALLOCATE|[EXTERNAL]|Bytes:4
11:45:17.0 (94292738)|HEAP_ALLOCATE|[EXTERNAL]|Bytes:4
11:45:17.0 (94293804)|HEAP_ALLOCATE|[EXTERNAL]|Bytes:4
11:45:17.0 (94294831)|HEAP_ALLOCATE|[EXTERNAL]|Bytes:4
11:45:17.0 (94295893)|HEAP_ALLOCATE|[EXTERNAL]|Bytes:4
11:45:17.0 (94296983)|HEAP_ALLOCATE|[EXTERNAL]|Bytes:4
11:45:17.0 (94298118)|HEAP_ALLOCATE|[EXTERNAL]|Bytes:4
11:45:17.0 (94299148)|HEAP_ALLOCATE|[EXTERNAL]|Bytes:4
11:45:17.0 (94300153)|HEAP_ALLOCATE|[EXTERNAL]|Bytes:4
11:45:17.0 (94301150)|HEAP_ALLOCATE|[EXTERNAL]|Bytes:4
11:45:17.0 (94302226)|HEAP_ALLOCATE|[EXTERNAL]|Bytes:4
11:45:17.0 (94303319)|HEAP_ALLOCATE|[EXTERNAL]|Bytes:4
11:45:17.0 (94304335)|HEAP_ALLOCATE|[EXTERNAL]|Bytes:4
11:45:17.0 (94305337)|HEAP_ALLOCATE|[EXTERNAL]|Bytes:4
11:45:17.0 (94306354)|HEAP_ALLOCATE|[EXTERNAL]|Bytes:4
11:45:17.0 (94307395)|HEAP_ALLOCATE|[EXTERNAL]|Bytes:4
11:45:17.0 (94308419)|HEAP_ALLOCATE|[EXTERNAL]|Bytes:4
11:45:17.0 (94309440)|HEAP_ALLOCATE|[EXTERNAL]|Bytes:4
11:45:17.0 (94310884)|HEAP_ALLOCATE|[EXTERNAL]|Bytes:4
11:45:17.0 (94311925)|HEAP_ALLOCATE|[EXTERNAL]|Bytes:4
11:45:17.0 (94312945)|HEAP_ALLOCATE|[EXTERNAL]|Bytes:4
11:45:17.0 (94313975)|HEAP_ALLOCATE|[EXTERNAL]|Bytes:4
11:45:17.0 (94315196)|HEAP_ALLOCATE|[EXTERNAL]|Bytes:4
11:45:17.0 (94316223)|HEAP_ALLOCATE|[EXTERNAL]|Bytes:4
11:45:17.0 (94317243)|HEAP_ALLOCATE|[EXTERNAL]|Bytes:4
11:45:17.0 (94318271)|HEAP_ALLOCATE|[EXTERNAL]|Bytes:4
11:45:17.0 (94319305)|HEAP_ALLOCATE|[EXTERNAL]|Bytes:4
11:45:17.0 (94320320)|HEAP_ALLOCATE|[EXTERNAL]|Bytes:4
11:45:17.0 (94321343)|HEAP_ALLOCATE|[EXTERNAL]|Bytes:4
11:45:17.0 (94322428)|HEAP_ALLOCATE|[EXTERNAL]|Bytes:4
11:45:17.0 (94323471)|HEAP_ALLOCATE|[EXTERNAL]|Bytes:4
11:45:17.0 (94324514)|HEAP_ALLOCATE|[EXTERNAL]|Bytes:4
11:45:17.0 (94325553)|HEAP_ALLOCATE|[EXTERNAL]|Bytes:4
11:45:17.0 (94326594)|HEAP_ALLOCATE|[EXTERNAL]|Bytes:4
11:45:17.0 (94327631)|HEAP_ALLOCATE|[EXTERNAL]|Bytes:4
11:45:17.0 (94328653)|HEAP_ALLOCATE|[EXTERNAL]|Bytes:4
11:45:17.0 (94329663)|HEAP_ALLOCATE|[EXTERNAL]|Bytes:4
11:45:17.0 (94330875)|HEAP_ALLOCATE|[EXTERNAL]|Bytes:4
11:45:17.0 (94331907)|HEAP_ALLOCATE|[EXTERNAL]|Bytes:4
11:45:17.0 (94332907)|HEAP_ALLOCATE|[EXTERNAL]|Bytes:4
11:45:17.0 (94334026)|HEAP_ALLOCATE|[EXTERNAL]|Bytes:4
11:45:17.0 (94335074)|HEAP_ALLOCATE|[EXTERNAL]|Bytes:4
11:45:17.0 (94336082)|HEAP_ALLOCATE|[EXTERNAL]|Bytes:4
11:45:17.0 (94337104)|HEAP_ALLOCATE|[EXTERNAL]|Bytes:4
11:45:17.0 (94338100)|HEAP_ALLOCATE|[EXTERNAL]|Bytes:4
11:45:17.0 (96027044)|HEAP_ALLOCATE|[EXTERNAL]|Bytes:8
11:45:17.0 (96041863)|HEAP_ALLOCATE|[EXTERNAL]|Bytes:5
11:45:17.0 (96076905)|HEAP_ALLOCATE|[EXTERNAL]|Bytes:8
11:45:17.0 (96088510)|HEAP_ALLOCATE|[EXTERNAL]|Bytes:44
11:45:17.0 (96113208)|HEAP_ALLOCATE|[EXTERNAL]|Bytes:8
11:45:17.0 (96120720)|HEAP_ALLOCATE|[EXTERNAL]|Bytes:5
11:45:17.0 (96144776)|HEAP_ALLOCATE|[EXTERNAL]|Bytes:8
11:45:17.0 (96152849)|HEAP_ALLOCATE|[EXTERNAL]|Bytes:44
11:45:17.0 (96171990)|HEAP_ALLOCATE|[EXTERNAL]|Bytes:8
11:45:17.0 (96178421)|HEAP_ALLOCATE|[EXTERNAL]|Bytes:5
11:45:17.0 (96200730)|HEAP_ALLOCATE|[EXTERNAL]|Bytes:8
11:45:17.0 (96208221)|HEAP_ALLOCATE|[EXTERNAL]|Bytes:44
11:45:17.0 (96227496)|HEAP_ALLOCATE|[EXTERNAL]|Bytes:8
11:45:17.0 (96233647)|HEAP_ALLOCATE|[EXTERNAL]|Bytes:5
11:45:17.0 (96253657)|HEAP_ALLOCATE|[EXTERNAL]|Bytes:8
11:45:17.0 (96260517)|HEAP_ALLOCATE|[EXTERNAL]|Bytes:44
11:45:17.0 (96276239)|HEAP_ALLOCATE|[EXTERNAL]|Bytes:8
11:45:17.0 (96281436)|HEAP_ALLOCATE|[EXTERNAL]|Bytes:5
11:45:17.0 (96299510)|HEAP_ALLOCATE|[EXTERNAL]|Bytes:8
11:45:17.0 (96305697)|HEAP_ALLOCATE|[EXTERNAL]|Bytes:44
11:45:17.0 (96320896)|HEAP_ALLOCATE|[EXTERNAL]|Bytes:8
11:45:17.0 (96326150)|HEAP_ALLOCATE|[EXTERNAL]|Bytes:5
11:45:17.0 (96346677)|HEAP_ALLOCATE|[EXTERNAL]|Bytes:8
11:45:17.0 (96355359)|HEAP_ALLOCATE|[EXTERNAL]|Bytes:44
11:45:17.0 (96379054)|HEAP_ALLOCATE|[EXTERNAL]|Bytes:8
11:45:17.0 (96386655)|HEAP_ALLOCATE|[EXTERNAL]|Bytes:5
11:45:17.0 (96413982)|HEAP_ALLOCATE|[EXTERNAL]|Bytes:8
11:45:17.0 (96423506)|HEAP_ALLOCATE|[EXTERNAL]|Bytes:44
11:45:17.0 (96447063)|HEAP_ALLOCATE|[EXTERNAL]|Bytes:8
11:45:17.0 (96455765)|HEAP_ALLOCATE|[EXTERNAL]|Bytes:5
11:45:17.0 (96508684)|HEAP_ALLOCATE|[EXTERNAL]|Bytes:8
11:45:17.0 (96518817)|HEAP_ALLOCATE|[EXTERNAL]|Bytes:44
11:45:17.0 (96542344)|HEAP_ALLOCATE|[EXTERNAL]|Bytes:8
11:45:17.0 (96550581)|HEAP_ALLOCATE|[EXTERNAL]|Bytes:5
11:45:17.0 (96586462)|HEAP_ALLOCATE|[EXTERNAL]|Bytes:4
11:45:17.0 (96598119)|HEAP_ALLOCATE|[EXTERNAL]|Bytes:4
11:45:17.0 (96603461)|HEAP_ALLOCATE|[EXTERNAL]|Bytes:4
11:45:17.0 (96606323)|HEAP_ALLOCATE|[EXTERNAL]|Bytes:4
11:45:17.0 (96608656)|HEAP_ALLOCATE|[EXTERNAL]|Bytes:4
11:45:17.0 (96610833)|HEAP_ALLOCATE|[EXTERNAL]|Bytes:4
11:45:17.0 (96613079)|HEAP_ALLOCATE|[EXTERNAL]|Bytes:4
11:45:17.0 (96614956)|HEAP_ALLOCATE|[EXTERNAL]|Bytes:4
11:45:17.0 (96616996)|HEAP_ALLOCATE|[EXTERNAL]|Bytes:4
11:45:17.0 (96618847)|HEAP_ALLOCATE|[EXTERNAL]|Bytes:4
11:45:17.0 (96620968)|HEAP_ALLOCATE|[EXTERNAL]|Bytes:4
11:45:17.116 (116258330)|CUMULATIVE_LIMIT_USAGE
11:45:17.116 (116258330)|LIMIT_USAGE_FOR_NS|(default)|
  Number of SOQL queries: 0 out of 200
  Number of query rows: 0 out of 50000
  Number of SOSL queries: 0 out of 20
  Number of DML statements: 0 out of 150
  Number of DML rows: 0 out of 10000
  Maximum CPU time: 0 out of 60000
  Maximum heap size: 0 out of 12000000
  Number of callouts: 0 out of 0
  Number of Email Invocations: 0 out of 10
  Number of future calls: 0 out of 0
  Number of queueable jobs added to the queue: 0 out of 1
  Number of Mobile Apex push calls: 0 out of 10

11:45:17.116 (116258330)|TOTAL_EMAIL_RECIPIENTS_QUEUED|0
11:45:17.116 (116258330)|STATIC_VARIABLE_LIST|
  char[]:DigitTens:0
  long:serialVersionUID:0
  long:serialVersionUID:0
  String:_sfdcAdditionalCodeLocations:0
  double:MAX_VALUE:0
  Boolean:FALSE:0
  long:serialVersionUID:0
  double:MIN_VALUE:0
  int:SIZE:0
  String:_sfdcAdditionalCodeLocations:0
  double:NEGATIVE_INFINITY:0
  int:MAX_VALUE:0
  char[]:digits:0
  double:NaN:0
  Boolean:TRUE:0
  String:__sfdcParameterizedTypes:0
  String:_sfdcSuppressedCodeLocations:0
  String:_sfdcAdditionalCodeLocations:0
  int:MIN_VALUE:0
  char[]:DigitOnes:0
  int:BYTES:0
  int:MIN_EXPONENT:0
  int[]:sizeTable:0
  int:MAX_EXPONENT:0
  int:SIZE:0
  double:POSITIVE_INFINITY:0
  double:MIN_NORMAL:0
  int:BYTES:0

11:45:17.116 (116258330)|CUMULATIVE_LIMIT_USAGE_END

11:45:17.0 (116500350)|CODE_UNIT_FINISHED|TransactionBuilderBatch
11:45:17.0 (118078654)|EXECUTION_FINISHED
11:45:17.136 (136426885)|CUMULATIVE_PROFILING_BEGIN
11:45:17.136 (136426885)|CUMULATIVE_PROFILING|No profiling information for SOQL operations
11:45:17.136 (136426885)|CUMULATIVE_PROFILING|No profiling information for SOSL operations
11:45:17.136 (136426885)|CUMULATIVE_PROFILING|No profiling information for DML operations
11:45:17.136 (136426885)|CUMULATIVE_PROFILING|method invocations|
External entry point: global List<Transaction__c> start(Database.BatchableContext): executed 1 time in 1 ms
Class.TransactionBuilderBatch.start: line 23, column 1: global public static void debug(ANY): executed 1 time in 0 ms

11:45:17.136 (136426885)|CUMULATIVE_PROFILING_END
