38.0 APEX_CODE,FINEST;APEX_PROFILING,FINEST;CALLOUT,FINEST;DB,FINEST;SYSTEM,DEBUG;VALIDATION,INFO;VISUALFORCE,FINER;WORKFLOW,FINER
11:28:15.0 (547470)|USER_INFO|[EXTERNAL]|00528000004DSFj|resmi.ramakrishnan@qvmtest.com.devmerge|Australian Eastern Standard Time|GMT+10:00
11:28:15.0 (584083)|EXECUTION_STARTED
11:28:15.0 (590084)|CODE_UNIT_STARTED|[EXTERNAL]|066p00000004sPO|VF: /apex/DownloadABAFilePage
11:28:15.0 (48692715)|VF_APEX_CALL_START|[EXTERNAL]|01pp0000000EVMb|DownloadABAFileController <init>
11:28:15.0 (48739511)|SYSTEM_MODE_ENTER|true
11:28:15.0 (49317671)|HEAP_ALLOCATE|[72]|Bytes:3
11:28:15.0 (49351753)|HEAP_ALLOCATE|[77]|Bytes:152
11:28:15.0 (49367725)|HEAP_ALLOCATE|[342]|Bytes:408
11:28:15.0 (49394176)|HEAP_ALLOCATE|[355]|Bytes:408
11:28:15.0 (49415403)|HEAP_ALLOCATE|[467]|Bytes:48
11:28:15.0 (49441236)|HEAP_ALLOCATE|[139]|Bytes:6
11:28:15.0 (49462400)|HEAP_ALLOCATE|[EXTERNAL]|Bytes:188
11:28:15.0 (49467351)|HEAP_ALLOCATE|[EXTERNAL]|Bytes:20
11:28:15.0 (49470095)|HEAP_ALLOCATE|[EXTERNAL]|Bytes:2
11:28:15.0 (49486090)|METHOD_ENTRY|[1]|01pp0000000EVMb|DownloadABAFileController.DownloadABAFileController()
11:28:15.0 (49490957)|STATEMENT_EXECUTE|[1]
11:28:15.0 (49497706)|STATEMENT_EXECUTE|[1]
11:28:15.0 (49503468)|METHOD_EXIT|[1]|DownloadABAFileController
11:28:15.0 (49563234)|HEAP_ALLOCATE|[EXTERNAL]|Bytes:44
11:28:15.0 (49583069)|VARIABLE_SCOPE_BEGIN|[18]|this|DownloadABAFileController|true|false
11:28:15.0 (49664898)|VARIABLE_ASSIGNMENT|[18]|this|{}|0x6f06621b
11:28:15.0 (49671484)|VARIABLE_SCOPE_BEGIN|[18]|stdController|ApexPages.StandardController|true|false
11:28:15.0 (49835677)|VARIABLE_ASSIGNMENT|[18]|stdController|"StandardController [null]"|0x4872d58a
11:28:15.0 (49843536)|STATEMENT_EXECUTE|[1]
11:28:15.0 (49845007)|STATEMENT_EXECUTE|[3]
11:28:15.0 (49846179)|STATEMENT_EXECUTE|[4]
11:28:15.0 (49847130)|STATEMENT_EXECUTE|[5]
11:28:15.0 (49848042)|STATEMENT_EXECUTE|[8]
11:28:15.0 (49848958)|STATEMENT_EXECUTE|[9]
11:28:15.0 (49849850)|STATEMENT_EXECUTE|[10]
11:28:15.0 (49850958)|STATEMENT_EXECUTE|[11]
11:28:15.0 (49851888)|STATEMENT_EXECUTE|[13]
11:28:15.0 (49852825)|STATEMENT_EXECUTE|[14]
11:28:15.0 (49858115)|HEAP_ALLOCATE|[14]|Bytes:4
11:28:15.0 (49871518)|VARIABLE_ASSIGNMENT|[14]|this.maxLengthUserName|26|0x6f06621b
11:28:15.0 (49873678)|STATEMENT_EXECUTE|[15]
11:28:15.0 (49880776)|HEAP_ALLOCATE|[14]|Bytes:6
11:28:15.0 (49920436)|STATEMENT_EXECUTE|[19]
11:28:15.0 (49922416)|STATEMENT_EXECUTE|[20]
11:28:15.0 (58945072)|HEAP_ALLOCATE|[20]|Bytes:12
11:28:15.0 (58991332)|VARIABLE_ASSIGNMENT|[20]|this.batchlobObj|{"s":1,"v":{"Id":"a01p0000002pSpRAAU","RecordTypeId":"012p0000000CggNAAS"}}|0x6f06621b
11:28:15.0 (58996491)|STATEMENT_EXECUTE|[21]
11:28:15.0 (59047486)|HEAP_ALLOCATE|[21]|Bytes:12
11:28:15.0 (59154156)|VARIABLE_ASSIGNMENT|[21]|this.recId|"a01p0000002pSpRAAU"|0x6f06621b
11:28:15.0 (59158622)|STATEMENT_EXECUTE|[23]
11:28:15.0 (59226155)|HEAP_ALLOCATE|[23]|Bytes:17
11:28:15.0 (59373288)|VARIABLE_ASSIGNMENT|[EXTERNAL]|this|{"batchlobObj":"0x3a260fc9","maxLengthUserName":26,"recId":"a01p0000002pSpRAAU"}|0x6f06621b
11:28:15.0 (59384233)|VARIABLE_ASSIGNMENT|[EXTERNAL]|value|"                 "
11:28:15.0 (59393488)|VARIABLE_ASSIGNMENT|[8]|this.emptyString17|"                 "|0x6f06621b
11:28:15.0 (59400765)|STATEMENT_EXECUTE|[24]
11:28:15.0 (59433219)|HEAP_ALLOCATE|[24]|Bytes:7
11:28:15.0 (59561065)|VARIABLE_ASSIGNMENT|[EXTERNAL]|this|{"batchlobObj":"0x3a260fc9","emptyString17":"                 ","maxLengthUserName":26,"recId":"a01p0000002pSpRAAU"}|0x6f06621b
11:28:15.0 (59571384)|VARIABLE_ASSIGNMENT|[EXTERNAL]|value|"       "
11:28:15.0 (59579814)|VARIABLE_ASSIGNMENT|[9]|this.emptyString7|"       "|0x6f06621b
11:28:15.0 (59587010)|STATEMENT_EXECUTE|[25]
11:28:15.0 (59590687)|HEAP_ALLOCATE|[25]|Bytes:2
11:28:15.0 (59727799)|VARIABLE_ASSIGNMENT|[EXTERNAL]|this|{"batchlobObj":"0x3a260fc9","emptyString17":"                 ","emptyString7":"       ","maxLengthUserName":26,"recId":"a01p0000002pSpRAAU"}|0x6f06621b
11:28:15.0 (59739246)|VARIABLE_ASSIGNMENT|[EXTERNAL]|value|"\r\n"
11:28:15.0 (59748101)|VARIABLE_ASSIGNMENT|[10]|this.newLine|"\r\n"|0x6f06621b
11:28:15.0 (59773735)|VF_APEX_CALL_END|DownloadABAFileController <init>
11:28:15.0 (59901585)|VF_APEX_CALL_START|[EXTERNAL]|01pp0000000EVMb|DownloadABAFileController invoke(fetch)
11:28:15.0 (59937376)|HEAP_ALLOCATE|[EXTERNAL]|Bytes:44
11:28:15.0 (59947182)|VARIABLE_SCOPE_BEGIN|[28]|this|DownloadABAFileController|true|false
11:28:15.0 (60066264)|VARIABLE_ASSIGNMENT|[28]|this|{"batchlobObj":"0x3a260fc9","emptyString17":"                 ","emptyString7":"       ","maxLengthUserName":26,"newLine":"\r\n","recId":"a01p0000002pSpRAAU"}|0x6f06621b
11:28:15.0 (60079260)|STATEMENT_EXECUTE|[29]
11:28:15.0 (60080812)|STATEMENT_EXECUTE|[30]
11:28:15.0 (60081779)|STATEMENT_EXECUTE|[31]
11:28:15.0 (60082900)|STATEMENT_EXECUTE|[32]
11:28:15.0 (60086407)|HEAP_ALLOCATE|[32]|Bytes:200
11:28:15.0 (60096143)|HEAP_ALLOCATE|[32]|Bytes:4
11:28:15.0 (60121208)|HEAP_ALLOCATE|[50]|Bytes:5
11:28:15.0 (60137956)|HEAP_ALLOCATE|[56]|Bytes:5
11:28:15.0 (60145653)|HEAP_ALLOCATE|[64]|Bytes:7
11:28:15.0 (60425555)|SOQL_EXECUTE_BEGIN|[32]|Aggregations:0|SELECT Financial_Institution__c, Name_Of_User__c, User_Identification_Number__c, Description__c, Date_to_be_Processed__c FROM Qvm_ABA_File_Generator__c WHERE Name = 'ABA File Header Generator' LIMIT 1
11:28:15.0 (60436351)|LIMIT_USAGE|[32]|SOQL|1|100
11:28:15.0 (60443983)|LIMIT_USAGE|[32]|AGGS|0|300
11:28:15.0 (67939038)|SOQL_EXECUTE_END|[32]|Rows:1
11:28:15.0 (67952794)|LIMIT_USAGE|[32]|SOQL_ROWS|1|50000
11:28:15.0 (67973263)|HEAP_ALLOCATE|[32]|Bytes:8
11:28:15.0 (67994811)|HEAP_ALLOCATE|[32]|Bytes:254
11:28:15.0 (68103409)|HEAP_ALLOCATE|[32]|Bytes:8
11:28:15.0 (68117427)|HEAP_ALLOCATE|[32]|Bytes:51
11:28:15.0 (68196228)|HEAP_ALLOCATE|[32]|Bytes:28
11:28:15.0 (68441674)|VARIABLE_ASSIGNMENT|[EXTERNAL]|this|{"batchlobObj":"0x3a260fc9","emptyString17":"                 ","emptyString7":"       ","maxLengthUserName":26,"newLine":"\r\n","recId":"a01p0000002pSpRAAU"}|0x6f06621b
11:28:15.0 (68483315)|VARIABLE_ASSIGNMENT|[EXTERNAL]|value|{"s":1,"v":{"Financial_Institutio (4 more) ...":"NAB","Name_Of_User__c":"Queen Victoria Marke (1 more) ...","User_Identification_ (9 more) ...":128006,"Description__c":"TEST","Date_to_be_Processed (3 more) ...":170316,"Id":"a0bp0000001ZYpaAAG"}}|0x3ca8836
11:28:15.0 (68520428)|VARIABLE_ASSIGNMENT|[5]|this.qvmABAFileObj|{"s":1,"v":{"Financial_Institutio (4 more) ...":"NAB","Name_Of_User__c":"Queen Victoria Marke (1 more) ...","User_Identification_ (9 more) ...":128006,"Description__c":"TEST","Date_to_be_Processed (3 more) ...":170316,"Id":"a0bp0000001ZYpaAAG"}}|0x6f06621b
11:28:15.0 (68535860)|STATEMENT_EXECUTE|[36]
11:28:15.0 (68730312)|VARIABLE_ASSIGNMENT|[EXTERNAL]|this|{"batchlobObj":"0x3a260fc9","emptyString17":"                 ","emptyString7":"       ","maxLengthUserName":26,"newLine":"\r\n","qvmABAFileObj":"0x3ca8836","recId":"a01p0000002pSpRAAU"}|0x6f06621b
11:28:15.0 (68956756)|VARIABLE_ASSIGNMENT|[EXTERNAL]|this|{"batchlobObj":"0x3a260fc9","emptyString17":"                 ","emptyString7":"       ","maxLengthUserName":26,"newLine":"\r\n","qvmABAFileObj":"0x3ca8836","recId":"a01p0000002pSpRAAU"}|0x6f06621b
11:28:15.0 (68974635)|VARIABLE_ASSIGNMENT|[EXTERNAL]|value|"Queen Victoria Marke (1 more) ..."
11:28:15.0 (68990494)|VARIABLE_ASSIGNMENT|[11]|this.UserName|"Queen Victoria Marke (1 more) ..."|0x6f06621b
11:28:15.0 (69001335)|STATEMENT_EXECUTE|[37]
11:28:15.0 (69240201)|VARIABLE_ASSIGNMENT|[EXTERNAL]|this|{"batchlobObj":"0x3a260fc9","emptyString17":"                 ","emptyString7":"       ","maxLengthUserName":26,"newLine":"\r\n","qvmABAFileObj":"0x3ca8836","recId":"a01p0000002pSpRAAU","UserName":"Queen Victoria Market"}|0x6f06621b
11:28:15.0 (69312616)|HEAP_ALLOCATE|[37]|Bytes:4
11:28:15.0 (69347009)|VARIABLE_ASSIGNMENT|[37]|this.lengthUserName|21|0x6f06621b
11:28:15.0 (69351081)|STATEMENT_EXECUTE|[38]
11:28:15.0 (69364776)|HEAP_ALLOCATE|[38]|Bytes:4
11:28:15.0 (69393255)|VARIABLE_ASSIGNMENT|[38]|this.extrLengthUserName|5|0x6f06621b
11:28:15.0 (69398790)|STATEMENT_EXECUTE|[39]
11:28:15.0 (69598037)|VARIABLE_ASSIGNMENT|[EXTERNAL]|this|{"batchlobObj":"0x3a260fc9","emptyString17":"                 ","emptyString7":"       ","extrLengthUserName":5,"lengthUserName":21,"maxLengthUserName":26,"newLine":"\r\n","qvmABAFileObj":"0x3ca8836","recId":"a01p0000002pSpRAAU","UserName":"Queen Victoria Market"}|0x6f06621b
11:28:15.0 (69700676)|VF_APEX_CALL_END|DownloadABAFileController invoke(fetch)
11:28:15.0 (71895817)|VF_APEX_CALL_START|[EXTERNAL]|01pp0000000EVMb|DownloadABAFileController get(emptyString17)
11:28:15.0 (71917206)|SYSTEM_MODE_ENTER|true
11:28:15.0 (71948350)|VF_APEX_CALL_START|[EXTERNAL]|01pp0000000EVMb|emptyString17
11:28:15.0 (71970150)|VF_APEX_CALL_END|emptyString17
11:28:15.0 (71995254)|VF_APEX_CALL_END|DownloadABAFileController get(emptyString17)
11:28:15.0 (72159425)|VF_APEX_CALL_START|[EXTERNAL]|01pp0000000EVMb|DownloadABAFileController get(qvmABAFileObj)
11:28:15.0 (72171665)|SYSTEM_MODE_ENTER|true
11:28:15.0 (72188791)|VF_APEX_CALL_START|[EXTERNAL]|01pp0000000EVMb|qvmABAFileObj
11:28:15.0 (72206274)|VF_APEX_CALL_END|qvmABAFileObj
11:28:15.0 (72236474)|VF_APEX_CALL_END|DownloadABAFileController get(qvmABAFileObj)
11:28:15.0 (72407053)|VF_APEX_CALL_START|[EXTERNAL]|01pp0000000EVMb|DownloadABAFileController get(emptyString7)
11:28:15.0 (72415998)|SYSTEM_MODE_ENTER|true
11:28:15.0 (72426910)|VF_APEX_CALL_START|[EXTERNAL]|01pp0000000EVMb|emptyString7
11:28:15.0 (72438226)|VF_APEX_CALL_END|emptyString7
11:28:15.0 (72452630)|VF_APEX_CALL_END|DownloadABAFileController get(emptyString7)
11:28:15.0 (72508800)|VF_APEX_CALL_START|[EXTERNAL]|01pp0000000EVMb|DownloadABAFileController get(UserName)
11:28:15.0 (72516951)|SYSTEM_MODE_ENTER|true
11:28:15.0 (72527153)|VF_APEX_CALL_START|[EXTERNAL]|01pp0000000EVMb|UserName
11:28:15.0 (72537427)|VF_APEX_CALL_END|UserName
11:28:15.0 (72551321)|VF_APEX_CALL_END|DownloadABAFileController get(UserName)
11:28:15.0 (72961947)|VF_APEX_CALL_START|[EXTERNAL]|01pp0000000EVMb|DownloadABAFileController get(newLine)
11:28:15.0 (72970602)|SYSTEM_MODE_ENTER|true
11:28:15.0 (72981555)|VF_APEX_CALL_START|[EXTERNAL]|01pp0000000EVMb|newLine
11:28:15.0 (72992108)|VF_APEX_CALL_END|newLine
11:28:15.0 (73006302)|VF_APEX_CALL_END|DownloadABAFileController get(newLine)
11:28:15.77 (77727582)|CUMULATIVE_LIMIT_USAGE
11:28:15.77 (77727582)|LIMIT_USAGE_FOR_NS|(default)|
  Number of SOQL queries: 1 out of 100
  Number of query rows: 1 out of 50000
  Number of SOSL queries: 0 out of 20
  Number of DML statements: 0 out of 150
  Number of DML rows: 0 out of 10000
  Maximum CPU time: 0 out of 10000
  Maximum heap size: 0 out of 6000000
  Number of callouts: 0 out of 100
  Number of Email Invocations: 0 out of 10
  Number of future calls: 0 out of 50
  Number of queueable jobs added to the queue: 0 out of 50
  Number of Mobile Apex push calls: 0 out of 10

11:28:15.77 (77727582)|TOTAL_EMAIL_RECIPIENTS_QUEUED|0
11:28:15.77 (77727582)|STATIC_VARIABLE_LIST|
  char[]:DigitTens:0
  long:serialVersionUID:0
  long:serialVersionUID:0
  String:_sfdcAdditionalCodeLocations:0
  double:MAX_VALUE:0
  Boolean:FALSE:0
  long:serialVersionUID:0
  double:MIN_VALUE:0
  int:SIZE:0
  double:NEGATIVE_INFINITY:0
  int:MAX_VALUE:0
  String:__sfdcProperties:0
  char[]:digits:0
  String:_sfdcSuppressedCodeLocations:0
  double:NaN:0
  Boolean:TRUE:0
  int:MIN_VALUE:0
  char[]:DigitOnes:0
  int:BYTES:0
  int:MIN_EXPONENT:0
  int[]:sizeTable:0
  int:MAX_EXPONENT:0
  String:_sfdcAdditionalCodeLocations:0
  int:SIZE:0
  double:POSITIVE_INFINITY:0
  double:MIN_NORMAL:0
  int:BYTES:0

11:28:15.77 (77727582)|CUMULATIVE_LIMIT_USAGE_END

11:28:15.0 (77866666)|CODE_UNIT_FINISHED|VF: /apex/DownloadABAFilePage
11:28:15.0 (79876789)|EXECUTION_FINISHED
11:28:15.84 (84809371)|CUMULATIVE_PROFILING_BEGIN
11:28:15.84 (84809371)|CUMULATIVE_PROFILING|SOQL operations|
Class.DownloadABAFileController.fetch: line 32, column 1: [SELECT Financial_Institution__c,Name_Of_User__c,
                             User_Identification_Number__c,Description__c,Date_to_be_Processed__c 
                             FROM Qvm_ABA_File_Generator__c where Name = 'ABA File Header Generator' LIMIT 1]: executed 2 times in 8 ms

11:28:15.84 (84809371)|CUMULATIVE_PROFILING|No profiling information for SOSL operations
11:28:15.84 (84809371)|CUMULATIVE_PROFILING|No profiling information for DML operations
11:28:15.84 (84809371)|CUMULATIVE_PROFILING|method invocations|
External entry point: public void fetch(): executed 1 time in 9 ms
Class.DownloadABAFileController.<init>: line 20, column 1: global SObject getRecord(): executed 1 time in 9 ms
Class.DownloadABAFileController.fetch: line 36, column 1: public Qvm_ABA_File_Generator__c __sfdc_qvmABAFileObj(): executed 2 times in 0 ms
Class.DownloadABAFileController.<init>: line 21, column 1: global SObject getRecord(): executed 1 time in 0 ms
Class.DownloadABAFileController.fetch: line 37, column 1: public String __sfdc_UserName(): executed 2 times in 0 ms
Class.DownloadABAFileController.<init>: line 23, column 1: public String rightPad(Integer): executed 2 times in 0 ms
Class.DownloadABAFileController.fetch: line 39, column 1: public String __sfdc_UserName(): executed 2 times in 0 ms
Class.DownloadABAFileController.<init>: line 24, column 1: public String rightPad(Integer): executed 2 times in 0 ms
Class.DownloadABAFileController.<init>: line 25, column 1: public void __sfdc_newLine(String): executed 1 time in 0 ms

11:28:15.84 (84809371)|CUMULATIVE_PROFILING_END
