38.0 APEX_CODE,FINEST;APEX_PROFILING,FINEST;CALLOUT,FINEST;DB,FINEST;SYSTEM,DEBUG;VALIDATION,INFO;VISUALFORCE,FINER;WORKFLOW,FINER
10:23:41.0 (461451)|USER_INFO|[EXTERNAL]|005p0000000MSbo|priyanka.manoharan@rxpservices.com.devmerge|Australian Eastern Standard Time|GMT+10:00
10:23:41.0 (507749)|EXECUTION_STARTED
10:23:41.0 (515644)|CODE_UNIT_STARTED|[EXTERNAL]|01pp0000000ETpq|LeaveController.getAccountBusiness
10:23:41.0 (705538)|HEAP_ALLOCATE|[72]|Bytes:3
10:23:41.0 (771294)|HEAP_ALLOCATE|[77]|Bytes:152
10:23:41.0 (803541)|HEAP_ALLOCATE|[342]|Bytes:408
10:23:41.0 (831948)|HEAP_ALLOCATE|[355]|Bytes:408
10:23:41.0 (857774)|HEAP_ALLOCATE|[467]|Bytes:48
10:23:41.0 (903618)|HEAP_ALLOCATE|[139]|Bytes:6
10:23:41.0 (986033)|HEAP_ALLOCATE|[EXTERNAL]|Bytes:6
10:23:41.0 (993226)|HEAP_ALLOCATE|[EXTERNAL]|Bytes:8
10:23:41.0 (1017568)|METHOD_ENTRY|[1]|01pp0000000ETpq|LeaveController.LeaveController()
10:23:41.0 (1024941)|STATEMENT_EXECUTE|[1]
10:23:41.0 (1030606)|STATEMENT_EXECUTE|[1]
10:23:41.0 (1076257)|HEAP_ALLOCATE|[50]|Bytes:5
10:23:41.0 (1107911)|HEAP_ALLOCATE|[56]|Bytes:5
10:23:41.0 (1125828)|HEAP_ALLOCATE|[64]|Bytes:7
10:23:41.0 (1157941)|SYSTEM_MODE_ENTER|true
10:23:41.0 (1185336)|HEAP_ALLOCATE|[EXTERNAL]|Bytes:5
10:23:41.0 (1200240)|SYSTEM_MODE_EXIT|true
10:23:41.0 (1219256)|METHOD_EXIT|[1]|LeaveController
10:23:41.0 (1234235)|SYSTEM_MODE_ENTER|false
10:23:41.0 (1252027)|SYSTEM_MODE_ENTER|true
10:23:41.0 (1259564)|HEAP_ALLOCATE|[11]|Bytes:5
10:23:41.0 (1265002)|STATEMENT_EXECUTE|[9]
10:23:41.0 (1266479)|STATEMENT_EXECUTE|[11]
10:23:41.0 (1281219)|METHOD_ENTRY|[11]|01pp0000000ETpq|LeaveController.getAccountId()
10:23:41.0 (1303208)|HEAP_ALLOCATE|[4]|Bytes:5
10:23:41.0 (1306645)|STATEMENT_EXECUTE|[3]
10:23:41.0 (1307914)|STATEMENT_EXECUTE|[4]
10:23:41.0 (1310346)|HEAP_ALLOCATE|[4]|Bytes:46
10:23:41.0 (1321484)|HEAP_ALLOCATE|[4]|Bytes:4
10:23:41.0 (1331303)|HEAP_ALLOCATE|[4]|Bytes:7
10:23:41.0 (1365428)|HEAP_ALLOCATE|[4]|Bytes:85
10:23:41.0 (1378123)|SYSTEM_METHOD_ENTRY|[1]|UserInfo.UserInfo()
10:23:41.0 (1380997)|STATEMENT_EXECUTE|[1]
10:23:41.0 (1388105)|SYSTEM_METHOD_EXIT|[1]|UserInfo
10:23:41.0 (1399781)|METHOD_ENTRY|[4]||System.UserInfo.getUserId()
10:23:41.0 (1442261)|METHOD_EXIT|[4]||System.UserInfo.getUserId()
10:23:41.0 (3168807)|SOQL_EXECUTE_BEGIN|[4]|Aggregations:0|SELECT AccountId FROM User WHERE Id = :tmpVar1
10:23:41.0 (3193973)|LIMIT_USAGE|[4]|SOQL|1|100
10:23:41.0 (3211006)|LIMIT_USAGE|[4]|AGGS|0|300
10:23:41.0 (6939956)|SOQL_EXECUTE_END|[4]|Rows:1
10:23:41.0 (6958827)|LIMIT_USAGE|[4]|SOQL_ROWS|1|50000
10:23:41.0 (6984724)|HEAP_ALLOCATE|[4]|Bytes:8
10:23:41.0 (7005365)|HEAP_ALLOCATE|[4]|Bytes:29
10:23:41.0 (7166542)|HEAP_ALLOCATE|[4]|Bytes:8
10:23:41.0 (7187793)|HEAP_ALLOCATE|[4]|Bytes:30
10:23:41.0 (7305474)|HEAP_ALLOCATE|[4]|Bytes:8
10:23:41.0 (7351357)|HEAP_ALLOCATE|[4]|Bytes:18
10:23:41.0 (7363108)|VARIABLE_SCOPE_BEGIN|[4]|accId|String|false|false
10:23:41.0 (7403764)|VARIABLE_ASSIGNMENT|[4]|accId|"005p0000000MSboAAG"
10:23:41.0 (7410054)|STATEMENT_EXECUTE|[6]
10:23:41.0 (7413391)|HEAP_ALLOCATE|[6]|Bytes:15
10:23:41.0 (7434178)|METHOD_EXIT|[11]|01pp0000000ETpq|LeaveController.getAccountId()
10:23:41.0 (7441336)|VARIABLE_SCOPE_BEGIN|[11]|accId|String|false|false
10:23:41.0 (7446581)|VARIABLE_ASSIGNMENT|[11]|accId|"001p000000DSVcL"
10:23:41.0 (7449133)|STATEMENT_EXECUTE|[12]
10:23:41.0 (7450343)|STATEMENT_EXECUTE|[13]
10:23:41.0 (7452823)|HEAP_ALLOCATE|[13]|Bytes:304
10:23:41.0 (7462720)|HEAP_ALLOCATE|[13]|Bytes:4
10:23:41.0 (12947104)|SOQL_EXECUTE_BEGIN|[13]|Aggregations:1|SELECT Id, Name, Leave_Remaining_Monday__c, Leave_Remaining_Tuesday__c, Leave_Remaining_Wednesday__c, Leave_Remaining_Thursday__c, Leave_Remaining_Friday__c, Leave_Remaining_Saturday__c, Leave_Remaining_Sunday__c, (SELECT id, Name, Leave_Date__c FROM Leave__r) FROM Opportunity WHERE AccountId = :tmpVar1
10:23:41.0 (12968928)|LIMIT_USAGE|[13]|SOQL|2|100
10:23:41.0 (12982575)|LIMIT_USAGE|[13]|AGGS|1|300
10:23:41.0 (26695653)|SOQL_EXECUTE_END|[13]|Rows:3
10:23:41.0 (26736492)|LIMIT_USAGE|[13]|SOQL_ROWS|18|50000
10:23:41.0 (26765194)|HEAP_ALLOCATE|[13]|Bytes:16
10:23:41.0 (26833206)|HEAP_ALLOCATE|[13]|Bytes:3131
10:23:41.0 (26964920)|HEAP_ALLOCATE|[13]|Bytes:16
10:23:41.0 (27003606)|VARIABLE_SCOPE_BEGIN|[13]|accBusiness|List<Opportunity>|true|false
10:23:41.0 (27178304)|VARIABLE_ASSIGNMENT|[13]|accBusiness|{"s":1,"v":[{"s":2,"v":{"Id":"006p0000003Y9K0AAK","Name":"Test AccBusiness2","Leave_Remaining_Mond (5 more) ...":3,"Leave_Remaining_Tues (6 more) ...":2,"Leave_Remaining_Wedn (8 more) ...":1,"Leave_Remaining_Thur (7 more) ...":1,"Leave_Remaining_Frid (5 more) ...":2,"Leave_Remaining_Satu (7 more) ...":3,"Leave_Remaining_Sund (5 more) ...":3,"Leave__r":[{"s":3,"v":{"Account_Business__c":"006p0000003Y9K0AAK","Id":"a02p0000002kJsQAAU","Name":"L-000000016","Leave_Date__c":"2016-09-14T00:00:00.000Z"}},{"s":4,"v":{"Account_Business__c":"006p0000003Y9K0AAK","Id":"a02p0000002kJsVAAU","Name":"L-000000017","Leave_Date__c":"2016-09-16T00:00:00.000Z"}},{"s":5,"v":{"Account_Business__c":"006p0000003Y9K0AAK","Id":"a02p0000002kL9gAAE","Name":"L-000000020","Leave_Date__c":"2016-09-21T00:00:00.000Z"}},{"s":6,"v":{"Account_Business__c":"006p0000003Y9K0AAK","Id":"a02p0000002kOE3AAM","Name":"L-000000025","Leave_Date__c":"2016-09-15T00:00:00.000Z"}},{"s":7,"v":{"Account_Business__c":"006p0000003Y9K0AAK","Id":"a02p0000002kOH2AAM","Name":"L-000000027","Leave_Date__c":"2016-09-15T00:00:00.000Z"}},{"s":8,"v":{"Account_Business__c":"006p0000003Y9K0AAK","Id":"a02p0000002kOHCAA2","Name":"L-000000028","Leave_Date__c":"2016-09-27T00:00:00.000Z"}}]}},{"s":9,"v":{"Id":"006p0000003Y9KAAA0","Name":"Test AccBusiness3","Leave_Remaining_Mond (5 more) ...":0,"Leave_Remaining_Tues (6 more) ...":0,"Leave_Remaining_Wedn (8 more) ...":0,"Leave_Remaining_Thur (7 more) ...":-2,"Leave_Remaining_Frid (5 more) ...":0,"Leave_Remaining_Satu (7 more) ...":-1,"Leave_Remaining_Sund (5 more) ...":-2,"Leave__r":[{"s":10,"v":{"Account_Business__c":"006p0000003Y9KAAA0","Id":"a02p0000002kJsaAAE","Name":"L-000000018","Leave_Date__c":"2016-09-17T00:00:00.000Z"}},{"s":11,"v":{"Account_Business__c":"006p0000003Y9KAAA0","Id":"a02p0000002kOGJAA2","Name":"L-000000026","Leave_Date__c":"2016-09-25T00:00:00.000Z"}},{"s":12,"v":{"Account_Business__c":"006p0000003Y9KAAA0","Id":"a02p0000002kNUXAA2","Name":"L-000000024","Leave_Date__c":"2016-09-15T00:00:00.000Z"}},{"s":13,"v":{"Account_Business__c":"006p0000003Y9KAAA0","Id":"a02p0000002kJspAAE","Name":"L-000000019","Leave_Date__c":"2016-09-18T00:00:00.000Z"}},{"s":14,"v":{"Account_Business__c":"006p0000003Y9KAAA0","Id":"a02p0000002kNQ1AAM","Name":"L-000000022","Leave_Date__c":"2016-09-22T00:00:00.000Z"}}]}},{"s":15,"v":{"Id":"006p0000003Y9JvAAK","Name":"Test AccountBusiness (1 more) ...","Leave_Remaining_Mond (5 more) ...":3,"Leave_Remaining_Tues (6 more) ...":3,"Leave_Remaining_Wedn (8 more) ...":4,"Leave_Remaining_Thur (7 more) ...":3,"Leave_Remaining_Frid (5 more) ...":4,"Leave_Remaining_Satu (7 more) ...":4,"Leave_Remaining_Sund (5 more) ...":4,"Leave__r":[{"s":16,"v":{"Account_Business__c":"006p0000003Y9JvAAK","Id":"a02p0000002kJsLAAU","Name":"L-000000015","Leave_Date__c":"2016-09-19T00:00:00.000Z"}},{"s":17,"v":{"Account_Business__c":"006p0000003Y9JvAAK","Id":"a02p0000002kJsBAAU","Name":"L-000000014","Leave_Date__c":"2016-09-15T00:00:00.000Z"}},{"s":18,"v":{"Account_Business__c":"006p0000003Y9JvAAK","Id":"a02p0000002kNQ6AAM","Name":"L-000000023","Leave_Date__c":"2016-09-27T00:00:00.000Z"}}]}}]}|0x1d1a52ba
10:23:41.0 (27198091)|STATEMENT_EXECUTE|[19]
10:23:41.0 (27206877)|HEAP_ALLOCATE|[19]|Bytes:12
10:23:41.0 (27426084)|HEAP_ALLOCATE|[19]|Bytes:823
10:23:41.0 (27450739)|HEAP_ALLOCATE|[19]|Bytes:835
10:23:41.0 (27483277)|USER_DEBUG|[19]|DEBUG|accBusiness (Opportunity:{Id=006p0000003Y9K0AAK, Name=Test AccBusiness2, Leave_Remaining_Monday__c=3, Leave_Remaining_Tuesday__c=2, Leave_Remaining_Wednesday__c=1, Leave_Remaining_Thursday__c=1, Leave_Remaining_Friday__c=2, Leave_Remaining_Saturday__c=3, Leave_Remaining_Sunday__c=3}, Opportunity:{Id=006p0000003Y9KAAA0, Name=Test AccBusiness3, Leave_Remaining_Monday__c=0, Leave_Remaining_Tuesday__c=0, Leave_Remaining_Wednesday__c=0, Leave_Remaining_Thursday__c=-2, Leave_Remaining_Friday__c=0, Leave_Remaining_Saturday__c=-1, Leave_Remaining_Sunday__c=-2}, Opportunity:{Id=006p0000003Y9JvAAK, Name=Test AccountBusiness1, Leave_Remaining_Monday__c=3, Leave_Remaining_Tuesday__c=3, Leave_Remaining_Wednesday__c=4, Leave_Remaining_Thursday__c=3, Leave_Remaining_Friday__c=4, Leave_Remaining_Saturday__c=4, Leave_Remaining_Sunday__c=4})
10:23:41.0 (27492997)|STATEMENT_EXECUTE|[20]
10:23:41.0 (27494613)|STATEMENT_EXECUTE|[21]
10:23:41.0 (27505090)|SYSTEM_MODE_EXIT|true
10:23:41.0 (28109955)|SYSTEM_MODE_EXIT|false
10:23:41.28 (28160987)|CUMULATIVE_LIMIT_USAGE
10:23:41.28 (28160987)|LIMIT_USAGE_FOR_NS|(default)|
  Number of SOQL queries: 2 out of 100
  Number of query rows: 18 out of 50000
  Number of SOSL queries: 0 out of 20
  Number of DML statements: 0 out of 150
  Number of DML rows: 0 out of 10000
  Maximum CPU time: 0 out of 10000
  Maximum heap size: 0 out of 6000000
  Number of callouts: 0 out of 100
  Number of Email Invocations: 0 out of 10
  Number of future calls: 0 out of 50
  Number of queueable jobs added to the queue: 0 out of 50
  Number of Mobile Apex push calls: 0 out of 10

10:23:41.28 (28160987)|TOTAL_EMAIL_RECIPIENTS_QUEUED|0
10:23:41.28 (28160987)|STATIC_VARIABLE_LIST|
  char[]:DigitTens:0
  long:serialVersionUID:0
  long:serialVersionUID:0
  String:_sfdcAdditionalCodeLocations:0
  double:MAX_VALUE:0
  Boolean:FALSE:0
  long:serialVersionUID:0
  String:_sfdcSuppressedCodeLocations:0
  double:MIN_VALUE:0
  int:SIZE:0
  double:NEGATIVE_INFINITY:0
  int:MAX_VALUE:0
  String:_sfdcAdditionalCodeLocations:0
  char[]:digits:0
  double:NaN:0
  Boolean:TRUE:0
  int:MIN_VALUE:0
  char[]:DigitOnes:0
  int:BYTES:0
  int:MIN_EXPONENT:0
  int[]:sizeTable:0
  int:MAX_EXPONENT:0
  int:SIZE:0
  double:POSITIVE_INFINITY:0
  double:MIN_NORMAL:0
  int:BYTES:0

10:23:41.28 (28160987)|CUMULATIVE_LIMIT_USAGE_END

10:23:41.0 (28322023)|CODE_UNIT_FINISHED|LeaveController.getAccountBusiness
10:23:41.0 (30121407)|EXECUTION_FINISHED
10:23:41.34 (34090554)|CUMULATIVE_PROFILING_BEGIN
10:23:41.34 (34090554)|CUMULATIVE_PROFILING|SOQL operations|
Class.LeaveController.getAccountBusiness: line 13, column 1: [SELECT Id,Name,Leave_Remaining_Monday__c,Leave_Remaining_Tuesday__c,Leave_Remaining_Wednesday__c,
                                             Leave_Remaining_Thursday__c,Leave_Remaining_Friday__c,Leave_Remaining_Saturday__c,Leave_Remaining_Sunday__c
                                             , (select id, Name,Leave_Date__c from Leave__r)
                                             FROM Opportunity
                                             WHERE AccountId  = :accId]: executed 1 time in 19 ms

10:23:41.34 (34090554)|CUMULATIVE_PROFILING|No profiling information for SOSL operations
10:23:41.34 (34090554)|CUMULATIVE_PROFILING|No profiling information for DML operations
10:23:41.34 (34090554)|CUMULATIVE_PROFILING|method invocations|
External entry point: public static List<Opportunity> getAccountBusiness(): executed 1 time in 28 ms
Class.LeaveController.getAccountId: line 4, column 1: global static String getUserId(): executed 2 times in 6 ms
Class.LeaveController.getAccountBusiness: line 11, column 1: public static String getAccountId(): executed 1 time in 6 ms
Class.LeaveController.getAccountBusiness: line 19, column 1: public static String valueOf(Object): executed 2 times in 0 ms

10:23:41.34 (34090554)|CUMULATIVE_PROFILING_END
