38.0 APEX_CODE,FINEST;APEX_PROFILING,FINEST;CALLOUT,FINEST;DB,FINEST;SYSTEM,DEBUG;VALIDATION,INFO;VISUALFORCE,FINER;WORKFLOW,FINER
11:00:01.0 (92058)|USER_INFO|[EXTERNAL]|00528000004DSLv|luke.farbotko@qvmtest.com.devmerge|Australian Eastern Standard Time|GMT+10:00
11:00:01.0 (127351)|EXECUTION_STARTED
11:00:01.0 (132852)|CODE_UNIT_STARTED|[EXTERNAL]|066p00000004sMt|VF: /apex/NewOrder
11:00:01.0 (5949513)|VF_APEX_CALL_START|[EXTERNAL]|01pp0000000EVH2|NewOrderControllerExt <init>
11:00:01.0 (5976640)|SYSTEM_MODE_ENTER|true
11:00:01.0 (10962852)|HEAP_ALLOCATE|[72]|Bytes:3
11:00:01.0 (11020463)|HEAP_ALLOCATE|[77]|Bytes:152
11:00:01.0 (11042401)|HEAP_ALLOCATE|[342]|Bytes:408
11:00:01.0 (11065265)|HEAP_ALLOCATE|[355]|Bytes:408
11:00:01.0 (11086790)|HEAP_ALLOCATE|[467]|Bytes:48
11:00:01.0 (11118994)|HEAP_ALLOCATE|[139]|Bytes:6
11:00:01.0 (11141104)|HEAP_ALLOCATE|[EXTERNAL]|Bytes:3
11:00:01.0 (11144960)|HEAP_ALLOCATE|[EXTERNAL]|Bytes:8
11:00:01.0 (11161228)|METHOD_ENTRY|[1]|01pp0000000EVH2|NewOrderControllerExt.NewOrderControllerExt()
11:00:01.0 (11171030)|STATEMENT_EXECUTE|[1]
11:00:01.0 (11180373)|STATEMENT_EXECUTE|[1]
11:00:01.0 (11186677)|METHOD_EXIT|[1]|NewOrderControllerExt
11:00:01.0 (11204720)|HEAP_ALLOCATE|[EXTERNAL]|Bytes:4
11:00:01.0 (11227792)|VARIABLE_SCOPE_BEGIN|[4]|this|NewOrderControllerExt|true|false
11:00:01.0 (11279637)|VARIABLE_ASSIGNMENT|[4]|this|{}|0x3d0cb14c
11:00:01.0 (11285795)|VARIABLE_SCOPE_BEGIN|[4]|controller|ApexPages.StandardSetController|true|false
11:00:01.0 (11418927)|VARIABLE_ASSIGNMENT|[4]|controller|"core.apexpages.components.framework.controller.SetOrientedStandardControllerImpl@39a80f7"|0x39a80f7
11:00:01.0 (11431900)|STATEMENT_EXECUTE|[1]
11:00:01.0 (11441846)|HEAP_ALLOCATE|[EXTERNAL]|Bytes:6
11:00:01.0 (11484930)|STATEMENT_EXECUTE|[5]
11:00:01.0 (11507621)|VF_APEX_CALL_END|NewOrderControllerExt <init>
11:00:01.0 (11667100)|VF_APEX_CALL_START|[EXTERNAL]|01pp0000000EVH2|NewOrderControllerExt invoke(Redirect)
11:00:01.0 (11700146)|HEAP_ALLOCATE|[EXTERNAL]|Bytes:4
11:00:01.0 (11708937)|VARIABLE_SCOPE_BEGIN|[9]|this|NewOrderControllerExt|true|false
11:00:01.0 (11721524)|VARIABLE_ASSIGNMENT|[9]|this|{}|0x3d0cb14c
11:00:01.0 (11733685)|STATEMENT_EXECUTE|[10]
11:00:01.0 (11735860)|STATEMENT_EXECUTE|[11]
11:00:01.0 (11739053)|HEAP_ALLOCATE|[11]|Bytes:12
11:00:01.0 (11758684)|HEAP_ALLOCATE|[50]|Bytes:5
11:00:01.0 (11775581)|HEAP_ALLOCATE|[56]|Bytes:5
11:00:01.0 (11783064)|HEAP_ALLOCATE|[64]|Bytes:7
11:00:01.0 (11858880)|HEAP_ALLOCATE|[11]|Bytes:106
11:00:01.0 (11921069)|HEAP_ALLOCATE|[11]|Bytes:136
11:00:01.0 (11940508)|HEAP_ALLOCATE|[11]|Bytes:148
11:00:01.0 (11964910)|USER_DEBUG|[11]|DEBUG|current PageSystem.PageReference[/apex/NewOrder?id=006p0000001ePka&new_order=New+Order&retURL=%2F006p0000001ePka&scontrolCaching=1&wrapMassAction=1]
11:00:01.0 (11973539)|STATEMENT_EXECUTE|[12]
11:00:01.0 (11977088)|HEAP_ALLOCATE|[12]|Bytes:5
11:00:01.0 (12005689)|HEAP_ALLOCATE|[12]|Bytes:106
11:00:01.0 (12069362)|HEAP_ALLOCATE|[12]|Bytes:88
11:00:01.0 (12089097)|HEAP_ALLOCATE|[12]|Bytes:2
11:00:01.0 (12115857)|HEAP_ALLOCATE|[12]|Bytes:20
11:00:01.0 (12128056)|USER_DEBUG|[12]|DEBUG|aid :006p0000001ePka
11:00:01.0 (12135240)|STATEMENT_EXECUTE|[13]
11:00:01.0 (12161611)|HEAP_ALLOCATE|[13]|Bytes:106
11:00:01.0 (12184206)|HEAP_ALLOCATE|[13]|Bytes:88
11:00:01.0 (12213219)|HEAP_ALLOCATE|[13]|Bytes:4
11:00:01.0 (12219017)|VARIABLE_SCOPE_BEGIN|[13]|accountId|Id|false|false
11:00:01.0 (12282225)|VARIABLE_ASSIGNMENT|[13]|accountId|"006p0000001ePkaAAE"
11:00:01.0 (12287925)|STATEMENT_EXECUTE|[14]
11:00:01.0 (12318060)|HEAP_ALLOCATE|[14]|Bytes:106
11:00:01.0 (12340267)|HEAP_ALLOCATE|[14]|Bytes:88
11:00:01.0 (12351026)|HEAP_ALLOCATE|[14]|Bytes:6
11:00:01.0 (12365166)|VARIABLE_SCOPE_BEGIN|[14]|returnUrl|String|false|false
11:00:01.0 (12374579)|VARIABLE_ASSIGNMENT|[14]|returnUrl|"/006p0000001ePka"
11:00:01.0 (12378393)|STATEMENT_EXECUTE|[16]
11:00:01.0 (12381288)|HEAP_ALLOCATE|[16]|Bytes:67
11:00:01.0 (12390143)|HEAP_ALLOCATE|[16]|Bytes:4
11:00:01.0 (12399956)|HEAP_ALLOCATE|[16]|Bytes:7
11:00:01.0 (19023175)|SOQL_EXECUTE_BEGIN|[16]|Aggregations:0|SELECT Id, RecordType.Name FROM Account WHERE id = :tmpVar1 LIMIT 1
11:00:01.0 (19041783)|LIMIT_USAGE|[16]|SOQL|1|100
11:00:01.0 (19050692)|LIMIT_USAGE|[16]|AGGS|0|300
11:00:01.0 (22691138)|SOQL_EXECUTE_END|[16]|Rows:0
11:00:01.0 (22700844)|LIMIT_USAGE|[16]|SOQL_ROWS|0|50000
11:00:01.0 (22717667)|HEAP_ALLOCATE|[16]|Bytes:4
11:00:01.0 (22735093)|HEAP_ALLOCATE|[16]|Bytes:0
11:00:01.0 (22894812)|HEAP_ALLOCATE|[16]|Bytes:4
11:00:01.0 (22914305)|HEAP_ALLOCATE|[16]|Bytes:33
11:00:01.0 (23074012)|HEAP_ALLOCATE|[16]|Bytes:46
11:00:01.0 (23233009)|FATAL_ERROR|System.QueryException: List has no rows for assignment to SObject

Class.NewOrderControllerExt.Redirect: line 16, column 1
11:00:01.0 (23249994)|VF_APEX_CALL_END|NewOrderControllerExt invoke(Redirect)
11:00:01.152 (152210330)|CUMULATIVE_PROFILING_BEGIN
11:00:01.152 (152210330)|CUMULATIVE_PROFILING|SOQL operations|
Class.NewOrderControllerExt.Redirect: line 16, column 1: [SELECT Id, RecordType.Name from Account where id = :accountId LIMIT 1]: executed 1 time in 11 ms

11:00:01.152 (152210330)|CUMULATIVE_PROFILING|No profiling information for SOSL operations
11:00:01.152 (152210330)|CUMULATIVE_PROFILING|No profiling information for DML operations
11:00:01.152 (152210330)|CUMULATIVE_PROFILING|method invocations|
External entry point: public System.PageReference Redirect(): executed 1 time in 11 ms
Class.NewOrderControllerExt.Redirect: line 11, column 1: global public static System.PageReference currentPage(): executed 3 times in 0 ms
Class.NewOrderControllerExt.Redirect: line 12, column 1: global public static System.PageReference currentPage(): executed 4 times in 0 ms
Class.NewOrderControllerExt.Redirect: line 13, column 1: global public static System.PageReference currentPage(): executed 3 times in 0 ms
Class.NewOrderControllerExt.Redirect: line 14, column 1: global public static System.PageReference currentPage(): executed 3 times in 0 ms

11:00:01.152 (152210330)|CUMULATIVE_PROFILING_END
