38.0 APEX_CODE,FINEST;APEX_PROFILING,FINEST;CALLOUT,FINEST;DB,FINEST;SYSTEM,DEBUG;VALIDATION,INFO;VISUALFORCE,FINER;WORKFLOW,FINER
11:07:07.0 (92878)|USER_INFO|[EXTERNAL]|00528000004DSLv|luke.farbotko@qvmtest.com.devmerge|Australian Eastern Standard Time|GMT+10:00
11:07:07.0 (128084)|EXECUTION_STARTED
11:07:07.0 (133280)|CODE_UNIT_STARTED|[EXTERNAL]|VisualForce View State
11:07:07.0 (281180758)|HEAP_ALLOCATE|[72]|Bytes:3
11:07:07.0 (281251636)|HEAP_ALLOCATE|[77]|Bytes:152
11:07:07.0 (281271121)|HEAP_ALLOCATE|[342]|Bytes:408
11:07:07.0 (281292585)|HEAP_ALLOCATE|[355]|Bytes:408
11:07:07.0 (281313030)|HEAP_ALLOCATE|[467]|Bytes:48
11:07:07.0 (281342688)|HEAP_ALLOCATE|[139]|Bytes:6
11:07:07.0 (281374101)|HEAP_ALLOCATE|[50]|Bytes:5
11:07:07.0 (281397676)|HEAP_ALLOCATE|[56]|Bytes:5
11:07:07.0 (281406399)|HEAP_ALLOCATE|[64]|Bytes:7
11:07:07.0 (283054642)|CODE_UNIT_FINISHED|VisualForce View State
11:07:07.0 (285292196)|EXECUTION_FINISHED
11:07:07.287 (287337404)|USER_INFO|[EXTERNAL]|00528000004DSLv|luke.farbotko@qvmtest.com.devmerge|Australian Eastern Standard Time|GMT+10:00
11:07:08.8 (1008971497)|CUMULATIVE_LIMIT_USAGE
11:07:08.8 (1008971497)|LIMIT_USAGE_FOR_NS|(default)|
  Number of SOQL queries: 0 out of 100
  Number of query rows: 0 out of 50000
  Number of SOSL queries: 0 out of 20
  Number of DML statements: 0 out of 150
  Number of DML rows: 0 out of 10000
  Maximum CPU time: 0 out of 10000
  Maximum heap size: 0 out of 6000000
  Number of callouts: 0 out of 100
  Number of Email Invocations: 0 out of 10
  Number of future calls: 0 out of 50
  Number of queueable jobs added to the queue: 0 out of 50
  Number of Mobile Apex push calls: 0 out of 10

11:07:08.8 (1008971497)|CUMULATIVE_LIMIT_USAGE_END

