38.0 APEX_CODE,FINEST;APEX_PROFILING,FINEST;CALLOUT,FINEST;DB,FINEST;SYSTEM,DEBUG;VALIDATION,INFO;VISUALFORCE,FINER;WORKFLOW,FINER
10:47:29.0 (534628)|USER_INFO|[EXTERNAL]|00528000004DSFj|resmi.ramakrishnan@qvmtest.com.devmerge|Australian Eastern Standard Time|GMT+10:00
10:47:29.0 (574483)|EXECUTION_STARTED
10:47:29.0 (581033)|CODE_UNIT_STARTED|[EXTERNAL]|066p00000004sPO|VF: /apex/DownloadABAFilePage
10:47:29.0 (2243590)|VF_APEX_CALL_START|[EXTERNAL]|01pp0000000EVMb|DownloadABAFileController <init>
10:47:29.0 (2255573)|SYSTEM_MODE_ENTER|true
10:47:29.0 (2809271)|HEAP_ALLOCATE|[72]|Bytes:3
10:47:29.0 (2846278)|HEAP_ALLOCATE|[77]|Bytes:152
10:47:29.0 (2861105)|HEAP_ALLOCATE|[342]|Bytes:408
10:47:29.0 (2882436)|HEAP_ALLOCATE|[355]|Bytes:408
10:47:29.0 (2912760)|HEAP_ALLOCATE|[467]|Bytes:48
10:47:29.0 (2953764)|HEAP_ALLOCATE|[139]|Bytes:6
10:47:29.0 (2990139)|HEAP_ALLOCATE|[EXTERNAL]|Bytes:152
10:47:29.0 (2998120)|HEAP_ALLOCATE|[EXTERNAL]|Bytes:13
10:47:29.0 (3003108)|HEAP_ALLOCATE|[EXTERNAL]|Bytes:2
10:47:29.0 (3024777)|METHOD_ENTRY|[1]|01pp0000000EVMb|DownloadABAFileController.DownloadABAFileController()
10:47:29.0 (3031420)|STATEMENT_EXECUTE|[1]
10:47:29.0 (3037965)|STATEMENT_EXECUTE|[1]
10:47:29.0 (3045730)|METHOD_EXIT|[1]|DownloadABAFileController
10:47:29.0 (3092741)|HEAP_ALLOCATE|[EXTERNAL]|Bytes:24
10:47:29.0 (3110123)|VARIABLE_SCOPE_BEGIN|[9]|this|DownloadABAFileController|true|false
10:47:29.0 (3168763)|VARIABLE_ASSIGNMENT|[9]|this|{}|0x1390acae
10:47:29.0 (3177294)|VARIABLE_SCOPE_BEGIN|[9]|stdController|ApexPages.StandardController|true|false
10:47:29.0 (3365466)|VARIABLE_ASSIGNMENT|[9]|stdController|"StandardController [null]"|0x4c6d621c
10:47:29.0 (3374095)|STATEMENT_EXECUTE|[1]
10:47:29.0 (3375700)|STATEMENT_EXECUTE|[3]
10:47:29.0 (3377179)|STATEMENT_EXECUTE|[4]
10:47:29.0 (3378007)|STATEMENT_EXECUTE|[5]
10:47:29.0 (3378892)|STATEMENT_EXECUTE|[6]
10:47:29.0 (3379811)|STATEMENT_EXECUTE|[7]
10:47:29.0 (3388350)|HEAP_ALLOCATE|[11]|Bytes:6
10:47:29.0 (3431551)|STATEMENT_EXECUTE|[10]
10:47:29.0 (3434573)|STATEMENT_EXECUTE|[11]
10:47:29.0 (11933418)|HEAP_ALLOCATE|[11]|Bytes:12
10:47:29.0 (11978198)|VARIABLE_ASSIGNMENT|[11]|this.batchlobObj|{"s":1,"v":{"Id":"a01p0000002pSpRAAU","RecordTypeId":"012p0000000CggNAAS"}}|0x1390acae
10:47:29.0 (11982012)|STATEMENT_EXECUTE|[12]
10:47:29.0 (12042241)|HEAP_ALLOCATE|[12]|Bytes:12
10:47:29.0 (12152876)|VARIABLE_ASSIGNMENT|[12]|this.recId|"a01p0000002pSpRAAU"|0x1390acae
10:47:29.0 (12157268)|STATEMENT_EXECUTE|[13]
10:47:29.0 (12179065)|METHOD_ENTRY|[13]|01pp0000000EVMb|DownloadABAFileController.FormatStrings()
10:47:29.0 (12205811)|VARIABLE_SCOPE_BEGIN|[29]|this|DownloadABAFileController|true|false
10:47:29.0 (12309716)|VARIABLE_ASSIGNMENT|[29]|this|{"batchlobObj":"0x7ecb6fa9","recId":"a01p0000002pSpRAAU"}|0x1390acae
10:47:29.0 (12320054)|STATEMENT_EXECUTE|[30]
10:47:29.0 (12321571)|STATEMENT_EXECUTE|[31]
10:47:29.0 (12405721)|HEAP_ALLOCATE|[31]|Bytes:17
10:47:29.0 (12534641)|VARIABLE_ASSIGNMENT|[EXTERNAL]|this|{"batchlobObj":"0x7ecb6fa9","recId":"a01p0000002pSpRAAU"}|0x1390acae
10:47:29.0 (12545419)|VARIABLE_ASSIGNMENT|[EXTERNAL]|value|"                 "
10:47:29.0 (12554523)|VARIABLE_ASSIGNMENT|[6]|this.emptyString17|"                 "|0x1390acae
10:47:29.0 (12561566)|STATEMENT_EXECUTE|[32]
10:47:29.0 (12565526)|HEAP_ALLOCATE|[32]|Bytes:2
10:47:29.0 (12692809)|VARIABLE_ASSIGNMENT|[EXTERNAL]|this|{"batchlobObj":"0x7ecb6fa9","emptyString17":"                 ","recId":"a01p0000002pSpRAAU"}|0x1390acae
10:47:29.0 (12717550)|VARIABLE_ASSIGNMENT|[EXTERNAL]|value|"\r\n"
10:47:29.0 (12731091)|VARIABLE_ASSIGNMENT|[7]|this.newLine|"\r\n"|0x1390acae
10:47:29.0 (12742395)|METHOD_EXIT|[13]|01pp0000000EVMb|DownloadABAFileController.FormatStrings()
10:47:29.0 (12770977)|VF_APEX_CALL_END|DownloadABAFileController <init>
10:47:29.0 (12856707)|VF_APEX_CALL_START|[EXTERNAL]|01pp0000000EVMb|DownloadABAFileController invoke(fetch)
10:47:29.0 (12893016)|HEAP_ALLOCATE|[EXTERNAL]|Bytes:24
10:47:29.0 (12902371)|VARIABLE_SCOPE_BEGIN|[16]|this|DownloadABAFileController|true|false
10:47:29.0 (13010241)|VARIABLE_ASSIGNMENT|[16]|this|{"batchlobObj":"0x7ecb6fa9","emptyString17":"                 ","newLine":"\r\n","recId":"a01p0000002pSpRAAU"}|0x1390acae
10:47:29.0 (13021293)|STATEMENT_EXECUTE|[17]
10:47:29.0 (13023698)|STATEMENT_EXECUTE|[18]
10:47:29.0 (13025445)|STATEMENT_EXECUTE|[19]
10:47:29.0 (13027306)|STATEMENT_EXECUTE|[20]
10:47:29.0 (13032140)|HEAP_ALLOCATE|[20]|Bytes:200
10:47:29.0 (13045831)|HEAP_ALLOCATE|[20]|Bytes:4
10:47:29.0 (13078563)|HEAP_ALLOCATE|[50]|Bytes:5
10:47:29.0 (13098645)|HEAP_ALLOCATE|[56]|Bytes:5
10:47:29.0 (13107986)|HEAP_ALLOCATE|[64]|Bytes:7
10:47:29.0 (13420894)|SOQL_EXECUTE_BEGIN|[20]|Aggregations:0|SELECT Financial_Institution__c, Name_Of_User__c, User_Identification_Number__c, Description__c, Date_to_be_Processed__c FROM Qvm_ABA_File_Generator__c WHERE Name = 'ABA File Header Generator' LIMIT 1
10:47:29.0 (13430945)|LIMIT_USAGE|[20]|SOQL|1|100
10:47:29.0 (13440358)|LIMIT_USAGE|[20]|AGGS|0|300
10:47:29.0 (19122154)|SOQL_EXECUTE_END|[20]|Rows:1
10:47:29.0 (19130452)|LIMIT_USAGE|[20]|SOQL_ROWS|1|50000
10:47:29.0 (19144624)|HEAP_ALLOCATE|[20]|Bytes:8
10:47:29.0 (19161052)|HEAP_ALLOCATE|[20]|Bytes:254
10:47:29.0 (19246980)|HEAP_ALLOCATE|[20]|Bytes:8
10:47:29.0 (19261072)|HEAP_ALLOCATE|[20]|Bytes:51
10:47:29.0 (19359397)|HEAP_ALLOCATE|[20]|Bytes:28
10:47:29.0 (19495915)|VARIABLE_ASSIGNMENT|[EXTERNAL]|this|{"batchlobObj":"0x7ecb6fa9","emptyString17":"                 ","newLine":"\r\n","recId":"a01p0000002pSpRAAU"}|0x1390acae
10:47:29.0 (19529462)|VARIABLE_ASSIGNMENT|[EXTERNAL]|value|{"s":1,"v":{"Financial_Institutio (4 more) ...":"NAB","Name_Of_User__c":"Queen Victoria Marke (1 more) ...","User_Identification_ (9 more) ...":128006,"Description__c":"TEST","Date_to_be_Processed (3 more) ...":170316,"Id":"a0bp0000001ZYpaAAG"}}|0x507ad2c8
10:47:29.0 (19560128)|VARIABLE_ASSIGNMENT|[5]|this.qvmABAFileObj|{"s":1,"v":{"Financial_Institutio (4 more) ...":"NAB","Name_Of_User__c":"Queen Victoria Marke (1 more) ...","User_Identification_ (9 more) ...":128006,"Description__c":"TEST","Date_to_be_Processed (3 more) ...":170316,"Id":"a0bp0000001ZYpaAAG"}}|0x1390acae
10:47:29.0 (19618156)|VF_APEX_CALL_END|DownloadABAFileController invoke(fetch)
10:47:29.0 (20891321)|VF_APEX_CALL_START|[EXTERNAL]|01pp0000000EVMb|DownloadABAFileController get(emptyString17)
10:47:29.0 (20903868)|SYSTEM_MODE_ENTER|true
10:47:29.0 (20922504)|VF_APEX_CALL_START|[EXTERNAL]|01pp0000000EVMb|emptyString17
10:47:29.0 (20941647)|VF_APEX_CALL_END|emptyString17
10:47:29.0 (20958703)|VF_APEX_CALL_END|DownloadABAFileController get(emptyString17)
10:47:29.0 (21070730)|VF_APEX_CALL_START|[EXTERNAL]|01pp0000000EVMb|DownloadABAFileController get(qvmABAFileObj)
10:47:29.0 (21078932)|SYSTEM_MODE_ENTER|true
10:47:29.0 (21090134)|VF_APEX_CALL_START|[EXTERNAL]|01pp0000000EVMb|qvmABAFileObj
10:47:29.0 (21103949)|VF_APEX_CALL_END|qvmABAFileObj
10:47:29.0 (21119282)|VF_APEX_CALL_END|DownloadABAFileController get(qvmABAFileObj)
10:47:29.0 (21763398)|VF_APEX_CALL_START|[EXTERNAL]|01pp0000000EVMb|DownloadABAFileController get(newLine)
10:47:29.0 (21770629)|SYSTEM_MODE_ENTER|true
10:47:29.0 (21781510)|VF_APEX_CALL_START|[EXTERNAL]|01pp0000000EVMb|newLine
10:47:29.0 (21795902)|VF_APEX_CALL_END|newLine
10:47:29.0 (21811178)|VF_APEX_CALL_END|DownloadABAFileController get(newLine)
10:47:29.25 (25354834)|CUMULATIVE_LIMIT_USAGE
10:47:29.25 (25354834)|LIMIT_USAGE_FOR_NS|(default)|
  Number of SOQL queries: 1 out of 100
  Number of query rows: 1 out of 50000
  Number of SOSL queries: 0 out of 20
  Number of DML statements: 0 out of 150
  Number of DML rows: 0 out of 10000
  Maximum CPU time: 0 out of 10000
  Maximum heap size: 0 out of 6000000
  Number of callouts: 0 out of 100
  Number of Email Invocations: 0 out of 10
  Number of future calls: 0 out of 50
  Number of queueable jobs added to the queue: 0 out of 50
  Number of Mobile Apex push calls: 0 out of 10

10:47:29.25 (25354834)|TOTAL_EMAIL_RECIPIENTS_QUEUED|0
10:47:29.25 (25354834)|STATIC_VARIABLE_LIST|
  char[]:DigitTens:0
  long:serialVersionUID:0
  long:serialVersionUID:0
  String:_sfdcAdditionalCodeLocations:0
  double:MAX_VALUE:0
  Boolean:FALSE:0
  long:serialVersionUID:0
  double:MIN_VALUE:0
  int:SIZE:0
  double:NEGATIVE_INFINITY:0
  int:MAX_VALUE:0
  String:__sfdcProperties:0
  char[]:digits:0
  String:_sfdcSuppressedCodeLocations:0
  double:NaN:0
  Boolean:TRUE:0
  int:MIN_VALUE:0
  char[]:DigitOnes:0
  int:BYTES:0
  int:MIN_EXPONENT:0
  int[]:sizeTable:0
  int:MAX_EXPONENT:0
  String:_sfdcAdditionalCodeLocations:0
  int:SIZE:0
  double:POSITIVE_INFINITY:0
  double:MIN_NORMAL:0
  int:BYTES:0

10:47:29.25 (25354834)|CUMULATIVE_LIMIT_USAGE_END

10:47:29.0 (25492214)|CODE_UNIT_FINISHED|VF: /apex/DownloadABAFilePage
10:47:29.0 (26952485)|EXECUTION_FINISHED
10:47:29.29 (29600320)|CUMULATIVE_PROFILING_BEGIN
10:47:29.29 (29600320)|CUMULATIVE_PROFILING|SOQL operations|
Class.DownloadABAFileController.fetch: line 20, column 1: [SELECT Financial_Institution__c,Name_Of_User__c,
                             User_Identification_Number__c,Description__c,Date_to_be_Processed__c 
                             FROM Qvm_ABA_File_Generator__c where Name = 'ABA File Header Generator' LIMIT 1]: executed 2 times in 6 ms

10:47:29.29 (29600320)|CUMULATIVE_PROFILING|No profiling information for SOSL operations
10:47:29.29 (29600320)|CUMULATIVE_PROFILING|No profiling information for DML operations
10:47:29.29 (29600320)|CUMULATIVE_PROFILING|method invocations|
Class.DownloadABAFileController.<init>: line 11, column 1: global SObject getRecord(): executed 1 time in 8 ms
External entry point: public void fetch(): executed 1 time in 7 ms
Class.DownloadABAFileController.<init>: line 12, column 1: global SObject getRecord(): executed 1 time in 1 ms
Class.DownloadABAFileController.FormatStrings: line 32, column 1: public void __sfdc_newLine(String): executed 1 time in 0 ms
Class.DownloadABAFileController.<init>: line 13, column 1: public void FormatStrings(): executed 1 time in 0 ms
Class.DownloadABAFileController.FormatStrings: line 31, column 1: public String rightPad(Integer): executed 2 times in 0 ms

10:47:29.29 (29600320)|CUMULATIVE_PROFILING_END
