37.0 APEX_CODE,FINEST;APEX_PROFILING,FINEST;CALLOUT,FINEST;DB,FINEST;SYSTEM,DEBUG;VALIDATION,INFO;VISUALFORCE,FINER;WORKFLOW,FINER
11:45:34.0 (544283)|USER_INFO|[EXTERNAL]|00528000004DSLv|luke.farbotko@qvmtest.com.devmerge|Australian Eastern Standard Time|GMT+10:00
11:45:34.0 (578341)|EXECUTION_STARTED
11:45:34.0 (584050)|CODE_UNIT_STARTED|[EXTERNAL]|01pp000000002Rj|PaymentBuilderBatch
11:45:34.0 (31206718)|HEAP_ALLOCATE|[72]|Bytes:3
11:45:34.0 (31280343)|HEAP_ALLOCATE|[77]|Bytes:152
11:45:34.0 (31296267)|HEAP_ALLOCATE|[342]|Bytes:408
11:45:34.0 (31312017)|HEAP_ALLOCATE|[355]|Bytes:408
11:45:34.0 (31326849)|HEAP_ALLOCATE|[467]|Bytes:48
11:45:34.0 (31356388)|HEAP_ALLOCATE|[139]|Bytes:6
11:45:34.0 (32765245)|HEAP_ALLOCATE|[EXTERNAL]|Bytes:65903
11:45:34.0 (50152870)|HEAP_ALLOCATE|[EXTERNAL]|Bytes:11
11:45:34.0 (50182133)|SYSTEM_METHOD_ENTRY|[15]|BatchableContextImpl.BatchableContextImpl()
11:45:34.0 (50188906)|STATEMENT_EXECUTE|[15]
11:45:34.0 (50201894)|SYSTEM_METHOD_EXIT|[15]|BatchableContextImpl
11:45:34.0 (50209011)|HEAP_ALLOCATE|[EXTERNAL]|Bytes:12
11:45:34.0 (50212324)|HEAP_ALLOCATE|[EXTERNAL]|Bytes:4
11:45:34.0 (50216933)|VARIABLE_SCOPE_BEGIN|[31]|this|Database.BatchableContextImpl|true|false
11:45:34.0 (50272991)|VARIABLE_ASSIGNMENT|[31]|this|{}|0x71535d9c
11:45:34.0 (50276743)|VARIABLE_SCOPE_BEGIN|[31]|jobId|Id|false|false
11:45:34.0 (50352644)|VARIABLE_ASSIGNMENT|[31]|jobId|"707p000000A3IuiAAF"
11:45:34.0 (50357222)|VARIABLE_SCOPE_BEGIN|[31]|childJobId|Id|false|false
11:45:34.0 (50361714)|VARIABLE_ASSIGNMENT|[31]|childJobId|null
11:45:34.0 (50637551)|HEAP_ALLOCATE|[EXTERNAL]|Bytes:77
11:45:34.0 (50645800)|HEAP_ALLOCATE|[EXTERNAL]|Bytes:10
11:45:34.0 (50648775)|HEAP_ALLOCATE|[EXTERNAL]|Bytes:2
11:45:34.0 (50660177)|METHOD_ENTRY|[1]|01pp000000002Rj|PaymentBuilderBatch.PaymentBuilderBatch()
11:45:34.0 (50666002)|STATEMENT_EXECUTE|[1]
11:45:34.0 (50670798)|STATEMENT_EXECUTE|[1]
11:45:34.0 (50676140)|METHOD_EXIT|[1]|PaymentBuilderBatch
11:45:34.0 (50680600)|HEAP_ALLOCATE|[EXTERNAL]|Bytes:12
11:45:34.0 (50682599)|HEAP_ALLOCATE|[EXTERNAL]|Bytes:12
11:45:34.0 (50689106)|VARIABLE_SCOPE_BEGIN|[11]|this|PaymentBuilderBatch|true|false
11:45:34.0 (50765403)|VARIABLE_ASSIGNMENT|[11]|this|{"batchJob":"a01p0000002pYiaAAE","payments":"0x36c46013"}|0x6397bcf7
11:45:34.0 (50772711)|VARIABLE_SCOPE_BEGIN|[11]|BC|Database.BatchableContext|true|false
11:45:34.0 (50816181)|VARIABLE_ASSIGNMENT|[11]|BC|{"jobId":"707p000000A3IuiAAF"}|0x71535d9c
11:45:34.0 (50828662)|STATEMENT_EXECUTE|[12]
11:45:34.0 (50830449)|STATEMENT_EXECUTE|[13]
11:45:34.0 (52062534)|HEAP_ALLOCATE|[EXTERNAL]|Bytes:816
11:45:34.0 (52294983)|HEAP_ALLOCATE|[EXTERNAL]|Bytes:8
11:45:34.0 (52324475)|HEAP_ALLOCATE|[50]|Bytes:5
11:45:34.0 (52342858)|HEAP_ALLOCATE|[56]|Bytes:5
11:45:34.0 (52351229)|HEAP_ALLOCATE|[64]|Bytes:7
11:45:34.0 (52406397)|HEAP_ALLOCATE|[EXTERNAL]|Bytes:5
11:45:34.0 (52450949)|HEAP_ALLOCATE|[EXTERNAL]|Bytes:8
11:45:34.0 (52466741)|HEAP_ALLOCATE|[EXTERNAL]|Bytes:24
11:45:34.0 (52483501)|HEAP_ALLOCATE|[EXTERNAL]|Bytes:8
11:45:34.0 (52488273)|HEAP_ALLOCATE|[EXTERNAL]|Bytes:5
11:45:34.0 (52503517)|HEAP_ALLOCATE|[EXTERNAL]|Bytes:8
11:45:34.0 (52508597)|HEAP_ALLOCATE|[EXTERNAL]|Bytes:24
11:45:34.0 (52520304)|HEAP_ALLOCATE|[EXTERNAL]|Bytes:8
11:45:34.0 (52524132)|HEAP_ALLOCATE|[EXTERNAL]|Bytes:5
11:45:34.0 (52537637)|HEAP_ALLOCATE|[EXTERNAL]|Bytes:8
11:45:34.0 (52542224)|HEAP_ALLOCATE|[EXTERNAL]|Bytes:24
11:45:34.0 (52553390)|HEAP_ALLOCATE|[EXTERNAL]|Bytes:8
11:45:34.0 (52557180)|HEAP_ALLOCATE|[EXTERNAL]|Bytes:5
11:45:34.0 (52571009)|HEAP_ALLOCATE|[EXTERNAL]|Bytes:8
11:45:34.0 (52575631)|HEAP_ALLOCATE|[EXTERNAL]|Bytes:24
11:45:34.0 (52586884)|HEAP_ALLOCATE|[EXTERNAL]|Bytes:8
11:45:34.0 (52590507)|HEAP_ALLOCATE|[EXTERNAL]|Bytes:5
11:45:34.0 (52603686)|HEAP_ALLOCATE|[EXTERNAL]|Bytes:8
11:45:34.0 (52608165)|HEAP_ALLOCATE|[EXTERNAL]|Bytes:24
11:45:34.0 (52619002)|HEAP_ALLOCATE|[EXTERNAL]|Bytes:8
11:45:34.0 (52622512)|HEAP_ALLOCATE|[EXTERNAL]|Bytes:5
11:45:34.0 (52635603)|HEAP_ALLOCATE|[EXTERNAL]|Bytes:8
11:45:34.0 (52640042)|HEAP_ALLOCATE|[EXTERNAL]|Bytes:24
11:45:34.0 (52650948)|HEAP_ALLOCATE|[EXTERNAL]|Bytes:8
11:45:34.0 (52654490)|HEAP_ALLOCATE|[EXTERNAL]|Bytes:5
11:45:34.0 (52667625)|HEAP_ALLOCATE|[EXTERNAL]|Bytes:8
11:45:34.0 (52672083)|HEAP_ALLOCATE|[EXTERNAL]|Bytes:24
11:45:34.0 (52683033)|HEAP_ALLOCATE|[EXTERNAL]|Bytes:8
11:45:34.0 (52686707)|HEAP_ALLOCATE|[EXTERNAL]|Bytes:5
11:45:34.0 (52704566)|HEAP_ALLOCATE|[EXTERNAL]|Bytes:8
11:45:34.0 (52709667)|HEAP_ALLOCATE|[EXTERNAL]|Bytes:24
11:45:34.0 (52722065)|HEAP_ALLOCATE|[EXTERNAL]|Bytes:8
11:45:34.0 (52725833)|HEAP_ALLOCATE|[EXTERNAL]|Bytes:5
11:45:34.0 (52740127)|HEAP_ALLOCATE|[EXTERNAL]|Bytes:8
11:45:34.0 (52744603)|HEAP_ALLOCATE|[EXTERNAL]|Bytes:24
11:45:34.0 (52755634)|HEAP_ALLOCATE|[EXTERNAL]|Bytes:8
11:45:34.0 (52759188)|HEAP_ALLOCATE|[EXTERNAL]|Bytes:5
11:45:34.0 (52784988)|HEAP_ALLOCATE|[EXTERNAL]|Bytes:8
11:45:34.0 (52790585)|HEAP_ALLOCATE|[EXTERNAL]|Bytes:24
11:45:34.0 (52803446)|HEAP_ALLOCATE|[EXTERNAL]|Bytes:8
11:45:34.0 (52807430)|HEAP_ALLOCATE|[EXTERNAL]|Bytes:5
11:45:34.0 (52820872)|HEAP_ALLOCATE|[EXTERNAL]|Bytes:8
11:45:34.0 (52825432)|HEAP_ALLOCATE|[EXTERNAL]|Bytes:24
11:45:34.0 (52836546)|HEAP_ALLOCATE|[EXTERNAL]|Bytes:8
11:45:34.0 (52840096)|HEAP_ALLOCATE|[EXTERNAL]|Bytes:5
11:45:34.0 (52853634)|HEAP_ALLOCATE|[EXTERNAL]|Bytes:8
11:45:34.0 (52857989)|HEAP_ALLOCATE|[EXTERNAL]|Bytes:24
11:45:34.0 (52869059)|HEAP_ALLOCATE|[EXTERNAL]|Bytes:8
11:45:34.0 (52872691)|HEAP_ALLOCATE|[EXTERNAL]|Bytes:5
11:45:34.0 (52885880)|HEAP_ALLOCATE|[EXTERNAL]|Bytes:8
11:45:34.0 (52890373)|HEAP_ALLOCATE|[EXTERNAL]|Bytes:24
11:45:34.0 (52901536)|HEAP_ALLOCATE|[EXTERNAL]|Bytes:8
11:45:34.0 (52905401)|HEAP_ALLOCATE|[EXTERNAL]|Bytes:5
11:45:34.0 (52918718)|HEAP_ALLOCATE|[EXTERNAL]|Bytes:8
11:45:34.0 (52923299)|HEAP_ALLOCATE|[EXTERNAL]|Bytes:24
11:45:34.0 (52934208)|HEAP_ALLOCATE|[EXTERNAL]|Bytes:8
11:45:34.0 (52937725)|HEAP_ALLOCATE|[EXTERNAL]|Bytes:5
11:45:34.0 (52951162)|HEAP_ALLOCATE|[EXTERNAL]|Bytes:8
11:45:34.0 (52955952)|HEAP_ALLOCATE|[EXTERNAL]|Bytes:24
11:45:34.0 (52966922)|HEAP_ALLOCATE|[EXTERNAL]|Bytes:8
11:45:34.0 (52970325)|HEAP_ALLOCATE|[EXTERNAL]|Bytes:5
11:45:34.0 (52983841)|HEAP_ALLOCATE|[EXTERNAL]|Bytes:8
11:45:34.0 (52988394)|HEAP_ALLOCATE|[EXTERNAL]|Bytes:24
11:45:34.0 (52999640)|HEAP_ALLOCATE|[EXTERNAL]|Bytes:8
11:45:34.0 (53003162)|HEAP_ALLOCATE|[EXTERNAL]|Bytes:5
11:45:34.0 (53017724)|HEAP_ALLOCATE|[EXTERNAL]|Bytes:8
11:45:34.0 (53022321)|HEAP_ALLOCATE|[EXTERNAL]|Bytes:24
11:45:34.0 (53033383)|HEAP_ALLOCATE|[EXTERNAL]|Bytes:8
11:45:34.0 (53037116)|HEAP_ALLOCATE|[EXTERNAL]|Bytes:5
11:45:34.0 (53050295)|HEAP_ALLOCATE|[EXTERNAL]|Bytes:8
11:45:34.0 (53054610)|HEAP_ALLOCATE|[EXTERNAL]|Bytes:24
11:45:34.0 (53066045)|HEAP_ALLOCATE|[EXTERNAL]|Bytes:8
11:45:34.0 (53069515)|HEAP_ALLOCATE|[EXTERNAL]|Bytes:5
11:45:34.0 (53082574)|HEAP_ALLOCATE|[EXTERNAL]|Bytes:8
11:45:34.0 (53086953)|HEAP_ALLOCATE|[EXTERNAL]|Bytes:24
11:45:34.0 (53098126)|HEAP_ALLOCATE|[EXTERNAL]|Bytes:8
11:45:34.0 (53101693)|HEAP_ALLOCATE|[EXTERNAL]|Bytes:5
11:45:34.0 (53114694)|HEAP_ALLOCATE|[EXTERNAL]|Bytes:8
11:45:34.0 (53119398)|HEAP_ALLOCATE|[EXTERNAL]|Bytes:24
11:45:34.0 (53130317)|HEAP_ALLOCATE|[EXTERNAL]|Bytes:8
11:45:34.0 (53133865)|HEAP_ALLOCATE|[EXTERNAL]|Bytes:5
11:45:34.0 (53147161)|HEAP_ALLOCATE|[EXTERNAL]|Bytes:8
11:45:34.0 (53151701)|HEAP_ALLOCATE|[EXTERNAL]|Bytes:24
11:45:34.0 (53162695)|HEAP_ALLOCATE|[EXTERNAL]|Bytes:8
11:45:34.0 (53166318)|HEAP_ALLOCATE|[EXTERNAL]|Bytes:5
11:45:34.0 (53179234)|HEAP_ALLOCATE|[EXTERNAL]|Bytes:8
11:45:34.0 (53183651)|HEAP_ALLOCATE|[EXTERNAL]|Bytes:24
11:45:34.0 (53194400)|HEAP_ALLOCATE|[EXTERNAL]|Bytes:8
11:45:34.0 (53197857)|HEAP_ALLOCATE|[EXTERNAL]|Bytes:5
11:45:34.0 (53211208)|HEAP_ALLOCATE|[EXTERNAL]|Bytes:8
11:45:34.0 (53215595)|HEAP_ALLOCATE|[EXTERNAL]|Bytes:24
11:45:34.0 (53226641)|HEAP_ALLOCATE|[EXTERNAL]|Bytes:8
11:45:34.0 (53230217)|HEAP_ALLOCATE|[EXTERNAL]|Bytes:5
11:45:34.0 (53243424)|HEAP_ALLOCATE|[EXTERNAL]|Bytes:8
11:45:34.0 (53247699)|HEAP_ALLOCATE|[EXTERNAL]|Bytes:24
11:45:34.0 (53258544)|HEAP_ALLOCATE|[EXTERNAL]|Bytes:8
11:45:34.0 (53261981)|HEAP_ALLOCATE|[EXTERNAL]|Bytes:5
11:45:34.0 (53274805)|HEAP_ALLOCATE|[EXTERNAL]|Bytes:8
11:45:34.0 (53279133)|HEAP_ALLOCATE|[EXTERNAL]|Bytes:24
11:45:34.0 (53290037)|HEAP_ALLOCATE|[EXTERNAL]|Bytes:8
11:45:34.0 (53293467)|HEAP_ALLOCATE|[EXTERNAL]|Bytes:5
11:45:34.0 (53306843)|HEAP_ALLOCATE|[EXTERNAL]|Bytes:8
11:45:34.0 (53311284)|HEAP_ALLOCATE|[EXTERNAL]|Bytes:24
11:45:34.0 (53322044)|HEAP_ALLOCATE|[EXTERNAL]|Bytes:8
11:45:34.0 (53325489)|HEAP_ALLOCATE|[EXTERNAL]|Bytes:5
11:45:34.0 (53338659)|HEAP_ALLOCATE|[EXTERNAL]|Bytes:8
11:45:34.0 (53343055)|HEAP_ALLOCATE|[EXTERNAL]|Bytes:24
11:45:34.0 (53353862)|HEAP_ALLOCATE|[EXTERNAL]|Bytes:8
11:45:34.0 (53357973)|HEAP_ALLOCATE|[EXTERNAL]|Bytes:5
11:45:34.0 (53371013)|HEAP_ALLOCATE|[EXTERNAL]|Bytes:8
11:45:34.0 (53375571)|HEAP_ALLOCATE|[EXTERNAL]|Bytes:24
11:45:34.0 (53386371)|HEAP_ALLOCATE|[EXTERNAL]|Bytes:8
11:45:34.0 (53389925)|HEAP_ALLOCATE|[EXTERNAL]|Bytes:5
11:45:34.0 (53403044)|HEAP_ALLOCATE|[EXTERNAL]|Bytes:8
11:45:34.0 (53407523)|HEAP_ALLOCATE|[EXTERNAL]|Bytes:24
11:45:34.0 (53418254)|HEAP_ALLOCATE|[EXTERNAL]|Bytes:8
11:45:34.0 (53421713)|HEAP_ALLOCATE|[EXTERNAL]|Bytes:5
11:45:34.0 (53434633)|HEAP_ALLOCATE|[EXTERNAL]|Bytes:8
11:45:34.0 (53439353)|HEAP_ALLOCATE|[EXTERNAL]|Bytes:24
11:45:34.0 (53450246)|HEAP_ALLOCATE|[EXTERNAL]|Bytes:8
11:45:34.0 (53453682)|HEAP_ALLOCATE|[EXTERNAL]|Bytes:5
11:45:34.0 (53466970)|HEAP_ALLOCATE|[EXTERNAL]|Bytes:8
11:45:34.0 (53471235)|HEAP_ALLOCATE|[EXTERNAL]|Bytes:24
11:45:34.0 (53482167)|HEAP_ALLOCATE|[EXTERNAL]|Bytes:8
11:45:34.0 (53485629)|HEAP_ALLOCATE|[EXTERNAL]|Bytes:5
11:45:34.0 (53510764)|HEAP_ALLOCATE|[EXTERNAL]|Bytes:8
11:45:34.0 (53516468)|HEAP_ALLOCATE|[EXTERNAL]|Bytes:24
11:45:34.0 (53529815)|HEAP_ALLOCATE|[EXTERNAL]|Bytes:8
11:45:34.0 (53533703)|HEAP_ALLOCATE|[EXTERNAL]|Bytes:5
11:45:34.0 (53547664)|HEAP_ALLOCATE|[EXTERNAL]|Bytes:8
11:45:34.0 (53551929)|HEAP_ALLOCATE|[EXTERNAL]|Bytes:24
11:45:34.0 (53562876)|HEAP_ALLOCATE|[EXTERNAL]|Bytes:8
11:45:34.0 (53566430)|HEAP_ALLOCATE|[EXTERNAL]|Bytes:5
11:45:34.0 (53579509)|HEAP_ALLOCATE|[EXTERNAL]|Bytes:8
11:45:34.0 (53593741)|HEAP_ALLOCATE|[EXTERNAL]|Bytes:24
11:45:34.0 (53617316)|HEAP_ALLOCATE|[EXTERNAL]|Bytes:8
11:45:34.0 (53623026)|HEAP_ALLOCATE|[EXTERNAL]|Bytes:5
11:45:34.0 (53640899)|HEAP_ALLOCATE|[EXTERNAL]|Bytes:8
11:45:34.0 (53646347)|HEAP_ALLOCATE|[EXTERNAL]|Bytes:24
11:45:34.0 (53658174)|HEAP_ALLOCATE|[EXTERNAL]|Bytes:8
11:45:34.0 (53661747)|HEAP_ALLOCATE|[EXTERNAL]|Bytes:5
11:45:34.0 (53675310)|HEAP_ALLOCATE|[EXTERNAL]|Bytes:8
11:45:34.0 (53679912)|HEAP_ALLOCATE|[EXTERNAL]|Bytes:24
11:45:34.0 (53720181)|HEAP_ALLOCATE|[EXTERNAL]|Bytes:4
11:45:34.0 (53729853)|HEAP_ALLOCATE|[EXTERNAL]|Bytes:4
11:45:34.0 (53733220)|HEAP_ALLOCATE|[EXTERNAL]|Bytes:4
11:45:34.0 (53734490)|HEAP_ALLOCATE|[EXTERNAL]|Bytes:4
11:45:34.0 (53735658)|HEAP_ALLOCATE|[EXTERNAL]|Bytes:4
11:45:34.0 (53736585)|HEAP_ALLOCATE|[EXTERNAL]|Bytes:4
11:45:34.0 (53737465)|HEAP_ALLOCATE|[EXTERNAL]|Bytes:4
11:45:34.0 (53738505)|HEAP_ALLOCATE|[EXTERNAL]|Bytes:4
11:45:34.0 (53739417)|HEAP_ALLOCATE|[EXTERNAL]|Bytes:4
11:45:34.0 (53740477)|HEAP_ALLOCATE|[EXTERNAL]|Bytes:4
11:45:34.0 (53741409)|HEAP_ALLOCATE|[EXTERNAL]|Bytes:4
11:45:34.0 (53742299)|HEAP_ALLOCATE|[EXTERNAL]|Bytes:4
11:45:34.0 (53743201)|HEAP_ALLOCATE|[EXTERNAL]|Bytes:4
11:45:34.0 (53744256)|HEAP_ALLOCATE|[EXTERNAL]|Bytes:4
11:45:34.0 (53745144)|HEAP_ALLOCATE|[EXTERNAL]|Bytes:4
11:45:34.0 (53746036)|HEAP_ALLOCATE|[EXTERNAL]|Bytes:4
11:45:34.0 (53746920)|HEAP_ALLOCATE|[EXTERNAL]|Bytes:4
11:45:34.0 (53747860)|HEAP_ALLOCATE|[EXTERNAL]|Bytes:4
11:45:34.0 (53748822)|HEAP_ALLOCATE|[EXTERNAL]|Bytes:4
11:45:34.0 (53749728)|HEAP_ALLOCATE|[EXTERNAL]|Bytes:4
11:45:34.0 (53751437)|HEAP_ALLOCATE|[EXTERNAL]|Bytes:4
11:45:34.0 (53752378)|HEAP_ALLOCATE|[EXTERNAL]|Bytes:4
11:45:34.0 (53753349)|HEAP_ALLOCATE|[EXTERNAL]|Bytes:4
11:45:34.0 (53754354)|HEAP_ALLOCATE|[EXTERNAL]|Bytes:4
11:45:34.0 (53755449)|HEAP_ALLOCATE|[EXTERNAL]|Bytes:4
11:45:34.0 (53756477)|HEAP_ALLOCATE|[EXTERNAL]|Bytes:4
11:45:34.0 (53757428)|HEAP_ALLOCATE|[EXTERNAL]|Bytes:4
11:45:34.0 (53758307)|HEAP_ALLOCATE|[EXTERNAL]|Bytes:4
11:45:34.0 (53759553)|HEAP_ALLOCATE|[EXTERNAL]|Bytes:4
11:45:34.0 (53760494)|HEAP_ALLOCATE|[EXTERNAL]|Bytes:4
11:45:34.0 (53761392)|HEAP_ALLOCATE|[EXTERNAL]|Bytes:4
11:45:34.0 (53762360)|HEAP_ALLOCATE|[EXTERNAL]|Bytes:4
11:45:34.0 (53763253)|HEAP_ALLOCATE|[EXTERNAL]|Bytes:4
11:45:34.0 (53764191)|HEAP_ALLOCATE|[EXTERNAL]|Bytes:4
11:45:34.0 (53765106)|HEAP_ALLOCATE|[EXTERNAL]|Bytes:4
11:45:34.0 (53766012)|HEAP_ALLOCATE|[EXTERNAL]|Bytes:4
11:45:34.0 (53766984)|HEAP_ALLOCATE|[EXTERNAL]|Bytes:4
11:45:34.0 (55398736)|HEAP_ALLOCATE|[EXTERNAL]|Bytes:8
11:45:34.0 (55412657)|HEAP_ALLOCATE|[EXTERNAL]|Bytes:5
11:45:34.0 (55435228)|HEAP_ALLOCATE|[EXTERNAL]|Bytes:8
11:45:34.0 (55442626)|HEAP_ALLOCATE|[EXTERNAL]|Bytes:24
11:45:34.0 (55455783)|HEAP_ALLOCATE|[EXTERNAL]|Bytes:8
11:45:34.0 (55459953)|HEAP_ALLOCATE|[EXTERNAL]|Bytes:5
11:45:34.0 (55473919)|HEAP_ALLOCATE|[EXTERNAL]|Bytes:8
11:45:34.0 (55478735)|HEAP_ALLOCATE|[EXTERNAL]|Bytes:24
11:45:34.0 (55490082)|HEAP_ALLOCATE|[EXTERNAL]|Bytes:8
11:45:34.0 (55493750)|HEAP_ALLOCATE|[EXTERNAL]|Bytes:5
11:45:34.0 (55507146)|HEAP_ALLOCATE|[EXTERNAL]|Bytes:8
11:45:34.0 (55511596)|HEAP_ALLOCATE|[EXTERNAL]|Bytes:24
11:45:34.0 (55522739)|HEAP_ALLOCATE|[EXTERNAL]|Bytes:8
11:45:34.0 (55526229)|HEAP_ALLOCATE|[EXTERNAL]|Bytes:5
11:45:34.0 (55539545)|HEAP_ALLOCATE|[EXTERNAL]|Bytes:8
11:45:34.0 (55543862)|HEAP_ALLOCATE|[EXTERNAL]|Bytes:24
11:45:34.0 (55555023)|HEAP_ALLOCATE|[EXTERNAL]|Bytes:8
11:45:34.0 (55558481)|HEAP_ALLOCATE|[EXTERNAL]|Bytes:5
11:45:34.0 (55571694)|HEAP_ALLOCATE|[EXTERNAL]|Bytes:8
11:45:34.0 (55576436)|HEAP_ALLOCATE|[EXTERNAL]|Bytes:24
11:45:34.0 (55588486)|HEAP_ALLOCATE|[EXTERNAL]|Bytes:8
11:45:34.0 (55592099)|HEAP_ALLOCATE|[EXTERNAL]|Bytes:5
11:45:34.0 (55605311)|HEAP_ALLOCATE|[EXTERNAL]|Bytes:8
11:45:34.0 (55609714)|HEAP_ALLOCATE|[EXTERNAL]|Bytes:24
11:45:34.0 (55620839)|HEAP_ALLOCATE|[EXTERNAL]|Bytes:8
11:45:34.0 (55624394)|HEAP_ALLOCATE|[EXTERNAL]|Bytes:5
11:45:34.0 (55637634)|HEAP_ALLOCATE|[EXTERNAL]|Bytes:8
11:45:34.0 (55642136)|HEAP_ALLOCATE|[EXTERNAL]|Bytes:24
11:45:34.0 (55652950)|HEAP_ALLOCATE|[EXTERNAL]|Bytes:8
11:45:34.0 (55656471)|HEAP_ALLOCATE|[EXTERNAL]|Bytes:5
11:45:34.0 (55669500)|HEAP_ALLOCATE|[EXTERNAL]|Bytes:8
11:45:34.0 (55673979)|HEAP_ALLOCATE|[EXTERNAL]|Bytes:24
11:45:34.0 (55685042)|HEAP_ALLOCATE|[EXTERNAL]|Bytes:8
11:45:34.0 (55688530)|HEAP_ALLOCATE|[EXTERNAL]|Bytes:5
11:45:34.0 (55707430)|HEAP_ALLOCATE|[EXTERNAL]|Bytes:8
11:45:34.0 (55712595)|HEAP_ALLOCATE|[EXTERNAL]|Bytes:24
11:45:34.0 (55724704)|HEAP_ALLOCATE|[EXTERNAL]|Bytes:8
11:45:34.0 (55728437)|HEAP_ALLOCATE|[EXTERNAL]|Bytes:5
11:45:34.0 (55741981)|HEAP_ALLOCATE|[EXTERNAL]|Bytes:8
11:45:34.0 (55746901)|HEAP_ALLOCATE|[EXTERNAL]|Bytes:24
11:45:34.0 (55758069)|HEAP_ALLOCATE|[EXTERNAL]|Bytes:8
11:45:34.0 (55761659)|HEAP_ALLOCATE|[EXTERNAL]|Bytes:5
11:45:34.0 (55774892)|HEAP_ALLOCATE|[EXTERNAL]|Bytes:8
11:45:34.0 (55779519)|HEAP_ALLOCATE|[EXTERNAL]|Bytes:24
11:45:34.0 (55790528)|HEAP_ALLOCATE|[EXTERNAL]|Bytes:8
11:45:34.0 (55794029)|HEAP_ALLOCATE|[EXTERNAL]|Bytes:5
11:45:34.0 (55807045)|HEAP_ALLOCATE|[EXTERNAL]|Bytes:8
11:45:34.0 (55811608)|HEAP_ALLOCATE|[EXTERNAL]|Bytes:24
11:45:34.0 (55822554)|HEAP_ALLOCATE|[EXTERNAL]|Bytes:8
11:45:34.0 (55826051)|HEAP_ALLOCATE|[EXTERNAL]|Bytes:5
11:45:34.0 (55839151)|HEAP_ALLOCATE|[EXTERNAL]|Bytes:8
11:45:34.0 (55843615)|HEAP_ALLOCATE|[EXTERNAL]|Bytes:24
11:45:34.0 (55854644)|HEAP_ALLOCATE|[EXTERNAL]|Bytes:8
11:45:34.0 (55858123)|HEAP_ALLOCATE|[EXTERNAL]|Bytes:5
11:45:34.0 (55871344)|HEAP_ALLOCATE|[EXTERNAL]|Bytes:8
11:45:34.0 (55875829)|HEAP_ALLOCATE|[EXTERNAL]|Bytes:24
11:45:34.0 (55886831)|HEAP_ALLOCATE|[EXTERNAL]|Bytes:8
11:45:34.0 (55890374)|HEAP_ALLOCATE|[EXTERNAL]|Bytes:5
11:45:34.0 (55903829)|HEAP_ALLOCATE|[EXTERNAL]|Bytes:8
11:45:34.0 (55908231)|HEAP_ALLOCATE|[EXTERNAL]|Bytes:24
11:45:34.0 (55919090)|HEAP_ALLOCATE|[EXTERNAL]|Bytes:8
11:45:34.0 (55922590)|HEAP_ALLOCATE|[EXTERNAL]|Bytes:5
11:45:34.0 (55935736)|HEAP_ALLOCATE|[EXTERNAL]|Bytes:8
11:45:34.0 (55940116)|HEAP_ALLOCATE|[EXTERNAL]|Bytes:24
11:45:34.0 (55951037)|HEAP_ALLOCATE|[EXTERNAL]|Bytes:8
11:45:34.0 (55954717)|HEAP_ALLOCATE|[EXTERNAL]|Bytes:5
11:45:34.0 (55967884)|HEAP_ALLOCATE|[EXTERNAL]|Bytes:8
11:45:34.0 (55972322)|HEAP_ALLOCATE|[EXTERNAL]|Bytes:24
11:45:34.0 (55983562)|HEAP_ALLOCATE|[EXTERNAL]|Bytes:8
11:45:34.0 (55987130)|HEAP_ALLOCATE|[EXTERNAL]|Bytes:5
11:45:34.0 (56000481)|HEAP_ALLOCATE|[EXTERNAL]|Bytes:8
11:45:34.0 (56006070)|HEAP_ALLOCATE|[EXTERNAL]|Bytes:24
11:45:34.0 (56017208)|HEAP_ALLOCATE|[EXTERNAL]|Bytes:8
11:45:34.0 (56020757)|HEAP_ALLOCATE|[EXTERNAL]|Bytes:5
11:45:34.0 (56033835)|HEAP_ALLOCATE|[EXTERNAL]|Bytes:8
11:45:34.0 (56038267)|HEAP_ALLOCATE|[EXTERNAL]|Bytes:24
11:45:34.0 (56049512)|HEAP_ALLOCATE|[EXTERNAL]|Bytes:8
11:45:34.0 (56052992)|HEAP_ALLOCATE|[EXTERNAL]|Bytes:5
11:45:34.0 (56065991)|HEAP_ALLOCATE|[EXTERNAL]|Bytes:8
11:45:34.0 (56070456)|HEAP_ALLOCATE|[EXTERNAL]|Bytes:24
11:45:34.0 (56081332)|HEAP_ALLOCATE|[EXTERNAL]|Bytes:8
11:45:34.0 (56084868)|HEAP_ALLOCATE|[EXTERNAL]|Bytes:5
11:45:34.0 (56097814)|HEAP_ALLOCATE|[EXTERNAL]|Bytes:8
11:45:34.0 (56102159)|HEAP_ALLOCATE|[EXTERNAL]|Bytes:24
11:45:34.0 (56113290)|HEAP_ALLOCATE|[EXTERNAL]|Bytes:8
11:45:34.0 (56116759)|HEAP_ALLOCATE|[EXTERNAL]|Bytes:5
11:45:34.0 (56129871)|HEAP_ALLOCATE|[EXTERNAL]|Bytes:8
11:45:34.0 (56134321)|HEAP_ALLOCATE|[EXTERNAL]|Bytes:24
11:45:34.0 (56165657)|HEAP_ALLOCATE|[EXTERNAL]|Bytes:8
11:45:34.0 (56173754)|HEAP_ALLOCATE|[EXTERNAL]|Bytes:5
11:45:34.0 (56195462)|HEAP_ALLOCATE|[EXTERNAL]|Bytes:8
11:45:34.0 (56201695)|HEAP_ALLOCATE|[EXTERNAL]|Bytes:24
11:45:34.0 (56213776)|HEAP_ALLOCATE|[EXTERNAL]|Bytes:8
11:45:34.0 (56217575)|HEAP_ALLOCATE|[EXTERNAL]|Bytes:5
11:45:34.0 (56231116)|HEAP_ALLOCATE|[EXTERNAL]|Bytes:8
11:45:34.0 (56235983)|HEAP_ALLOCATE|[EXTERNAL]|Bytes:24
11:45:34.0 (56247152)|HEAP_ALLOCATE|[EXTERNAL]|Bytes:8
11:45:34.0 (56250751)|HEAP_ALLOCATE|[EXTERNAL]|Bytes:5
11:45:34.0 (56264210)|HEAP_ALLOCATE|[EXTERNAL]|Bytes:8
11:45:34.0 (56269018)|HEAP_ALLOCATE|[EXTERNAL]|Bytes:24
11:45:34.0 (56280288)|HEAP_ALLOCATE|[EXTERNAL]|Bytes:8
11:45:34.0 (56283803)|HEAP_ALLOCATE|[EXTERNAL]|Bytes:5
11:45:34.0 (56296967)|HEAP_ALLOCATE|[EXTERNAL]|Bytes:8
11:45:34.0 (56301337)|HEAP_ALLOCATE|[EXTERNAL]|Bytes:24
11:45:34.0 (56312487)|HEAP_ALLOCATE|[EXTERNAL]|Bytes:8
11:45:34.0 (56315981)|HEAP_ALLOCATE|[EXTERNAL]|Bytes:5
11:45:34.0 (56329182)|HEAP_ALLOCATE|[EXTERNAL]|Bytes:8
11:45:34.0 (56333824)|HEAP_ALLOCATE|[EXTERNAL]|Bytes:24
11:45:34.0 (56344805)|HEAP_ALLOCATE|[EXTERNAL]|Bytes:8
11:45:34.0 (56348297)|HEAP_ALLOCATE|[EXTERNAL]|Bytes:5
11:45:34.0 (56361368)|HEAP_ALLOCATE|[EXTERNAL]|Bytes:8
11:45:34.0 (56365887)|HEAP_ALLOCATE|[EXTERNAL]|Bytes:24
11:45:34.0 (56376942)|HEAP_ALLOCATE|[EXTERNAL]|Bytes:8
11:45:34.0 (56380647)|HEAP_ALLOCATE|[EXTERNAL]|Bytes:5
11:45:34.0 (56393605)|HEAP_ALLOCATE|[EXTERNAL]|Bytes:8
11:45:34.0 (56398157)|HEAP_ALLOCATE|[EXTERNAL]|Bytes:24
11:45:34.0 (56409161)|HEAP_ALLOCATE|[EXTERNAL]|Bytes:8
11:45:34.0 (56412602)|HEAP_ALLOCATE|[EXTERNAL]|Bytes:5
11:45:34.0 (56425648)|HEAP_ALLOCATE|[EXTERNAL]|Bytes:8
11:45:34.0 (56430022)|HEAP_ALLOCATE|[EXTERNAL]|Bytes:24
11:45:34.0 (56440988)|HEAP_ALLOCATE|[EXTERNAL]|Bytes:8
11:45:34.0 (56444419)|HEAP_ALLOCATE|[EXTERNAL]|Bytes:5
11:45:34.0 (56457417)|HEAP_ALLOCATE|[EXTERNAL]|Bytes:8
11:45:34.0 (56461949)|HEAP_ALLOCATE|[EXTERNAL]|Bytes:24
11:45:34.0 (56472897)|HEAP_ALLOCATE|[EXTERNAL]|Bytes:8
11:45:34.0 (56476407)|HEAP_ALLOCATE|[EXTERNAL]|Bytes:5
11:45:34.0 (56489500)|HEAP_ALLOCATE|[EXTERNAL]|Bytes:8
11:45:34.0 (56493892)|HEAP_ALLOCATE|[EXTERNAL]|Bytes:24
11:45:34.0 (56504890)|HEAP_ALLOCATE|[EXTERNAL]|Bytes:8
11:45:34.0 (56508452)|HEAP_ALLOCATE|[EXTERNAL]|Bytes:5
11:45:34.0 (56521707)|HEAP_ALLOCATE|[EXTERNAL]|Bytes:8
11:45:34.0 (56526175)|HEAP_ALLOCATE|[EXTERNAL]|Bytes:24
11:45:34.0 (56538181)|HEAP_ALLOCATE|[EXTERNAL]|Bytes:8
11:45:34.0 (56541672)|HEAP_ALLOCATE|[EXTERNAL]|Bytes:5
11:45:34.0 (56554937)|HEAP_ALLOCATE|[EXTERNAL]|Bytes:8
11:45:34.0 (56559543)|HEAP_ALLOCATE|[EXTERNAL]|Bytes:24
11:45:34.0 (56570489)|HEAP_ALLOCATE|[EXTERNAL]|Bytes:8
11:45:34.0 (56574004)|HEAP_ALLOCATE|[EXTERNAL]|Bytes:5
11:45:34.0 (56586974)|HEAP_ALLOCATE|[EXTERNAL]|Bytes:8
11:45:34.0 (56591496)|HEAP_ALLOCATE|[EXTERNAL]|Bytes:24
11:45:34.0 (56617655)|HEAP_ALLOCATE|[EXTERNAL]|Bytes:4
11:45:34.0 (56624888)|HEAP_ALLOCATE|[EXTERNAL]|Bytes:4
11:45:34.0 (56627048)|HEAP_ALLOCATE|[EXTERNAL]|Bytes:4
11:45:34.0 (56628282)|HEAP_ALLOCATE|[EXTERNAL]|Bytes:4
11:45:34.0 (56629233)|HEAP_ALLOCATE|[EXTERNAL]|Bytes:4
11:45:34.0 (56630134)|HEAP_ALLOCATE|[EXTERNAL]|Bytes:4
11:45:34.0 (56631108)|HEAP_ALLOCATE|[EXTERNAL]|Bytes:4
11:45:34.0 (56632053)|HEAP_ALLOCATE|[EXTERNAL]|Bytes:4
11:45:34.0 (56632932)|HEAP_ALLOCATE|[EXTERNAL]|Bytes:4
11:45:34.0 (56633803)|HEAP_ALLOCATE|[EXTERNAL]|Bytes:4
11:45:34.0 (56634971)|HEAP_ALLOCATE|[EXTERNAL]|Bytes:4
11:45:34.0 (56635887)|HEAP_ALLOCATE|[EXTERNAL]|Bytes:4
11:45:34.0 (56636900)|HEAP_ALLOCATE|[EXTERNAL]|Bytes:4
11:45:34.0 (56638113)|HEAP_ALLOCATE|[EXTERNAL]|Bytes:4
11:45:34.0 (56639048)|HEAP_ALLOCATE|[EXTERNAL]|Bytes:4
11:45:34.0 (56639949)|HEAP_ALLOCATE|[EXTERNAL]|Bytes:4
11:45:34.0 (56640852)|HEAP_ALLOCATE|[EXTERNAL]|Bytes:4
11:45:34.0 (56641765)|HEAP_ALLOCATE|[EXTERNAL]|Bytes:4
11:45:34.0 (56642703)|HEAP_ALLOCATE|[EXTERNAL]|Bytes:4
11:45:34.0 (56643612)|HEAP_ALLOCATE|[EXTERNAL]|Bytes:4
11:45:34.0 (56644514)|HEAP_ALLOCATE|[EXTERNAL]|Bytes:4
11:45:34.0 (56645447)|HEAP_ALLOCATE|[EXTERNAL]|Bytes:4
11:45:34.0 (56646452)|HEAP_ALLOCATE|[EXTERNAL]|Bytes:4
11:45:34.0 (56647331)|HEAP_ALLOCATE|[EXTERNAL]|Bytes:4
11:45:34.0 (56648213)|HEAP_ALLOCATE|[EXTERNAL]|Bytes:4
11:45:34.0 (56649206)|HEAP_ALLOCATE|[EXTERNAL]|Bytes:4
11:45:34.0 (56650149)|HEAP_ALLOCATE|[EXTERNAL]|Bytes:4
11:45:34.0 (56651162)|HEAP_ALLOCATE|[EXTERNAL]|Bytes:4
11:45:34.0 (56652056)|HEAP_ALLOCATE|[EXTERNAL]|Bytes:4
11:45:34.0 (56653177)|HEAP_ALLOCATE|[EXTERNAL]|Bytes:4
11:45:34.0 (56654061)|HEAP_ALLOCATE|[EXTERNAL]|Bytes:4
11:45:34.0 (56654974)|HEAP_ALLOCATE|[EXTERNAL]|Bytes:4
11:45:34.0 (56655844)|HEAP_ALLOCATE|[EXTERNAL]|Bytes:4
11:45:34.0 (56656708)|HEAP_ALLOCATE|[EXTERNAL]|Bytes:4
11:45:34.0 (56657666)|HEAP_ALLOCATE|[EXTERNAL]|Bytes:4
11:45:34.0 (56658602)|HEAP_ALLOCATE|[EXTERNAL]|Bytes:4
11:45:34.0 (56659534)|HEAP_ALLOCATE|[EXTERNAL]|Bytes:4
11:45:34.0 (58149346)|HEAP_ALLOCATE|[EXTERNAL]|Bytes:8
11:45:34.0 (58165173)|HEAP_ALLOCATE|[EXTERNAL]|Bytes:5
11:45:34.0 (58201184)|HEAP_ALLOCATE|[EXTERNAL]|Bytes:8
11:45:34.0 (58213273)|HEAP_ALLOCATE|[EXTERNAL]|Bytes:24
11:45:34.0 (58238510)|HEAP_ALLOCATE|[EXTERNAL]|Bytes:8
11:45:34.0 (58246189)|HEAP_ALLOCATE|[EXTERNAL]|Bytes:5
11:45:34.0 (58277511)|HEAP_ALLOCATE|[EXTERNAL]|Bytes:8
11:45:34.0 (58289306)|HEAP_ALLOCATE|[EXTERNAL]|Bytes:24
11:45:34.0 (58315474)|HEAP_ALLOCATE|[EXTERNAL]|Bytes:8
11:45:34.0 (58323825)|HEAP_ALLOCATE|[EXTERNAL]|Bytes:5
11:45:34.0 (58354047)|HEAP_ALLOCATE|[EXTERNAL]|Bytes:8
11:45:34.0 (58361153)|HEAP_ALLOCATE|[EXTERNAL]|Bytes:24
11:45:34.0 (58376005)|HEAP_ALLOCATE|[EXTERNAL]|Bytes:8
11:45:34.0 (58380523)|HEAP_ALLOCATE|[EXTERNAL]|Bytes:5
11:45:34.0 (58394878)|HEAP_ALLOCATE|[EXTERNAL]|Bytes:8
11:45:34.0 (58399647)|HEAP_ALLOCATE|[EXTERNAL]|Bytes:24
11:45:34.0 (58411241)|HEAP_ALLOCATE|[EXTERNAL]|Bytes:8
11:45:34.0 (58414845)|HEAP_ALLOCATE|[EXTERNAL]|Bytes:5
11:45:34.0 (58428227)|HEAP_ALLOCATE|[EXTERNAL]|Bytes:8
11:45:34.0 (58432948)|HEAP_ALLOCATE|[EXTERNAL]|Bytes:24
11:45:34.0 (58444155)|HEAP_ALLOCATE|[EXTERNAL]|Bytes:8
11:45:34.0 (58447619)|HEAP_ALLOCATE|[EXTERNAL]|Bytes:5
11:45:34.0 (58460692)|HEAP_ALLOCATE|[EXTERNAL]|Bytes:8
11:45:34.0 (58465134)|HEAP_ALLOCATE|[EXTERNAL]|Bytes:24
11:45:34.0 (58476017)|HEAP_ALLOCATE|[EXTERNAL]|Bytes:8
11:45:34.0 (58479520)|HEAP_ALLOCATE|[EXTERNAL]|Bytes:5
11:45:34.0 (58492515)|HEAP_ALLOCATE|[EXTERNAL]|Bytes:8
11:45:34.0 (58496797)|HEAP_ALLOCATE|[EXTERNAL]|Bytes:24
11:45:34.0 (58507519)|HEAP_ALLOCATE|[EXTERNAL]|Bytes:8
11:45:34.0 (58511411)|HEAP_ALLOCATE|[EXTERNAL]|Bytes:5
11:45:34.0 (58524478)|HEAP_ALLOCATE|[EXTERNAL]|Bytes:8
11:45:34.0 (58528862)|HEAP_ALLOCATE|[EXTERNAL]|Bytes:24
11:45:34.0 (58540049)|HEAP_ALLOCATE|[EXTERNAL]|Bytes:8
11:45:34.0 (58543551)|HEAP_ALLOCATE|[EXTERNAL]|Bytes:5
11:45:34.0 (58556735)|HEAP_ALLOCATE|[EXTERNAL]|Bytes:8
11:45:34.0 (58561045)|HEAP_ALLOCATE|[EXTERNAL]|Bytes:24
11:45:34.0 (58571884)|HEAP_ALLOCATE|[EXTERNAL]|Bytes:8
11:45:34.0 (58575367)|HEAP_ALLOCATE|[EXTERNAL]|Bytes:5
11:45:34.0 (58588493)|HEAP_ALLOCATE|[EXTERNAL]|Bytes:8
11:45:34.0 (58592859)|HEAP_ALLOCATE|[EXTERNAL]|Bytes:24
11:45:34.0 (58603659)|HEAP_ALLOCATE|[EXTERNAL]|Bytes:8
11:45:34.0 (58607175)|HEAP_ALLOCATE|[EXTERNAL]|Bytes:5
11:45:34.0 (58620414)|HEAP_ALLOCATE|[EXTERNAL]|Bytes:8
11:45:34.0 (58624719)|HEAP_ALLOCATE|[EXTERNAL]|Bytes:24
11:45:34.0 (58635661)|HEAP_ALLOCATE|[EXTERNAL]|Bytes:8
11:45:34.0 (58639215)|HEAP_ALLOCATE|[EXTERNAL]|Bytes:5
11:45:34.0 (58652242)|HEAP_ALLOCATE|[EXTERNAL]|Bytes:8
11:45:34.0 (58657141)|HEAP_ALLOCATE|[EXTERNAL]|Bytes:24
11:45:34.0 (58667992)|HEAP_ALLOCATE|[EXTERNAL]|Bytes:8
11:45:34.0 (58671434)|HEAP_ALLOCATE|[EXTERNAL]|Bytes:5
11:45:34.0 (58689081)|HEAP_ALLOCATE|[EXTERNAL]|Bytes:8
11:45:34.0 (58693809)|HEAP_ALLOCATE|[EXTERNAL]|Bytes:24
11:45:34.0 (58705433)|HEAP_ALLOCATE|[EXTERNAL]|Bytes:8
11:45:34.0 (58709084)|HEAP_ALLOCATE|[EXTERNAL]|Bytes:5
11:45:34.0 (58722301)|HEAP_ALLOCATE|[EXTERNAL]|Bytes:8
11:45:34.0 (58726878)|HEAP_ALLOCATE|[EXTERNAL]|Bytes:24
11:45:34.0 (58738094)|HEAP_ALLOCATE|[EXTERNAL]|Bytes:8
11:45:34.0 (58741624)|HEAP_ALLOCATE|[EXTERNAL]|Bytes:5
11:45:34.0 (58754834)|HEAP_ALLOCATE|[EXTERNAL]|Bytes:8
11:45:34.0 (58759186)|HEAP_ALLOCATE|[EXTERNAL]|Bytes:24
11:45:34.0 (58770124)|HEAP_ALLOCATE|[EXTERNAL]|Bytes:8
11:45:34.0 (58773617)|HEAP_ALLOCATE|[EXTERNAL]|Bytes:5
11:45:34.0 (58786516)|HEAP_ALLOCATE|[EXTERNAL]|Bytes:8
11:45:34.0 (58791139)|HEAP_ALLOCATE|[EXTERNAL]|Bytes:24
11:45:34.0 (58802076)|HEAP_ALLOCATE|[EXTERNAL]|Bytes:8
11:45:34.0 (58805574)|HEAP_ALLOCATE|[EXTERNAL]|Bytes:5
11:45:34.0 (58818959)|HEAP_ALLOCATE|[EXTERNAL]|Bytes:8
11:45:34.0 (58823387)|HEAP_ALLOCATE|[EXTERNAL]|Bytes:24
11:45:34.0 (58833940)|HEAP_ALLOCATE|[EXTERNAL]|Bytes:8
11:45:34.0 (58837452)|HEAP_ALLOCATE|[EXTERNAL]|Bytes:5
11:45:34.0 (58850170)|HEAP_ALLOCATE|[EXTERNAL]|Bytes:8
11:45:34.0 (58854454)|HEAP_ALLOCATE|[EXTERNAL]|Bytes:24
11:45:34.0 (58865131)|HEAP_ALLOCATE|[EXTERNAL]|Bytes:8
11:45:34.0 (58868599)|HEAP_ALLOCATE|[EXTERNAL]|Bytes:5
11:45:34.0 (58881620)|HEAP_ALLOCATE|[EXTERNAL]|Bytes:8
11:45:34.0 (58887717)|HEAP_ALLOCATE|[EXTERNAL]|Bytes:24
11:45:34.0 (58906623)|HEAP_ALLOCATE|[EXTERNAL]|Bytes:8
11:45:34.0 (58913670)|HEAP_ALLOCATE|[EXTERNAL]|Bytes:5
11:45:34.0 (58943043)|HEAP_ALLOCATE|[EXTERNAL]|Bytes:8
11:45:34.0 (58951880)|HEAP_ALLOCATE|[EXTERNAL]|Bytes:24
11:45:34.0 (58973605)|HEAP_ALLOCATE|[EXTERNAL]|Bytes:8
11:45:34.0 (58981486)|HEAP_ALLOCATE|[EXTERNAL]|Bytes:5
11:45:34.0 (59008181)|HEAP_ALLOCATE|[EXTERNAL]|Bytes:8
11:45:34.0 (59015541)|HEAP_ALLOCATE|[EXTERNAL]|Bytes:24
11:45:34.0 (59028573)|HEAP_ALLOCATE|[EXTERNAL]|Bytes:8
11:45:34.0 (59032886)|HEAP_ALLOCATE|[EXTERNAL]|Bytes:5
11:45:34.0 (59046483)|HEAP_ALLOCATE|[EXTERNAL]|Bytes:8
11:45:34.0 (59051066)|HEAP_ALLOCATE|[EXTERNAL]|Bytes:24
11:45:34.0 (59061866)|HEAP_ALLOCATE|[EXTERNAL]|Bytes:8
11:45:34.0 (59065533)|HEAP_ALLOCATE|[EXTERNAL]|Bytes:5
11:45:34.0 (59078605)|HEAP_ALLOCATE|[EXTERNAL]|Bytes:8
11:45:34.0 (59082863)|HEAP_ALLOCATE|[EXTERNAL]|Bytes:24
11:45:34.0 (59093884)|HEAP_ALLOCATE|[EXTERNAL]|Bytes:8
11:45:34.0 (59097419)|HEAP_ALLOCATE|[EXTERNAL]|Bytes:5
11:45:34.0 (59110386)|HEAP_ALLOCATE|[EXTERNAL]|Bytes:8
11:45:34.0 (59114744)|HEAP_ALLOCATE|[EXTERNAL]|Bytes:24
11:45:34.0 (59125630)|HEAP_ALLOCATE|[EXTERNAL]|Bytes:8
11:45:34.0 (59129073)|HEAP_ALLOCATE|[EXTERNAL]|Bytes:5
11:45:34.0 (59142129)|HEAP_ALLOCATE|[EXTERNAL]|Bytes:8
11:45:34.0 (59146497)|HEAP_ALLOCATE|[EXTERNAL]|Bytes:24
11:45:34.0 (59157386)|HEAP_ALLOCATE|[EXTERNAL]|Bytes:8
11:45:34.0 (59160896)|HEAP_ALLOCATE|[EXTERNAL]|Bytes:5
11:45:34.0 (59173984)|HEAP_ALLOCATE|[EXTERNAL]|Bytes:8
11:45:34.0 (59178567)|HEAP_ALLOCATE|[EXTERNAL]|Bytes:24
11:45:34.0 (59189406)|HEAP_ALLOCATE|[EXTERNAL]|Bytes:8
11:45:34.0 (59192871)|HEAP_ALLOCATE|[EXTERNAL]|Bytes:5
11:45:34.0 (59205830)|HEAP_ALLOCATE|[EXTERNAL]|Bytes:8
11:45:34.0 (59210169)|HEAP_ALLOCATE|[EXTERNAL]|Bytes:24
11:45:34.0 (59221022)|HEAP_ALLOCATE|[EXTERNAL]|Bytes:8
11:45:34.0 (59224513)|HEAP_ALLOCATE|[EXTERNAL]|Bytes:5
11:45:34.0 (59237790)|HEAP_ALLOCATE|[EXTERNAL]|Bytes:8
11:45:34.0 (59242291)|HEAP_ALLOCATE|[EXTERNAL]|Bytes:24
11:45:34.0 (59253348)|HEAP_ALLOCATE|[EXTERNAL]|Bytes:8
11:45:34.0 (59256898)|HEAP_ALLOCATE|[EXTERNAL]|Bytes:5
11:45:34.0 (59269754)|HEAP_ALLOCATE|[EXTERNAL]|Bytes:8
11:45:34.0 (59274080)|HEAP_ALLOCATE|[EXTERNAL]|Bytes:24
11:45:34.0 (59285116)|HEAP_ALLOCATE|[EXTERNAL]|Bytes:8
11:45:34.0 (59301702)|HEAP_ALLOCATE|[EXTERNAL]|Bytes:5
11:45:34.0 (59329373)|HEAP_ALLOCATE|[EXTERNAL]|Bytes:8
11:45:34.0 (59336221)|HEAP_ALLOCATE|[EXTERNAL]|Bytes:24
11:45:34.0 (59350296)|HEAP_ALLOCATE|[EXTERNAL]|Bytes:8
11:45:34.0 (59354422)|HEAP_ALLOCATE|[EXTERNAL]|Bytes:5
11:45:34.0 (59368980)|HEAP_ALLOCATE|[EXTERNAL]|Bytes:8
11:45:34.0 (59373660)|HEAP_ALLOCATE|[EXTERNAL]|Bytes:24
11:45:34.0 (59384579)|HEAP_ALLOCATE|[EXTERNAL]|Bytes:8
11:45:34.0 (59388078)|HEAP_ALLOCATE|[EXTERNAL]|Bytes:5
11:45:34.0 (59401059)|HEAP_ALLOCATE|[EXTERNAL]|Bytes:8
11:45:34.0 (59405615)|HEAP_ALLOCATE|[EXTERNAL]|Bytes:24
11:45:34.0 (59416479)|HEAP_ALLOCATE|[EXTERNAL]|Bytes:8
11:45:34.0 (59419915)|HEAP_ALLOCATE|[EXTERNAL]|Bytes:5
11:45:34.0 (59432792)|HEAP_ALLOCATE|[EXTERNAL]|Bytes:8
11:45:34.0 (59437512)|HEAP_ALLOCATE|[EXTERNAL]|Bytes:24
11:45:34.0 (59448297)|HEAP_ALLOCATE|[EXTERNAL]|Bytes:8
11:45:34.0 (59451752)|HEAP_ALLOCATE|[EXTERNAL]|Bytes:5
11:45:34.0 (59464716)|HEAP_ALLOCATE|[EXTERNAL]|Bytes:8
11:45:34.0 (59469085)|HEAP_ALLOCATE|[EXTERNAL]|Bytes:24
11:45:34.0 (59479884)|HEAP_ALLOCATE|[EXTERNAL]|Bytes:8
11:45:34.0 (59483305)|HEAP_ALLOCATE|[EXTERNAL]|Bytes:5
11:45:34.0 (59496270)|HEAP_ALLOCATE|[EXTERNAL]|Bytes:8
11:45:34.0 (59500798)|HEAP_ALLOCATE|[EXTERNAL]|Bytes:24
11:45:34.0 (59527638)|HEAP_ALLOCATE|[EXTERNAL]|Bytes:4
11:45:34.0 (59535521)|HEAP_ALLOCATE|[EXTERNAL]|Bytes:4
11:45:34.0 (59537714)|HEAP_ALLOCATE|[EXTERNAL]|Bytes:4
11:45:34.0 (59538860)|HEAP_ALLOCATE|[EXTERNAL]|Bytes:4
11:45:34.0 (59539925)|HEAP_ALLOCATE|[EXTERNAL]|Bytes:4
11:45:34.0 (59541013)|HEAP_ALLOCATE|[EXTERNAL]|Bytes:4
11:45:34.0 (59541915)|HEAP_ALLOCATE|[EXTERNAL]|Bytes:4
11:45:34.0 (59542813)|HEAP_ALLOCATE|[EXTERNAL]|Bytes:4
11:45:34.0 (59543679)|HEAP_ALLOCATE|[EXTERNAL]|Bytes:4
11:45:34.0 (59544603)|HEAP_ALLOCATE|[EXTERNAL]|Bytes:4
11:45:34.0 (59545581)|HEAP_ALLOCATE|[EXTERNAL]|Bytes:4
11:45:34.0 (59546464)|HEAP_ALLOCATE|[EXTERNAL]|Bytes:4
11:45:34.0 (59547361)|HEAP_ALLOCATE|[EXTERNAL]|Bytes:4
11:45:34.0 (59548347)|HEAP_ALLOCATE|[EXTERNAL]|Bytes:4
11:45:34.0 (59549262)|HEAP_ALLOCATE|[EXTERNAL]|Bytes:4
11:45:34.0 (59550142)|HEAP_ALLOCATE|[EXTERNAL]|Bytes:4
11:45:34.0 (59551034)|HEAP_ALLOCATE|[EXTERNAL]|Bytes:4
11:45:34.0 (59551907)|HEAP_ALLOCATE|[EXTERNAL]|Bytes:4
11:45:34.0 (59552832)|HEAP_ALLOCATE|[EXTERNAL]|Bytes:4
11:45:34.0 (59553916)|HEAP_ALLOCATE|[EXTERNAL]|Bytes:4
11:45:34.0 (59555061)|HEAP_ALLOCATE|[EXTERNAL]|Bytes:4
11:45:34.0 (59555988)|HEAP_ALLOCATE|[EXTERNAL]|Bytes:4
11:45:34.0 (59556869)|HEAP_ALLOCATE|[EXTERNAL]|Bytes:4
11:45:34.0 (59557783)|HEAP_ALLOCATE|[EXTERNAL]|Bytes:4
11:45:34.0 (59558739)|HEAP_ALLOCATE|[EXTERNAL]|Bytes:4
11:45:34.0 (59559752)|HEAP_ALLOCATE|[EXTERNAL]|Bytes:4
11:45:34.0 (59560714)|HEAP_ALLOCATE|[EXTERNAL]|Bytes:4
11:45:34.0 (59561627)|HEAP_ALLOCATE|[EXTERNAL]|Bytes:4
11:45:34.0 (59562497)|HEAP_ALLOCATE|[EXTERNAL]|Bytes:4
11:45:34.0 (59563429)|HEAP_ALLOCATE|[EXTERNAL]|Bytes:4
11:45:34.0 (59564341)|HEAP_ALLOCATE|[EXTERNAL]|Bytes:4
11:45:34.0 (59565283)|HEAP_ALLOCATE|[EXTERNAL]|Bytes:4
11:45:34.0 (59566144)|HEAP_ALLOCATE|[EXTERNAL]|Bytes:4
11:45:34.0 (59567047)|HEAP_ALLOCATE|[EXTERNAL]|Bytes:4
11:45:34.0 (59567967)|HEAP_ALLOCATE|[EXTERNAL]|Bytes:4
11:45:34.0 (59568864)|HEAP_ALLOCATE|[EXTERNAL]|Bytes:4
11:45:34.0 (59569914)|HEAP_ALLOCATE|[EXTERNAL]|Bytes:4
11:45:34.0 (61016540)|HEAP_ALLOCATE|[EXTERNAL]|Bytes:8
11:45:34.0 (61028212)|HEAP_ALLOCATE|[EXTERNAL]|Bytes:5
11:45:34.0 (61051046)|HEAP_ALLOCATE|[EXTERNAL]|Bytes:8
11:45:34.0 (61058337)|HEAP_ALLOCATE|[EXTERNAL]|Bytes:24
11:45:34.0 (61071460)|HEAP_ALLOCATE|[EXTERNAL]|Bytes:8
11:45:34.0 (61075564)|HEAP_ALLOCATE|[EXTERNAL]|Bytes:5
11:45:34.0 (61089446)|HEAP_ALLOCATE|[EXTERNAL]|Bytes:8
11:45:34.0 (61094189)|HEAP_ALLOCATE|[EXTERNAL]|Bytes:24
11:45:34.0 (61105428)|HEAP_ALLOCATE|[EXTERNAL]|Bytes:8
11:45:34.0 (61109073)|HEAP_ALLOCATE|[EXTERNAL]|Bytes:5
11:45:34.0 (61122392)|HEAP_ALLOCATE|[EXTERNAL]|Bytes:8
11:45:34.0 (61126978)|HEAP_ALLOCATE|[EXTERNAL]|Bytes:24
11:45:34.0 (61137908)|HEAP_ALLOCATE|[EXTERNAL]|Bytes:8
11:45:34.0 (61141373)|HEAP_ALLOCATE|[EXTERNAL]|Bytes:5
11:45:34.0 (61154580)|HEAP_ALLOCATE|[EXTERNAL]|Bytes:8
11:45:34.0 (61159059)|HEAP_ALLOCATE|[EXTERNAL]|Bytes:24
11:45:34.0 (61170072)|HEAP_ALLOCATE|[EXTERNAL]|Bytes:8
11:45:34.0 (61173542)|HEAP_ALLOCATE|[EXTERNAL]|Bytes:5
11:45:34.0 (61186577)|HEAP_ALLOCATE|[EXTERNAL]|Bytes:8
11:45:34.0 (61191145)|HEAP_ALLOCATE|[EXTERNAL]|Bytes:24
11:45:34.0 (61202034)|HEAP_ALLOCATE|[EXTERNAL]|Bytes:8
11:45:34.0 (61205611)|HEAP_ALLOCATE|[EXTERNAL]|Bytes:5
11:45:34.0 (61218692)|HEAP_ALLOCATE|[EXTERNAL]|Bytes:8
11:45:34.0 (61223031)|HEAP_ALLOCATE|[EXTERNAL]|Bytes:24
11:45:34.0 (61233895)|HEAP_ALLOCATE|[EXTERNAL]|Bytes:8
11:45:34.0 (61237453)|HEAP_ALLOCATE|[EXTERNAL]|Bytes:5
11:45:34.0 (61250467)|HEAP_ALLOCATE|[EXTERNAL]|Bytes:8
11:45:34.0 (61254949)|HEAP_ALLOCATE|[EXTERNAL]|Bytes:24
11:45:34.0 (61265868)|HEAP_ALLOCATE|[EXTERNAL]|Bytes:8
11:45:34.0 (61269350)|HEAP_ALLOCATE|[EXTERNAL]|Bytes:5
11:45:34.0 (61282414)|HEAP_ALLOCATE|[EXTERNAL]|Bytes:8
11:45:34.0 (61287075)|HEAP_ALLOCATE|[EXTERNAL]|Bytes:24
11:45:34.0 (61297754)|HEAP_ALLOCATE|[EXTERNAL]|Bytes:8
11:45:34.0 (61301231)|HEAP_ALLOCATE|[EXTERNAL]|Bytes:5
11:45:34.0 (61314217)|HEAP_ALLOCATE|[EXTERNAL]|Bytes:8
11:45:34.0 (61319398)|HEAP_ALLOCATE|[EXTERNAL]|Bytes:24
11:45:34.0 (61330389)|HEAP_ALLOCATE|[EXTERNAL]|Bytes:8
11:45:34.0 (61334192)|HEAP_ALLOCATE|[EXTERNAL]|Bytes:5
11:45:34.0 (61347186)|HEAP_ALLOCATE|[EXTERNAL]|Bytes:8
11:45:34.0 (61351555)|HEAP_ALLOCATE|[EXTERNAL]|Bytes:24
11:45:34.0 (61362347)|HEAP_ALLOCATE|[EXTERNAL]|Bytes:8
11:45:34.0 (61366069)|HEAP_ALLOCATE|[EXTERNAL]|Bytes:5
11:45:34.0 (61379106)|HEAP_ALLOCATE|[EXTERNAL]|Bytes:8
11:45:34.0 (61383552)|HEAP_ALLOCATE|[EXTERNAL]|Bytes:24
11:45:34.0 (61394423)|HEAP_ALLOCATE|[EXTERNAL]|Bytes:8
11:45:34.0 (61397962)|HEAP_ALLOCATE|[EXTERNAL]|Bytes:5
11:45:34.0 (61410796)|HEAP_ALLOCATE|[EXTERNAL]|Bytes:8
11:45:34.0 (61415227)|HEAP_ALLOCATE|[EXTERNAL]|Bytes:24
11:45:34.0 (61425872)|HEAP_ALLOCATE|[EXTERNAL]|Bytes:8
11:45:34.0 (61429304)|HEAP_ALLOCATE|[EXTERNAL]|Bytes:5
11:45:34.0 (61442244)|HEAP_ALLOCATE|[EXTERNAL]|Bytes:8
11:45:34.0 (61446740)|HEAP_ALLOCATE|[EXTERNAL]|Bytes:24
11:45:34.0 (61457682)|HEAP_ALLOCATE|[EXTERNAL]|Bytes:8
11:45:34.0 (61461160)|HEAP_ALLOCATE|[EXTERNAL]|Bytes:5
11:45:34.0 (61474026)|HEAP_ALLOCATE|[EXTERNAL]|Bytes:8
11:45:34.0 (61478497)|HEAP_ALLOCATE|[EXTERNAL]|Bytes:24
11:45:34.0 (61489758)|HEAP_ALLOCATE|[EXTERNAL]|Bytes:8
11:45:34.0 (61493338)|HEAP_ALLOCATE|[EXTERNAL]|Bytes:5
11:45:34.0 (61506305)|HEAP_ALLOCATE|[EXTERNAL]|Bytes:8
11:45:34.0 (61510640)|HEAP_ALLOCATE|[EXTERNAL]|Bytes:24
11:45:34.0 (61521587)|HEAP_ALLOCATE|[EXTERNAL]|Bytes:8
11:45:34.0 (61525213)|HEAP_ALLOCATE|[EXTERNAL]|Bytes:5
11:45:34.0 (61538045)|HEAP_ALLOCATE|[EXTERNAL]|Bytes:8
11:45:34.0 (61542323)|HEAP_ALLOCATE|[EXTERNAL]|Bytes:24
11:45:34.0 (61553086)|HEAP_ALLOCATE|[EXTERNAL]|Bytes:8
11:45:34.0 (61556543)|HEAP_ALLOCATE|[EXTERNAL]|Bytes:5
11:45:34.0 (61569358)|HEAP_ALLOCATE|[EXTERNAL]|Bytes:8
11:45:34.0 (61573586)|HEAP_ALLOCATE|[EXTERNAL]|Bytes:24
11:45:34.0 (61584394)|HEAP_ALLOCATE|[EXTERNAL]|Bytes:8
11:45:34.0 (61587871)|HEAP_ALLOCATE|[EXTERNAL]|Bytes:5
11:45:34.0 (61600749)|HEAP_ALLOCATE|[EXTERNAL]|Bytes:8
11:45:34.0 (61605245)|HEAP_ALLOCATE|[EXTERNAL]|Bytes:24
11:45:34.0 (61615977)|HEAP_ALLOCATE|[EXTERNAL]|Bytes:8
11:45:34.0 (61619463)|HEAP_ALLOCATE|[EXTERNAL]|Bytes:5
11:45:34.0 (61632900)|HEAP_ALLOCATE|[EXTERNAL]|Bytes:8
11:45:34.0 (61642607)|HEAP_ALLOCATE|[EXTERNAL]|Bytes:24
11:45:34.0 (61654964)|HEAP_ALLOCATE|[EXTERNAL]|Bytes:8
11:45:34.0 (61658817)|HEAP_ALLOCATE|[EXTERNAL]|Bytes:5
11:45:34.0 (61672341)|HEAP_ALLOCATE|[EXTERNAL]|Bytes:8
11:45:34.0 (61677073)|HEAP_ALLOCATE|[EXTERNAL]|Bytes:24
11:45:34.0 (61688009)|HEAP_ALLOCATE|[EXTERNAL]|Bytes:8
11:45:34.0 (61691559)|HEAP_ALLOCATE|[EXTERNAL]|Bytes:5
11:45:34.0 (61704699)|HEAP_ALLOCATE|[EXTERNAL]|Bytes:8
11:45:34.0 (61709107)|HEAP_ALLOCATE|[EXTERNAL]|Bytes:24
11:45:34.0 (61719862)|HEAP_ALLOCATE|[EXTERNAL]|Bytes:8
11:45:34.0 (61724114)|HEAP_ALLOCATE|[EXTERNAL]|Bytes:5
11:45:34.0 (61742431)|HEAP_ALLOCATE|[EXTERNAL]|Bytes:8
11:45:34.0 (61748546)|HEAP_ALLOCATE|[EXTERNAL]|Bytes:24
11:45:34.0 (61763202)|HEAP_ALLOCATE|[EXTERNAL]|Bytes:8
11:45:34.0 (61767251)|HEAP_ALLOCATE|[EXTERNAL]|Bytes:5
11:45:34.0 (61781065)|HEAP_ALLOCATE|[EXTERNAL]|Bytes:8
11:45:34.0 (61786116)|HEAP_ALLOCATE|[EXTERNAL]|Bytes:24
11:45:34.0 (61796948)|HEAP_ALLOCATE|[EXTERNAL]|Bytes:8
11:45:34.0 (61800844)|HEAP_ALLOCATE|[EXTERNAL]|Bytes:5
11:45:34.0 (61813794)|HEAP_ALLOCATE|[EXTERNAL]|Bytes:8
11:45:34.0 (61818261)|HEAP_ALLOCATE|[EXTERNAL]|Bytes:24
11:45:34.0 (61829153)|HEAP_ALLOCATE|[EXTERNAL]|Bytes:8
11:45:34.0 (61832629)|HEAP_ALLOCATE|[EXTERNAL]|Bytes:5
11:45:34.0 (61845647)|HEAP_ALLOCATE|[EXTERNAL]|Bytes:8
11:45:34.0 (61850073)|HEAP_ALLOCATE|[EXTERNAL]|Bytes:24
11:45:34.0 (61860734)|HEAP_ALLOCATE|[EXTERNAL]|Bytes:8
11:45:34.0 (61864228)|HEAP_ALLOCATE|[EXTERNAL]|Bytes:5
11:45:34.0 (61877136)|HEAP_ALLOCATE|[EXTERNAL]|Bytes:8
11:45:34.0 (61881568)|HEAP_ALLOCATE|[EXTERNAL]|Bytes:24
11:45:34.0 (61892272)|HEAP_ALLOCATE|[EXTERNAL]|Bytes:8
11:45:34.0 (61895876)|HEAP_ALLOCATE|[EXTERNAL]|Bytes:5
11:45:34.0 (61909083)|HEAP_ALLOCATE|[EXTERNAL]|Bytes:8
11:45:34.0 (61913463)|HEAP_ALLOCATE|[EXTERNAL]|Bytes:24
11:45:34.0 (61924290)|HEAP_ALLOCATE|[EXTERNAL]|Bytes:8
11:45:34.0 (61927886)|HEAP_ALLOCATE|[EXTERNAL]|Bytes:5
11:45:34.0 (61940837)|HEAP_ALLOCATE|[EXTERNAL]|Bytes:8
11:45:34.0 (61945370)|HEAP_ALLOCATE|[EXTERNAL]|Bytes:24
11:45:34.0 (61956485)|HEAP_ALLOCATE|[EXTERNAL]|Bytes:8
11:45:34.0 (61960014)|HEAP_ALLOCATE|[EXTERNAL]|Bytes:5
11:45:34.0 (61972880)|HEAP_ALLOCATE|[EXTERNAL]|Bytes:8
11:45:34.0 (61977346)|HEAP_ALLOCATE|[EXTERNAL]|Bytes:24
11:45:34.0 (61988009)|HEAP_ALLOCATE|[EXTERNAL]|Bytes:8
11:45:34.0 (61991484)|HEAP_ALLOCATE|[EXTERNAL]|Bytes:5
11:45:34.0 (62004425)|HEAP_ALLOCATE|[EXTERNAL]|Bytes:8
11:45:34.0 (62009656)|HEAP_ALLOCATE|[EXTERNAL]|Bytes:24
11:45:34.0 (62020592)|HEAP_ALLOCATE|[EXTERNAL]|Bytes:8
11:45:34.0 (62024561)|HEAP_ALLOCATE|[EXTERNAL]|Bytes:5
11:45:34.0 (62037726)|HEAP_ALLOCATE|[EXTERNAL]|Bytes:8
11:45:34.0 (62042125)|HEAP_ALLOCATE|[EXTERNAL]|Bytes:24
11:45:34.0 (62052871)|HEAP_ALLOCATE|[EXTERNAL]|Bytes:8
11:45:34.0 (62056291)|HEAP_ALLOCATE|[EXTERNAL]|Bytes:5
11:45:34.0 (62069255)|HEAP_ALLOCATE|[EXTERNAL]|Bytes:8
11:45:34.0 (62073796)|HEAP_ALLOCATE|[EXTERNAL]|Bytes:24
11:45:34.0 (62084338)|HEAP_ALLOCATE|[EXTERNAL]|Bytes:8
11:45:34.0 (62087747)|HEAP_ALLOCATE|[EXTERNAL]|Bytes:5
11:45:34.0 (62101006)|HEAP_ALLOCATE|[EXTERNAL]|Bytes:8
11:45:34.0 (62105882)|HEAP_ALLOCATE|[EXTERNAL]|Bytes:24
11:45:34.0 (62116560)|HEAP_ALLOCATE|[EXTERNAL]|Bytes:8
11:45:34.0 (62120047)|HEAP_ALLOCATE|[EXTERNAL]|Bytes:5
11:45:34.0 (62133069)|HEAP_ALLOCATE|[EXTERNAL]|Bytes:8
11:45:34.0 (62137314)|HEAP_ALLOCATE|[EXTERNAL]|Bytes:24
11:45:34.0 (62147913)|HEAP_ALLOCATE|[EXTERNAL]|Bytes:8
11:45:34.0 (62151532)|HEAP_ALLOCATE|[EXTERNAL]|Bytes:5
11:45:34.0 (62164488)|HEAP_ALLOCATE|[EXTERNAL]|Bytes:8
11:45:34.0 (62169695)|HEAP_ALLOCATE|[EXTERNAL]|Bytes:24
11:45:34.0 (62195239)|HEAP_ALLOCATE|[EXTERNAL]|Bytes:4
11:45:34.0 (62201925)|HEAP_ALLOCATE|[EXTERNAL]|Bytes:4
11:45:34.0 (62204168)|HEAP_ALLOCATE|[EXTERNAL]|Bytes:4
11:45:34.0 (62205338)|HEAP_ALLOCATE|[EXTERNAL]|Bytes:4
11:45:34.0 (62206271)|HEAP_ALLOCATE|[EXTERNAL]|Bytes:4
11:45:34.0 (62207206)|HEAP_ALLOCATE|[EXTERNAL]|Bytes:4
11:45:34.0 (62208085)|HEAP_ALLOCATE|[EXTERNAL]|Bytes:4
11:45:34.0 (62209035)|HEAP_ALLOCATE|[EXTERNAL]|Bytes:4
11:45:34.0 (62209923)|HEAP_ALLOCATE|[EXTERNAL]|Bytes:4
11:45:34.0 (62211154)|HEAP_ALLOCATE|[EXTERNAL]|Bytes:4
11:45:34.0 (62212050)|HEAP_ALLOCATE|[EXTERNAL]|Bytes:4
11:45:34.0 (62212916)|HEAP_ALLOCATE|[EXTERNAL]|Bytes:4
11:45:34.0 (62213842)|HEAP_ALLOCATE|[EXTERNAL]|Bytes:4
11:45:34.0 (62214984)|HEAP_ALLOCATE|[EXTERNAL]|Bytes:4
11:45:34.0 (62215911)|HEAP_ALLOCATE|[EXTERNAL]|Bytes:4
11:45:34.0 (62216797)|HEAP_ALLOCATE|[EXTERNAL]|Bytes:4
11:45:34.0 (62217671)|HEAP_ALLOCATE|[EXTERNAL]|Bytes:4
11:45:34.0 (62218606)|HEAP_ALLOCATE|[EXTERNAL]|Bytes:4
11:45:34.0 (62219526)|HEAP_ALLOCATE|[EXTERNAL]|Bytes:4
11:45:34.0 (62220397)|HEAP_ALLOCATE|[EXTERNAL]|Bytes:4
11:45:34.0 (62221272)|HEAP_ALLOCATE|[EXTERNAL]|Bytes:4
11:45:34.0 (62222182)|HEAP_ALLOCATE|[EXTERNAL]|Bytes:4
11:45:34.0 (62223064)|HEAP_ALLOCATE|[EXTERNAL]|Bytes:4
11:45:34.0 (62223933)|HEAP_ALLOCATE|[EXTERNAL]|Bytes:4
11:45:34.0 (62225033)|HEAP_ALLOCATE|[EXTERNAL]|Bytes:4
11:45:34.0 (62226000)|HEAP_ALLOCATE|[EXTERNAL]|Bytes:4
11:45:34.0 (62226862)|HEAP_ALLOCATE|[EXTERNAL]|Bytes:4
11:45:34.0 (62228234)|HEAP_ALLOCATE|[EXTERNAL]|Bytes:4
11:45:34.0 (62229161)|HEAP_ALLOCATE|[EXTERNAL]|Bytes:4
11:45:34.0 (62230016)|HEAP_ALLOCATE|[EXTERNAL]|Bytes:4
11:45:34.0 (62230903)|HEAP_ALLOCATE|[EXTERNAL]|Bytes:4
11:45:34.0 (62231805)|HEAP_ALLOCATE|[EXTERNAL]|Bytes:4
11:45:34.0 (62232719)|HEAP_ALLOCATE|[EXTERNAL]|Bytes:4
11:45:34.0 (62233570)|HEAP_ALLOCATE|[EXTERNAL]|Bytes:4
11:45:34.0 (62234440)|HEAP_ALLOCATE|[EXTERNAL]|Bytes:4
11:45:34.0 (62235294)|HEAP_ALLOCATE|[EXTERNAL]|Bytes:4
11:45:34.0 (62236328)|HEAP_ALLOCATE|[EXTERNAL]|Bytes:4
11:45:34.0 (63581745)|HEAP_ALLOCATE|[EXTERNAL]|Bytes:8
11:45:34.0 (63592127)|HEAP_ALLOCATE|[EXTERNAL]|Bytes:5
11:45:34.0 (63611789)|HEAP_ALLOCATE|[EXTERNAL]|Bytes:8
11:45:34.0 (63618139)|HEAP_ALLOCATE|[EXTERNAL]|Bytes:24
11:45:34.0 (63630707)|HEAP_ALLOCATE|[EXTERNAL]|Bytes:8
11:45:34.0 (63635404)|HEAP_ALLOCATE|[EXTERNAL]|Bytes:5
11:45:34.0 (63655210)|HEAP_ALLOCATE|[EXTERNAL]|Bytes:8
11:45:34.0 (63660173)|HEAP_ALLOCATE|[EXTERNAL]|Bytes:24
11:45:34.0 (63671736)|HEAP_ALLOCATE|[EXTERNAL]|Bytes:8
11:45:34.0 (63675838)|HEAP_ALLOCATE|[EXTERNAL]|Bytes:5
11:45:34.0 (63689141)|HEAP_ALLOCATE|[EXTERNAL]|Bytes:8
11:45:34.0 (63693535)|HEAP_ALLOCATE|[EXTERNAL]|Bytes:24
11:45:34.0 (63704829)|HEAP_ALLOCATE|[EXTERNAL]|Bytes:8
11:45:34.0 (63708317)|HEAP_ALLOCATE|[EXTERNAL]|Bytes:5
11:45:34.0 (63721401)|HEAP_ALLOCATE|[EXTERNAL]|Bytes:8
11:45:34.0 (63727276)|HEAP_ALLOCATE|[EXTERNAL]|Bytes:24
11:45:34.0 (63742679)|HEAP_ALLOCATE|[EXTERNAL]|Bytes:8
11:45:34.0 (63747980)|HEAP_ALLOCATE|[EXTERNAL]|Bytes:5
11:45:34.0 (63764757)|HEAP_ALLOCATE|[EXTERNAL]|Bytes:8
11:45:34.0 (63769543)|HEAP_ALLOCATE|[EXTERNAL]|Bytes:24
11:45:34.0 (63780763)|HEAP_ALLOCATE|[EXTERNAL]|Bytes:8
11:45:34.0 (63784375)|HEAP_ALLOCATE|[EXTERNAL]|Bytes:5
11:45:34.0 (63797411)|HEAP_ALLOCATE|[EXTERNAL]|Bytes:8
11:45:34.0 (63801657)|HEAP_ALLOCATE|[EXTERNAL]|Bytes:24
11:45:34.0 (63812458)|HEAP_ALLOCATE|[EXTERNAL]|Bytes:8
11:45:34.0 (63815943)|HEAP_ALLOCATE|[EXTERNAL]|Bytes:5
11:45:34.0 (63828944)|HEAP_ALLOCATE|[EXTERNAL]|Bytes:8
11:45:34.0 (63833312)|HEAP_ALLOCATE|[EXTERNAL]|Bytes:24
11:45:34.0 (63844329)|HEAP_ALLOCATE|[EXTERNAL]|Bytes:8
11:45:34.0 (63847888)|HEAP_ALLOCATE|[EXTERNAL]|Bytes:5
11:45:34.0 (63860865)|HEAP_ALLOCATE|[EXTERNAL]|Bytes:8
11:45:34.0 (63865165)|HEAP_ALLOCATE|[EXTERNAL]|Bytes:24
11:45:34.0 (63875822)|HEAP_ALLOCATE|[EXTERNAL]|Bytes:8
11:45:34.0 (63879278)|HEAP_ALLOCATE|[EXTERNAL]|Bytes:5
11:45:34.0 (63892352)|HEAP_ALLOCATE|[EXTERNAL]|Bytes:8
11:45:34.0 (63896626)|HEAP_ALLOCATE|[EXTERNAL]|Bytes:24
11:45:34.0 (63907655)|HEAP_ALLOCATE|[EXTERNAL]|Bytes:8
11:45:34.0 (63911184)|HEAP_ALLOCATE|[EXTERNAL]|Bytes:5
11:45:34.0 (63924204)|HEAP_ALLOCATE|[EXTERNAL]|Bytes:8
11:45:34.0 (63928433)|HEAP_ALLOCATE|[EXTERNAL]|Bytes:24
11:45:34.0 (63939441)|HEAP_ALLOCATE|[EXTERNAL]|Bytes:8
11:45:34.0 (63942936)|HEAP_ALLOCATE|[EXTERNAL]|Bytes:5
11:45:34.0 (63955975)|HEAP_ALLOCATE|[EXTERNAL]|Bytes:8
11:45:34.0 (63960176)|HEAP_ALLOCATE|[EXTERNAL]|Bytes:24
11:45:34.0 (63970932)|HEAP_ALLOCATE|[EXTERNAL]|Bytes:8
11:45:34.0 (63974415)|HEAP_ALLOCATE|[EXTERNAL]|Bytes:5
11:45:34.0 (63987675)|HEAP_ALLOCATE|[EXTERNAL]|Bytes:8
11:45:34.0 (63991979)|HEAP_ALLOCATE|[EXTERNAL]|Bytes:24
11:45:34.0 (64002720)|HEAP_ALLOCATE|[EXTERNAL]|Bytes:8
11:45:34.0 (64007022)|HEAP_ALLOCATE|[EXTERNAL]|Bytes:5
11:45:34.0 (64020185)|HEAP_ALLOCATE|[EXTERNAL]|Bytes:8
11:45:34.0 (64024702)|HEAP_ALLOCATE|[EXTERNAL]|Bytes:24
11:45:34.0 (64035604)|HEAP_ALLOCATE|[EXTERNAL]|Bytes:8
11:45:34.0 (64039042)|HEAP_ALLOCATE|[EXTERNAL]|Bytes:5
11:45:34.0 (64052131)|HEAP_ALLOCATE|[EXTERNAL]|Bytes:8
11:45:34.0 (64056384)|HEAP_ALLOCATE|[EXTERNAL]|Bytes:24
11:45:34.0 (64067125)|HEAP_ALLOCATE|[EXTERNAL]|Bytes:8
11:45:34.0 (64070539)|HEAP_ALLOCATE|[EXTERNAL]|Bytes:5
11:45:34.0 (64083622)|HEAP_ALLOCATE|[EXTERNAL]|Bytes:8
11:45:34.0 (64087965)|HEAP_ALLOCATE|[EXTERNAL]|Bytes:24
11:45:34.0 (64098813)|HEAP_ALLOCATE|[EXTERNAL]|Bytes:8
11:45:34.0 (64102351)|HEAP_ALLOCATE|[EXTERNAL]|Bytes:5
11:45:34.0 (64115347)|HEAP_ALLOCATE|[EXTERNAL]|Bytes:8
11:45:34.0 (64119686)|HEAP_ALLOCATE|[EXTERNAL]|Bytes:24
11:45:34.0 (64130747)|HEAP_ALLOCATE|[EXTERNAL]|Bytes:8
11:45:34.0 (64134363)|HEAP_ALLOCATE|[EXTERNAL]|Bytes:5
11:45:34.0 (64147565)|HEAP_ALLOCATE|[EXTERNAL]|Bytes:8
11:45:34.0 (64151870)|HEAP_ALLOCATE|[EXTERNAL]|Bytes:24
11:45:34.0 (64162810)|HEAP_ALLOCATE|[EXTERNAL]|Bytes:8
11:45:34.0 (64166268)|HEAP_ALLOCATE|[EXTERNAL]|Bytes:5
11:45:34.0 (64179029)|HEAP_ALLOCATE|[EXTERNAL]|Bytes:8
11:45:34.0 (64183199)|HEAP_ALLOCATE|[EXTERNAL]|Bytes:24
11:45:34.0 (64194081)|HEAP_ALLOCATE|[EXTERNAL]|Bytes:8
11:45:34.0 (64197621)|HEAP_ALLOCATE|[EXTERNAL]|Bytes:5
11:45:34.0 (64210580)|HEAP_ALLOCATE|[EXTERNAL]|Bytes:8
11:45:34.0 (64214943)|HEAP_ALLOCATE|[EXTERNAL]|Bytes:24
11:45:34.0 (64225953)|HEAP_ALLOCATE|[EXTERNAL]|Bytes:8
11:45:34.0 (64229467)|HEAP_ALLOCATE|[EXTERNAL]|Bytes:5
11:45:34.0 (64242491)|HEAP_ALLOCATE|[EXTERNAL]|Bytes:8
11:45:34.0 (64246673)|HEAP_ALLOCATE|[EXTERNAL]|Bytes:24
11:45:34.0 (64257608)|HEAP_ALLOCATE|[EXTERNAL]|Bytes:8
11:45:34.0 (64261170)|HEAP_ALLOCATE|[EXTERNAL]|Bytes:5
11:45:34.0 (64274262)|HEAP_ALLOCATE|[EXTERNAL]|Bytes:8
11:45:34.0 (64278822)|HEAP_ALLOCATE|[EXTERNAL]|Bytes:24
11:45:34.0 (64289909)|HEAP_ALLOCATE|[EXTERNAL]|Bytes:8
11:45:34.0 (64293434)|HEAP_ALLOCATE|[EXTERNAL]|Bytes:5
11:45:34.0 (64306668)|HEAP_ALLOCATE|[EXTERNAL]|Bytes:8
11:45:34.0 (64311150)|HEAP_ALLOCATE|[EXTERNAL]|Bytes:24
11:45:34.0 (64321854)|HEAP_ALLOCATE|[EXTERNAL]|Bytes:8
11:45:34.0 (64325338)|HEAP_ALLOCATE|[EXTERNAL]|Bytes:5
11:45:34.0 (64338221)|HEAP_ALLOCATE|[EXTERNAL]|Bytes:8
11:45:34.0 (64342677)|HEAP_ALLOCATE|[EXTERNAL]|Bytes:24
11:45:34.0 (64353582)|HEAP_ALLOCATE|[EXTERNAL]|Bytes:8
11:45:34.0 (64357134)|HEAP_ALLOCATE|[EXTERNAL]|Bytes:5
11:45:34.0 (64370109)|HEAP_ALLOCATE|[EXTERNAL]|Bytes:8
11:45:34.0 (64374536)|HEAP_ALLOCATE|[EXTERNAL]|Bytes:24
11:45:34.0 (64385512)|HEAP_ALLOCATE|[EXTERNAL]|Bytes:8
11:45:34.0 (64388937)|HEAP_ALLOCATE|[EXTERNAL]|Bytes:5
11:45:34.0 (64401987)|HEAP_ALLOCATE|[EXTERNAL]|Bytes:8
11:45:34.0 (64406834)|HEAP_ALLOCATE|[EXTERNAL]|Bytes:24
11:45:34.0 (64417937)|HEAP_ALLOCATE|[EXTERNAL]|Bytes:8
11:45:34.0 (64421432)|HEAP_ALLOCATE|[EXTERNAL]|Bytes:5
11:45:34.0 (64434790)|HEAP_ALLOCATE|[EXTERNAL]|Bytes:8
11:45:34.0 (64439208)|HEAP_ALLOCATE|[EXTERNAL]|Bytes:24
11:45:34.0 (64450075)|HEAP_ALLOCATE|[EXTERNAL]|Bytes:8
11:45:34.0 (64453553)|HEAP_ALLOCATE|[EXTERNAL]|Bytes:5
11:45:34.0 (64466398)|HEAP_ALLOCATE|[EXTERNAL]|Bytes:8
11:45:34.0 (64470756)|HEAP_ALLOCATE|[EXTERNAL]|Bytes:24
11:45:34.0 (64481588)|HEAP_ALLOCATE|[EXTERNAL]|Bytes:8
11:45:34.0 (64485129)|HEAP_ALLOCATE|[EXTERNAL]|Bytes:5
11:45:34.0 (64498040)|HEAP_ALLOCATE|[EXTERNAL]|Bytes:8
11:45:34.0 (64502430)|HEAP_ALLOCATE|[EXTERNAL]|Bytes:24
11:45:34.0 (64513292)|HEAP_ALLOCATE|[EXTERNAL]|Bytes:8
11:45:34.0 (64516767)|HEAP_ALLOCATE|[EXTERNAL]|Bytes:5
11:45:34.0 (64529650)|HEAP_ALLOCATE|[EXTERNAL]|Bytes:8
11:45:34.0 (64534030)|HEAP_ALLOCATE|[EXTERNAL]|Bytes:24
11:45:34.0 (64545064)|HEAP_ALLOCATE|[EXTERNAL]|Bytes:8
11:45:34.0 (64548390)|HEAP_ALLOCATE|[EXTERNAL]|Bytes:5
11:45:34.0 (64561341)|HEAP_ALLOCATE|[EXTERNAL]|Bytes:8
11:45:34.0 (64565756)|HEAP_ALLOCATE|[EXTERNAL]|Bytes:24
11:45:34.0 (64576796)|HEAP_ALLOCATE|[EXTERNAL]|Bytes:8
11:45:34.0 (64580228)|HEAP_ALLOCATE|[EXTERNAL]|Bytes:5
11:45:34.0 (64593235)|HEAP_ALLOCATE|[EXTERNAL]|Bytes:8
11:45:34.0 (64597634)|HEAP_ALLOCATE|[EXTERNAL]|Bytes:24
11:45:34.0 (64608264)|HEAP_ALLOCATE|[EXTERNAL]|Bytes:8
11:45:34.0 (64611747)|HEAP_ALLOCATE|[EXTERNAL]|Bytes:5
11:45:34.0 (64624616)|HEAP_ALLOCATE|[EXTERNAL]|Bytes:8
11:45:34.0 (64629065)|HEAP_ALLOCATE|[EXTERNAL]|Bytes:24
11:45:34.0 (64643479)|HEAP_ALLOCATE|[EXTERNAL]|Bytes:8
11:45:34.0 (64647356)|HEAP_ALLOCATE|[EXTERNAL]|Bytes:5
11:45:34.0 (64661346)|HEAP_ALLOCATE|[EXTERNAL]|Bytes:8
11:45:34.0 (64666060)|HEAP_ALLOCATE|[EXTERNAL]|Bytes:24
11:45:34.0 (64677243)|HEAP_ALLOCATE|[EXTERNAL]|Bytes:8
11:45:34.0 (64680754)|HEAP_ALLOCATE|[EXTERNAL]|Bytes:5
11:45:34.0 (64693742)|HEAP_ALLOCATE|[EXTERNAL]|Bytes:8
11:45:34.0 (64698121)|HEAP_ALLOCATE|[EXTERNAL]|Bytes:24
11:45:34.0 (64709014)|HEAP_ALLOCATE|[EXTERNAL]|Bytes:8
11:45:34.0 (64712505)|HEAP_ALLOCATE|[EXTERNAL]|Bytes:5
11:45:34.0 (64727405)|HEAP_ALLOCATE|[EXTERNAL]|Bytes:8
11:45:34.0 (64733965)|HEAP_ALLOCATE|[EXTERNAL]|Bytes:24
11:45:34.0 (64761616)|HEAP_ALLOCATE|[EXTERNAL]|Bytes:4
11:45:34.0 (64768140)|HEAP_ALLOCATE|[EXTERNAL]|Bytes:4
11:45:34.0 (64770124)|HEAP_ALLOCATE|[EXTERNAL]|Bytes:4
11:45:34.0 (64771287)|HEAP_ALLOCATE|[EXTERNAL]|Bytes:4
11:45:34.0 (64772225)|HEAP_ALLOCATE|[EXTERNAL]|Bytes:4
11:45:34.0 (64773113)|HEAP_ALLOCATE|[EXTERNAL]|Bytes:4
11:45:34.0 (64774071)|HEAP_ALLOCATE|[EXTERNAL]|Bytes:4
11:45:34.0 (64774991)|HEAP_ALLOCATE|[EXTERNAL]|Bytes:4
11:45:34.0 (64775883)|HEAP_ALLOCATE|[EXTERNAL]|Bytes:4
11:45:34.0 (64776863)|HEAP_ALLOCATE|[EXTERNAL]|Bytes:4
11:45:34.0 (64777752)|HEAP_ALLOCATE|[EXTERNAL]|Bytes:4
11:45:34.0 (64778680)|HEAP_ALLOCATE|[EXTERNAL]|Bytes:4
11:45:34.0 (64779576)|HEAP_ALLOCATE|[EXTERNAL]|Bytes:4
11:45:34.0 (64780567)|HEAP_ALLOCATE|[EXTERNAL]|Bytes:4
11:45:34.0 (64781590)|HEAP_ALLOCATE|[EXTERNAL]|Bytes:4
11:45:34.0 (64782681)|HEAP_ALLOCATE|[EXTERNAL]|Bytes:4
11:45:34.0 (64783641)|HEAP_ALLOCATE|[EXTERNAL]|Bytes:4
11:45:34.0 (64784787)|HEAP_ALLOCATE|[EXTERNAL]|Bytes:4
11:45:34.0 (64785787)|HEAP_ALLOCATE|[EXTERNAL]|Bytes:4
11:45:34.0 (64786706)|HEAP_ALLOCATE|[EXTERNAL]|Bytes:4
11:45:34.0 (64787654)|HEAP_ALLOCATE|[EXTERNAL]|Bytes:4
11:45:34.0 (64788568)|HEAP_ALLOCATE|[EXTERNAL]|Bytes:4
11:45:34.0 (64789502)|HEAP_ALLOCATE|[EXTERNAL]|Bytes:4
11:45:34.0 (64790393)|HEAP_ALLOCATE|[EXTERNAL]|Bytes:4
11:45:34.0 (64791271)|HEAP_ALLOCATE|[EXTERNAL]|Bytes:4
11:45:34.0 (64792242)|HEAP_ALLOCATE|[EXTERNAL]|Bytes:4
11:45:34.0 (64793180)|HEAP_ALLOCATE|[EXTERNAL]|Bytes:4
11:45:34.0 (64794061)|HEAP_ALLOCATE|[EXTERNAL]|Bytes:4
11:45:34.0 (64794990)|HEAP_ALLOCATE|[EXTERNAL]|Bytes:4
11:45:34.0 (64795872)|HEAP_ALLOCATE|[EXTERNAL]|Bytes:4
11:45:34.0 (64796782)|HEAP_ALLOCATE|[EXTERNAL]|Bytes:4
11:45:34.0 (64797720)|HEAP_ALLOCATE|[EXTERNAL]|Bytes:4
11:45:34.0 (64798618)|HEAP_ALLOCATE|[EXTERNAL]|Bytes:4
11:45:34.0 (64799527)|HEAP_ALLOCATE|[EXTERNAL]|Bytes:4
11:45:34.0 (64800434)|HEAP_ALLOCATE|[EXTERNAL]|Bytes:4
11:45:34.0 (64801357)|HEAP_ALLOCATE|[EXTERNAL]|Bytes:4
11:45:34.0 (64802429)|HEAP_ALLOCATE|[EXTERNAL]|Bytes:4
11:45:34.0 (66118397)|HEAP_ALLOCATE|[EXTERNAL]|Bytes:8
11:45:34.0 (66132177)|HEAP_ALLOCATE|[EXTERNAL]|Bytes:5
11:45:34.0 (66166143)|HEAP_ALLOCATE|[EXTERNAL]|Bytes:8
11:45:34.0 (66176158)|HEAP_ALLOCATE|[EXTERNAL]|Bytes:24
11:45:34.0 (66250911)|HEAP_ALLOCATE|[EXTERNAL]|Bytes:8
11:45:34.0 (66261023)|HEAP_ALLOCATE|[EXTERNAL]|Bytes:5
11:45:34.0 (66295561)|HEAP_ALLOCATE|[EXTERNAL]|Bytes:8
11:45:34.0 (66306111)|HEAP_ALLOCATE|[EXTERNAL]|Bytes:24
11:45:34.0 (66328082)|HEAP_ALLOCATE|[EXTERNAL]|Bytes:8
11:45:34.0 (66333466)|HEAP_ALLOCATE|[EXTERNAL]|Bytes:5
11:45:34.0 (66349788)|HEAP_ALLOCATE|[EXTERNAL]|Bytes:8
11:45:34.0 (66355327)|HEAP_ALLOCATE|[EXTERNAL]|Bytes:24
11:45:34.0 (66367313)|HEAP_ALLOCATE|[EXTERNAL]|Bytes:8
11:45:34.0 (66371191)|HEAP_ALLOCATE|[EXTERNAL]|Bytes:5
11:45:34.0 (66384734)|HEAP_ALLOCATE|[EXTERNAL]|Bytes:8
11:45:34.0 (66389249)|HEAP_ALLOCATE|[EXTERNAL]|Bytes:24
11:45:34.0 (66400455)|HEAP_ALLOCATE|[EXTERNAL]|Bytes:8
11:45:34.0 (66404331)|HEAP_ALLOCATE|[EXTERNAL]|Bytes:5
11:45:34.0 (66417482)|HEAP_ALLOCATE|[EXTERNAL]|Bytes:8
11:45:34.0 (66422049)|HEAP_ALLOCATE|[EXTERNAL]|Bytes:24
11:45:34.0 (66432949)|HEAP_ALLOCATE|[EXTERNAL]|Bytes:8
11:45:34.0 (66436436)|HEAP_ALLOCATE|[EXTERNAL]|Bytes:5
11:45:34.0 (66449530)|HEAP_ALLOCATE|[EXTERNAL]|Bytes:8
11:45:34.0 (66453925)|HEAP_ALLOCATE|[EXTERNAL]|Bytes:24
11:45:34.0 (66464906)|HEAP_ALLOCATE|[EXTERNAL]|Bytes:8
11:45:34.0 (66468392)|HEAP_ALLOCATE|[EXTERNAL]|Bytes:5
11:45:34.0 (66481358)|HEAP_ALLOCATE|[EXTERNAL]|Bytes:8
11:45:34.0 (66485753)|HEAP_ALLOCATE|[EXTERNAL]|Bytes:24
11:45:34.0 (66496570)|HEAP_ALLOCATE|[EXTERNAL]|Bytes:8
11:45:34.0 (66500048)|HEAP_ALLOCATE|[EXTERNAL]|Bytes:5
11:45:34.0 (66526029)|HEAP_ALLOCATE|[EXTERNAL]|Bytes:8
11:45:34.0 (66531492)|HEAP_ALLOCATE|[EXTERNAL]|Bytes:24
11:45:34.0 (66543660)|HEAP_ALLOCATE|[EXTERNAL]|Bytes:8
11:45:34.0 (66547440)|HEAP_ALLOCATE|[EXTERNAL]|Bytes:5
11:45:34.0 (66560723)|HEAP_ALLOCATE|[EXTERNAL]|Bytes:8
11:45:34.0 (66565136)|HEAP_ALLOCATE|[EXTERNAL]|Bytes:24
11:45:34.0 (66576616)|HEAP_ALLOCATE|[EXTERNAL]|Bytes:8
11:45:34.0 (66580131)|HEAP_ALLOCATE|[EXTERNAL]|Bytes:5
11:45:34.0 (66593168)|HEAP_ALLOCATE|[EXTERNAL]|Bytes:8
11:45:34.0 (66597782)|HEAP_ALLOCATE|[EXTERNAL]|Bytes:24
11:45:34.0 (66608533)|HEAP_ALLOCATE|[EXTERNAL]|Bytes:8
11:45:34.0 (66611970)|HEAP_ALLOCATE|[EXTERNAL]|Bytes:5
11:45:34.0 (66625277)|HEAP_ALLOCATE|[EXTERNAL]|Bytes:8
11:45:34.0 (66629767)|HEAP_ALLOCATE|[EXTERNAL]|Bytes:24
11:45:34.0 (66640914)|HEAP_ALLOCATE|[EXTERNAL]|Bytes:8
11:45:34.0 (66644367)|HEAP_ALLOCATE|[EXTERNAL]|Bytes:5
11:45:34.0 (66657493)|HEAP_ALLOCATE|[EXTERNAL]|Bytes:8
11:45:34.0 (66661991)|HEAP_ALLOCATE|[EXTERNAL]|Bytes:24
11:45:34.0 (66672934)|HEAP_ALLOCATE|[EXTERNAL]|Bytes:8
11:45:34.0 (66676416)|HEAP_ALLOCATE|[EXTERNAL]|Bytes:5
11:45:34.0 (66694613)|HEAP_ALLOCATE|[EXTERNAL]|Bytes:8
11:45:34.0 (66699472)|HEAP_ALLOCATE|[EXTERNAL]|Bytes:24
11:45:34.0 (66710805)|HEAP_ALLOCATE|[EXTERNAL]|Bytes:8
11:45:34.0 (66714345)|HEAP_ALLOCATE|[EXTERNAL]|Bytes:5
11:45:34.0 (66737696)|HEAP_ALLOCATE|[EXTERNAL]|Bytes:8
11:45:34.0 (66742795)|HEAP_ALLOCATE|[EXTERNAL]|Bytes:24
11:45:34.0 (66754540)|HEAP_ALLOCATE|[EXTERNAL]|Bytes:8
11:45:34.0 (66758288)|HEAP_ALLOCATE|[EXTERNAL]|Bytes:5
11:45:34.0 (66771745)|HEAP_ALLOCATE|[EXTERNAL]|Bytes:8
11:45:34.0 (66777293)|HEAP_ALLOCATE|[EXTERNAL]|Bytes:24
11:45:34.0 (66809324)|HEAP_ALLOCATE|[EXTERNAL]|Bytes:8
11:45:34.0 (66817454)|HEAP_ALLOCATE|[EXTERNAL]|Bytes:5
11:45:34.0 (66846400)|HEAP_ALLOCATE|[EXTERNAL]|Bytes:8
11:45:34.0 (66853497)|HEAP_ALLOCATE|[EXTERNAL]|Bytes:24
11:45:34.0 (66876013)|HEAP_ALLOCATE|[EXTERNAL]|Bytes:8
11:45:34.0 (66884027)|HEAP_ALLOCATE|[EXTERNAL]|Bytes:5
11:45:34.0 (66909413)|HEAP_ALLOCATE|[EXTERNAL]|Bytes:8
11:45:34.0 (66915738)|HEAP_ALLOCATE|[EXTERNAL]|Bytes:24
11:45:34.0 (66928120)|HEAP_ALLOCATE|[EXTERNAL]|Bytes:8
11:45:34.0 (66932106)|HEAP_ALLOCATE|[EXTERNAL]|Bytes:5
11:45:34.0 (66945729)|HEAP_ALLOCATE|[EXTERNAL]|Bytes:8
11:45:34.0 (66950332)|HEAP_ALLOCATE|[EXTERNAL]|Bytes:24
11:45:34.0 (66961218)|HEAP_ALLOCATE|[EXTERNAL]|Bytes:8
11:45:34.0 (66972480)|HEAP_ALLOCATE|[EXTERNAL]|Bytes:5
11:45:34.0 (66988948)|HEAP_ALLOCATE|[EXTERNAL]|Bytes:8
11:45:34.0 (66994006)|HEAP_ALLOCATE|[EXTERNAL]|Bytes:24
11:45:34.0 (67005264)|HEAP_ALLOCATE|[EXTERNAL]|Bytes:8
11:45:34.0 (67009869)|HEAP_ALLOCATE|[EXTERNAL]|Bytes:5
11:45:34.0 (67023467)|HEAP_ALLOCATE|[EXTERNAL]|Bytes:8
11:45:34.0 (67028050)|HEAP_ALLOCATE|[EXTERNAL]|Bytes:24
11:45:34.0 (67039009)|HEAP_ALLOCATE|[EXTERNAL]|Bytes:8
11:45:34.0 (67042512)|HEAP_ALLOCATE|[EXTERNAL]|Bytes:5
11:45:34.0 (67055560)|HEAP_ALLOCATE|[EXTERNAL]|Bytes:8
11:45:34.0 (67059910)|HEAP_ALLOCATE|[EXTERNAL]|Bytes:24
11:45:34.0 (67070850)|HEAP_ALLOCATE|[EXTERNAL]|Bytes:8
11:45:34.0 (67074320)|HEAP_ALLOCATE|[EXTERNAL]|Bytes:5
11:45:34.0 (67087346)|HEAP_ALLOCATE|[EXTERNAL]|Bytes:8
11:45:34.0 (67091734)|HEAP_ALLOCATE|[EXTERNAL]|Bytes:24
11:45:34.0 (67102653)|HEAP_ALLOCATE|[EXTERNAL]|Bytes:8
11:45:34.0 (67106138)|HEAP_ALLOCATE|[EXTERNAL]|Bytes:5
11:45:34.0 (67119087)|HEAP_ALLOCATE|[EXTERNAL]|Bytes:8
11:45:34.0 (67123525)|HEAP_ALLOCATE|[EXTERNAL]|Bytes:24
11:45:34.0 (67134656)|HEAP_ALLOCATE|[EXTERNAL]|Bytes:8
11:45:34.0 (67138152)|HEAP_ALLOCATE|[EXTERNAL]|Bytes:5
11:45:34.0 (67151112)|HEAP_ALLOCATE|[EXTERNAL]|Bytes:8
11:45:34.0 (67155772)|HEAP_ALLOCATE|[EXTERNAL]|Bytes:24
11:45:34.0 (67166427)|HEAP_ALLOCATE|[EXTERNAL]|Bytes:8
11:45:34.0 (67169808)|HEAP_ALLOCATE|[EXTERNAL]|Bytes:5
11:45:34.0 (67182831)|HEAP_ALLOCATE|[EXTERNAL]|Bytes:8
11:45:34.0 (67187232)|HEAP_ALLOCATE|[EXTERNAL]|Bytes:24
11:45:34.0 (67198178)|HEAP_ALLOCATE|[EXTERNAL]|Bytes:8
11:45:34.0 (67201646)|HEAP_ALLOCATE|[EXTERNAL]|Bytes:5
11:45:34.0 (67214749)|HEAP_ALLOCATE|[EXTERNAL]|Bytes:8
11:45:34.0 (67219055)|HEAP_ALLOCATE|[EXTERNAL]|Bytes:24
11:45:34.0 (67229776)|HEAP_ALLOCATE|[EXTERNAL]|Bytes:8
11:45:34.0 (67233286)|HEAP_ALLOCATE|[EXTERNAL]|Bytes:5
11:45:34.0 (67246247)|HEAP_ALLOCATE|[EXTERNAL]|Bytes:8
11:45:34.0 (67250456)|HEAP_ALLOCATE|[EXTERNAL]|Bytes:24
11:45:34.0 (67261233)|HEAP_ALLOCATE|[EXTERNAL]|Bytes:8
11:45:34.0 (67264805)|HEAP_ALLOCATE|[EXTERNAL]|Bytes:5
11:45:34.0 (67288850)|HEAP_ALLOCATE|[EXTERNAL]|Bytes:4
11:45:34.0 (67295182)|HEAP_ALLOCATE|[EXTERNAL]|Bytes:4
11:45:34.0 (67297293)|HEAP_ALLOCATE|[EXTERNAL]|Bytes:4
11:45:34.0 (67298381)|HEAP_ALLOCATE|[EXTERNAL]|Bytes:4
11:45:34.0 (67299369)|HEAP_ALLOCATE|[EXTERNAL]|Bytes:4
11:45:34.0 (67300300)|HEAP_ALLOCATE|[EXTERNAL]|Bytes:4
11:45:34.0 (67301238)|HEAP_ALLOCATE|[EXTERNAL]|Bytes:4
11:45:34.0 (67302128)|HEAP_ALLOCATE|[EXTERNAL]|Bytes:4
11:45:34.0 (67302998)|HEAP_ALLOCATE|[EXTERNAL]|Bytes:4
11:45:34.0 (67303974)|HEAP_ALLOCATE|[EXTERNAL]|Bytes:4
11:45:34.0 (67304904)|HEAP_ALLOCATE|[EXTERNAL]|Bytes:4
11:45:34.0 (67305784)|HEAP_ALLOCATE|[EXTERNAL]|Bytes:4
11:45:34.0 (67306705)|HEAP_ALLOCATE|[EXTERNAL]|Bytes:4
11:45:34.0 (67307955)|HEAP_ALLOCATE|[EXTERNAL]|Bytes:4
11:45:34.0 (67308833)|HEAP_ALLOCATE|[EXTERNAL]|Bytes:4
11:45:34.0 (67309698)|HEAP_ALLOCATE|[EXTERNAL]|Bytes:4
11:45:34.0 (67310574)|HEAP_ALLOCATE|[EXTERNAL]|Bytes:4
11:45:34.0 (67311472)|HEAP_ALLOCATE|[EXTERNAL]|Bytes:4
11:45:34.0 (67312429)|HEAP_ALLOCATE|[EXTERNAL]|Bytes:4
11:45:34.0 (67313572)|HEAP_ALLOCATE|[EXTERNAL]|Bytes:4
11:45:34.0 (67314502)|HEAP_ALLOCATE|[EXTERNAL]|Bytes:4
11:45:34.0 (67315371)|HEAP_ALLOCATE|[EXTERNAL]|Bytes:4
11:45:34.0 (67316262)|HEAP_ALLOCATE|[EXTERNAL]|Bytes:4
11:45:34.0 (67317235)|HEAP_ALLOCATE|[EXTERNAL]|Bytes:4
11:45:34.0 (67318118)|HEAP_ALLOCATE|[EXTERNAL]|Bytes:4
11:45:34.0 (67319248)|HEAP_ALLOCATE|[EXTERNAL]|Bytes:4
11:45:34.0 (67320214)|HEAP_ALLOCATE|[EXTERNAL]|Bytes:4
11:45:34.0 (67321096)|HEAP_ALLOCATE|[EXTERNAL]|Bytes:4
11:45:34.0 (67321975)|HEAP_ALLOCATE|[EXTERNAL]|Bytes:4
11:45:34.0 (67322847)|HEAP_ALLOCATE|[EXTERNAL]|Bytes:4
11:45:34.87 (87928971)|CUMULATIVE_LIMIT_USAGE
11:45:34.87 (87928971)|LIMIT_USAGE_FOR_NS|(default)|
  Number of SOQL queries: 0 out of 200
  Number of query rows: 0 out of 50000
  Number of SOSL queries: 0 out of 20
  Number of DML statements: 0 out of 150
  Number of DML rows: 0 out of 10000
  Maximum CPU time: 0 out of 60000
  Maximum heap size: 0 out of 12000000
  Number of callouts: 0 out of 0
  Number of Email Invocations: 0 out of 10
  Number of future calls: 0 out of 0
  Number of queueable jobs added to the queue: 0 out of 1
  Number of Mobile Apex push calls: 0 out of 10

11:45:34.87 (87928971)|TOTAL_EMAIL_RECIPIENTS_QUEUED|0
11:45:34.87 (87928971)|STATIC_VARIABLE_LIST|
  char[]:DigitTens:0
  long:serialVersionUID:0
  long:serialVersionUID:0
  String:_sfdcAdditionalCodeLocations:0
  double:MAX_VALUE:0
  Boolean:FALSE:0
  long:serialVersionUID:0
  double:MIN_VALUE:0
  int:SIZE:0
  double:NEGATIVE_INFINITY:0
  int:MAX_VALUE:0
  char[]:digits:0
  double:NaN:0
  Boolean:TRUE:0
  String:_sfdcAdditionalCodeLocations:0
  int:MIN_VALUE:0
  char[]:DigitOnes:0
  String:__sfdcParameterizedTypes:0
  int:BYTES:0
  int:MIN_EXPONENT:0
  int[]:sizeTable:0
  int:MAX_EXPONENT:0
  String:_sfdcSuppressedCodeLocations:0
  int:SIZE:0
  double:POSITIVE_INFINITY:0
  String:_sfdcAdditionalCodeLocations:0
  double:MIN_NORMAL:0
  int:BYTES:0

11:45:34.87 (87928971)|CUMULATIVE_LIMIT_USAGE_END

11:45:34.0 (88084557)|CODE_UNIT_FINISHED|PaymentBuilderBatch
11:45:34.0 (90334059)|EXECUTION_FINISHED
11:45:34.107 (107803252)|CUMULATIVE_PROFILING_BEGIN
11:45:34.107 (107803252)|CUMULATIVE_PROFILING|No profiling information for SOQL operations
11:45:34.107 (107803252)|CUMULATIVE_PROFILING|No profiling information for SOSL operations
11:45:34.107 (107803252)|CUMULATIVE_PROFILING|No profiling information for DML operations
11:45:34.107 (107803252)|CUMULATIVE_PROFILING|method invocations|
External entry point: global List<Payment__c> start(Database.BatchableContext): executed 1 time in 0 ms

11:45:34.107 (107803252)|CUMULATIVE_PROFILING_END
