38.0 APEX_CODE,FINEST;APEX_PROFILING,FINEST;CALLOUT,FINEST;DB,FINEST;SYSTEM,DEBUG;VALIDATION,INFO;VISUALFORCE,FINER;WORKFLOW,FINER
11:42:15.0 (549070)|USER_INFO|[EXTERNAL]|00528000004DSFj|resmi.ramakrishnan@qvmtest.com.devmerge|Australian Eastern Standard Time|GMT+10:00
11:42:15.0 (586463)|EXECUTION_STARTED
11:42:15.0 (592298)|CODE_UNIT_STARTED|[EXTERNAL]|066p00000004sPO|VF: /apex/DownloadABAFilePage
11:42:15.0 (48916777)|VF_APEX_CALL_START|[EXTERNAL]|01pp0000000EVMb|DownloadABAFileController <init>
11:42:15.0 (48944606)|SYSTEM_MODE_ENTER|true
11:42:15.0 (49568101)|HEAP_ALLOCATE|[72]|Bytes:3
11:42:15.0 (49605188)|HEAP_ALLOCATE|[77]|Bytes:152
11:42:15.0 (49619115)|HEAP_ALLOCATE|[342]|Bytes:408
11:42:15.0 (49637412)|HEAP_ALLOCATE|[355]|Bytes:408
11:42:15.0 (49654605)|HEAP_ALLOCATE|[467]|Bytes:48
11:42:15.0 (49683590)|HEAP_ALLOCATE|[139]|Bytes:6
11:42:15.0 (49699441)|HEAP_ALLOCATE|[EXTERNAL]|Bytes:188
11:42:15.0 (49704582)|HEAP_ALLOCATE|[EXTERNAL]|Bytes:20
11:42:15.0 (49707467)|HEAP_ALLOCATE|[EXTERNAL]|Bytes:11
11:42:15.0 (49723925)|METHOD_ENTRY|[1]|01pp0000000EVMb|DownloadABAFileController.DownloadABAFileController()
11:42:15.0 (49728654)|STATEMENT_EXECUTE|[1]
11:42:15.0 (49734003)|STATEMENT_EXECUTE|[1]
11:42:15.0 (49739750)|METHOD_EXIT|[1]|DownloadABAFileController
11:42:15.0 (49810463)|HEAP_ALLOCATE|[EXTERNAL]|Bytes:36
11:42:15.0 (49833305)|VARIABLE_SCOPE_BEGIN|[18]|this|DownloadABAFileController|true|false
11:42:15.0 (49921274)|VARIABLE_ASSIGNMENT|[18]|this|{}|0x179bdeaa
11:42:15.0 (49927861)|VARIABLE_SCOPE_BEGIN|[18]|stdController|ApexPages.StandardController|true|false
11:42:15.0 (50077236)|VARIABLE_ASSIGNMENT|[18]|stdController|"StandardController [null]"|0x32b5d740
11:42:15.0 (50086443)|STATEMENT_EXECUTE|[1]
11:42:15.0 (50087931)|STATEMENT_EXECUTE|[3]
11:42:15.0 (50088912)|STATEMENT_EXECUTE|[4]
11:42:15.0 (50089899)|STATEMENT_EXECUTE|[5]
11:42:15.0 (50090792)|STATEMENT_EXECUTE|[8]
11:42:15.0 (50091661)|STATEMENT_EXECUTE|[9]
11:42:15.0 (50092505)|STATEMENT_EXECUTE|[10]
11:42:15.0 (50093494)|STATEMENT_EXECUTE|[11]
11:42:15.0 (50094416)|STATEMENT_EXECUTE|[14]
11:42:15.0 (50102483)|HEAP_ALLOCATE|[14]|Bytes:4
11:42:15.0 (50115742)|VARIABLE_ASSIGNMENT|[14]|this.maxLengthUserName|26|0x179bdeaa
11:42:15.0 (50124060)|HEAP_ALLOCATE|[14]|Bytes:6
11:42:15.0 (50167819)|STATEMENT_EXECUTE|[19]
11:42:15.0 (50169987)|STATEMENT_EXECUTE|[20]
11:42:15.0 (61602497)|HEAP_ALLOCATE|[20]|Bytes:12
11:42:15.0 (61761909)|VARIABLE_ASSIGNMENT|[20]|this.batchlobObj|{"s":1,"v":{"Id":"a01p0000002pSpRAAU","RecordTypeId":"012p0000000CggNAAS"}}|0x179bdeaa
11:42:15.0 (61770590)|STATEMENT_EXECUTE|[21]
11:42:15.0 (61855851)|HEAP_ALLOCATE|[21]|Bytes:12
11:42:15.0 (62011168)|VARIABLE_ASSIGNMENT|[21]|this.recId|"a01p0000002pSpRAAU"|0x179bdeaa
11:42:15.0 (62016216)|STATEMENT_EXECUTE|[23]
11:42:15.0 (62110353)|HEAP_ALLOCATE|[23]|Bytes:17
11:42:15.0 (62274126)|VARIABLE_ASSIGNMENT|[EXTERNAL]|this|{"batchlobObj":"0x440a29a1","maxLengthUserName":26,"recId":"a01p0000002pSpRAAU"}|0x179bdeaa
11:42:15.0 (62285128)|VARIABLE_ASSIGNMENT|[EXTERNAL]|value|"                 "
11:42:15.0 (62294536)|VARIABLE_ASSIGNMENT|[8]|this.emptyString17|"                 "|0x179bdeaa
11:42:15.0 (62302279)|STATEMENT_EXECUTE|[24]
11:42:15.0 (62338951)|HEAP_ALLOCATE|[24]|Bytes:7
11:42:15.0 (62462635)|VARIABLE_ASSIGNMENT|[EXTERNAL]|this|{"batchlobObj":"0x440a29a1","emptyString17":"                 ","maxLengthUserName":26,"recId":"a01p0000002pSpRAAU"}|0x179bdeaa
11:42:15.0 (62472849)|VARIABLE_ASSIGNMENT|[EXTERNAL]|value|"       "
11:42:15.0 (62481667)|VARIABLE_ASSIGNMENT|[9]|this.emptyString7|"       "|0x179bdeaa
11:42:15.0 (62488246)|STATEMENT_EXECUTE|[25]
11:42:15.0 (62492110)|HEAP_ALLOCATE|[25]|Bytes:2
11:42:15.0 (62634346)|VARIABLE_ASSIGNMENT|[EXTERNAL]|this|{"batchlobObj":"0x440a29a1","emptyString17":"                 ","emptyString7":"       ","maxLengthUserName":26,"recId":"a01p0000002pSpRAAU"}|0x179bdeaa
11:42:15.0 (62645791)|VARIABLE_ASSIGNMENT|[EXTERNAL]|value|"\r\n"
11:42:15.0 (62654242)|VARIABLE_ASSIGNMENT|[10]|this.newLine|"\r\n"|0x179bdeaa
11:42:15.0 (62681092)|VF_APEX_CALL_END|DownloadABAFileController <init>
11:42:15.0 (62823165)|VF_APEX_CALL_START|[EXTERNAL]|01pp0000000EVMb|DownloadABAFileController invoke(fetch)
11:42:15.0 (62865388)|HEAP_ALLOCATE|[EXTERNAL]|Bytes:36
11:42:15.0 (62877076)|VARIABLE_SCOPE_BEGIN|[28]|this|DownloadABAFileController|true|false
11:42:15.0 (62982539)|VARIABLE_ASSIGNMENT|[28]|this|{"batchlobObj":"0x440a29a1","emptyString17":"                 ","emptyString7":"       ","maxLengthUserName":26,"newLine":"\r\n","recId":"a01p0000002pSpRAAU"}|0x179bdeaa
11:42:15.0 (62996509)|STATEMENT_EXECUTE|[29]
11:42:15.0 (62998023)|STATEMENT_EXECUTE|[30]
11:42:15.0 (62999063)|STATEMENT_EXECUTE|[31]
11:42:15.0 (63000039)|STATEMENT_EXECUTE|[32]
11:42:15.0 (63004389)|HEAP_ALLOCATE|[32]|Bytes:200
11:42:15.0 (63019649)|HEAP_ALLOCATE|[32]|Bytes:4
11:42:15.0 (63052907)|HEAP_ALLOCATE|[50]|Bytes:5
11:42:15.0 (63076544)|HEAP_ALLOCATE|[56]|Bytes:5
11:42:15.0 (63085689)|HEAP_ALLOCATE|[64]|Bytes:7
11:42:15.0 (63394681)|SOQL_EXECUTE_BEGIN|[32]|Aggregations:0|SELECT Financial_Institution__c, Name_Of_User__c, User_Identification_Number__c, Description__c, Date_to_be_Processed__c FROM Qvm_ABA_File_Generator__c WHERE Name = 'ABA File Header Generator' LIMIT 1
11:42:15.0 (63406956)|LIMIT_USAGE|[32]|SOQL|1|100
11:42:15.0 (63419865)|LIMIT_USAGE|[32]|AGGS|0|300
11:42:15.0 (69619609)|SOQL_EXECUTE_END|[32]|Rows:1
11:42:15.0 (69631211)|LIMIT_USAGE|[32]|SOQL_ROWS|1|50000
11:42:15.0 (69646192)|HEAP_ALLOCATE|[32]|Bytes:8
11:42:15.0 (69668931)|HEAP_ALLOCATE|[32]|Bytes:254
11:42:15.0 (69790818)|HEAP_ALLOCATE|[32]|Bytes:8
11:42:15.0 (69810531)|HEAP_ALLOCATE|[32]|Bytes:51
11:42:15.0 (69911763)|HEAP_ALLOCATE|[32]|Bytes:28
11:42:15.0 (70112429)|VARIABLE_ASSIGNMENT|[EXTERNAL]|this|{"batchlobObj":"0x440a29a1","emptyString17":"                 ","emptyString7":"       ","maxLengthUserName":26,"newLine":"\r\n","recId":"a01p0000002pSpRAAU"}|0x179bdeaa
11:42:15.0 (70145839)|VARIABLE_ASSIGNMENT|[EXTERNAL]|value|{"s":1,"v":{"Financial_Institutio (4 more) ...":"NAB","Name_Of_User__c":"Queen Victoria Marke (1 more) ...","User_Identification_ (9 more) ...":128006,"Description__c":"TEST","Date_to_be_Processed (3 more) ...":170316,"Id":"a0bp0000001ZYpaAAG"}}|0xedcf90f
11:42:15.0 (70167981)|VARIABLE_ASSIGNMENT|[5]|this.qvmABAFileObj|{"s":1,"v":{"Financial_Institutio (4 more) ...":"NAB","Name_Of_User__c":"Queen Victoria Marke (1 more) ...","User_Identification_ (9 more) ...":128006,"Description__c":"TEST","Date_to_be_Processed (3 more) ...":170316,"Id":"a0bp0000001ZYpaAAG"}}|0x179bdeaa
11:42:15.0 (70178519)|STATEMENT_EXECUTE|[36]
11:42:15.0 (70323898)|VARIABLE_ASSIGNMENT|[EXTERNAL]|this|{"batchlobObj":"0x440a29a1","emptyString17":"                 ","emptyString7":"       ","maxLengthUserName":26,"newLine":"\r\n","qvmABAFileObj":"0xedcf90f","recId":"a01p0000002pSpRAAU"}|0x179bdeaa
11:42:15.0 (70392165)|METHOD_ENTRY|[36]|01pp0000000EVMb|DownloadABAFileController.FindExtraSpace(Integer, String)
11:42:15.0 (70400540)|VARIABLE_SCOPE_BEGIN|[50]|this|DownloadABAFileController|true|false
11:42:15.0 (70503318)|VARIABLE_ASSIGNMENT|[50]|this|{"batchlobObj":"0x440a29a1","emptyString17":"                 ","emptyString7":"       ","maxLengthUserName":26,"newLine":"\r\n","qvmABAFileObj":"0xedcf90f","recId":"a01p0000002pSpRAAU"}|0x179bdeaa
11:42:15.0 (70511044)|VARIABLE_SCOPE_BEGIN|[50]|maxLength|Integer|false|false
11:42:15.0 (70516474)|VARIABLE_ASSIGNMENT|[50]|maxLength|26
11:42:15.0 (70519201)|VARIABLE_SCOPE_BEGIN|[50]|actualString|String|false|false
11:42:15.0 (70524107)|VARIABLE_ASSIGNMENT|[50]|actualString|"Queen Victoria Marke (1 more) ..."
11:42:15.0 (70528721)|STATEMENT_EXECUTE|[51]
11:42:15.0 (70530229)|STATEMENT_EXECUTE|[52]
11:42:15.0 (70532488)|VARIABLE_SCOPE_BEGIN|[52]|actuallength|Integer|false|false
11:42:15.0 (70537877)|VARIABLE_ASSIGNMENT|[52]|actuallength|null
11:42:15.0 (70539664)|STATEMENT_EXECUTE|[53]
11:42:15.0 (70541068)|VARIABLE_SCOPE_BEGIN|[53]|extrLength|Integer|false|false
11:42:15.0 (70544621)|VARIABLE_ASSIGNMENT|[53]|extrLength|null
11:42:15.0 (70546363)|STATEMENT_EXECUTE|[54]
11:42:15.0 (70596129)|HEAP_ALLOCATE|[54]|Bytes:4
11:42:15.0 (70603505)|VARIABLE_ASSIGNMENT|[54]|actuallength|21
11:42:15.0 (70605990)|STATEMENT_EXECUTE|[55]
11:42:15.0 (70612876)|HEAP_ALLOCATE|[55]|Bytes:4
11:42:15.0 (70616491)|VARIABLE_ASSIGNMENT|[55]|extrLength|5
11:42:15.0 (70618048)|STATEMENT_EXECUTE|[56]
11:42:15.0 (70623974)|METHOD_EXIT|[36]|01pp0000000EVMb|DownloadABAFileController.FindExtraSpace(Integer, String)
11:42:15.0 (70627824)|VARIABLE_SCOPE_BEGIN|[36]|testExtraSpace|Integer|false|false
11:42:15.0 (70630330)|HEAP_ALLOCATE|[36]|Bytes:4
11:42:15.0 (70633800)|VARIABLE_ASSIGNMENT|[36]|testExtraSpace|5
11:42:15.0 (70635691)|STATEMENT_EXECUTE|[37]
11:42:15.0 (70638603)|HEAP_ALLOCATE|[37]|Bytes:16
11:42:15.0 (70678115)|HEAP_ALLOCATE|[37]|Bytes:1
11:42:15.0 (70697401)|HEAP_ALLOCATE|[37]|Bytes:17
11:42:15.0 (70729640)|USER_DEBUG|[37]|DEBUG|TTTTT ExtraSpace5
11:42:15.0 (70736773)|STATEMENT_EXECUTE|[38]
11:42:15.0 (70740719)|HEAP_ALLOCATE|[38]|Bytes:14
11:42:15.0 (70865794)|VARIABLE_ASSIGNMENT|[EXTERNAL]|this|{"batchlobObj":"0x440a29a1","emptyString17":"                 ","emptyString7":"       ","maxLengthUserName":26,"newLine":"\r\n","qvmABAFileObj":"0xedcf90f","recId":"a01p0000002pSpRAAU"}|0x179bdeaa
11:42:15.0 (70886038)|HEAP_ALLOCATE|[38]|Bytes:35
11:42:15.0 (70900222)|USER_DEBUG|[38]|DEBUG|TTTTT userNameQueen Victoria Market
11:42:15.0 (70906123)|STATEMENT_EXECUTE|[40]
11:42:15.0 (71024824)|VARIABLE_ASSIGNMENT|[EXTERNAL]|this|{"batchlobObj":"0x440a29a1","emptyString17":"                 ","emptyString7":"       ","maxLengthUserName":26,"newLine":"\r\n","qvmABAFileObj":"0xedcf90f","recId":"a01p0000002pSpRAAU"}|0x179bdeaa
11:42:15.0 (71058902)|HEAP_ALLOCATE|[40]|Bytes:21
11:42:15.0 (71181255)|VARIABLE_ASSIGNMENT|[EXTERNAL]|this|{"batchlobObj":"0x440a29a1","emptyString17":"                 ","emptyString7":"       ","maxLengthUserName":26,"newLine":"\r\n","qvmABAFileObj":"0xedcf90f","recId":"a01p0000002pSpRAAU"}|0x179bdeaa
11:42:15.0 (71192353)|VARIABLE_ASSIGNMENT|[EXTERNAL]|value|"Queen Victoria Marke (1 more) ..."
11:42:15.0 (71202434)|VARIABLE_ASSIGNMENT|[11]|this.UserName|"Queen Victoria Marke (1 more) ..."|0x179bdeaa
11:42:15.0 (71209094)|STATEMENT_EXECUTE|[42]
11:42:15.0 (71213623)|HEAP_ALLOCATE|[42]|Bytes:28
11:42:15.0 (71337665)|VARIABLE_ASSIGNMENT|[EXTERNAL]|this|{"batchlobObj":"0x440a29a1","emptyString17":"                 ","emptyString7":"       ","maxLengthUserName":26,"newLine":"\r\n","qvmABAFileObj":"0xedcf90f","recId":"a01p0000002pSpRAAU","UserName":"Queen Victoria Market"}|0x179bdeaa
11:42:15.0 (71353530)|HEAP_ALLOCATE|[42]|Bytes:49
11:42:15.0 (71367113)|USER_DEBUG|[42]|DEBUG|TTTTT userName after PaddingQueen Victoria Market
11:42:15.0 (71417018)|VF_APEX_CALL_END|DownloadABAFileController invoke(fetch)
11:42:15.0 (72968427)|VF_APEX_CALL_START|[EXTERNAL]|01pp0000000EVMb|DownloadABAFileController get(emptyString17)
11:42:15.0 (72981037)|SYSTEM_MODE_ENTER|true
11:42:15.0 (72998597)|VF_APEX_CALL_START|[EXTERNAL]|01pp0000000EVMb|emptyString17
11:42:15.0 (73009326)|VF_APEX_CALL_END|emptyString17
11:42:15.0 (73024672)|VF_APEX_CALL_END|DownloadABAFileController get(emptyString17)
11:42:15.0 (73129776)|VF_APEX_CALL_START|[EXTERNAL]|01pp0000000EVMb|DownloadABAFileController get(qvmABAFileObj)
11:42:15.0 (73136686)|SYSTEM_MODE_ENTER|true
11:42:15.0 (73145368)|VF_APEX_CALL_START|[EXTERNAL]|01pp0000000EVMb|qvmABAFileObj
11:42:15.0 (73154046)|VF_APEX_CALL_END|qvmABAFileObj
11:42:15.0 (73165917)|VF_APEX_CALL_END|DownloadABAFileController get(qvmABAFileObj)
11:42:15.0 (73304213)|VF_APEX_CALL_START|[EXTERNAL]|01pp0000000EVMb|DownloadABAFileController get(emptyString7)
11:42:15.0 (73310789)|SYSTEM_MODE_ENTER|true
11:42:15.0 (73319566)|VF_APEX_CALL_START|[EXTERNAL]|01pp0000000EVMb|emptyString7
11:42:15.0 (73328247)|VF_APEX_CALL_END|emptyString7
11:42:15.0 (73339970)|VF_APEX_CALL_END|DownloadABAFileController get(emptyString7)
11:42:15.0 (73390103)|VF_APEX_CALL_START|[EXTERNAL]|01pp0000000EVMb|DownloadABAFileController get(UserName)
11:42:15.0 (73396168)|SYSTEM_MODE_ENTER|true
11:42:15.0 (73404363)|VF_APEX_CALL_START|[EXTERNAL]|01pp0000000EVMb|UserName
11:42:15.0 (73412578)|VF_APEX_CALL_END|UserName
11:42:15.0 (73423848)|VF_APEX_CALL_END|DownloadABAFileController get(UserName)
11:42:15.0 (73812048)|VF_APEX_CALL_START|[EXTERNAL]|01pp0000000EVMb|DownloadABAFileController get(newLine)
11:42:15.0 (73818872)|SYSTEM_MODE_ENTER|true
11:42:15.0 (73827844)|VF_APEX_CALL_START|[EXTERNAL]|01pp0000000EVMb|newLine
11:42:15.0 (73836397)|VF_APEX_CALL_END|newLine
11:42:15.0 (73848068)|VF_APEX_CALL_END|DownloadABAFileController get(newLine)
11:42:15.77 (77405449)|CUMULATIVE_LIMIT_USAGE
11:42:15.77 (77405449)|LIMIT_USAGE_FOR_NS|(default)|
  Number of SOQL queries: 1 out of 100
  Number of query rows: 1 out of 50000
  Number of SOSL queries: 0 out of 20
  Number of DML statements: 0 out of 150
  Number of DML rows: 0 out of 10000
  Maximum CPU time: 0 out of 10000
  Maximum heap size: 0 out of 6000000
  Number of callouts: 0 out of 100
  Number of Email Invocations: 0 out of 10
  Number of future calls: 0 out of 50
  Number of queueable jobs added to the queue: 0 out of 50
  Number of Mobile Apex push calls: 0 out of 10

11:42:15.77 (77405449)|TOTAL_EMAIL_RECIPIENTS_QUEUED|0
11:42:15.77 (77405449)|STATIC_VARIABLE_LIST|
  char[]:DigitTens:0
  long:serialVersionUID:0
  long:serialVersionUID:0
  String:_sfdcAdditionalCodeLocations:0
  double:MAX_VALUE:0
  Boolean:FALSE:0
  long:serialVersionUID:0
  double:MIN_VALUE:0
  int:SIZE:0
  double:NEGATIVE_INFINITY:0
  int:MAX_VALUE:0
  String:__sfdcProperties:0
  char[]:digits:0
  String:_sfdcSuppressedCodeLocations:0
  double:NaN:0
  Boolean:TRUE:0
  int:MIN_VALUE:0
  char[]:DigitOnes:0
  int:BYTES:0
  int:MIN_EXPONENT:0
  int[]:sizeTable:0
  int:MAX_EXPONENT:0
  String:_sfdcAdditionalCodeLocations:0
  int:SIZE:0
  double:POSITIVE_INFINITY:0
  double:MIN_NORMAL:0
  int:BYTES:0

11:42:15.77 (77405449)|CUMULATIVE_LIMIT_USAGE_END

11:42:15.0 (77568546)|CODE_UNIT_FINISHED|VF: /apex/DownloadABAFilePage
11:42:15.0 (78935816)|EXECUTION_FINISHED
11:42:15.82 (82220394)|CUMULATIVE_PROFILING_BEGIN
11:42:15.82 (82220394)|CUMULATIVE_PROFILING|SOQL operations|
Class.DownloadABAFileController.fetch: line 32, column 1: [SELECT Financial_Institution__c,Name_Of_User__c,
                             User_Identification_Number__c,Description__c,Date_to_be_Processed__c 
                             FROM Qvm_ABA_File_Generator__c where Name = 'ABA File Header Generator' LIMIT 1]: executed 2 times in 7 ms

11:42:15.82 (82220394)|CUMULATIVE_PROFILING|No profiling information for SOSL operations
11:42:15.82 (82220394)|CUMULATIVE_PROFILING|No profiling information for DML operations
11:42:15.82 (82220394)|CUMULATIVE_PROFILING|method invocations|
Class.DownloadABAFileController.<init>: line 20, column 1: global SObject getRecord(): executed 1 time in 12 ms
External entry point: public void fetch(): executed 1 time in 9 ms
Class.DownloadABAFileController.fetch: line 42, column 1: public String __sfdc_UserName(): executed 2 times in 1 ms
Class.DownloadABAFileController.fetch: line 36, column 1: public Qvm_ABA_File_Generator__c __sfdc_qvmABAFileObj(): executed 2 times in 0 ms
Class.DownloadABAFileController.fetch: line 37, column 1: public static String valueOf(Object): executed 2 times in 0 ms
Class.DownloadABAFileController.fetch: line 38, column 1: public Qvm_ABA_File_Generator__c __sfdc_qvmABAFileObj(): executed 2 times in 0 ms
Class.DownloadABAFileController.fetch: line 40, column 1: public Qvm_ABA_File_Generator__c __sfdc_qvmABAFileObj(): executed 3 times in 0 ms
Class.DownloadABAFileController.<init>: line 21, column 1: global SObject getRecord(): executed 1 time in 0 ms
Class.DownloadABAFileController.FindExtraSpace: line 54, column 1: public Integer length(): executed 1 time in 0 ms
Class.DownloadABAFileController.<init>: line 23, column 1: public String rightPad(Integer): executed 2 times in 0 ms
Class.DownloadABAFileController.<init>: line 24, column 1: public String rightPad(Integer): executed 2 times in 0 ms

11:42:15.82 (82220394)|CUMULATIVE_PROFILING_END
