37.0 APEX_CODE,FINEST;APEX_PROFILING,FINEST;CALLOUT,FINEST;DB,FINEST;SYSTEM,DEBUG;VALIDATION,INFO;VISUALFORCE,FINER;WORKFLOW,FINER
11:44:50.0 (628013)|USER_INFO|[EXTERNAL]|00528000004DSLv|luke.farbotko@qvmtest.com.devmerge|Australian Eastern Standard Time|GMT+10:00
11:44:50.0 (667247)|EXECUTION_STARTED
11:44:50.0 (672261)|CODE_UNIT_STARTED|[EXTERNAL]|01pp000000002Ri|PaymentBuilder.UpdateBatchObject
11:44:50.0 (774870)|VARIABLE_SCOPE_BEGIN|[13]|PaymentBuilder.MAXRESULTS|Integer|false|true
11:44:50.0 (946626)|VARIABLE_SCOPE_BEGIN|[12]|PaymentBuilder.transactionListToInsert|List<Transaction__c>|true|true
11:44:50.0 (1116698)|HEAP_ALLOCATE|[72]|Bytes:3
11:44:50.0 (1196212)|HEAP_ALLOCATE|[77]|Bytes:152
11:44:50.0 (1230984)|HEAP_ALLOCATE|[342]|Bytes:408
11:44:50.0 (1264757)|HEAP_ALLOCATE|[355]|Bytes:408
11:44:50.0 (1297645)|HEAP_ALLOCATE|[467]|Bytes:48
11:44:50.0 (1344991)|HEAP_ALLOCATE|[139]|Bytes:6
11:44:50.0 (1375528)|HEAP_ALLOCATE|[EXTERNAL]|Bytes:20
11:44:50.0 (1384742)|HEAP_ALLOCATE|[EXTERNAL]|Bytes:73
11:44:50.0 (1408123)|METHOD_ENTRY|[10]|01pp000000002Ri|PaymentBuilder.PaymentBuilder()
11:44:50.0 (1420395)|STATEMENT_EXECUTE|[10]
11:44:50.0 (1430022)|STATEMENT_EXECUTE|[10]
11:44:50.0 (1433088)|STATEMENT_EXECUTE|[12]
11:44:50.0 (1448833)|HEAP_ALLOCATE|[12]|Bytes:4
11:44:50.0 (1610957)|HEAP_ALLOCATE|[EXTERNAL]|Bytes:4
11:44:50.0 (1670115)|VARIABLE_ASSIGNMENT|[12]|PaymentBuilder.transactionListToInsert|{"s":1,"v":[]}|0x3193a96f
11:44:50.0 (1677483)|STATEMENT_EXECUTE|[13]
11:44:50.0 (1690207)|HEAP_ALLOCATE|[13]|Bytes:4
11:44:50.0 (1703212)|VARIABLE_ASSIGNMENT|[13]|PaymentBuilder.MAXRESULTS|300
11:44:50.0 (1718285)|METHOD_EXIT|[10]|PaymentBuilder
11:44:50.0 (1727918)|HEAP_ALLOCATE|[EXTERNAL]|Bytes:4
11:44:50.0 (1743592)|VARIABLE_SCOPE_BEGIN|[16]|batchJobId|Id|false|false
11:44:50.0 (1910119)|VARIABLE_ASSIGNMENT|[16]|batchJobId|"a01p0000002pYiaAAE"
11:44:50.0 (1924753)|STATEMENT_EXECUTE|[17]
11:44:50.0 (1926399)|STATEMENT_EXECUTE|[18]
11:44:50.0 (1927595)|STATEMENT_EXECUTE|[19]
11:44:50.0 (1928701)|STATEMENT_EXECUTE|[20]
11:44:50.0 (1932885)|HEAP_ALLOCATE|[20]|Bytes:13
11:44:50.0 (1979011)|HEAP_ALLOCATE|[50]|Bytes:5
11:44:50.0 (2007799)|HEAP_ALLOCATE|[56]|Bytes:5
11:44:50.0 (2025162)|HEAP_ALLOCATE|[64]|Bytes:7
11:44:50.0 (2588088)|HEAP_ALLOCATE|[20]|Bytes:4
11:44:50.0 (2644424)|LIMIT_USAGE|[20]|RECORD_TYPE_DESCRIBES|1|100
11:44:50.0 (5256275)|HEAP_ALLOCATE|[20]|Bytes:72
11:44:50.0 (5273221)|HEAP_ALLOCATE|[20]|Bytes:20
11:44:50.0 (5562760)|HEAP_ALLOCATE|[20]|Bytes:4
11:44:50.0 (5577306)|VARIABLE_SCOPE_BEGIN|[20]|findingRecordTypeID|Id|false|false
11:44:50.0 (5666849)|VARIABLE_ASSIGNMENT|[20]|findingRecordTypeID|"012p0000000CgelAAC"
11:44:50.0 (5674656)|STATEMENT_EXECUTE|[21]
11:44:50.0 (5680703)|HEAP_ALLOCATE|[21]|Bytes:71
11:44:50.0 (5695256)|HEAP_ALLOCATE|[21]|Bytes:4
11:44:50.0 (5711943)|HEAP_ALLOCATE|[21]|Bytes:7
11:44:50.0 (6028483)|SOQL_EXECUTE_BEGIN|[21]|Aggregations:0|SELECT id, Due_Before__c FROM Batch_Jobs__c WHERE id = :tmpVar1 LIMIT 1
11:44:50.0 (6045284)|LIMIT_USAGE|[21]|SOQL|1|100
11:44:50.0 (6057496)|LIMIT_USAGE|[21]|AGGS|0|300
11:44:50.0 (21322892)|SOQL_EXECUTE_END|[21]|Rows:1
11:44:50.0 (21340404)|LIMIT_USAGE|[21]|SOQL_ROWS|1|50000
11:44:50.0 (21357146)|HEAP_ALLOCATE|[21]|Bytes:8
11:44:50.0 (21380772)|HEAP_ALLOCATE|[21]|Bytes:50
11:44:50.0 (21493087)|HEAP_ALLOCATE|[21]|Bytes:8
11:44:50.0 (21508369)|HEAP_ALLOCATE|[21]|Bytes:39
11:44:50.0 (21619054)|HEAP_ALLOCATE|[21]|Bytes:12
11:44:50.0 (21634461)|VARIABLE_SCOPE_BEGIN|[21]|batchJobObj|Batch_Jobs__c|true|false
11:44:50.0 (21698101)|VARIABLE_ASSIGNMENT|[21]|batchJobObj|{"s":1,"v":{"Id":"a01p0000002pYiaAAE","Due_Before__c":"2016-12-01T00:00:00.000Z"}}|0x1d7e1505
11:44:50.0 (21706527)|STATEMENT_EXECUTE|[22]
11:44:50.0 (21765268)|HEAP_ALLOCATE|[22]|Bytes:-4
11:44:50.0 (21779665)|VARIABLE_ASSIGNMENT|[22]|this.RecordTypeId|"012p0000000CgelAAC"|0x1d7e1505
11:44:50.0 (21785765)|STATEMENT_EXECUTE|[23]
11:44:50.0 (21840178)|HEAP_ALLOCATE|[23]|Bytes:8
11:44:50.0 (21858503)|DML_BEGIN|[23]|Op:Update|Type:Batch_Jobs__c|Rows:1
11:44:50.0 (21867788)|LIMIT_USAGE|[23]|DML|1|150
11:44:50.0 (21876025)|LIMIT_USAGE|[23]|DML_ROWS|1|10000
11:44:50.0 (21890140)|HEAP_ALLOCATE|[EXTERNAL]|Bytes:8
11:44:50.0 (68952669)|DML_END|[23]
11:44:50.72 (72431114)|CUMULATIVE_LIMIT_USAGE
11:44:50.72 (72431114)|LIMIT_USAGE_FOR_NS|(default)|
  Number of SOQL queries: 1 out of 100
  Number of query rows: 1 out of 50000
  Number of SOSL queries: 0 out of 20
  Number of DML statements: 1 out of 150
  Number of DML rows: 1 out of 10000
  Maximum CPU time: 0 out of 10000
  Maximum heap size: 0 out of 6000000
  Number of callouts: 0 out of 100
  Number of Email Invocations: 0 out of 10
  Number of future calls: 0 out of 50
  Number of queueable jobs added to the queue: 0 out of 50
  Number of Mobile Apex push calls: 0 out of 10

11:44:50.72 (72431114)|TOTAL_EMAIL_RECIPIENTS_QUEUED|0
11:44:50.72 (72431114)|STATIC_VARIABLE_LIST|
  char[]:DigitTens:0
  long:serialVersionUID:0
  String:_sfdcAdditionalCodeLocations:0
  long:serialVersionUID:0
  double:MAX_VALUE:0
  Boolean:FALSE:0
  long:serialVersionUID:0
  double:MIN_VALUE:0
  int:SIZE:0
  double:NEGATIVE_INFINITY:0
  int:MAX_VALUE:0
  char[]:digits:0
  double:NaN:0
  Boolean:TRUE:0
  String:_sfdcSuppressedCodeLocations:0
  int:MIN_VALUE:0
  char[]:DigitOnes:0
  int:BYTES:0
  List<Transaction__c>:_static_transactionListToInsert:0
  int:MIN_EXPONENT:0
  int[]:sizeTable:0
  int:MAX_EXPONENT:0
  int:SIZE:0
  double:POSITIVE_INFINITY:0
  double:MIN_NORMAL:0
  Integer:_static_MAXRESULTS:0
  int:BYTES:0

11:44:50.72 (72431114)|CUMULATIVE_LIMIT_USAGE_END

11:44:50.0 (72655196)|CODE_UNIT_FINISHED|PaymentBuilder.UpdateBatchObject
11:44:50.0 (74571252)|EXECUTION_FINISHED
11:44:50.78 (78692991)|CUMULATIVE_PROFILING_BEGIN
11:44:50.78 (78692991)|CUMULATIVE_PROFILING|SOQL operations|
Class.PaymentBuilder.UpdateBatchObject: line 21, column 1: [SELECT id, Due_Before__c  FROM Batch_Jobs__c where id =:batchJobId LIMIT 1]: executed 1 time in 16 ms

11:44:50.78 (78692991)|CUMULATIVE_PROFILING|No profiling information for SOSL operations
11:44:50.78 (78692991)|CUMULATIVE_PROFILING|DML operations|
Class.PaymentBuilder.UpdateBatchObject: line 23, column 1: Update: Batch_Jobs__c: executed 1 time in 47 ms

11:44:50.78 (78692991)|CUMULATIVE_PROFILING|method invocations|
External entry point: webService static void UpdateBatchObject(Id): executed 1 time in 68 ms
Class.PaymentBuilder.UpdateBatchObject: line 20, column 1: global Schema.DescribeSObjectResult getDescribe(): executed 2 times in 1 ms
Class.PaymentBuilder: line 12, column 1: global public List<Transaction__c>(): executed 1 time in 0 ms

11:44:50.78 (78692991)|CUMULATIVE_PROFILING_END
