38.0 APEX_CODE,FINEST;APEX_PROFILING,FINEST;CALLOUT,FINEST;DB,FINEST;SYSTEM,DEBUG;VALIDATION,INFO;VISUALFORCE,FINER;WORKFLOW,FINER
11:10:02.1 (1551757)|USER_INFO|[EXTERNAL]|00528000004DSLv|luke.farbotko@qvmtest.com.devmerge|Australian Eastern Standard Time|GMT+10:00
11:10:02.1 (1591977)|EXECUTION_STARTED
11:10:02.1 (1597889)|CODE_UNIT_STARTED|[EXTERNAL]|VisualForce View State
11:10:02.1 (409710326)|HEAP_ALLOCATE|[72]|Bytes:3
11:10:02.1 (409784145)|HEAP_ALLOCATE|[77]|Bytes:152
11:10:02.1 (409811370)|HEAP_ALLOCATE|[342]|Bytes:408
11:10:02.1 (409841245)|HEAP_ALLOCATE|[355]|Bytes:408
11:10:02.1 (409868990)|HEAP_ALLOCATE|[467]|Bytes:48
11:10:02.1 (409916576)|HEAP_ALLOCATE|[139]|Bytes:6
11:10:02.1 (409952178)|HEAP_ALLOCATE|[50]|Bytes:5
11:10:02.1 (409975615)|HEAP_ALLOCATE|[56]|Bytes:5
11:10:02.1 (409984394)|HEAP_ALLOCATE|[64]|Bytes:7
11:10:02.1 (411616512)|CODE_UNIT_FINISHED|VisualForce View State
11:10:02.1 (413947360)|EXECUTION_FINISHED
11:10:02.415 (415909368)|USER_INFO|[EXTERNAL]|00528000004DSLv|luke.farbotko@qvmtest.com.devmerge|Australian Eastern Standard Time|GMT+10:00
11:10:03.275 (1275175229)|CUMULATIVE_LIMIT_USAGE
11:10:03.275 (1275175229)|LIMIT_USAGE_FOR_NS|(default)|
  Number of SOQL queries: 0 out of 100
  Number of query rows: 0 out of 50000
  Number of SOSL queries: 0 out of 20
  Number of DML statements: 0 out of 150
  Number of DML rows: 0 out of 10000
  Maximum CPU time: 0 out of 10000
  Maximum heap size: 0 out of 6000000
  Number of callouts: 0 out of 100
  Number of Email Invocations: 0 out of 10
  Number of future calls: 0 out of 50
  Number of queueable jobs added to the queue: 0 out of 50
  Number of Mobile Apex push calls: 0 out of 10

11:10:03.275 (1275175229)|CUMULATIVE_LIMIT_USAGE_END

