38.0 APEX_CODE,FINEST;APEX_PROFILING,FINEST;CALLOUT,FINEST;DB,FINEST;SYSTEM,DEBUG;VALIDATION,INFO;VISUALFORCE,FINER;WORKFLOW,FINER
11:04:48.0 (496648)|USER_INFO|[EXTERNAL]|00528000004DSFj|resmi.ramakrishnan@qvmtest.com.devmerge|Australian Eastern Standard Time|GMT+10:00
11:04:48.0 (529736)|EXECUTION_STARTED
11:04:48.0 (535846)|CODE_UNIT_STARTED|[EXTERNAL]|066p00000004sPO|VF: /apex/DownloadABAFilePage
11:04:48.0 (46550455)|VF_APEX_CALL_START|[EXTERNAL]|01pp0000000EVMb|DownloadABAFileController <init>
11:04:48.0 (46581688)|SYSTEM_MODE_ENTER|true
11:04:48.0 (47303618)|HEAP_ALLOCATE|[72]|Bytes:3
11:04:48.0 (47364713)|HEAP_ALLOCATE|[77]|Bytes:152
11:04:48.0 (47387697)|HEAP_ALLOCATE|[342]|Bytes:408
11:04:48.0 (47413549)|HEAP_ALLOCATE|[355]|Bytes:408
11:04:48.0 (47438354)|HEAP_ALLOCATE|[467]|Bytes:48
11:04:48.0 (47470747)|HEAP_ALLOCATE|[139]|Bytes:6
11:04:48.0 (47493403)|HEAP_ALLOCATE|[EXTERNAL]|Bytes:188
11:04:48.0 (47497981)|HEAP_ALLOCATE|[EXTERNAL]|Bytes:20
11:04:48.0 (47500565)|HEAP_ALLOCATE|[EXTERNAL]|Bytes:2
11:04:48.0 (47515920)|METHOD_ENTRY|[1]|01pp0000000EVMb|DownloadABAFileController.DownloadABAFileController()
11:04:48.0 (47521045)|STATEMENT_EXECUTE|[1]
11:04:48.0 (47528706)|STATEMENT_EXECUTE|[1]
11:04:48.0 (47535077)|METHOD_EXIT|[1]|DownloadABAFileController
11:04:48.0 (47633912)|HEAP_ALLOCATE|[EXTERNAL]|Bytes:32
11:04:48.0 (47663544)|VARIABLE_SCOPE_BEGIN|[14]|this|DownloadABAFileController|true|false
11:04:48.0 (47791334)|VARIABLE_ASSIGNMENT|[14]|this|{}|0x54650feb
11:04:48.0 (47801591)|VARIABLE_SCOPE_BEGIN|[14]|stdController|ApexPages.StandardController|true|false
11:04:48.0 (47979397)|VARIABLE_ASSIGNMENT|[14]|stdController|"StandardController [null]"|0x75eb9234
11:04:48.0 (47990738)|STATEMENT_EXECUTE|[1]
11:04:48.0 (47993442)|STATEMENT_EXECUTE|[3]
11:04:48.0 (47995418)|STATEMENT_EXECUTE|[4]
11:04:48.0 (47997015)|STATEMENT_EXECUTE|[5]
11:04:48.0 (47998385)|STATEMENT_EXECUTE|[8]
11:04:48.0 (47999854)|STATEMENT_EXECUTE|[9]
11:04:48.0 (48001376)|STATEMENT_EXECUTE|[10]
11:04:48.0 (48004272)|STATEMENT_EXECUTE|[11]
11:04:48.0 (48016271)|HEAP_ALLOCATE|[16]|Bytes:6
11:04:48.0 (48075531)|STATEMENT_EXECUTE|[15]
11:04:48.0 (48078740)|STATEMENT_EXECUTE|[16]
11:04:48.0 (57144273)|HEAP_ALLOCATE|[16]|Bytes:12
11:04:48.0 (57192554)|VARIABLE_ASSIGNMENT|[16]|this.batchlobObj|{"s":1,"v":{"Id":"a01p0000002pSpRAAU","RecordTypeId":"012p0000000CggNAAS"}}|0x54650feb
11:04:48.0 (57196435)|STATEMENT_EXECUTE|[17]
11:04:48.0 (57239490)|HEAP_ALLOCATE|[17]|Bytes:12
11:04:48.0 (57341325)|VARIABLE_ASSIGNMENT|[17]|this.recId|"a01p0000002pSpRAAU"|0x54650feb
11:04:48.0 (57345707)|STATEMENT_EXECUTE|[18]
11:04:48.0 (57368349)|METHOD_ENTRY|[18]|01pp0000000EVMb|DownloadABAFileController.FormatStrings()
11:04:48.0 (57398587)|VARIABLE_SCOPE_BEGIN|[35]|this|DownloadABAFileController|true|false
11:04:48.0 (57502985)|VARIABLE_ASSIGNMENT|[35]|this|{"batchlobObj":"0x604d89e0","recId":"a01p0000002pSpRAAU"}|0x54650feb
11:04:48.0 (57515159)|STATEMENT_EXECUTE|[36]
11:04:48.0 (57516443)|STATEMENT_EXECUTE|[37]
11:04:48.0 (57585179)|HEAP_ALLOCATE|[37]|Bytes:17
11:04:48.0 (57711805)|VARIABLE_ASSIGNMENT|[EXTERNAL]|this|{"batchlobObj":"0x604d89e0","recId":"a01p0000002pSpRAAU"}|0x54650feb
11:04:48.0 (57722013)|VARIABLE_ASSIGNMENT|[EXTERNAL]|value|"                 "
11:04:48.0 (57730791)|VARIABLE_ASSIGNMENT|[8]|this.emptyString17|"                 "|0x54650feb
11:04:48.0 (57738269)|STATEMENT_EXECUTE|[38]
11:04:48.0 (57769271)|HEAP_ALLOCATE|[38]|Bytes:7
11:04:48.0 (57885418)|VARIABLE_ASSIGNMENT|[EXTERNAL]|this|{"batchlobObj":"0x604d89e0","emptyString17":"                 ","recId":"a01p0000002pSpRAAU"}|0x54650feb
11:04:48.0 (57895477)|VARIABLE_ASSIGNMENT|[EXTERNAL]|value|"       "
11:04:48.0 (57903651)|VARIABLE_ASSIGNMENT|[9]|this.emptyString7|"       "|0x54650feb
11:04:48.0 (57910559)|STATEMENT_EXECUTE|[39]
11:04:48.0 (57914015)|HEAP_ALLOCATE|[39]|Bytes:2
11:04:48.0 (58039864)|VARIABLE_ASSIGNMENT|[EXTERNAL]|this|{"batchlobObj":"0x604d89e0","emptyString17":"                 ","emptyString7":"       ","recId":"a01p0000002pSpRAAU"}|0x54650feb
11:04:48.0 (58052007)|VARIABLE_ASSIGNMENT|[EXTERNAL]|value|"\r\n"
11:04:48.0 (58060401)|VARIABLE_ASSIGNMENT|[10]|this.newLine|"\r\n"|0x54650feb
11:04:48.0 (58068116)|METHOD_EXIT|[18]|01pp0000000EVMb|DownloadABAFileController.FormatStrings()
11:04:48.0 (58091564)|VF_APEX_CALL_END|DownloadABAFileController <init>
11:04:48.0 (58217060)|VF_APEX_CALL_START|[EXTERNAL]|01pp0000000EVMb|DownloadABAFileController invoke(fetch)
11:04:48.0 (58252159)|HEAP_ALLOCATE|[EXTERNAL]|Bytes:32
11:04:48.0 (58261430)|VARIABLE_SCOPE_BEGIN|[21]|this|DownloadABAFileController|true|false
11:04:48.0 (58358269)|VARIABLE_ASSIGNMENT|[21]|this|{"batchlobObj":"0x604d89e0","emptyString17":"                 ","emptyString7":"       ","newLine":"\r\n","recId":"a01p0000002pSpRAAU"}|0x54650feb
11:04:48.0 (58365670)|STATEMENT_EXECUTE|[22]
11:04:48.0 (58367287)|STATEMENT_EXECUTE|[23]
11:04:48.0 (58368403)|STATEMENT_EXECUTE|[24]
11:04:48.0 (58369365)|STATEMENT_EXECUTE|[25]
11:04:48.0 (58372569)|HEAP_ALLOCATE|[25]|Bytes:200
11:04:48.0 (58385766)|HEAP_ALLOCATE|[25]|Bytes:4
11:04:48.0 (58415068)|HEAP_ALLOCATE|[50]|Bytes:5
11:04:48.0 (58430420)|HEAP_ALLOCATE|[56]|Bytes:5
11:04:48.0 (58438169)|HEAP_ALLOCATE|[64]|Bytes:7
11:04:48.0 (58726687)|SOQL_EXECUTE_BEGIN|[25]|Aggregations:0|SELECT Financial_Institution__c, Name_Of_User__c, User_Identification_Number__c, Description__c, Date_to_be_Processed__c FROM Qvm_ABA_File_Generator__c WHERE Name = 'ABA File Header Generator' LIMIT 1
11:04:48.0 (58741111)|LIMIT_USAGE|[25]|SOQL|1|100
11:04:48.0 (58749231)|LIMIT_USAGE|[25]|AGGS|0|300
11:04:48.0 (65001327)|SOQL_EXECUTE_END|[25]|Rows:1
11:04:48.0 (65011104)|LIMIT_USAGE|[25]|SOQL_ROWS|1|50000
11:04:48.0 (65026477)|HEAP_ALLOCATE|[25]|Bytes:8
11:04:48.0 (65049080)|HEAP_ALLOCATE|[25]|Bytes:254
11:04:48.0 (65154274)|HEAP_ALLOCATE|[25]|Bytes:8
11:04:48.0 (65164176)|HEAP_ALLOCATE|[25]|Bytes:51
11:04:48.0 (65262201)|HEAP_ALLOCATE|[25]|Bytes:28
11:04:48.0 (65401308)|VARIABLE_ASSIGNMENT|[EXTERNAL]|this|{"batchlobObj":"0x604d89e0","emptyString17":"                 ","emptyString7":"       ","newLine":"\r\n","recId":"a01p0000002pSpRAAU"}|0x54650feb
11:04:48.0 (65428591)|VARIABLE_ASSIGNMENT|[EXTERNAL]|value|{"s":1,"v":{"Financial_Institutio (4 more) ...":"NAB","Name_Of_User__c":"Queen Victoria Marke (1 more) ...","User_Identification_ (9 more) ...":128006,"Description__c":"TEST","Date_to_be_Processed (3 more) ...":170316,"Id":"a0bp0000001ZYpaAAG"}}|0x45fca473
11:04:48.0 (65448487)|VARIABLE_ASSIGNMENT|[5]|this.qvmABAFileObj|{"s":1,"v":{"Financial_Institutio (4 more) ...":"NAB","Name_Of_User__c":"Queen Victoria Marke (1 more) ...","User_Identification_ (9 more) ...":128006,"Description__c":"TEST","Date_to_be_Processed (3 more) ...":170316,"Id":"a0bp0000001ZYpaAAG"}}|0x54650feb
11:04:48.0 (65457137)|STATEMENT_EXECUTE|[28]
11:04:48.0 (65580556)|VARIABLE_ASSIGNMENT|[EXTERNAL]|this|{"batchlobObj":"0x604d89e0","emptyString17":"                 ","emptyString7":"       ","newLine":"\r\n","qvmABAFileObj":"0x45fca473","recId":"a01p0000002pSpRAAU"}|0x54650feb
11:04:48.0 (65684227)|VF_APEX_CALL_END|DownloadABAFileController invoke(fetch)
11:04:48.0 (67147292)|VF_APEX_CALL_START|[EXTERNAL]|01pp0000000EVMb|DownloadABAFileController get(emptyString17)
11:04:48.0 (67161818)|SYSTEM_MODE_ENTER|true
11:04:48.0 (67180382)|VF_APEX_CALL_START|[EXTERNAL]|01pp0000000EVMb|emptyString17
11:04:48.0 (67193525)|VF_APEX_CALL_END|emptyString17
11:04:48.0 (67209525)|VF_APEX_CALL_END|DownloadABAFileController get(emptyString17)
11:04:48.0 (67325618)|VF_APEX_CALL_START|[EXTERNAL]|01pp0000000EVMb|DownloadABAFileController get(qvmABAFileObj)
11:04:48.0 (67334624)|SYSTEM_MODE_ENTER|true
11:04:48.0 (67345881)|VF_APEX_CALL_START|[EXTERNAL]|01pp0000000EVMb|qvmABAFileObj
11:04:48.0 (67357414)|VF_APEX_CALL_END|qvmABAFileObj
11:04:48.0 (67371742)|VF_APEX_CALL_END|DownloadABAFileController get(qvmABAFileObj)
11:04:48.0 (67515715)|VF_APEX_CALL_START|[EXTERNAL]|01pp0000000EVMb|DownloadABAFileController get(emptyString7)
11:04:48.0 (67524450)|SYSTEM_MODE_ENTER|true
11:04:48.0 (67535639)|VF_APEX_CALL_START|[EXTERNAL]|01pp0000000EVMb|emptyString7
11:04:48.0 (67547057)|VF_APEX_CALL_END|emptyString7
11:04:48.0 (67560960)|VF_APEX_CALL_END|DownloadABAFileController get(emptyString7)
11:04:48.0 (68114928)|VF_APEX_CALL_START|[EXTERNAL]|01pp0000000EVMb|DownloadABAFileController get(newLine)
11:04:48.0 (68124464)|SYSTEM_MODE_ENTER|true
11:04:48.0 (68135450)|VF_APEX_CALL_START|[EXTERNAL]|01pp0000000EVMb|newLine
11:04:48.0 (68146906)|VF_APEX_CALL_END|newLine
11:04:48.0 (68160981)|VF_APEX_CALL_END|DownloadABAFileController get(newLine)
11:04:48.71 (71767912)|CUMULATIVE_LIMIT_USAGE
11:04:48.71 (71767912)|LIMIT_USAGE_FOR_NS|(default)|
  Number of SOQL queries: 1 out of 100
  Number of query rows: 1 out of 50000
  Number of SOSL queries: 0 out of 20
  Number of DML statements: 0 out of 150
  Number of DML rows: 0 out of 10000
  Maximum CPU time: 0 out of 10000
  Maximum heap size: 0 out of 6000000
  Number of callouts: 0 out of 100
  Number of Email Invocations: 0 out of 10
  Number of future calls: 0 out of 50
  Number of queueable jobs added to the queue: 0 out of 50
  Number of Mobile Apex push calls: 0 out of 10

11:04:48.71 (71767912)|TOTAL_EMAIL_RECIPIENTS_QUEUED|0
11:04:48.71 (71767912)|STATIC_VARIABLE_LIST|
  char[]:DigitTens:0
  long:serialVersionUID:0
  long:serialVersionUID:0
  String:_sfdcAdditionalCodeLocations:0
  double:MAX_VALUE:0
  Boolean:FALSE:0
  long:serialVersionUID:0
  double:MIN_VALUE:0
  int:SIZE:0
  double:NEGATIVE_INFINITY:0
  int:MAX_VALUE:0
  String:__sfdcProperties:0
  char[]:digits:0
  String:_sfdcSuppressedCodeLocations:0
  double:NaN:0
  Boolean:TRUE:0
  int:MIN_VALUE:0
  char[]:DigitOnes:0
  int:BYTES:0
  int:MIN_EXPONENT:0
  int[]:sizeTable:0
  int:MAX_EXPONENT:0
  String:_sfdcAdditionalCodeLocations:0
  int:SIZE:0
  double:POSITIVE_INFINITY:0
  double:MIN_NORMAL:0
  int:BYTES:0

11:04:48.71 (71767912)|CUMULATIVE_LIMIT_USAGE_END

11:04:48.0 (71898458)|CODE_UNIT_FINISHED|VF: /apex/DownloadABAFilePage
11:04:48.0 (73321652)|EXECUTION_FINISHED
11:04:48.76 (76311925)|CUMULATIVE_PROFILING_BEGIN
11:04:48.76 (76311925)|CUMULATIVE_PROFILING|SOQL operations|
Class.DownloadABAFileController.fetch: line 25, column 1: [SELECT Financial_Institution__c,Name_Of_User__c,
                             User_Identification_Number__c,Description__c,Date_to_be_Processed__c 
                             FROM Qvm_ABA_File_Generator__c where Name = 'ABA File Header Generator' LIMIT 1]: executed 2 times in 6 ms

11:04:48.76 (76311925)|CUMULATIVE_PROFILING|No profiling information for SOSL operations
11:04:48.76 (76311925)|CUMULATIVE_PROFILING|No profiling information for DML operations
11:04:48.76 (76311925)|CUMULATIVE_PROFILING|method invocations|
Class.DownloadABAFileController.<init>: line 16, column 1: global SObject getRecord(): executed 1 time in 9 ms
External entry point: public void fetch(): executed 1 time in 7 ms
Class.DownloadABAFileController.<init>: line 17, column 1: global SObject getRecord(): executed 1 time in 0 ms
Class.DownloadABAFileController.<init>: line 18, column 1: public void FormatStrings(): executed 1 time in 0 ms
Class.DownloadABAFileController.FormatStrings: line 37, column 1: public String rightPad(Integer): executed 2 times in 0 ms
Class.DownloadABAFileController.FormatStrings: line 38, column 1: public String rightPad(Integer): executed 2 times in 0 ms
Class.DownloadABAFileController.FormatStrings: line 39, column 1: public void __sfdc_newLine(String): executed 1 time in 0 ms
Class.DownloadABAFileController.fetch: line 28, column 1: public Qvm_ABA_File_Generator__c __sfdc_qvmABAFileObj(): executed 2 times in 0 ms

11:04:48.76 (76311925)|CUMULATIVE_PROFILING_END
