38.0 APEX_CODE,FINEST;APEX_PROFILING,FINEST;CALLOUT,FINEST;DB,FINEST;SYSTEM,DEBUG;VALIDATION,INFO;VISUALFORCE,FINER;WORKFLOW,FINER
11:06:11.0 (517602)|USER_INFO|[EXTERNAL]|005p0000000MSbo|priyanka.manoharan@rxpservices.com.devmerge|Australian Eastern Standard Time|GMT+10:00
11:06:11.0 (551592)|EXECUTION_STARTED
11:06:11.0 (556303)|CODE_UNIT_STARTED|[EXTERNAL]|01pp0000000ETpq|LeaveController.getAccountBusiness
11:06:11.0 (841343)|HEAP_ALLOCATE|[72]|Bytes:3
11:06:11.0 (886570)|HEAP_ALLOCATE|[77]|Bytes:152
11:06:11.0 (909823)|HEAP_ALLOCATE|[342]|Bytes:408
11:06:11.0 (928767)|HEAP_ALLOCATE|[355]|Bytes:408
11:06:11.0 (946630)|HEAP_ALLOCATE|[467]|Bytes:48
11:06:11.0 (973133)|HEAP_ALLOCATE|[139]|Bytes:6
11:06:11.0 (993798)|HEAP_ALLOCATE|[EXTERNAL]|Bytes:6
11:06:11.0 (997937)|HEAP_ALLOCATE|[EXTERNAL]|Bytes:8
11:06:11.0 (1011766)|METHOD_ENTRY|[1]|01pp0000000ETpq|LeaveController.LeaveController()
11:06:11.0 (1016831)|STATEMENT_EXECUTE|[1]
11:06:11.0 (1022882)|STATEMENT_EXECUTE|[1]
11:06:11.0 (1054334)|HEAP_ALLOCATE|[50]|Bytes:5
11:06:11.0 (1075069)|HEAP_ALLOCATE|[56]|Bytes:5
11:06:11.0 (1082887)|HEAP_ALLOCATE|[64]|Bytes:7
11:06:11.0 (1103714)|SYSTEM_MODE_ENTER|true
11:06:11.0 (1116896)|HEAP_ALLOCATE|[EXTERNAL]|Bytes:5
11:06:11.0 (1124069)|SYSTEM_MODE_EXIT|true
11:06:11.0 (1132846)|METHOD_EXIT|[1]|LeaveController
11:06:11.0 (1140858)|SYSTEM_MODE_ENTER|false
11:06:11.0 (1151476)|SYSTEM_MODE_ENTER|true
11:06:11.0 (1155462)|HEAP_ALLOCATE|[11]|Bytes:5
11:06:11.0 (1158949)|STATEMENT_EXECUTE|[9]
11:06:11.0 (1160194)|STATEMENT_EXECUTE|[11]
11:06:11.0 (1173503)|METHOD_ENTRY|[11]|01pp0000000ETpq|LeaveController.getAccountId()
11:06:11.0 (1199436)|HEAP_ALLOCATE|[4]|Bytes:5
11:06:11.0 (1203720)|STATEMENT_EXECUTE|[3]
11:06:11.0 (1205006)|STATEMENT_EXECUTE|[4]
11:06:11.0 (1207375)|HEAP_ALLOCATE|[4]|Bytes:46
11:06:11.0 (1214055)|HEAP_ALLOCATE|[4]|Bytes:4
11:06:11.0 (1222761)|HEAP_ALLOCATE|[4]|Bytes:7
11:06:11.0 (1262153)|HEAP_ALLOCATE|[4]|Bytes:85
11:06:11.0 (1274102)|SYSTEM_METHOD_ENTRY|[1]|UserInfo.UserInfo()
11:06:11.0 (1276928)|STATEMENT_EXECUTE|[1]
11:06:11.0 (1284578)|SYSTEM_METHOD_EXIT|[1]|UserInfo
11:06:11.0 (1295525)|METHOD_ENTRY|[4]||System.UserInfo.getUserId()
11:06:11.0 (1337759)|METHOD_EXIT|[4]||System.UserInfo.getUserId()
11:06:11.0 (2626468)|SOQL_EXECUTE_BEGIN|[4]|Aggregations:0|SELECT AccountId FROM User WHERE Id = :tmpVar1
11:06:11.0 (2639016)|LIMIT_USAGE|[4]|SOQL|1|100
11:06:11.0 (2645859)|LIMIT_USAGE|[4]|AGGS|0|300
11:06:11.0 (5743426)|SOQL_EXECUTE_END|[4]|Rows:1
11:06:11.0 (5750682)|LIMIT_USAGE|[4]|SOQL_ROWS|1|50000
11:06:11.0 (5762839)|HEAP_ALLOCATE|[4]|Bytes:8
11:06:11.0 (5774757)|HEAP_ALLOCATE|[4]|Bytes:29
11:06:11.0 (5827996)|HEAP_ALLOCATE|[4]|Bytes:8
11:06:11.0 (5836233)|HEAP_ALLOCATE|[4]|Bytes:30
11:06:11.0 (5904687)|HEAP_ALLOCATE|[4]|Bytes:8
11:06:11.0 (5937603)|HEAP_ALLOCATE|[4]|Bytes:18
11:06:11.0 (5946210)|VARIABLE_SCOPE_BEGIN|[4]|accId|String|false|false
11:06:11.0 (5980966)|VARIABLE_ASSIGNMENT|[4]|accId|"005p0000000MSboAAG"
11:06:11.0 (5984534)|STATEMENT_EXECUTE|[6]
11:06:11.0 (5987835)|HEAP_ALLOCATE|[6]|Bytes:15
11:06:11.0 (5997789)|METHOD_EXIT|[11]|01pp0000000ETpq|LeaveController.getAccountId()
11:06:11.0 (6003157)|VARIABLE_SCOPE_BEGIN|[11]|accId|String|false|false
11:06:11.0 (6009478)|VARIABLE_ASSIGNMENT|[11]|accId|"001p000000DSVcL"
11:06:11.0 (6011649)|STATEMENT_EXECUTE|[12]
11:06:11.0 (6012730)|STATEMENT_EXECUTE|[13]
11:06:11.0 (6015043)|HEAP_ALLOCATE|[13]|Bytes:304
11:06:11.0 (6020465)|HEAP_ALLOCATE|[13]|Bytes:4
11:06:11.0 (10113116)|SOQL_EXECUTE_BEGIN|[13]|Aggregations:1|SELECT Id, Name, Leave_Remaining_Monday__c, Leave_Remaining_Tuesday__c, Leave_Remaining_Wednesday__c, Leave_Remaining_Thursday__c, Leave_Remaining_Friday__c, Leave_Remaining_Saturday__c, Leave_Remaining_Sunday__c, (SELECT id, Name, Leave_Date__c FROM Leave__r) FROM Opportunity WHERE AccountId = :tmpVar1
11:06:11.0 (10124861)|LIMIT_USAGE|[13]|SOQL|2|100
11:06:11.0 (10131766)|LIMIT_USAGE|[13]|AGGS|1|300
11:06:11.0 (32550145)|SOQL_EXECUTE_END|[13]|Rows:3
11:06:11.0 (32579547)|LIMIT_USAGE|[13]|SOQL_ROWS|18|50000
11:06:11.0 (32598075)|HEAP_ALLOCATE|[13]|Bytes:16
11:06:11.0 (32650832)|HEAP_ALLOCATE|[13]|Bytes:3131
11:06:11.0 (32693131)|HEAP_ALLOCATE|[13]|Bytes:16
11:06:11.0 (32710943)|VARIABLE_SCOPE_BEGIN|[13]|accBusiness|List<Opportunity>|true|false
11:06:11.0 (32880295)|VARIABLE_ASSIGNMENT|[13]|accBusiness|{"s":1,"v":[{"s":2,"v":{"Id":"006p0000003Y9K0AAK","Name":"Test AccBusiness2","Leave_Remaining_Mond (5 more) ...":3,"Leave_Remaining_Tues (6 more) ...":2,"Leave_Remaining_Wedn (8 more) ...":1,"Leave_Remaining_Thur (7 more) ...":1,"Leave_Remaining_Frid (5 more) ...":2,"Leave_Remaining_Satu (7 more) ...":3,"Leave_Remaining_Sund (5 more) ...":3,"Leave__r":[{"s":3,"v":{"Account_Business__c":"006p0000003Y9K0AAK","Id":"a02p0000002kJsQAAU","Name":"L-000000016","Leave_Date__c":"2016-09-14T00:00:00.000Z"}},{"s":4,"v":{"Account_Business__c":"006p0000003Y9K0AAK","Id":"a02p0000002kJsVAAU","Name":"L-000000017","Leave_Date__c":"2016-09-16T00:00:00.000Z"}},{"s":5,"v":{"Account_Business__c":"006p0000003Y9K0AAK","Id":"a02p0000002kL9gAAE","Name":"L-000000020","Leave_Date__c":"2016-09-21T00:00:00.000Z"}},{"s":6,"v":{"Account_Business__c":"006p0000003Y9K0AAK","Id":"a02p0000002kOE3AAM","Name":"L-000000025","Leave_Date__c":"2016-09-15T00:00:00.000Z"}},{"s":7,"v":{"Account_Business__c":"006p0000003Y9K0AAK","Id":"a02p0000002kOH2AAM","Name":"L-000000027","Leave_Date__c":"2016-09-15T00:00:00.000Z"}},{"s":8,"v":{"Account_Business__c":"006p0000003Y9K0AAK","Id":"a02p0000002kOHCAA2","Name":"L-000000028","Leave_Date__c":"2016-09-27T00:00:00.000Z"}}]}},{"s":9,"v":{"Id":"006p0000003Y9KAAA0","Name":"Test AccBusiness3","Leave_Remaining_Mond (5 more) ...":0,"Leave_Remaining_Tues (6 more) ...":0,"Leave_Remaining_Wedn (8 more) ...":0,"Leave_Remaining_Thur (7 more) ...":-2,"Leave_Remaining_Frid (5 more) ...":0,"Leave_Remaining_Satu (7 more) ...":-1,"Leave_Remaining_Sund (5 more) ...":-2,"Leave__r":[{"s":10,"v":{"Account_Business__c":"006p0000003Y9KAAA0","Id":"a02p0000002kJsaAAE","Name":"L-000000018","Leave_Date__c":"2016-09-17T00:00:00.000Z"}},{"s":11,"v":{"Account_Business__c":"006p0000003Y9KAAA0","Id":"a02p0000002kOGJAA2","Name":"L-000000026","Leave_Date__c":"2016-09-25T00:00:00.000Z"}},{"s":12,"v":{"Account_Business__c":"006p0000003Y9KAAA0","Id":"a02p0000002kNUXAA2","Name":"L-000000024","Leave_Date__c":"2016-09-15T00:00:00.000Z"}},{"s":13,"v":{"Account_Business__c":"006p0000003Y9KAAA0","Id":"a02p0000002kJspAAE","Name":"L-000000019","Leave_Date__c":"2016-09-18T00:00:00.000Z"}},{"s":14,"v":{"Account_Business__c":"006p0000003Y9KAAA0","Id":"a02p0000002kNQ1AAM","Name":"L-000000022","Leave_Date__c":"2016-09-22T00:00:00.000Z"}}]}},{"s":15,"v":{"Id":"006p0000003Y9JvAAK","Name":"Test AccountBusiness (1 more) ...","Leave_Remaining_Mond (5 more) ...":3,"Leave_Remaining_Tues (6 more) ...":3,"Leave_Remaining_Wedn (8 more) ...":4,"Leave_Remaining_Thur (7 more) ...":3,"Leave_Remaining_Frid (5 more) ...":4,"Leave_Remaining_Satu (7 more) ...":4,"Leave_Remaining_Sund (5 more) ...":4,"Leave__r":[{"s":16,"v":{"Account_Business__c":"006p0000003Y9JvAAK","Id":"a02p0000002kJsLAAU","Name":"L-000000015","Leave_Date__c":"2016-09-19T00:00:00.000Z"}},{"s":17,"v":{"Account_Business__c":"006p0000003Y9JvAAK","Id":"a02p0000002kJsBAAU","Name":"L-000000014","Leave_Date__c":"2016-09-15T00:00:00.000Z"}},{"s":18,"v":{"Account_Business__c":"006p0000003Y9JvAAK","Id":"a02p0000002kNQ6AAM","Name":"L-000000023","Leave_Date__c":"2016-09-27T00:00:00.000Z"}}]}}]}|0x1b0fe798
11:06:11.0 (32901019)|STATEMENT_EXECUTE|[19]
11:06:11.0 (32916764)|HEAP_ALLOCATE|[19]|Bytes:12
11:06:11.0 (33130668)|HEAP_ALLOCATE|[19]|Bytes:823
11:06:11.0 (33152847)|HEAP_ALLOCATE|[19]|Bytes:835
11:06:11.0 (33178657)|USER_DEBUG|[19]|DEBUG|accBusiness (Opportunity:{Id=006p0000003Y9K0AAK, Name=Test AccBusiness2, Leave_Remaining_Monday__c=3, Leave_Remaining_Tuesday__c=2, Leave_Remaining_Wednesday__c=1, Leave_Remaining_Thursday__c=1, Leave_Remaining_Friday__c=2, Leave_Remaining_Saturday__c=3, Leave_Remaining_Sunday__c=3}, Opportunity:{Id=006p0000003Y9KAAA0, Name=Test AccBusiness3, Leave_Remaining_Monday__c=0, Leave_Remaining_Tuesday__c=0, Leave_Remaining_Wednesday__c=0, Leave_Remaining_Thursday__c=-2, Leave_Remaining_Friday__c=0, Leave_Remaining_Saturday__c=-1, Leave_Remaining_Sunday__c=-2}, Opportunity:{Id=006p0000003Y9JvAAK, Name=Test AccountBusiness1, Leave_Remaining_Monday__c=3, Leave_Remaining_Tuesday__c=3, Leave_Remaining_Wednesday__c=4, Leave_Remaining_Thursday__c=3, Leave_Remaining_Friday__c=4, Leave_Remaining_Saturday__c=4, Leave_Remaining_Sunday__c=4})
11:06:11.0 (33188629)|STATEMENT_EXECUTE|[20]
11:06:11.0 (33190091)|STATEMENT_EXECUTE|[21]
11:06:11.0 (33197702)|SYSTEM_MODE_EXIT|true
11:06:11.0 (34016977)|SYSTEM_MODE_EXIT|false
11:06:11.34 (34066220)|CUMULATIVE_LIMIT_USAGE
11:06:11.34 (34066220)|LIMIT_USAGE_FOR_NS|(default)|
  Number of SOQL queries: 2 out of 100
  Number of query rows: 18 out of 50000
  Number of SOSL queries: 0 out of 20
  Number of DML statements: 0 out of 150
  Number of DML rows: 0 out of 10000
  Maximum CPU time: 0 out of 10000
  Maximum heap size: 0 out of 6000000
  Number of callouts: 0 out of 100
  Number of Email Invocations: 0 out of 10
  Number of future calls: 0 out of 50
  Number of queueable jobs added to the queue: 0 out of 50
  Number of Mobile Apex push calls: 0 out of 10

11:06:11.34 (34066220)|TOTAL_EMAIL_RECIPIENTS_QUEUED|0
11:06:11.34 (34066220)|STATIC_VARIABLE_LIST|
  char[]:DigitTens:0
  long:serialVersionUID:0
  long:serialVersionUID:0
  String:_sfdcAdditionalCodeLocations:0
  double:MAX_VALUE:0
  Boolean:FALSE:0
  long:serialVersionUID:0
  String:_sfdcSuppressedCodeLocations:0
  double:MIN_VALUE:0
  int:SIZE:0
  double:NEGATIVE_INFINITY:0
  int:MAX_VALUE:0
  String:_sfdcAdditionalCodeLocations:0
  char[]:digits:0
  double:NaN:0
  Boolean:TRUE:0
  int:MIN_VALUE:0
  char[]:DigitOnes:0
  int:BYTES:0
  int:MIN_EXPONENT:0
  int[]:sizeTable:0
  int:MAX_EXPONENT:0
  int:SIZE:0
  double:POSITIVE_INFINITY:0
  double:MIN_NORMAL:0
  int:BYTES:0

11:06:11.34 (34066220)|CUMULATIVE_LIMIT_USAGE_END

11:06:11.0 (34209562)|CODE_UNIT_FINISHED|LeaveController.getAccountBusiness
11:06:11.0 (36162958)|EXECUTION_FINISHED
11:06:11.40 (40135666)|CUMULATIVE_PROFILING_BEGIN
11:06:11.40 (40135666)|CUMULATIVE_PROFILING|SOQL operations|
Class.LeaveController.getAccountBusiness: line 13, column 1: [SELECT Id,Name,Leave_Remaining_Monday__c,Leave_Remaining_Tuesday__c,Leave_Remaining_Wednesday__c,
                                             Leave_Remaining_Thursday__c,Leave_Remaining_Friday__c,Leave_Remaining_Saturday__c,Leave_Remaining_Sunday__c
                                             , (select id, Name,Leave_Date__c from Leave__r)
                                             FROM Opportunity
                                             WHERE AccountId  = :accId]: executed 1 time in 27 ms

11:06:11.40 (40135666)|CUMULATIVE_PROFILING|No profiling information for SOSL operations
11:06:11.40 (40135666)|CUMULATIVE_PROFILING|No profiling information for DML operations
11:06:11.40 (40135666)|CUMULATIVE_PROFILING|method invocations|
External entry point: public static List<Opportunity> getAccountBusiness(): executed 1 time in 33 ms
Class.LeaveController.getAccountId: line 4, column 1: global static String getUserId(): executed 2 times in 5 ms
Class.LeaveController.getAccountBusiness: line 11, column 1: public static String getAccountId(): executed 1 time in 5 ms
Class.LeaveController.getAccountBusiness: line 19, column 1: public static String valueOf(Object): executed 2 times in 0 ms

11:06:11.40 (40135666)|CUMULATIVE_PROFILING_END
