38.0 APEX_CODE,FINEST;APEX_PROFILING,FINEST;CALLOUT,FINEST;DB,FINEST;SYSTEM,DEBUG;VALIDATION,INFO;VISUALFORCE,FINER;WORKFLOW,FINER
11:10:40.0 (494774)|USER_INFO|[EXTERNAL]|00528000004DSFj|resmi.ramakrishnan@qvmtest.com.devmerge|Australian Eastern Standard Time|GMT+10:00
11:10:40.0 (533297)|EXECUTION_STARTED
11:10:40.0 (538545)|CODE_UNIT_STARTED|[EXTERNAL]|066p00000004sPO|VF: /apex/DownloadABAFilePage
11:10:40.0 (7806166)|VF_APEX_CALL_START|[EXTERNAL]|01pp0000000EVMb|DownloadABAFileController <init>
11:10:40.0 (7843867)|SYSTEM_MODE_ENTER|true
11:10:40.0 (8352544)|HEAP_ALLOCATE|[72]|Bytes:3
11:10:40.0 (8421770)|HEAP_ALLOCATE|[77]|Bytes:152
11:10:40.0 (8452444)|HEAP_ALLOCATE|[342]|Bytes:408
11:10:40.0 (8488376)|HEAP_ALLOCATE|[355]|Bytes:408
11:10:40.0 (8523440)|HEAP_ALLOCATE|[467]|Bytes:48
11:10:40.0 (8573977)|HEAP_ALLOCATE|[139]|Bytes:6
11:10:40.0 (8608079)|HEAP_ALLOCATE|[EXTERNAL]|Bytes:188
11:10:40.0 (8615770)|HEAP_ALLOCATE|[EXTERNAL]|Bytes:20
11:10:40.0 (8620213)|HEAP_ALLOCATE|[EXTERNAL]|Bytes:2
11:10:40.0 (8640763)|METHOD_ENTRY|[1]|01pp0000000EVMb|DownloadABAFileController.DownloadABAFileController()
11:10:40.0 (8647797)|STATEMENT_EXECUTE|[1]
11:10:40.0 (8657446)|STATEMENT_EXECUTE|[1]
11:10:40.0 (8668278)|METHOD_EXIT|[1]|DownloadABAFileController
11:10:40.0 (8764641)|HEAP_ALLOCATE|[EXTERNAL]|Bytes:32
11:10:40.0 (8785275)|VARIABLE_SCOPE_BEGIN|[14]|this|DownloadABAFileController|true|false
11:10:40.0 (8869186)|VARIABLE_ASSIGNMENT|[14]|this|{}|0x98bfcc4
11:10:40.0 (8876054)|VARIABLE_SCOPE_BEGIN|[14]|stdController|ApexPages.StandardController|true|false
11:10:40.0 (8990628)|VARIABLE_ASSIGNMENT|[14]|stdController|"StandardController [null]"|0x490073b3
11:10:40.0 (8999029)|STATEMENT_EXECUTE|[1]
11:10:40.0 (9000364)|STATEMENT_EXECUTE|[3]
11:10:40.0 (9002603)|STATEMENT_EXECUTE|[4]
11:10:40.0 (9003608)|STATEMENT_EXECUTE|[5]
11:10:40.0 (9004427)|STATEMENT_EXECUTE|[8]
11:10:40.0 (9005363)|STATEMENT_EXECUTE|[9]
11:10:40.0 (9006175)|STATEMENT_EXECUTE|[10]
11:10:40.0 (9007166)|STATEMENT_EXECUTE|[11]
11:10:40.0 (9016247)|HEAP_ALLOCATE|[16]|Bytes:6
11:10:40.0 (9058472)|STATEMENT_EXECUTE|[15]
11:10:40.0 (9060404)|STATEMENT_EXECUTE|[16]
11:10:40.0 (18193463)|HEAP_ALLOCATE|[16]|Bytes:12
11:10:40.0 (18258157)|VARIABLE_ASSIGNMENT|[16]|this.batchlobObj|{"s":1,"v":{"Id":"a01p0000002pSpRAAU","RecordTypeId":"012p0000000CggNAAS"}}|0x98bfcc4
11:10:40.0 (18263959)|STATEMENT_EXECUTE|[17]
11:10:40.0 (18333027)|HEAP_ALLOCATE|[17]|Bytes:12
11:10:40.0 (18493732)|VARIABLE_ASSIGNMENT|[17]|this.recId|"a01p0000002pSpRAAU"|0x98bfcc4
11:10:40.0 (18498551)|STATEMENT_EXECUTE|[18]
11:10:40.0 (18535546)|METHOD_ENTRY|[18]|01pp0000000EVMb|DownloadABAFileController.FormatStrings()
11:10:40.0 (18580674)|VARIABLE_SCOPE_BEGIN|[36]|this|DownloadABAFileController|true|false
11:10:40.0 (18712423)|VARIABLE_ASSIGNMENT|[36]|this|{"batchlobObj":"0x21177ec7","recId":"a01p0000002pSpRAAU"}|0x98bfcc4
11:10:40.0 (18724806)|STATEMENT_EXECUTE|[37]
11:10:40.0 (18726338)|STATEMENT_EXECUTE|[38]
11:10:40.0 (18793940)|HEAP_ALLOCATE|[38]|Bytes:17
11:10:40.0 (18927304)|VARIABLE_ASSIGNMENT|[EXTERNAL]|this|{"batchlobObj":"0x21177ec7","recId":"a01p0000002pSpRAAU"}|0x98bfcc4
11:10:40.0 (18937558)|VARIABLE_ASSIGNMENT|[EXTERNAL]|value|"                 "
11:10:40.0 (18947531)|VARIABLE_ASSIGNMENT|[8]|this.emptyString17|"                 "|0x98bfcc4
11:10:40.0 (18955887)|STATEMENT_EXECUTE|[39]
11:10:40.0 (18990271)|HEAP_ALLOCATE|[39]|Bytes:7
11:10:40.0 (19115596)|VARIABLE_ASSIGNMENT|[EXTERNAL]|this|{"batchlobObj":"0x21177ec7","emptyString17":"                 ","recId":"a01p0000002pSpRAAU"}|0x98bfcc4
11:10:40.0 (19126159)|VARIABLE_ASSIGNMENT|[EXTERNAL]|value|"       "
11:10:40.0 (19134777)|VARIABLE_ASSIGNMENT|[9]|this.emptyString7|"       "|0x98bfcc4
11:10:40.0 (19142364)|STATEMENT_EXECUTE|[40]
11:10:40.0 (19146412)|HEAP_ALLOCATE|[40]|Bytes:2
11:10:40.0 (19281526)|VARIABLE_ASSIGNMENT|[EXTERNAL]|this|{"batchlobObj":"0x21177ec7","emptyString17":"                 ","emptyString7":"       ","recId":"a01p0000002pSpRAAU"}|0x98bfcc4
11:10:40.0 (19293275)|VARIABLE_ASSIGNMENT|[EXTERNAL]|value|"\r\n"
11:10:40.0 (19302204)|VARIABLE_ASSIGNMENT|[10]|this.newLine|"\r\n"|0x98bfcc4
11:10:40.0 (19311403)|METHOD_EXIT|[18]|01pp0000000EVMb|DownloadABAFileController.FormatStrings()
11:10:40.0 (19333994)|VF_APEX_CALL_END|DownloadABAFileController <init>
11:10:40.0 (19473093)|VF_APEX_CALL_START|[EXTERNAL]|01pp0000000EVMb|DownloadABAFileController invoke(fetch)
11:10:40.0 (19510355)|HEAP_ALLOCATE|[EXTERNAL]|Bytes:32
11:10:40.0 (19520064)|VARIABLE_SCOPE_BEGIN|[21]|this|DownloadABAFileController|true|false
11:10:40.0 (19625962)|VARIABLE_ASSIGNMENT|[21]|this|{"batchlobObj":"0x21177ec7","emptyString17":"                 ","emptyString7":"       ","newLine":"\r\n","recId":"a01p0000002pSpRAAU"}|0x98bfcc4
11:10:40.0 (19633853)|STATEMENT_EXECUTE|[22]
11:10:40.0 (19635257)|STATEMENT_EXECUTE|[23]
11:10:40.0 (19636427)|STATEMENT_EXECUTE|[24]
11:10:40.0 (19637405)|STATEMENT_EXECUTE|[25]
11:10:40.0 (19641046)|HEAP_ALLOCATE|[25]|Bytes:200
11:10:40.0 (19653642)|HEAP_ALLOCATE|[25]|Bytes:4
11:10:40.0 (19687804)|HEAP_ALLOCATE|[50]|Bytes:5
11:10:40.0 (19707690)|HEAP_ALLOCATE|[56]|Bytes:5
11:10:40.0 (19715614)|HEAP_ALLOCATE|[64]|Bytes:7
11:10:40.0 (20816113)|SOQL_EXECUTE_BEGIN|[25]|Aggregations:0|SELECT Financial_Institution__c, Name_Of_User__c, User_Identification_Number__c, Description__c, Date_to_be_Processed__c FROM Qvm_ABA_File_Generator__c WHERE Name = 'ABA File Header Generator' LIMIT 1
11:10:40.0 (20828159)|LIMIT_USAGE|[25]|SOQL|1|100
11:10:40.0 (20836153)|LIMIT_USAGE|[25]|AGGS|0|300
11:10:40.0 (27039841)|SOQL_EXECUTE_END|[25]|Rows:1
11:10:40.0 (27056037)|LIMIT_USAGE|[25]|SOQL_ROWS|1|50000
11:10:40.0 (27079877)|HEAP_ALLOCATE|[25]|Bytes:8
11:10:40.0 (27108152)|HEAP_ALLOCATE|[25]|Bytes:254
11:10:40.0 (27254682)|HEAP_ALLOCATE|[25]|Bytes:8
11:10:40.0 (27273118)|HEAP_ALLOCATE|[25]|Bytes:51
11:10:40.0 (27392893)|HEAP_ALLOCATE|[25]|Bytes:28
11:10:40.0 (27612887)|VARIABLE_ASSIGNMENT|[EXTERNAL]|this|{"batchlobObj":"0x21177ec7","emptyString17":"                 ","emptyString7":"       ","newLine":"\r\n","recId":"a01p0000002pSpRAAU"}|0x98bfcc4
11:10:40.0 (27646138)|VARIABLE_ASSIGNMENT|[EXTERNAL]|value|{"s":1,"v":{"Financial_Institutio (4 more) ...":"NAB","Name_Of_User__c":"Queen Victoria Marke (1 more) ...","User_Identification_ (9 more) ...":128006,"Description__c":"TEST","Date_to_be_Processed (3 more) ...":170316,"Id":"a0bp0000001ZYpaAAG"}}|0x4d919415
11:10:40.0 (27670272)|VARIABLE_ASSIGNMENT|[5]|this.qvmABAFileObj|{"s":1,"v":{"Financial_Institutio (4 more) ...":"NAB","Name_Of_User__c":"Queen Victoria Marke (1 more) ...","User_Identification_ (9 more) ...":128006,"Description__c":"TEST","Date_to_be_Processed (3 more) ...":170316,"Id":"a0bp0000001ZYpaAAG"}}|0x98bfcc4
11:10:40.0 (27681023)|STATEMENT_EXECUTE|[28]
11:10:40.0 (27824066)|VARIABLE_ASSIGNMENT|[EXTERNAL]|this|{"batchlobObj":"0x21177ec7","emptyString17":"                 ","emptyString7":"       ","newLine":"\r\n","qvmABAFileObj":"0x4d919415","recId":"a01p0000002pSpRAAU"}|0x98bfcc4
11:10:40.0 (27986219)|VARIABLE_ASSIGNMENT|[EXTERNAL]|this|{"batchlobObj":"0x21177ec7","emptyString17":"                 ","emptyString7":"       ","newLine":"\r\n","qvmABAFileObj":"0x4d919415","recId":"a01p0000002pSpRAAU"}|0x98bfcc4
11:10:40.0 (27998153)|VARIABLE_ASSIGNMENT|[EXTERNAL]|value|"Queen Victoria Marke (1 more) ..."
11:10:40.0 (28008698)|VARIABLE_ASSIGNMENT|[11]|this.UserName|"Queen Victoria Marke (1 more) ..."|0x98bfcc4
11:10:40.0 (28018828)|STATEMENT_EXECUTE|[29]
11:10:40.0 (28143559)|VARIABLE_ASSIGNMENT|[EXTERNAL]|this|{"batchlobObj":"0x21177ec7","emptyString17":"                 ","emptyString7":"       ","newLine":"\r\n","qvmABAFileObj":"0x4d919415","recId":"a01p0000002pSpRAAU","UserName":"Queen Victoria Market"}|0x98bfcc4
11:10:40.0 (28182247)|HEAP_ALLOCATE|[29]|Bytes:21
11:10:40.0 (28292669)|VARIABLE_ASSIGNMENT|[EXTERNAL]|this|{"batchlobObj":"0x21177ec7","emptyString17":"                 ","emptyString7":"       ","newLine":"\r\n","qvmABAFileObj":"0x4d919415","recId":"a01p0000002pSpRAAU","UserName":"Queen Victoria Market"}|0x98bfcc4
11:10:40.0 (28300994)|VARIABLE_ASSIGNMENT|[EXTERNAL]|value|"Queen Victoria Marke (1 more) ..."
11:10:40.0 (28309478)|VARIABLE_ASSIGNMENT|[11]|this.UserName|"Queen Victoria Marke (1 more) ..."|0x98bfcc4
11:10:40.0 (28363152)|VF_APEX_CALL_END|DownloadABAFileController invoke(fetch)
11:10:40.0 (30106003)|VF_APEX_CALL_START|[EXTERNAL]|01pp0000000EVMb|DownloadABAFileController get(emptyString17)
11:10:40.0 (30128781)|SYSTEM_MODE_ENTER|true
11:10:40.0 (30166693)|VF_APEX_CALL_START|[EXTERNAL]|01pp0000000EVMb|emptyString17
11:10:40.0 (30189167)|VF_APEX_CALL_END|emptyString17
11:10:40.0 (30214186)|VF_APEX_CALL_END|DownloadABAFileController get(emptyString17)
11:10:40.0 (30388353)|VF_APEX_CALL_START|[EXTERNAL]|01pp0000000EVMb|DownloadABAFileController get(qvmABAFileObj)
11:10:40.0 (30401349)|SYSTEM_MODE_ENTER|true
11:10:40.0 (30426912)|VF_APEX_CALL_START|[EXTERNAL]|01pp0000000EVMb|qvmABAFileObj
11:10:40.0 (30445358)|VF_APEX_CALL_END|qvmABAFileObj
11:10:40.0 (30465620)|VF_APEX_CALL_END|DownloadABAFileController get(qvmABAFileObj)
11:10:40.0 (30691881)|VF_APEX_CALL_START|[EXTERNAL]|01pp0000000EVMb|DownloadABAFileController get(emptyString7)
11:10:40.0 (30704619)|SYSTEM_MODE_ENTER|true
11:10:40.0 (30730638)|VF_APEX_CALL_START|[EXTERNAL]|01pp0000000EVMb|emptyString7
11:10:40.0 (30748411)|VF_APEX_CALL_END|emptyString7
11:10:40.0 (30768989)|VF_APEX_CALL_END|DownloadABAFileController get(emptyString7)
11:10:40.0 (30859319)|VF_APEX_CALL_START|[EXTERNAL]|01pp0000000EVMb|DownloadABAFileController get(UserName)
11:10:40.0 (30870771)|SYSTEM_MODE_ENTER|true
11:10:40.0 (30895890)|VF_APEX_CALL_START|[EXTERNAL]|01pp0000000EVMb|UserName
11:10:40.0 (30913564)|VF_APEX_CALL_END|UserName
11:10:40.0 (30933253)|VF_APEX_CALL_END|DownloadABAFileController get(UserName)
11:10:40.0 (31593254)|VF_APEX_CALL_START|[EXTERNAL]|01pp0000000EVMb|DownloadABAFileController get(newLine)
11:10:40.0 (31602000)|SYSTEM_MODE_ENTER|true
11:10:40.0 (31615663)|VF_APEX_CALL_START|[EXTERNAL]|01pp0000000EVMb|newLine
11:10:40.0 (31626147)|VF_APEX_CALL_END|newLine
11:10:40.0 (31638436)|VF_APEX_CALL_END|DownloadABAFileController get(newLine)
11:10:40.35 (35090482)|CUMULATIVE_LIMIT_USAGE
11:10:40.35 (35090482)|LIMIT_USAGE_FOR_NS|(default)|
  Number of SOQL queries: 1 out of 100
  Number of query rows: 1 out of 50000
  Number of SOSL queries: 0 out of 20
  Number of DML statements: 0 out of 150
  Number of DML rows: 0 out of 10000
  Maximum CPU time: 0 out of 10000
  Maximum heap size: 0 out of 6000000
  Number of callouts: 0 out of 100
  Number of Email Invocations: 0 out of 10
  Number of future calls: 0 out of 50
  Number of queueable jobs added to the queue: 0 out of 50
  Number of Mobile Apex push calls: 0 out of 10

11:10:40.35 (35090482)|TOTAL_EMAIL_RECIPIENTS_QUEUED|0
11:10:40.35 (35090482)|STATIC_VARIABLE_LIST|
  char[]:DigitTens:0
  long:serialVersionUID:0
  long:serialVersionUID:0
  String:_sfdcAdditionalCodeLocations:0
  double:MAX_VALUE:0
  Boolean:FALSE:0
  long:serialVersionUID:0
  double:MIN_VALUE:0
  int:SIZE:0
  double:NEGATIVE_INFINITY:0
  int:MAX_VALUE:0
  String:__sfdcProperties:0
  char[]:digits:0
  String:_sfdcSuppressedCodeLocations:0
  double:NaN:0
  Boolean:TRUE:0
  int:MIN_VALUE:0
  char[]:DigitOnes:0
  int:BYTES:0
  int:MIN_EXPONENT:0
  int[]:sizeTable:0
  int:MAX_EXPONENT:0
  String:_sfdcAdditionalCodeLocations:0
  int:SIZE:0
  double:POSITIVE_INFINITY:0
  double:MIN_NORMAL:0
  int:BYTES:0

11:10:40.35 (35090482)|CUMULATIVE_LIMIT_USAGE_END

11:10:40.0 (35283534)|CODE_UNIT_FINISHED|VF: /apex/DownloadABAFilePage
11:10:40.0 (36612251)|EXECUTION_FINISHED
11:10:40.39 (39382265)|CUMULATIVE_PROFILING_BEGIN
11:10:40.39 (39382265)|CUMULATIVE_PROFILING|SOQL operations|
Class.DownloadABAFileController.fetch: line 25, column 1: [SELECT Financial_Institution__c,Name_Of_User__c,
                             User_Identification_Number__c,Description__c,Date_to_be_Processed__c 
                             FROM Qvm_ABA_File_Generator__c where Name = 'ABA File Header Generator' LIMIT 1]: executed 2 times in 8 ms

11:10:40.39 (39382265)|CUMULATIVE_PROFILING|No profiling information for SOSL operations
11:10:40.39 (39382265)|CUMULATIVE_PROFILING|No profiling information for DML operations
11:10:40.39 (39382265)|CUMULATIVE_PROFILING|method invocations|
External entry point: public void fetch(): executed 1 time in 9 ms
Class.DownloadABAFileController.<init>: line 16, column 1: global SObject getRecord(): executed 1 time in 9 ms
Class.DownloadABAFileController.<init>: line 18, column 1: public void FormatStrings(): executed 1 time in 1 ms
Class.DownloadABAFileController.FormatStrings: line 39, column 1: public String rightPad(Integer): executed 2 times in 1 ms
Class.DownloadABAFileController.fetch: line 29, column 1: public String __sfdc_UserName(): executed 3 times in 1 ms
Class.DownloadABAFileController.<init>: line 17, column 1: global SObject getRecord(): executed 1 time in 0 ms
Class.DownloadABAFileController.FormatStrings: line 38, column 1: public String rightPad(Integer): executed 2 times in 0 ms
Class.DownloadABAFileController.FormatStrings: line 40, column 1: public void __sfdc_newLine(String): executed 1 time in 0 ms
Class.DownloadABAFileController.fetch: line 28, column 1: public Qvm_ABA_File_Generator__c __sfdc_qvmABAFileObj(): executed 2 times in 0 ms

11:10:40.39 (39382265)|CUMULATIVE_PROFILING_END
