38.0 APEX_CODE,FINEST;APEX_PROFILING,FINEST;CALLOUT,FINEST;DB,FINEST;SYSTEM,DEBUG;VALIDATION,INFO;VISUALFORCE,FINER;WORKFLOW,FINER
10:23:27.0 (503416)|USER_INFO|[EXTERNAL]|00528000004DSFj|resmi.ramakrishnan@qvmtest.com.devmerge|Australian Eastern Standard Time|GMT+10:00
10:23:27.0 (536673)|EXECUTION_STARTED
10:23:27.0 (544092)|CODE_UNIT_STARTED|[EXTERNAL]|066p00000004sPO|VF: /apex/DownloadABAFilePage
10:23:27.0 (2131009)|VF_APEX_CALL_START|[EXTERNAL]|01pp0000000EVMb|DownloadABAFileController <init>
10:23:27.0 (2145059)|SYSTEM_MODE_ENTER|true
10:23:27.0 (2659492)|HEAP_ALLOCATE|[72]|Bytes:3
10:23:27.0 (2712302)|HEAP_ALLOCATE|[77]|Bytes:152
10:23:27.0 (2730265)|HEAP_ALLOCATE|[342]|Bytes:408
10:23:27.0 (2747800)|HEAP_ALLOCATE|[355]|Bytes:408
10:23:27.0 (2764812)|HEAP_ALLOCATE|[467]|Bytes:48
10:23:27.0 (2798658)|HEAP_ALLOCATE|[139]|Bytes:6
10:23:27.0 (2825805)|HEAP_ALLOCATE|[EXTERNAL]|Bytes:128
10:23:27.0 (2830854)|HEAP_ALLOCATE|[EXTERNAL]|Bytes:8
10:23:27.0 (2833754)|HEAP_ALLOCATE|[EXTERNAL]|Bytes:14
10:23:27.0 (2852216)|METHOD_ENTRY|[1]|01pp0000000EVMb|DownloadABAFileController.DownloadABAFileController()
10:23:27.0 (2856768)|STATEMENT_EXECUTE|[1]
10:23:27.0 (2862981)|STATEMENT_EXECUTE|[1]
10:23:27.0 (2869501)|METHOD_EXIT|[1]|DownloadABAFileController
10:23:27.0 (2921378)|HEAP_ALLOCATE|[EXTERNAL]|Bytes:20
10:23:27.0 (2941449)|VARIABLE_SCOPE_BEGIN|[8]|this|DownloadABAFileController|true|false
10:23:27.0 (3004663)|VARIABLE_ASSIGNMENT|[8]|this|{}|0x74821e26
10:23:27.0 (3012221)|VARIABLE_SCOPE_BEGIN|[8]|stdController|ApexPages.StandardController|true|false
10:23:27.0 (3158698)|VARIABLE_ASSIGNMENT|[8]|stdController|"StandardController [null]"|0x6d0fce57
10:23:27.0 (3167738)|STATEMENT_EXECUTE|[1]
10:23:27.0 (3169259)|STATEMENT_EXECUTE|[3]
10:23:27.0 (3170910)|STATEMENT_EXECUTE|[4]
10:23:27.0 (3171837)|STATEMENT_EXECUTE|[5]
10:23:27.0 (3172668)|STATEMENT_EXECUTE|[6]
10:23:27.0 (3182598)|HEAP_ALLOCATE|[10]|Bytes:6
10:23:27.0 (3223677)|STATEMENT_EXECUTE|[9]
10:23:27.0 (3225591)|STATEMENT_EXECUTE|[10]
10:23:27.0 (3307558)|HEAP_ALLOCATE|[10]|Bytes:17
10:23:27.0 (3361021)|VARIABLE_ASSIGNMENT|[EXTERNAL]|this|{}|0x74821e26
10:23:27.0 (3371126)|VARIABLE_ASSIGNMENT|[EXTERNAL]|value|"                 "
10:23:27.0 (3383586)|VARIABLE_ASSIGNMENT|[6]|this.emptyString17|"                 "|0x74821e26
10:23:27.0 (3389919)|STATEMENT_EXECUTE|[11]
10:23:27.0 (10322738)|HEAP_ALLOCATE|[11]|Bytes:12
10:23:27.0 (10360576)|VARIABLE_ASSIGNMENT|[11]|this.batchlobObj|{"s":1,"v":{"Id":"a01p0000002pSpRAAU","RecordTypeId":"012p0000000CggNAAS"}}|0x74821e26
10:23:27.0 (10364311)|STATEMENT_EXECUTE|[12]
10:23:27.0 (10407364)|HEAP_ALLOCATE|[12]|Bytes:12
10:23:27.0 (10511746)|VARIABLE_ASSIGNMENT|[12]|this.recId|"a01p0000002pSpRAAU"|0x74821e26
10:23:27.0 (10538469)|VF_APEX_CALL_END|DownloadABAFileController <init>
10:23:27.0 (10636747)|VF_APEX_CALL_START|[EXTERNAL]|01pp0000000EVMb|DownloadABAFileController invoke(fetch)
10:23:27.0 (10674176)|HEAP_ALLOCATE|[EXTERNAL]|Bytes:20
10:23:27.0 (10683203)|VARIABLE_SCOPE_BEGIN|[15]|this|DownloadABAFileController|true|false
10:23:27.0 (10785196)|VARIABLE_ASSIGNMENT|[15]|this|{"batchlobObj":"0x6e2c4b4c","emptyString17":"                 ","recId":"a01p0000002pSpRAAU"}|0x74821e26
10:23:27.0 (10796311)|STATEMENT_EXECUTE|[16]
10:23:27.0 (10797882)|STATEMENT_EXECUTE|[18]
10:23:27.0 (10802026)|HEAP_ALLOCATE|[18]|Bytes:200
10:23:27.0 (10810872)|HEAP_ALLOCATE|[18]|Bytes:4
10:23:27.0 (10831395)|HEAP_ALLOCATE|[50]|Bytes:5
10:23:27.0 (10851801)|HEAP_ALLOCATE|[56]|Bytes:5
10:23:27.0 (10861117)|HEAP_ALLOCATE|[64]|Bytes:7
10:23:27.0 (11110991)|SOQL_EXECUTE_BEGIN|[18]|Aggregations:0|SELECT Financial_Institution__c, Name_Of_User__c, User_Identification_Number__c, Description__c, Date_to_be_Processed__c FROM Qvm_ABA_File_Generator__c WHERE Name = 'ABA File Header Generator' LIMIT 1
10:23:27.0 (11121598)|LIMIT_USAGE|[18]|SOQL|1|100
10:23:27.0 (11130097)|LIMIT_USAGE|[18]|AGGS|0|300
10:23:27.0 (27200441)|SOQL_EXECUTE_END|[18]|Rows:1
10:23:27.0 (27215457)|LIMIT_USAGE|[18]|SOQL_ROWS|1|50000
10:23:27.0 (27236825)|HEAP_ALLOCATE|[18]|Bytes:8
10:23:27.0 (27254803)|HEAP_ALLOCATE|[18]|Bytes:254
10:23:27.0 (27332860)|HEAP_ALLOCATE|[18]|Bytes:8
10:23:27.0 (27346393)|HEAP_ALLOCATE|[18]|Bytes:51
10:23:27.0 (27417393)|HEAP_ALLOCATE|[18]|Bytes:28
10:23:27.0 (27613468)|VARIABLE_ASSIGNMENT|[EXTERNAL]|this|{"batchlobObj":"0x6e2c4b4c","emptyString17":"                 ","recId":"a01p0000002pSpRAAU"}|0x74821e26
10:23:27.0 (27646560)|VARIABLE_ASSIGNMENT|[EXTERNAL]|value|{"s":1,"v":{"Financial_Institutio (4 more) ...":"NAB","Name_Of_User__c":"Queen Victoria Marke (1 more) ...","User_Identification_ (9 more) ...":128006,"Description__c":"TEST","Date_to_be_Processed (3 more) ...":170316,"Id":"a0bp0000001ZYpaAAG"}}|0x10d1d7a7
10:23:27.0 (27668153)|VARIABLE_ASSIGNMENT|[5]|this.qvmABAFileObj|{"s":1,"v":{"Financial_Institutio (4 more) ...":"NAB","Name_Of_User__c":"Queen Victoria Marke (1 more) ...","User_Identification_ (9 more) ...":128006,"Description__c":"TEST","Date_to_be_Processed (3 more) ...":170316,"Id":"a0bp0000001ZYpaAAG"}}|0x74821e26
10:23:27.0 (27680010)|STATEMENT_EXECUTE|[21]
10:23:27.0 (27685406)|HEAP_ALLOCATE|[21]|Bytes:5
10:23:27.0 (27815741)|VARIABLE_ASSIGNMENT|[EXTERNAL]|this|{"batchlobObj":"0x6e2c4b4c","emptyString17":"                 ","qvmABAFileObj":"0x10d1d7a7","recId":"a01p0000002pSpRAAU"}|0x74821e26
10:23:27.0 (27871839)|HEAP_ALLOCATE|[21]|Bytes:8
10:23:27.0 (27905923)|USER_DEBUG|[21]|DEBUG|TTTT=NAB
10:23:27.0 (27912982)|STATEMENT_EXECUTE|[22]
10:23:27.0 (28024921)|VARIABLE_ASSIGNMENT|[EXTERNAL]|this|{"batchlobObj":"0x6e2c4b4c","emptyString17":"                 ","qvmABAFileObj":"0x10d1d7a7","recId":"a01p0000002pSpRAAU"}|0x74821e26
10:23:27.0 (28061789)|HEAP_ALLOCATE|[22]|Bytes:26
10:23:27.0 (28077001)|USER_DEBUG|[22]|DEBUG|TTTT=Queen Victoria Market
10:23:27.0 (28083009)|STATEMENT_EXECUTE|[23]
10:23:27.0 (28187570)|VARIABLE_ASSIGNMENT|[EXTERNAL]|this|{"batchlobObj":"0x6e2c4b4c","emptyString17":"                 ","qvmABAFileObj":"0x10d1d7a7","recId":"a01p0000002pSpRAAU"}|0x74821e26
10:23:27.0 (28263492)|HEAP_ALLOCATE|[23]|Bytes:6
10:23:27.0 (28275513)|HEAP_ALLOCATE|[23]|Bytes:11
10:23:27.0 (28288425)|USER_DEBUG|[23]|DEBUG|TTTT=128006
10:23:27.0 (28294533)|STATEMENT_EXECUTE|[24]
10:23:27.0 (28398850)|VARIABLE_ASSIGNMENT|[EXTERNAL]|this|{"batchlobObj":"0x6e2c4b4c","emptyString17":"                 ","qvmABAFileObj":"0x10d1d7a7","recId":"a01p0000002pSpRAAU"}|0x74821e26
10:23:27.0 (28433938)|HEAP_ALLOCATE|[24]|Bytes:9
10:23:27.0 (28448680)|USER_DEBUG|[24]|DEBUG|TTTT=TEST
10:23:27.0 (28454379)|STATEMENT_EXECUTE|[25]
10:23:27.0 (28556904)|VARIABLE_ASSIGNMENT|[EXTERNAL]|this|{"batchlobObj":"0x6e2c4b4c","emptyString17":"                 ","qvmABAFileObj":"0x10d1d7a7","recId":"a01p0000002pSpRAAU"}|0x74821e26
10:23:27.0 (28601631)|HEAP_ALLOCATE|[25]|Bytes:6
10:23:27.0 (28612409)|HEAP_ALLOCATE|[25]|Bytes:11
10:23:27.0 (28624545)|USER_DEBUG|[25]|DEBUG|TTTT=170316
10:23:27.0 (28683209)|VF_APEX_CALL_END|DownloadABAFileController invoke(fetch)
10:23:27.0 (30164882)|VF_APEX_CALL_START|[EXTERNAL]|01pp0000000EVMb|DownloadABAFileController get(emptyString17)
10:23:27.0 (30179148)|SYSTEM_MODE_ENTER|true
10:23:27.0 (30200085)|VF_APEX_CALL_START|[EXTERNAL]|01pp0000000EVMb|emptyString17
10:23:27.0 (30217525)|VF_APEX_CALL_END|emptyString17
10:23:27.0 (30234803)|VF_APEX_CALL_END|DownloadABAFileController get(emptyString17)
10:23:27.0 (30351036)|VF_APEX_CALL_START|[EXTERNAL]|01pp0000000EVMb|DownloadABAFileController get(qvmABAFileObj)
10:23:27.0 (30359144)|SYSTEM_MODE_ENTER|true
10:23:27.0 (30370736)|VF_APEX_CALL_START|[EXTERNAL]|01pp0000000EVMb|qvmABAFileObj
10:23:27.0 (30384656)|VF_APEX_CALL_END|qvmABAFileObj
10:23:27.0 (30400694)|VF_APEX_CALL_END|DownloadABAFileController get(qvmABAFileObj)
10:23:27.34 (34409006)|CUMULATIVE_LIMIT_USAGE
10:23:27.34 (34409006)|LIMIT_USAGE_FOR_NS|(default)|
  Number of SOQL queries: 1 out of 100
  Number of query rows: 1 out of 50000
  Number of SOSL queries: 0 out of 20
  Number of DML statements: 0 out of 150
  Number of DML rows: 0 out of 10000
  Maximum CPU time: 0 out of 10000
  Maximum heap size: 0 out of 6000000
  Number of callouts: 0 out of 100
  Number of Email Invocations: 0 out of 10
  Number of future calls: 0 out of 50
  Number of queueable jobs added to the queue: 0 out of 50
  Number of Mobile Apex push calls: 0 out of 10

10:23:27.34 (34409006)|TOTAL_EMAIL_RECIPIENTS_QUEUED|0
10:23:27.34 (34409006)|STATIC_VARIABLE_LIST|
  char[]:DigitTens:0
  long:serialVersionUID:0
  long:serialVersionUID:0
  String:_sfdcAdditionalCodeLocations:0
  double:MAX_VALUE:0
  Boolean:FALSE:0
  long:serialVersionUID:0
  double:MIN_VALUE:0
  int:SIZE:0
  double:NEGATIVE_INFINITY:0
  int:MAX_VALUE:0
  String:__sfdcProperties:0
  char[]:digits:0
  String:_sfdcSuppressedCodeLocations:0
  double:NaN:0
  Boolean:TRUE:0
  int:MIN_VALUE:0
  char[]:DigitOnes:0
  int:BYTES:0
  int:MIN_EXPONENT:0
  int[]:sizeTable:0
  int:MAX_EXPONENT:0
  String:_sfdcAdditionalCodeLocations:0
  int:SIZE:0
  double:POSITIVE_INFINITY:0
  double:MIN_NORMAL:0
  int:BYTES:0

10:23:27.34 (34409006)|CUMULATIVE_LIMIT_USAGE_END

10:23:27.0 (34591926)|CODE_UNIT_FINISHED|VF: /apex/DownloadABAFilePage
10:23:27.0 (35796461)|EXECUTION_FINISHED
10:23:27.38 (38312946)|CUMULATIVE_PROFILING_BEGIN
10:23:27.38 (38312946)|CUMULATIVE_PROFILING|SOQL operations|
Class.DownloadABAFileController.fetch: line 18, column 1: [SELECT Financial_Institution__c,Name_Of_User__c,
                         User_Identification_Number__c,Description__c,Date_to_be_Processed__c 
                         FROM Qvm_ABA_File_Generator__c where Name = 'ABA File Header Generator' LIMIT 1]: executed 2 times in 16 ms

10:23:27.38 (38312946)|CUMULATIVE_PROFILING|No profiling information for SOSL operations
10:23:27.38 (38312946)|CUMULATIVE_PROFILING|No profiling information for DML operations
10:23:27.38 (38312946)|CUMULATIVE_PROFILING|method invocations|
External entry point: public void fetch(): executed 1 time in 18 ms
Class.DownloadABAFileController.<init>: line 11, column 1: global SObject getRecord(): executed 1 time in 6 ms
Class.DownloadABAFileController.fetch: line 24, column 1: public Qvm_ABA_File_Generator__c __sfdc_qvmABAFileObj(): executed 2 times in 1 ms
Class.DownloadABAFileController.<init>: line 10, column 1: public String rightPad(Integer): executed 2 times in 1 ms
Class.DownloadABAFileController.fetch: line 21, column 1: public Qvm_ABA_File_Generator__c __sfdc_qvmABAFileObj(): executed 2 times in 0 ms
Class.DownloadABAFileController.fetch: line 22, column 1: public Qvm_ABA_File_Generator__c __sfdc_qvmABAFileObj(): executed 2 times in 0 ms
Class.DownloadABAFileController.fetch: line 23, column 1: public Qvm_ABA_File_Generator__c __sfdc_qvmABAFileObj(): executed 3 times in 0 ms
Class.DownloadABAFileController.fetch: line 25, column 1: public Qvm_ABA_File_Generator__c __sfdc_qvmABAFileObj(): executed 3 times in 0 ms
Class.DownloadABAFileController.<init>: line 12, column 1: global SObject getRecord(): executed 1 time in 0 ms

10:23:27.38 (38312946)|CUMULATIVE_PROFILING_END
