38.0 APEX_CODE,FINEST;APEX_PROFILING,FINEST;CALLOUT,FINEST;DB,FINEST;SYSTEM,DEBUG;VALIDATION,INFO;VISUALFORCE,FINER;WORKFLOW,FINER
11:15:53.0 (672015)|USER_INFO|[EXTERNAL]|00528000004DSFj|resmi.ramakrishnan@qvmtest.com.devmerge|Australian Eastern Standard Time|GMT+10:00
11:15:53.0 (725243)|EXECUTION_STARTED
11:15:53.0 (731014)|CODE_UNIT_STARTED|[EXTERNAL]|066p00000004sPO|VF: /apex/DownloadABAFilePage
11:15:53.0 (57154605)|VF_APEX_CALL_START|[EXTERNAL]|01pp0000000EVMb|DownloadABAFileController <init>
11:15:53.0 (57186154)|SYSTEM_MODE_ENTER|true
11:15:53.0 (57949973)|HEAP_ALLOCATE|[72]|Bytes:3
11:15:53.0 (58024815)|HEAP_ALLOCATE|[77]|Bytes:152
11:15:53.0 (58048053)|HEAP_ALLOCATE|[342]|Bytes:408
11:15:53.0 (58084479)|HEAP_ALLOCATE|[355]|Bytes:408
11:15:53.0 (58108098)|HEAP_ALLOCATE|[467]|Bytes:48
11:15:53.0 (58140746)|HEAP_ALLOCATE|[139]|Bytes:6
11:15:53.0 (58164327)|HEAP_ALLOCATE|[EXTERNAL]|Bytes:188
11:15:53.0 (58169593)|HEAP_ALLOCATE|[EXTERNAL]|Bytes:20
11:15:53.0 (58172437)|HEAP_ALLOCATE|[EXTERNAL]|Bytes:5
11:15:53.0 (58188977)|METHOD_ENTRY|[1]|01pp0000000EVMb|DownloadABAFileController.DownloadABAFileController()
11:15:53.0 (58193378)|STATEMENT_EXECUTE|[1]
11:15:53.0 (58199004)|STATEMENT_EXECUTE|[1]
11:15:53.0 (58205562)|METHOD_EXIT|[1]|DownloadABAFileController
11:15:53.0 (58282370)|HEAP_ALLOCATE|[EXTERNAL]|Bytes:36
11:15:53.0 (58312558)|VARIABLE_SCOPE_BEGIN|[16]|this|DownloadABAFileController|true|false
11:15:53.0 (58430044)|VARIABLE_ASSIGNMENT|[16]|this|{}|0x3da47119
11:15:53.0 (58438240)|VARIABLE_SCOPE_BEGIN|[16]|stdController|ApexPages.StandardController|true|false
11:15:53.0 (58616407)|VARIABLE_ASSIGNMENT|[16]|stdController|"StandardController [null]"|0xc32b17c
11:15:53.0 (58625322)|STATEMENT_EXECUTE|[1]
11:15:53.0 (58626593)|STATEMENT_EXECUTE|[3]
11:15:53.0 (58627935)|STATEMENT_EXECUTE|[4]
11:15:53.0 (58628907)|STATEMENT_EXECUTE|[5]
11:15:53.0 (58629729)|STATEMENT_EXECUTE|[8]
11:15:53.0 (58630590)|STATEMENT_EXECUTE|[9]
11:15:53.0 (58631407)|STATEMENT_EXECUTE|[10]
11:15:53.0 (58632365)|STATEMENT_EXECUTE|[11]
11:15:53.0 (58633225)|STATEMENT_EXECUTE|[13]
11:15:53.0 (58643426)|HEAP_ALLOCATE|[18]|Bytes:6
11:15:53.0 (58685479)|STATEMENT_EXECUTE|[17]
11:15:53.0 (58687364)|STATEMENT_EXECUTE|[18]
11:15:53.0 (71350869)|HEAP_ALLOCATE|[18]|Bytes:12
11:15:53.0 (71440049)|VARIABLE_ASSIGNMENT|[18]|this.batchlobObj|{"s":1,"v":{"Id":"a01p0000002pSpRAAU","RecordTypeId":"012p0000000CggNAAS"}}|0x3da47119
11:15:53.0 (71447319)|STATEMENT_EXECUTE|[19]
11:15:53.0 (71538575)|HEAP_ALLOCATE|[19]|Bytes:12
11:15:53.0 (71738118)|VARIABLE_ASSIGNMENT|[19]|this.recId|"a01p0000002pSpRAAU"|0x3da47119
11:15:53.0 (71742792)|STATEMENT_EXECUTE|[21]
11:15:53.0 (71826643)|HEAP_ALLOCATE|[21]|Bytes:17
11:15:53.0 (72009459)|VARIABLE_ASSIGNMENT|[EXTERNAL]|this|{"batchlobObj":"0x1d387aea","recId":"a01p0000002pSpRAAU"}|0x3da47119
11:15:53.0 (72021091)|VARIABLE_ASSIGNMENT|[EXTERNAL]|value|"                 "
11:15:53.0 (72030054)|VARIABLE_ASSIGNMENT|[8]|this.emptyString17|"                 "|0x3da47119
11:15:53.0 (72037690)|STATEMENT_EXECUTE|[22]
11:15:53.0 (72070099)|HEAP_ALLOCATE|[22]|Bytes:7
11:15:53.0 (72195027)|VARIABLE_ASSIGNMENT|[EXTERNAL]|this|{"batchlobObj":"0x1d387aea","emptyString17":"                 ","recId":"a01p0000002pSpRAAU"}|0x3da47119
11:15:53.0 (72204650)|VARIABLE_ASSIGNMENT|[EXTERNAL]|value|"       "
11:15:53.0 (72212695)|VARIABLE_ASSIGNMENT|[9]|this.emptyString7|"       "|0x3da47119
11:15:53.0 (72219828)|STATEMENT_EXECUTE|[23]
11:15:53.0 (72223812)|HEAP_ALLOCATE|[23]|Bytes:2
11:15:53.0 (72362889)|VARIABLE_ASSIGNMENT|[EXTERNAL]|this|{"batchlobObj":"0x1d387aea","emptyString17":"                 ","emptyString7":"       ","recId":"a01p0000002pSpRAAU"}|0x3da47119
11:15:53.0 (72374046)|VARIABLE_ASSIGNMENT|[EXTERNAL]|value|"\r\n"
11:15:53.0 (72382330)|VARIABLE_ASSIGNMENT|[10]|this.newLine|"\r\n"|0x3da47119
11:15:53.0 (72411048)|VF_APEX_CALL_END|DownloadABAFileController <init>
11:15:53.0 (72578342)|VF_APEX_CALL_START|[EXTERNAL]|01pp0000000EVMb|DownloadABAFileController invoke(fetch)
11:15:53.0 (72620120)|HEAP_ALLOCATE|[EXTERNAL]|Bytes:36
11:15:53.0 (72630218)|VARIABLE_SCOPE_BEGIN|[26]|this|DownloadABAFileController|true|false
11:15:53.0 (72746035)|VARIABLE_ASSIGNMENT|[26]|this|{"batchlobObj":"0x1d387aea","emptyString17":"                 ","emptyString7":"       ","newLine":"\r\n","recId":"a01p0000002pSpRAAU"}|0x3da47119
11:15:53.0 (72758187)|STATEMENT_EXECUTE|[27]
11:15:53.0 (72759597)|STATEMENT_EXECUTE|[28]
11:15:53.0 (72760788)|STATEMENT_EXECUTE|[29]
11:15:53.0 (72761714)|STATEMENT_EXECUTE|[30]
11:15:53.0 (72765951)|HEAP_ALLOCATE|[30]|Bytes:200
11:15:53.0 (72778443)|HEAP_ALLOCATE|[30]|Bytes:4
11:15:53.0 (72810438)|HEAP_ALLOCATE|[50]|Bytes:5
11:15:53.0 (72828714)|HEAP_ALLOCATE|[56]|Bytes:5
11:15:53.0 (72836968)|HEAP_ALLOCATE|[64]|Bytes:7
11:15:53.0 (73301363)|SOQL_EXECUTE_BEGIN|[30]|Aggregations:0|SELECT Financial_Institution__c, Name_Of_User__c, User_Identification_Number__c, Description__c, Date_to_be_Processed__c FROM Qvm_ABA_File_Generator__c WHERE Name = 'ABA File Header Generator' LIMIT 1
11:15:53.0 (73320634)|LIMIT_USAGE|[30]|SOQL|1|100
11:15:53.0 (73334885)|LIMIT_USAGE|[30]|AGGS|0|300
11:15:53.0 (91469312)|SOQL_EXECUTE_END|[30]|Rows:1
11:15:53.0 (91489127)|LIMIT_USAGE|[30]|SOQL_ROWS|1|50000
11:15:53.0 (91508305)|HEAP_ALLOCATE|[30]|Bytes:8
11:15:53.0 (91531466)|HEAP_ALLOCATE|[30]|Bytes:254
11:15:53.0 (91682626)|HEAP_ALLOCATE|[30]|Bytes:8
11:15:53.0 (91703295)|HEAP_ALLOCATE|[30]|Bytes:51
11:15:53.0 (91846543)|HEAP_ALLOCATE|[30]|Bytes:28
11:15:53.0 (92198186)|VARIABLE_ASSIGNMENT|[EXTERNAL]|this|{"batchlobObj":"0x1d387aea","emptyString17":"                 ","emptyString7":"       ","newLine":"\r\n","recId":"a01p0000002pSpRAAU"}|0x3da47119
11:15:53.0 (92244828)|VARIABLE_ASSIGNMENT|[EXTERNAL]|value|{"s":1,"v":{"Financial_Institutio (4 more) ...":"NAB","Name_Of_User__c":"Queen Victoria Marke (1 more) ...","User_Identification_ (9 more) ...":128006,"Description__c":"TEST","Date_to_be_Processed (3 more) ...":170316,"Id":"a0bp0000001ZYpaAAG"}}|0x611c1e7a
11:15:53.0 (92281762)|VARIABLE_ASSIGNMENT|[5]|this.qvmABAFileObj|{"s":1,"v":{"Financial_Institutio (4 more) ...":"NAB","Name_Of_User__c":"Queen Victoria Marke (1 more) ...","User_Identification_ (9 more) ...":128006,"Description__c":"TEST","Date_to_be_Processed (3 more) ...":170316,"Id":"a0bp0000001ZYpaAAG"}}|0x3da47119
11:15:53.0 (92298872)|STATEMENT_EXECUTE|[33]
11:15:53.0 (92496691)|VARIABLE_ASSIGNMENT|[EXTERNAL]|this|{"batchlobObj":"0x1d387aea","emptyString17":"                 ","emptyString7":"       ","newLine":"\r\n","qvmABAFileObj":"0x611c1e7a","recId":"a01p0000002pSpRAAU"}|0x3da47119
11:15:53.0 (92708012)|VARIABLE_ASSIGNMENT|[EXTERNAL]|this|{"batchlobObj":"0x1d387aea","emptyString17":"                 ","emptyString7":"       ","newLine":"\r\n","qvmABAFileObj":"0x611c1e7a","recId":"a01p0000002pSpRAAU"}|0x3da47119
11:15:53.0 (92724408)|VARIABLE_ASSIGNMENT|[EXTERNAL]|value|"Queen Victoria Marke (1 more) ..."
11:15:53.0 (92740153)|VARIABLE_ASSIGNMENT|[11]|this.UserName|"Queen Victoria Marke (1 more) ..."|0x3da47119
11:15:53.0 (92750224)|STATEMENT_EXECUTE|[34]
11:15:53.0 (92939189)|VARIABLE_ASSIGNMENT|[EXTERNAL]|this|{"batchlobObj":"0x1d387aea","emptyString17":"                 ","emptyString7":"       ","newLine":"\r\n","qvmABAFileObj":"0x611c1e7a","recId":"a01p0000002pSpRAAU","UserName":"Queen Victoria Market"}|0x3da47119
11:15:53.0 (92999613)|HEAP_ALLOCATE|[34]|Bytes:4
11:15:53.0 (93013090)|VARIABLE_ASSIGNMENT|[34]|this.lengthUserName|21|0x3da47119
11:15:53.0 (93018056)|STATEMENT_EXECUTE|[35]
11:15:53.0 (93024363)|HEAP_ALLOCATE|[35]|Bytes:20
11:15:53.0 (93084411)|HEAP_ALLOCATE|[35]|Bytes:2
11:15:53.0 (93109762)|HEAP_ALLOCATE|[35]|Bytes:22
11:15:53.0 (93152620)|USER_DEBUG|[35]|DEBUG|TTT:User Name length21
11:15:53.0 (93221458)|VF_APEX_CALL_END|DownloadABAFileController invoke(fetch)
11:15:53.0 (95139469)|VF_APEX_CALL_START|[EXTERNAL]|01pp0000000EVMb|DownloadABAFileController get(emptyString17)
11:15:53.0 (95158774)|SYSTEM_MODE_ENTER|true
11:15:53.0 (95187496)|VF_APEX_CALL_START|[EXTERNAL]|01pp0000000EVMb|emptyString17
11:15:53.0 (95208760)|VF_APEX_CALL_END|emptyString17
11:15:53.0 (95232319)|VF_APEX_CALL_END|DownloadABAFileController get(emptyString17)
11:15:53.0 (95394154)|VF_APEX_CALL_START|[EXTERNAL]|01pp0000000EVMb|DownloadABAFileController get(qvmABAFileObj)
11:15:53.0 (95404058)|SYSTEM_MODE_ENTER|true
11:15:53.0 (95419090)|VF_APEX_CALL_START|[EXTERNAL]|01pp0000000EVMb|qvmABAFileObj
11:15:53.0 (95436352)|VF_APEX_CALL_END|qvmABAFileObj
11:15:53.0 (95456760)|VF_APEX_CALL_END|DownloadABAFileController get(qvmABAFileObj)
11:15:53.0 (95670309)|VF_APEX_CALL_START|[EXTERNAL]|01pp0000000EVMb|DownloadABAFileController get(emptyString7)
11:15:53.0 (95679647)|SYSTEM_MODE_ENTER|true
11:15:53.0 (95694544)|VF_APEX_CALL_START|[EXTERNAL]|01pp0000000EVMb|emptyString7
11:15:53.0 (95709798)|VF_APEX_CALL_END|emptyString7
11:15:53.0 (95730764)|VF_APEX_CALL_END|DownloadABAFileController get(emptyString7)
11:15:53.0 (95810099)|VF_APEX_CALL_START|[EXTERNAL]|01pp0000000EVMb|DownloadABAFileController get(UserName)
11:15:53.0 (95819484)|SYSTEM_MODE_ENTER|true
11:15:53.0 (95834131)|VF_APEX_CALL_START|[EXTERNAL]|01pp0000000EVMb|UserName
11:15:53.0 (95849036)|VF_APEX_CALL_END|UserName
11:15:53.0 (95868210)|VF_APEX_CALL_END|DownloadABAFileController get(UserName)
11:15:53.0 (96498416)|VF_APEX_CALL_START|[EXTERNAL]|01pp0000000EVMb|DownloadABAFileController get(newLine)
11:15:53.0 (96508526)|SYSTEM_MODE_ENTER|true
11:15:53.0 (96523099)|VF_APEX_CALL_START|[EXTERNAL]|01pp0000000EVMb|newLine
11:15:53.0 (96537794)|VF_APEX_CALL_END|newLine
11:15:53.0 (96557345)|VF_APEX_CALL_END|DownloadABAFileController get(newLine)
11:15:53.100 (100869536)|CUMULATIVE_LIMIT_USAGE
11:15:53.100 (100869536)|LIMIT_USAGE_FOR_NS|(default)|
  Number of SOQL queries: 1 out of 100
  Number of query rows: 1 out of 50000
  Number of SOSL queries: 0 out of 20
  Number of DML statements: 0 out of 150
  Number of DML rows: 0 out of 10000
  Maximum CPU time: 0 out of 10000
  Maximum heap size: 0 out of 6000000
  Number of callouts: 0 out of 100
  Number of Email Invocations: 0 out of 10
  Number of future calls: 0 out of 50
  Number of queueable jobs added to the queue: 0 out of 50
  Number of Mobile Apex push calls: 0 out of 10

11:15:53.100 (100869536)|TOTAL_EMAIL_RECIPIENTS_QUEUED|0
11:15:53.100 (100869536)|STATIC_VARIABLE_LIST|
  char[]:DigitTens:0
  long:serialVersionUID:0
  long:serialVersionUID:0
  String:_sfdcAdditionalCodeLocations:0
  double:MAX_VALUE:0
  Boolean:FALSE:0
  long:serialVersionUID:0
  double:MIN_VALUE:0
  int:SIZE:0
  double:NEGATIVE_INFINITY:0
  int:MAX_VALUE:0
  String:__sfdcProperties:0
  char[]:digits:0
  String:_sfdcSuppressedCodeLocations:0
  double:NaN:0
  Boolean:TRUE:0
  int:MIN_VALUE:0
  char[]:DigitOnes:0
  int:BYTES:0
  int:MIN_EXPONENT:0
  int[]:sizeTable:0
  int:MAX_EXPONENT:0
  String:_sfdcAdditionalCodeLocations:0
  int:SIZE:0
  double:POSITIVE_INFINITY:0
  double:MIN_NORMAL:0
  int:BYTES:0

11:15:53.100 (100869536)|CUMULATIVE_LIMIT_USAGE_END

11:15:53.0 (101037433)|CODE_UNIT_FINISHED|VF: /apex/DownloadABAFilePage
11:15:53.0 (102390387)|EXECUTION_FINISHED
11:15:53.105 (105198113)|CUMULATIVE_PROFILING_BEGIN
11:15:53.105 (105198113)|CUMULATIVE_PROFILING|SOQL operations|
Class.DownloadABAFileController.fetch: line 30, column 1: [SELECT Financial_Institution__c,Name_Of_User__c,
                             User_Identification_Number__c,Description__c,Date_to_be_Processed__c 
                             FROM Qvm_ABA_File_Generator__c where Name = 'ABA File Header Generator' LIMIT 1]: executed 2 times in 18 ms

11:15:53.105 (105198113)|CUMULATIVE_PROFILING|No profiling information for SOSL operations
11:15:53.105 (105198113)|CUMULATIVE_PROFILING|No profiling information for DML operations
11:15:53.105 (105198113)|CUMULATIVE_PROFILING|method invocations|
External entry point: public void fetch(): executed 1 time in 21 ms
Class.DownloadABAFileController.<init>: line 18, column 1: global SObject getRecord(): executed 1 time in 12 ms
Class.DownloadABAFileController.fetch: line 33, column 1: public Qvm_ABA_File_Generator__c __sfdc_qvmABAFileObj(): executed 2 times in 1 ms
Class.DownloadABAFileController.fetch: line 34, column 1: public String __sfdc_UserName(): executed 2 times in 0 ms
Class.DownloadABAFileController.<init>: line 19, column 1: global SObject getRecord(): executed 1 time in 0 ms
Class.DownloadABAFileController.fetch: line 35, column 1: public static String valueOf(Object): executed 2 times in 0 ms
Class.DownloadABAFileController.<init>: line 21, column 1: public String rightPad(Integer): executed 2 times in 0 ms
Class.DownloadABAFileController.<init>: line 22, column 1: public String rightPad(Integer): executed 2 times in 0 ms
Class.DownloadABAFileController.<init>: line 23, column 1: public void __sfdc_newLine(String): executed 1 time in 0 ms

11:15:53.105 (105198113)|CUMULATIVE_PROFILING_END
