38.0 APEX_CODE,FINEST;APEX_PROFILING,FINEST;CALLOUT,FINEST;DB,FINEST;SYSTEM,DEBUG;VALIDATION,INFO;VISUALFORCE,FINER;WORKFLOW,FINER
10:23:59.0 (472981)|USER_INFO|[EXTERNAL]|005p0000000MSbo|priyanka.manoharan@rxpservices.com.devmerge|Australian Eastern Standard Time|GMT+10:00
10:23:59.0 (505247)|EXECUTION_STARTED
10:23:59.0 (511128)|CODE_UNIT_STARTED|[EXTERNAL]|01pp0000000ETpq|LeaveController.getAccountBusiness
10:23:59.0 (655091)|HEAP_ALLOCATE|[72]|Bytes:3
10:23:59.0 (702912)|HEAP_ALLOCATE|[77]|Bytes:152
10:23:59.0 (719028)|HEAP_ALLOCATE|[342]|Bytes:408
10:23:59.0 (737582)|HEAP_ALLOCATE|[355]|Bytes:408
10:23:59.0 (755575)|HEAP_ALLOCATE|[467]|Bytes:48
10:23:59.0 (785718)|HEAP_ALLOCATE|[139]|Bytes:6
10:23:59.0 (855839)|HEAP_ALLOCATE|[EXTERNAL]|Bytes:6
10:23:59.0 (860845)|HEAP_ALLOCATE|[EXTERNAL]|Bytes:8
10:23:59.0 (874657)|METHOD_ENTRY|[1]|01pp0000000ETpq|LeaveController.LeaveController()
10:23:59.0 (878555)|STATEMENT_EXECUTE|[1]
10:23:59.0 (884283)|STATEMENT_EXECUTE|[1]
10:23:59.0 (923760)|HEAP_ALLOCATE|[50]|Bytes:5
10:23:59.0 (948928)|HEAP_ALLOCATE|[56]|Bytes:5
10:23:59.0 (957979)|HEAP_ALLOCATE|[64]|Bytes:7
10:23:59.0 (973910)|SYSTEM_MODE_ENTER|true
10:23:59.0 (995037)|HEAP_ALLOCATE|[EXTERNAL]|Bytes:5
10:23:59.0 (1002030)|SYSTEM_MODE_EXIT|true
10:23:59.0 (1013157)|METHOD_EXIT|[1]|LeaveController
10:23:59.0 (1021103)|SYSTEM_MODE_ENTER|false
10:23:59.0 (1032501)|SYSTEM_MODE_ENTER|true
10:23:59.0 (1036250)|HEAP_ALLOCATE|[11]|Bytes:5
10:23:59.0 (1039879)|STATEMENT_EXECUTE|[9]
10:23:59.0 (1041370)|STATEMENT_EXECUTE|[11]
10:23:59.0 (1053347)|METHOD_ENTRY|[11]|01pp0000000ETpq|LeaveController.getAccountId()
10:23:59.0 (1073510)|HEAP_ALLOCATE|[4]|Bytes:5
10:23:59.0 (1076946)|STATEMENT_EXECUTE|[3]
10:23:59.0 (1078385)|STATEMENT_EXECUTE|[4]
10:23:59.0 (1080557)|HEAP_ALLOCATE|[4]|Bytes:46
10:23:59.0 (1090553)|HEAP_ALLOCATE|[4]|Bytes:4
10:23:59.0 (1100381)|HEAP_ALLOCATE|[4]|Bytes:7
10:23:59.0 (1144527)|HEAP_ALLOCATE|[4]|Bytes:85
10:23:59.0 (1157975)|SYSTEM_METHOD_ENTRY|[1]|UserInfo.UserInfo()
10:23:59.0 (1160764)|STATEMENT_EXECUTE|[1]
10:23:59.0 (1168422)|SYSTEM_METHOD_EXIT|[1]|UserInfo
10:23:59.0 (1178283)|METHOD_ENTRY|[4]||System.UserInfo.getUserId()
10:23:59.0 (1218289)|METHOD_EXIT|[4]||System.UserInfo.getUserId()
10:23:59.0 (2831883)|SOQL_EXECUTE_BEGIN|[4]|Aggregations:0|SELECT AccountId FROM User WHERE Id = :tmpVar1
10:23:59.0 (2847595)|LIMIT_USAGE|[4]|SOQL|1|100
10:23:59.0 (2857277)|LIMIT_USAGE|[4]|AGGS|0|300
10:23:59.0 (5871190)|SOQL_EXECUTE_END|[4]|Rows:1
10:23:59.0 (5880364)|LIMIT_USAGE|[4]|SOQL_ROWS|1|50000
10:23:59.0 (5895237)|HEAP_ALLOCATE|[4]|Bytes:8
10:23:59.0 (5911138)|HEAP_ALLOCATE|[4]|Bytes:29
10:23:59.0 (6009317)|HEAP_ALLOCATE|[4]|Bytes:8
10:23:59.0 (6018746)|HEAP_ALLOCATE|[4]|Bytes:30
10:23:59.0 (6115956)|HEAP_ALLOCATE|[4]|Bytes:8
10:23:59.0 (6156709)|HEAP_ALLOCATE|[4]|Bytes:18
10:23:59.0 (6163284)|VARIABLE_SCOPE_BEGIN|[4]|accId|String|false|false
10:23:59.0 (6193999)|VARIABLE_ASSIGNMENT|[4]|accId|"005p0000000MSboAAG"
10:23:59.0 (6197120)|STATEMENT_EXECUTE|[6]
10:23:59.0 (6199968)|HEAP_ALLOCATE|[6]|Bytes:15
10:23:59.0 (6208083)|METHOD_EXIT|[11]|01pp0000000ETpq|LeaveController.getAccountId()
10:23:59.0 (6212216)|VARIABLE_SCOPE_BEGIN|[11]|accId|String|false|false
10:23:59.0 (6217560)|VARIABLE_ASSIGNMENT|[11]|accId|"001p000000DSVcL"
10:23:59.0 (6219910)|STATEMENT_EXECUTE|[12]
10:23:59.0 (6220989)|STATEMENT_EXECUTE|[13]
10:23:59.0 (6223237)|HEAP_ALLOCATE|[13]|Bytes:304
10:23:59.0 (6228505)|HEAP_ALLOCATE|[13]|Bytes:4
10:23:59.0 (10290571)|SOQL_EXECUTE_BEGIN|[13]|Aggregations:1|SELECT Id, Name, Leave_Remaining_Monday__c, Leave_Remaining_Tuesday__c, Leave_Remaining_Wednesday__c, Leave_Remaining_Thursday__c, Leave_Remaining_Friday__c, Leave_Remaining_Saturday__c, Leave_Remaining_Sunday__c, (SELECT id, Name, Leave_Date__c FROM Leave__r) FROM Opportunity WHERE AccountId = :tmpVar1
10:23:59.0 (10301216)|LIMIT_USAGE|[13]|SOQL|2|100
10:23:59.0 (10308121)|LIMIT_USAGE|[13]|AGGS|1|300
10:23:59.0 (24825153)|SOQL_EXECUTE_END|[13]|Rows:3
10:23:59.0 (24850735)|LIMIT_USAGE|[13]|SOQL_ROWS|18|50000
10:23:59.0 (24865791)|HEAP_ALLOCATE|[13]|Bytes:16
10:23:59.0 (24937860)|HEAP_ALLOCATE|[13]|Bytes:3131
10:23:59.0 (25058011)|HEAP_ALLOCATE|[13]|Bytes:16
10:23:59.0 (25075922)|VARIABLE_SCOPE_BEGIN|[13]|accBusiness|List<Opportunity>|true|false
10:23:59.0 (25231657)|VARIABLE_ASSIGNMENT|[13]|accBusiness|{"s":1,"v":[{"s":2,"v":{"Id":"006p0000003Y9K0AAK","Name":"Test AccBusiness2","Leave_Remaining_Mond (5 more) ...":3,"Leave_Remaining_Tues (6 more) ...":2,"Leave_Remaining_Wedn (8 more) ...":1,"Leave_Remaining_Thur (7 more) ...":1,"Leave_Remaining_Frid (5 more) ...":2,"Leave_Remaining_Satu (7 more) ...":3,"Leave_Remaining_Sund (5 more) ...":3,"Leave__r":[{"s":3,"v":{"Account_Business__c":"006p0000003Y9K0AAK","Id":"a02p0000002kJsQAAU","Name":"L-000000016","Leave_Date__c":"2016-09-14T00:00:00.000Z"}},{"s":4,"v":{"Account_Business__c":"006p0000003Y9K0AAK","Id":"a02p0000002kJsVAAU","Name":"L-000000017","Leave_Date__c":"2016-09-16T00:00:00.000Z"}},{"s":5,"v":{"Account_Business__c":"006p0000003Y9K0AAK","Id":"a02p0000002kL9gAAE","Name":"L-000000020","Leave_Date__c":"2016-09-21T00:00:00.000Z"}},{"s":6,"v":{"Account_Business__c":"006p0000003Y9K0AAK","Id":"a02p0000002kOE3AAM","Name":"L-000000025","Leave_Date__c":"2016-09-15T00:00:00.000Z"}},{"s":7,"v":{"Account_Business__c":"006p0000003Y9K0AAK","Id":"a02p0000002kOH2AAM","Name":"L-000000027","Leave_Date__c":"2016-09-15T00:00:00.000Z"}},{"s":8,"v":{"Account_Business__c":"006p0000003Y9K0AAK","Id":"a02p0000002kOHCAA2","Name":"L-000000028","Leave_Date__c":"2016-09-27T00:00:00.000Z"}}]}},{"s":9,"v":{"Id":"006p0000003Y9KAAA0","Name":"Test AccBusiness3","Leave_Remaining_Mond (5 more) ...":0,"Leave_Remaining_Tues (6 more) ...":0,"Leave_Remaining_Wedn (8 more) ...":0,"Leave_Remaining_Thur (7 more) ...":-2,"Leave_Remaining_Frid (5 more) ...":0,"Leave_Remaining_Satu (7 more) ...":-1,"Leave_Remaining_Sund (5 more) ...":-2,"Leave__r":[{"s":10,"v":{"Account_Business__c":"006p0000003Y9KAAA0","Id":"a02p0000002kJsaAAE","Name":"L-000000018","Leave_Date__c":"2016-09-17T00:00:00.000Z"}},{"s":11,"v":{"Account_Business__c":"006p0000003Y9KAAA0","Id":"a02p0000002kOGJAA2","Name":"L-000000026","Leave_Date__c":"2016-09-25T00:00:00.000Z"}},{"s":12,"v":{"Account_Business__c":"006p0000003Y9KAAA0","Id":"a02p0000002kNUXAA2","Name":"L-000000024","Leave_Date__c":"2016-09-15T00:00:00.000Z"}},{"s":13,"v":{"Account_Business__c":"006p0000003Y9KAAA0","Id":"a02p0000002kJspAAE","Name":"L-000000019","Leave_Date__c":"2016-09-18T00:00:00.000Z"}},{"s":14,"v":{"Account_Business__c":"006p0000003Y9KAAA0","Id":"a02p0000002kNQ1AAM","Name":"L-000000022","Leave_Date__c":"2016-09-22T00:00:00.000Z"}}]}},{"s":15,"v":{"Id":"006p0000003Y9JvAAK","Name":"Test AccountBusiness (1 more) ...","Leave_Remaining_Mond (5 more) ...":3,"Leave_Remaining_Tues (6 more) ...":3,"Leave_Remaining_Wedn (8 more) ...":4,"Leave_Remaining_Thur (7 more) ...":3,"Leave_Remaining_Frid (5 more) ...":4,"Leave_Remaining_Satu (7 more) ...":4,"Leave_Remaining_Sund (5 more) ...":4,"Leave__r":[{"s":16,"v":{"Account_Business__c":"006p0000003Y9JvAAK","Id":"a02p0000002kJsLAAU","Name":"L-000000015","Leave_Date__c":"2016-09-19T00:00:00.000Z"}},{"s":17,"v":{"Account_Business__c":"006p0000003Y9JvAAK","Id":"a02p0000002kJsBAAU","Name":"L-000000014","Leave_Date__c":"2016-09-15T00:00:00.000Z"}},{"s":18,"v":{"Account_Business__c":"006p0000003Y9JvAAK","Id":"a02p0000002kNQ6AAM","Name":"L-000000023","Leave_Date__c":"2016-09-27T00:00:00.000Z"}}]}}]}|0x20fddba5
10:23:59.0 (25250719)|STATEMENT_EXECUTE|[19]
10:23:59.0 (25257040)|HEAP_ALLOCATE|[19]|Bytes:12
10:23:59.0 (25433700)|HEAP_ALLOCATE|[19]|Bytes:823
10:23:59.0 (25457522)|HEAP_ALLOCATE|[19]|Bytes:835
10:23:59.0 (25510440)|USER_DEBUG|[19]|DEBUG|accBusiness (Opportunity:{Id=006p0000003Y9K0AAK, Name=Test AccBusiness2, Leave_Remaining_Monday__c=3, Leave_Remaining_Tuesday__c=2, Leave_Remaining_Wednesday__c=1, Leave_Remaining_Thursday__c=1, Leave_Remaining_Friday__c=2, Leave_Remaining_Saturday__c=3, Leave_Remaining_Sunday__c=3}, Opportunity:{Id=006p0000003Y9KAAA0, Name=Test AccBusiness3, Leave_Remaining_Monday__c=0, Leave_Remaining_Tuesday__c=0, Leave_Remaining_Wednesday__c=0, Leave_Remaining_Thursday__c=-2, Leave_Remaining_Friday__c=0, Leave_Remaining_Saturday__c=-1, Leave_Remaining_Sunday__c=-2}, Opportunity:{Id=006p0000003Y9JvAAK, Name=Test AccountBusiness1, Leave_Remaining_Monday__c=3, Leave_Remaining_Tuesday__c=3, Leave_Remaining_Wednesday__c=4, Leave_Remaining_Thursday__c=3, Leave_Remaining_Friday__c=4, Leave_Remaining_Saturday__c=4, Leave_Remaining_Sunday__c=4})
10:23:59.0 (25527387)|STATEMENT_EXECUTE|[20]
10:23:59.0 (25529333)|STATEMENT_EXECUTE|[21]
10:23:59.0 (25533840)|SYSTEM_MODE_EXIT|true
10:23:59.0 (26225586)|SYSTEM_MODE_EXIT|false
10:23:59.26 (26275350)|CUMULATIVE_LIMIT_USAGE
10:23:59.26 (26275350)|LIMIT_USAGE_FOR_NS|(default)|
  Number of SOQL queries: 2 out of 100
  Number of query rows: 18 out of 50000
  Number of SOSL queries: 0 out of 20
  Number of DML statements: 0 out of 150
  Number of DML rows: 0 out of 10000
  Maximum CPU time: 0 out of 10000
  Maximum heap size: 0 out of 6000000
  Number of callouts: 0 out of 100
  Number of Email Invocations: 0 out of 10
  Number of future calls: 0 out of 50
  Number of queueable jobs added to the queue: 0 out of 50
  Number of Mobile Apex push calls: 0 out of 10

10:23:59.26 (26275350)|TOTAL_EMAIL_RECIPIENTS_QUEUED|0
10:23:59.26 (26275350)|STATIC_VARIABLE_LIST|
  char[]:DigitTens:0
  long:serialVersionUID:0
  long:serialVersionUID:0
  String:_sfdcAdditionalCodeLocations:0
  double:MAX_VALUE:0
  Boolean:FALSE:0
  long:serialVersionUID:0
  String:_sfdcSuppressedCodeLocations:0
  double:MIN_VALUE:0
  int:SIZE:0
  double:NEGATIVE_INFINITY:0
  int:MAX_VALUE:0
  String:_sfdcAdditionalCodeLocations:0
  char[]:digits:0
  double:NaN:0
  Boolean:TRUE:0
  int:MIN_VALUE:0
  char[]:DigitOnes:0
  int:BYTES:0
  int:MIN_EXPONENT:0
  int[]:sizeTable:0
  int:MAX_EXPONENT:0
  int:SIZE:0
  double:POSITIVE_INFINITY:0
  double:MIN_NORMAL:0
  int:BYTES:0

10:23:59.26 (26275350)|CUMULATIVE_LIMIT_USAGE_END

10:23:59.0 (26420587)|CODE_UNIT_FINISHED|LeaveController.getAccountBusiness
10:23:59.0 (28506818)|EXECUTION_FINISHED
10:23:59.32 (32378664)|CUMULATIVE_PROFILING_BEGIN
10:23:59.32 (32378664)|CUMULATIVE_PROFILING|SOQL operations|
Class.LeaveController.getAccountBusiness: line 13, column 1: [SELECT Id,Name,Leave_Remaining_Monday__c,Leave_Remaining_Tuesday__c,Leave_Remaining_Wednesday__c,
                                             Leave_Remaining_Thursday__c,Leave_Remaining_Friday__c,Leave_Remaining_Saturday__c,Leave_Remaining_Sunday__c
                                             , (select id, Name,Leave_Date__c from Leave__r)
                                             FROM Opportunity
                                             WHERE AccountId  = :accId]: executed 1 time in 19 ms

10:23:59.32 (32378664)|CUMULATIVE_PROFILING|No profiling information for SOSL operations
10:23:59.32 (32378664)|CUMULATIVE_PROFILING|No profiling information for DML operations
10:23:59.32 (32378664)|CUMULATIVE_PROFILING|method invocations|
External entry point: public static List<Opportunity> getAccountBusiness(): executed 1 time in 25 ms
Class.LeaveController.getAccountId: line 4, column 1: global static String getUserId(): executed 2 times in 5 ms
Class.LeaveController.getAccountBusiness: line 11, column 1: public static String getAccountId(): executed 1 time in 5 ms
Class.LeaveController.getAccountBusiness: line 19, column 1: public static String valueOf(Object): executed 2 times in 1 ms

10:23:59.32 (32378664)|CUMULATIVE_PROFILING_END
