38.0 APEX_CODE,FINEST;APEX_PROFILING,FINEST;CALLOUT,FINEST;DB,FINEST;SYSTEM,DEBUG;VALIDATION,INFO;VISUALFORCE,FINER;WORKFLOW,FINER
11:03:52.0 (501786)|USER_INFO|[EXTERNAL]|00528000004DSFj|resmi.ramakrishnan@qvmtest.com.devmerge|Australian Eastern Standard Time|GMT+10:00
11:03:52.0 (535572)|EXECUTION_STARTED
11:03:52.0 (541028)|CODE_UNIT_STARTED|[EXTERNAL]|066p00000004sPO|VF: /apex/DownloadABAFilePage
11:03:52.0 (45414266)|VF_APEX_CALL_START|[EXTERNAL]|01pp0000000EVMb|DownloadABAFileController <init>
11:03:52.0 (45442067)|SYSTEM_MODE_ENTER|true
11:03:52.0 (46158408)|HEAP_ALLOCATE|[72]|Bytes:3
11:03:52.0 (46206619)|HEAP_ALLOCATE|[77]|Bytes:152
11:03:52.0 (46225298)|HEAP_ALLOCATE|[342]|Bytes:408
11:03:52.0 (46244427)|HEAP_ALLOCATE|[355]|Bytes:408
11:03:52.0 (46262453)|HEAP_ALLOCATE|[467]|Bytes:48
11:03:52.0 (46292735)|HEAP_ALLOCATE|[139]|Bytes:6
11:03:52.0 (46314049)|HEAP_ALLOCATE|[EXTERNAL]|Bytes:188
11:03:52.0 (46318632)|HEAP_ALLOCATE|[EXTERNAL]|Bytes:20
11:03:52.0 (46321139)|HEAP_ALLOCATE|[EXTERNAL]|Bytes:2
11:03:52.0 (46336287)|METHOD_ENTRY|[1]|01pp0000000EVMb|DownloadABAFileController.DownloadABAFileController()
11:03:52.0 (46341066)|STATEMENT_EXECUTE|[1]
11:03:52.0 (46347150)|STATEMENT_EXECUTE|[1]
11:03:52.0 (46353185)|METHOD_EXIT|[1]|DownloadABAFileController
11:03:52.0 (46420622)|HEAP_ALLOCATE|[EXTERNAL]|Bytes:32
11:03:52.0 (46441790)|VARIABLE_SCOPE_BEGIN|[14]|this|DownloadABAFileController|true|false
11:03:52.0 (46532500)|VARIABLE_ASSIGNMENT|[14]|this|{}|0x7210aa6e
11:03:52.0 (46539244)|VARIABLE_SCOPE_BEGIN|[14]|stdController|ApexPages.StandardController|true|false
11:03:52.0 (46694063)|VARIABLE_ASSIGNMENT|[14]|stdController|"StandardController [null]"|0x4bdcb224
11:03:52.0 (46701903)|STATEMENT_EXECUTE|[1]
11:03:52.0 (46703831)|STATEMENT_EXECUTE|[3]
11:03:52.0 (46705495)|STATEMENT_EXECUTE|[4]
11:03:52.0 (46706363)|STATEMENT_EXECUTE|[5]
11:03:52.0 (46707381)|STATEMENT_EXECUTE|[8]
11:03:52.0 (46708329)|STATEMENT_EXECUTE|[9]
11:03:52.0 (46709189)|STATEMENT_EXECUTE|[10]
11:03:52.0 (46710167)|STATEMENT_EXECUTE|[11]
11:03:52.0 (46717909)|HEAP_ALLOCATE|[16]|Bytes:6
11:03:52.0 (46761006)|STATEMENT_EXECUTE|[15]
11:03:52.0 (46763071)|STATEMENT_EXECUTE|[16]
11:03:52.0 (54645309)|HEAP_ALLOCATE|[16]|Bytes:12
11:03:52.0 (54693063)|VARIABLE_ASSIGNMENT|[16]|this.batchlobObj|{"s":1,"v":{"Id":"a01p0000002pSpRAAU","RecordTypeId":"012p0000000CggNAAS"}}|0x7210aa6e
11:03:52.0 (54697617)|STATEMENT_EXECUTE|[17]
11:03:52.0 (54741260)|HEAP_ALLOCATE|[17]|Bytes:12
11:03:52.0 (54843728)|VARIABLE_ASSIGNMENT|[17]|this.recId|"a01p0000002pSpRAAU"|0x7210aa6e
11:03:52.0 (54848101)|STATEMENT_EXECUTE|[18]
11:03:52.0 (54868347)|METHOD_ENTRY|[18]|01pp0000000EVMb|DownloadABAFileController.FormatStrings()
11:03:52.0 (54895756)|VARIABLE_SCOPE_BEGIN|[35]|this|DownloadABAFileController|true|false
11:03:52.0 (55000261)|VARIABLE_ASSIGNMENT|[35]|this|{"batchlobObj":"0x2cad648b","recId":"a01p0000002pSpRAAU"}|0x7210aa6e
11:03:52.0 (55012490)|STATEMENT_EXECUTE|[36]
11:03:52.0 (55013823)|STATEMENT_EXECUTE|[37]
11:03:52.0 (55074208)|HEAP_ALLOCATE|[37]|Bytes:17
11:03:52.0 (55194827)|VARIABLE_ASSIGNMENT|[EXTERNAL]|this|{"batchlobObj":"0x2cad648b","recId":"a01p0000002pSpRAAU"}|0x7210aa6e
11:03:52.0 (55204754)|VARIABLE_ASSIGNMENT|[EXTERNAL]|value|"                 "
11:03:52.0 (55213432)|VARIABLE_ASSIGNMENT|[8]|this.emptyString17|"                 "|0x7210aa6e
11:03:52.0 (55220326)|STATEMENT_EXECUTE|[38]
11:03:52.0 (55251659)|HEAP_ALLOCATE|[38]|Bytes:7
11:03:52.0 (55367331)|VARIABLE_ASSIGNMENT|[EXTERNAL]|this|{"batchlobObj":"0x2cad648b","emptyString17":"                 ","recId":"a01p0000002pSpRAAU"}|0x7210aa6e
11:03:52.0 (55377018)|VARIABLE_ASSIGNMENT|[EXTERNAL]|value|"       "
11:03:52.0 (55385367)|VARIABLE_ASSIGNMENT|[9]|this.emptyString7|"       "|0x7210aa6e
11:03:52.0 (55392353)|STATEMENT_EXECUTE|[39]
11:03:52.0 (55396013)|HEAP_ALLOCATE|[39]|Bytes:2
11:03:52.0 (55526030)|VARIABLE_ASSIGNMENT|[EXTERNAL]|this|{"batchlobObj":"0x2cad648b","emptyString17":"                 ","emptyString7":"       ","recId":"a01p0000002pSpRAAU"}|0x7210aa6e
11:03:52.0 (55537347)|VARIABLE_ASSIGNMENT|[EXTERNAL]|value|"\r\n"
11:03:52.0 (55545342)|VARIABLE_ASSIGNMENT|[10]|this.newLine|"\r\n"|0x7210aa6e
11:03:52.0 (55553400)|METHOD_EXIT|[18]|01pp0000000EVMb|DownloadABAFileController.FormatStrings()
11:03:52.0 (55572867)|VF_APEX_CALL_END|DownloadABAFileController <init>
11:03:52.0 (55698526)|VF_APEX_CALL_START|[EXTERNAL]|01pp0000000EVMb|DownloadABAFileController invoke(fetch)
11:03:52.0 (55741264)|HEAP_ALLOCATE|[EXTERNAL]|Bytes:32
11:03:52.0 (55752832)|VARIABLE_SCOPE_BEGIN|[21]|this|DownloadABAFileController|true|false
11:03:52.0 (55851176)|VARIABLE_ASSIGNMENT|[21]|this|{"batchlobObj":"0x2cad648b","emptyString17":"                 ","emptyString7":"       ","newLine":"\r\n","recId":"a01p0000002pSpRAAU"}|0x7210aa6e
11:03:52.0 (55858688)|STATEMENT_EXECUTE|[22]
11:03:52.0 (55860146)|STATEMENT_EXECUTE|[23]
11:03:52.0 (55861224)|STATEMENT_EXECUTE|[24]
11:03:52.0 (55862134)|STATEMENT_EXECUTE|[25]
11:03:52.0 (55866028)|HEAP_ALLOCATE|[25]|Bytes:200
11:03:52.0 (55875508)|HEAP_ALLOCATE|[25]|Bytes:4
11:03:52.0 (55899437)|HEAP_ALLOCATE|[50]|Bytes:5
11:03:52.0 (55915453)|HEAP_ALLOCATE|[56]|Bytes:5
11:03:52.0 (55923440)|HEAP_ALLOCATE|[64]|Bytes:7
11:03:52.0 (56147422)|SOQL_EXECUTE_BEGIN|[25]|Aggregations:0|SELECT Financial_Institution__c, Name_Of_User__c, User_Identification_Number__c, Description__c, Date_to_be_Processed__c FROM Qvm_ABA_File_Generator__c WHERE Name = 'ABA File Header Generator' LIMIT 1
11:03:52.0 (56157156)|LIMIT_USAGE|[25]|SOQL|1|100
11:03:52.0 (56165768)|LIMIT_USAGE|[25]|AGGS|0|300
11:03:52.0 (71978214)|SOQL_EXECUTE_END|[25]|Rows:1
11:03:52.0 (71988226)|LIMIT_USAGE|[25]|SOQL_ROWS|1|50000
11:03:52.0 (72001027)|HEAP_ALLOCATE|[25]|Bytes:8
11:03:52.0 (72019376)|HEAP_ALLOCATE|[25]|Bytes:254
11:03:52.0 (72153474)|HEAP_ALLOCATE|[25]|Bytes:8
11:03:52.0 (72168532)|HEAP_ALLOCATE|[25]|Bytes:51
11:03:52.0 (72266829)|HEAP_ALLOCATE|[25]|Bytes:28
11:03:52.0 (72455249)|VARIABLE_ASSIGNMENT|[EXTERNAL]|this|{"batchlobObj":"0x2cad648b","emptyString17":"                 ","emptyString7":"       ","newLine":"\r\n","recId":"a01p0000002pSpRAAU"}|0x7210aa6e
11:03:52.0 (72483785)|VARIABLE_ASSIGNMENT|[EXTERNAL]|value|{"s":1,"v":{"Financial_Institutio (4 more) ...":"NAB","Name_Of_User__c":"Queen Victoria Marke (1 more) ...","User_Identification_ (9 more) ...":128006,"Description__c":"TEST","Date_to_be_Processed (3 more) ...":170316,"Id":"a0bp0000001ZYpaAAG"}}|0x5666fe43
11:03:52.0 (72507567)|VARIABLE_ASSIGNMENT|[5]|this.qvmABAFileObj|{"s":1,"v":{"Financial_Institutio (4 more) ...":"NAB","Name_Of_User__c":"Queen Victoria Marke (1 more) ...","User_Identification_ (9 more) ...":128006,"Description__c":"TEST","Date_to_be_Processed (3 more) ...":170316,"Id":"a0bp0000001ZYpaAAG"}}|0x7210aa6e
11:03:52.0 (72517799)|STATEMENT_EXECUTE|[28]
11:03:52.0 (72646806)|VARIABLE_ASSIGNMENT|[EXTERNAL]|this|{"batchlobObj":"0x2cad648b","emptyString17":"                 ","emptyString7":"       ","newLine":"\r\n","qvmABAFileObj":"0x5666fe43","recId":"a01p0000002pSpRAAU"}|0x7210aa6e
11:03:52.0 (72714391)|HEAP_ALLOCATE|[28]|Bytes:26
11:03:52.0 (72838917)|VARIABLE_ASSIGNMENT|[EXTERNAL]|this|{"batchlobObj":"0x2cad648b","emptyString17":"                 ","emptyString7":"       ","newLine":"\r\n","qvmABAFileObj":"0x5666fe43","recId":"a01p0000002pSpRAAU"}|0x7210aa6e
11:03:52.0 (72851378)|VARIABLE_ASSIGNMENT|[EXTERNAL]|value|"Queen Victoria Marke (6 more) ..."
11:03:52.0 (72861966)|VARIABLE_ASSIGNMENT|[11]|this.UserName|"Queen Victoria Marke (6 more) ..."|0x7210aa6e
11:03:52.0 (72921257)|VF_APEX_CALL_END|DownloadABAFileController invoke(fetch)
11:03:52.0 (74535893)|VF_APEX_CALL_START|[EXTERNAL]|01pp0000000EVMb|DownloadABAFileController get(emptyString17)
11:03:52.0 (74548347)|SYSTEM_MODE_ENTER|true
11:03:52.0 (74565122)|VF_APEX_CALL_START|[EXTERNAL]|01pp0000000EVMb|emptyString17
11:03:52.0 (74578056)|VF_APEX_CALL_END|emptyString17
11:03:52.0 (74593827)|VF_APEX_CALL_END|DownloadABAFileController get(emptyString17)
11:03:52.0 (74713396)|VF_APEX_CALL_START|[EXTERNAL]|01pp0000000EVMb|DownloadABAFileController get(qvmABAFileObj)
11:03:52.0 (74720940)|SYSTEM_MODE_ENTER|true
11:03:52.0 (74731213)|VF_APEX_CALL_START|[EXTERNAL]|01pp0000000EVMb|qvmABAFileObj
11:03:52.0 (74742061)|VF_APEX_CALL_END|qvmABAFileObj
11:03:52.0 (74756134)|VF_APEX_CALL_END|DownloadABAFileController get(qvmABAFileObj)
11:03:52.0 (74894357)|VF_APEX_CALL_START|[EXTERNAL]|01pp0000000EVMb|DownloadABAFileController get(emptyString7)
11:03:52.0 (74901551)|SYSTEM_MODE_ENTER|true
11:03:52.0 (74911436)|VF_APEX_CALL_START|[EXTERNAL]|01pp0000000EVMb|emptyString7
11:03:52.0 (74922058)|VF_APEX_CALL_END|emptyString7
11:03:52.0 (74935561)|VF_APEX_CALL_END|DownloadABAFileController get(emptyString7)
11:03:52.0 (75445947)|VF_APEX_CALL_START|[EXTERNAL]|01pp0000000EVMb|DownloadABAFileController get(newLine)
11:03:52.0 (75454186)|SYSTEM_MODE_ENTER|true
11:03:52.0 (75464398)|VF_APEX_CALL_START|[EXTERNAL]|01pp0000000EVMb|newLine
11:03:52.0 (75475485)|VF_APEX_CALL_END|newLine
11:03:52.0 (75489238)|VF_APEX_CALL_END|DownloadABAFileController get(newLine)
11:03:52.78 (78971442)|CUMULATIVE_LIMIT_USAGE
11:03:52.78 (78971442)|LIMIT_USAGE_FOR_NS|(default)|
  Number of SOQL queries: 1 out of 100
  Number of query rows: 1 out of 50000
  Number of SOSL queries: 0 out of 20
  Number of DML statements: 0 out of 150
  Number of DML rows: 0 out of 10000
  Maximum CPU time: 0 out of 10000
  Maximum heap size: 0 out of 6000000
  Number of callouts: 0 out of 100
  Number of Email Invocations: 0 out of 10
  Number of future calls: 0 out of 50
  Number of queueable jobs added to the queue: 0 out of 50
  Number of Mobile Apex push calls: 0 out of 10

11:03:52.78 (78971442)|TOTAL_EMAIL_RECIPIENTS_QUEUED|0
11:03:52.78 (78971442)|STATIC_VARIABLE_LIST|
  char[]:DigitTens:0
  long:serialVersionUID:0
  long:serialVersionUID:0
  String:_sfdcAdditionalCodeLocations:0
  double:MAX_VALUE:0
  Boolean:FALSE:0
  long:serialVersionUID:0
  double:MIN_VALUE:0
  int:SIZE:0
  double:NEGATIVE_INFINITY:0
  int:MAX_VALUE:0
  String:__sfdcProperties:0
  char[]:digits:0
  String:_sfdcSuppressedCodeLocations:0
  double:NaN:0
  Boolean:TRUE:0
  int:MIN_VALUE:0
  char[]:DigitOnes:0
  int:BYTES:0
  int:MIN_EXPONENT:0
  int[]:sizeTable:0
  int:MAX_EXPONENT:0
  String:_sfdcAdditionalCodeLocations:0
  int:SIZE:0
  double:POSITIVE_INFINITY:0
  double:MIN_NORMAL:0
  int:BYTES:0

11:03:52.78 (78971442)|CUMULATIVE_LIMIT_USAGE_END

11:03:52.0 (79100785)|CODE_UNIT_FINISHED|VF: /apex/DownloadABAFilePage
11:03:52.0 (80297416)|EXECUTION_FINISHED
11:03:52.82 (82776694)|CUMULATIVE_PROFILING_BEGIN
11:03:52.82 (82776694)|CUMULATIVE_PROFILING|SOQL operations|
Class.DownloadABAFileController.fetch: line 25, column 1: [SELECT Financial_Institution__c,Name_Of_User__c,
                             User_Identification_Number__c,Description__c,Date_to_be_Processed__c 
                             FROM Qvm_ABA_File_Generator__c where Name = 'ABA File Header Generator' LIMIT 1]: executed 2 times in 17 ms

11:03:52.82 (82776694)|CUMULATIVE_PROFILING|No profiling information for SOSL operations
11:03:52.82 (82776694)|CUMULATIVE_PROFILING|No profiling information for DML operations
11:03:52.82 (82776694)|CUMULATIVE_PROFILING|method invocations|
External entry point: public void fetch(): executed 1 time in 17 ms
Class.DownloadABAFileController.<init>: line 16, column 1: global SObject getRecord(): executed 1 time in 8 ms
Class.DownloadABAFileController.<init>: line 18, column 1: public void FormatStrings(): executed 1 time in 1 ms
Class.DownloadABAFileController.FormatStrings: line 37, column 1: public String rightPad(Integer): executed 2 times in 1 ms
Class.DownloadABAFileController.<init>: line 17, column 1: global SObject getRecord(): executed 1 time in 0 ms
Class.DownloadABAFileController.FormatStrings: line 38, column 1: public String rightPad(Integer): executed 2 times in 0 ms
Class.DownloadABAFileController.FormatStrings: line 39, column 1: public void __sfdc_newLine(String): executed 1 time in 0 ms
Class.DownloadABAFileController.fetch: line 28, column 1: public Qvm_ABA_File_Generator__c __sfdc_qvmABAFileObj(): executed 3 times in 0 ms

11:03:52.82 (82776694)|CUMULATIVE_PROFILING_END
