38.0 APEX_CODE,FINEST;APEX_PROFILING,FINEST;CALLOUT,FINEST;DB,FINEST;SYSTEM,DEBUG;VALIDATION,INFO;VISUALFORCE,FINER;WORKFLOW,FINER
11:45:23.0 (507196)|USER_INFO|[EXTERNAL]|00528000004DSLv|luke.farbotko@qvmtest.com.devmerge|Australian Eastern Standard Time|GMT+10:00
11:45:23.0 (548604)|EXECUTION_STARTED
11:45:23.0 (553416)|CODE_UNIT_STARTED|[EXTERNAL]|01pp0000000EU9R|TransactionBuilderBatch
11:45:23.0 (17137586)|HEAP_ALLOCATE|[72]|Bytes:3
11:45:23.0 (17192941)|HEAP_ALLOCATE|[77]|Bytes:152
11:45:23.0 (17209916)|HEAP_ALLOCATE|[342]|Bytes:408
11:45:23.0 (17228693)|HEAP_ALLOCATE|[355]|Bytes:408
11:45:23.0 (17246591)|HEAP_ALLOCATE|[467]|Bytes:48
11:45:23.0 (17274049)|HEAP_ALLOCATE|[139]|Bytes:6
11:45:23.0 (19047587)|HEAP_ALLOCATE|[EXTERNAL]|Bytes:84692
11:45:23.0 (19212020)|HEAP_ALLOCATE|[EXTERNAL]|Bytes:11
11:45:23.0 (19230340)|SYSTEM_METHOD_ENTRY|[15]|BatchableContextImpl.BatchableContextImpl()
11:45:23.0 (19237838)|STATEMENT_EXECUTE|[15]
11:45:23.0 (19248859)|SYSTEM_METHOD_EXIT|[15]|BatchableContextImpl
11:45:23.0 (19253995)|HEAP_ALLOCATE|[EXTERNAL]|Bytes:12
11:45:23.0 (19257323)|HEAP_ALLOCATE|[EXTERNAL]|Bytes:4
11:45:23.0 (19263166)|VARIABLE_SCOPE_BEGIN|[31]|this|Database.BatchableContextImpl|true|false
11:45:23.0 (19320047)|VARIABLE_ASSIGNMENT|[31]|this|{}|0x1571b53e
11:45:23.0 (19323886)|VARIABLE_SCOPE_BEGIN|[31]|jobId|Id|false|false
11:45:23.0 (19395334)|VARIABLE_ASSIGNMENT|[31]|jobId|"707p000000A3IfxAAF"
11:45:23.0 (19400614)|VARIABLE_SCOPE_BEGIN|[31]|childJobId|Id|false|false
11:45:23.0 (19405815)|VARIABLE_ASSIGNMENT|[31]|childJobId|null
11:45:23.0 (43649025)|HEAP_ALLOCATE|[EXTERNAL]|Bytes:52
11:45:23.0 (43666337)|HEAP_ALLOCATE|[EXTERNAL]|Bytes:11
11:45:23.0 (43669633)|HEAP_ALLOCATE|[EXTERNAL]|Bytes:8
11:45:23.0 (43690276)|METHOD_ENTRY|[9]|01pp0000000EU9R|TransactionBuilderBatch.TransactionBuilderBatch()
11:45:23.0 (43700770)|STATEMENT_EXECUTE|[9]
11:45:23.0 (43709980)|STATEMENT_EXECUTE|[9]
11:45:23.0 (43718466)|METHOD_EXIT|[9]|TransactionBuilderBatch
11:45:23.0 (43723568)|HEAP_ALLOCATE|[EXTERNAL]|Bytes:16
11:45:23.0 (43726451)|HEAP_ALLOCATE|[EXTERNAL]|Bytes:12
11:45:23.0 (43737155)|VARIABLE_SCOPE_BEGIN|[39]|this|TransactionBuilderBatch|true|false
11:45:23.0 (43851228)|VARIABLE_ASSIGNMENT|[39]|this|{"batchJob":"a01p0000002pYiaAAE","transactionCount":259,"transList":"0x2cbd0b86"}|0x996fbd8
11:45:23.0 (43858858)|VARIABLE_SCOPE_BEGIN|[39]|BC|Database.BatchableContext|true|false
11:45:23.0 (43929143)|VARIABLE_ASSIGNMENT|[39]|BC|{"jobId":"707p000000A3IfxAAF"}|0x1571b53e
11:45:23.0 (43948026)|STATEMENT_EXECUTE|[40]
11:45:23.0 (43951748)|STATEMENT_EXECUTE|[41]
11:45:23.0 (43953469)|STATEMENT_EXECUTE|[42]
11:45:23.0 (43955732)|STATEMENT_EXECUTE|[44]
11:45:23.0 (43960690)|HEAP_ALLOCATE|[44]|Bytes:13
11:45:23.0 (43984893)|HEAP_ALLOCATE|[50]|Bytes:5
11:45:23.0 (44008634)|HEAP_ALLOCATE|[56]|Bytes:5
11:45:23.0 (44017528)|HEAP_ALLOCATE|[64]|Bytes:7
11:45:23.0 (44858961)|HEAP_ALLOCATE|[44]|Bytes:4
11:45:23.0 (44891850)|LIMIT_USAGE|[44]|RECORD_TYPE_DESCRIBES|1|100
11:45:23.0 (48621768)|HEAP_ALLOCATE|[44]|Bytes:72
11:45:23.0 (48632892)|HEAP_ALLOCATE|[44]|Bytes:18
11:45:23.0 (48786145)|HEAP_ALLOCATE|[44]|Bytes:4
11:45:23.0 (48793489)|VARIABLE_SCOPE_BEGIN|[44]|foundRecordTypeID|Id|false|false
11:45:23.0 (48841881)|VARIABLE_ASSIGNMENT|[44]|foundRecordTypeID|"012p0000000CgeqAAC"
11:45:23.0 (48848277)|STATEMENT_EXECUTE|[45]
11:45:23.0 (48852686)|HEAP_ALLOCATE|[45]|Bytes:78
11:45:23.0 (48862258)|HEAP_ALLOCATE|[45]|Bytes:4
11:45:23.0 (48873165)|HEAP_ALLOCATE|[45]|Bytes:7
11:45:23.0 (50147182)|SOQL_EXECUTE_BEGIN|[45]|Aggregations:0|SELECT id, Transaction_Count__c FROM Batch_Jobs__c WHERE id = :tmpVar1 LIMIT 1
11:45:23.0 (50156526)|LIMIT_USAGE|[45]|SOQL|1|200
11:45:23.0 (50162901)|LIMIT_USAGE|[45]|AGGS|0|600
11:45:23.0 (63447787)|SOQL_EXECUTE_END|[45]|Rows:1
11:45:23.0 (63459359)|LIMIT_USAGE|[45]|SOQL_ROWS|1|50000
11:45:23.0 (63477004)|HEAP_ALLOCATE|[45]|Bytes:8
11:45:23.0 (63496162)|HEAP_ALLOCATE|[45]|Bytes:29
11:45:23.0 (63587139)|HEAP_ALLOCATE|[45]|Bytes:8
11:45:23.0 (63603194)|HEAP_ALLOCATE|[45]|Bytes:39
11:45:23.0 (63693291)|HEAP_ALLOCATE|[45]|Bytes:8
11:45:23.0 (63703940)|VARIABLE_SCOPE_BEGIN|[45]|batchJobObj|Batch_Jobs__c|true|false
11:45:23.0 (63736283)|VARIABLE_ASSIGNMENT|[45]|batchJobObj|{"s":1,"v":{"Id":"a01p0000002pYiaAAE"}}|0x49f2e079
11:45:23.0 (63744662)|STATEMENT_EXECUTE|[47]
11:45:23.0 (63746718)|STATEMENT_EXECUTE|[49]
11:45:23.0 (63794279)|HEAP_ALLOCATE|[49]|Bytes:-4
11:45:23.0 (63805653)|VARIABLE_ASSIGNMENT|[49]|this.RecordTypeId|"012p0000000CgeqAAC"|0x49f2e079
11:45:23.0 (63809974)|STATEMENT_EXECUTE|[50]
11:45:23.0 (63857971)|HEAP_ALLOCATE|[50]|Bytes:28
11:45:23.0 (63895773)|HEAP_ALLOCATE|[50]|Bytes:-4
11:45:23.0 (63905453)|VARIABLE_ASSIGNMENT|[50]|this.Transaction_Count__c|259|0x49f2e079
11:45:23.0 (63909575)|STATEMENT_EXECUTE|[51]
11:45:23.0 (63950208)|HEAP_ALLOCATE|[51]|Bytes:8
11:45:23.0 (63964064)|DML_BEGIN|[51]|Op:Update|Type:Batch_Jobs__c|Rows:1
11:45:23.0 (63971050)|LIMIT_USAGE|[51]|DML|1|150
11:45:23.0 (63978070)|LIMIT_USAGE|[51]|DML_ROWS|1|10000
11:45:23.0 (63995399)|HEAP_ALLOCATE|[EXTERNAL]|Bytes:8
11:45:23.0 (116287249)|DML_END|[51]
11:45:23.136 (136883044)|CUMULATIVE_LIMIT_USAGE
11:45:23.136 (136883044)|LIMIT_USAGE_FOR_NS|(default)|
  Number of SOQL queries: 0 out of 200
  Number of query rows: 0 out of 50000
  Number of SOSL queries: 0 out of 20
  Number of DML statements: 0 out of 150
  Number of DML rows: 0 out of 10000
  Maximum CPU time: 0 out of 60000
  Maximum heap size: 0 out of 12000000
  Number of callouts: 0 out of 0
  Number of Email Invocations: 0 out of 10
  Number of future calls: 0 out of 0
  Number of queueable jobs added to the queue: 0 out of 1
  Number of Mobile Apex push calls: 0 out of 10

11:45:23.136 (136883044)|TOTAL_EMAIL_RECIPIENTS_QUEUED|0
11:45:23.136 (136883044)|STATIC_VARIABLE_LIST|
  char[]:DigitTens:0
  long:serialVersionUID:0
  long:serialVersionUID:0
  String:_sfdcAdditionalCodeLocations:0
  double:MAX_VALUE:0
  Boolean:FALSE:0
  long:serialVersionUID:0
  double:MIN_VALUE:0
  int:SIZE:0
  String:_sfdcAdditionalCodeLocations:0
  double:NEGATIVE_INFINITY:0
  int:MAX_VALUE:0
  char[]:digits:0
  double:NaN:0
  Boolean:TRUE:0
  String:__sfdcParameterizedTypes:0
  String:_sfdcSuppressedCodeLocations:0
  String:_sfdcAdditionalCodeLocations:0
  int:MIN_VALUE:0
  char[]:DigitOnes:0
  int:BYTES:0
  int:MIN_EXPONENT:0
  int[]:sizeTable:0
  int:MAX_EXPONENT:0
  int:SIZE:0
  double:POSITIVE_INFINITY:0
  double:MIN_NORMAL:0
  int:BYTES:0

11:45:23.136 (136883044)|CUMULATIVE_LIMIT_USAGE_END

11:45:23.0 (137038679)|CODE_UNIT_FINISHED|TransactionBuilderBatch
11:45:23.0 (138497927)|EXECUTION_FINISHED
11:45:23.153 (153481961)|CUMULATIVE_PROFILING_BEGIN
11:45:23.153 (153481961)|CUMULATIVE_PROFILING|SOQL operations|
Class.TransactionBuilderBatch.finish: line 45, column 1: [SELECT id,Transaction_Count__c  FROM Batch_Jobs__c where id =:batchJob LIMIT 1]: executed 1 time in 14 ms

11:45:23.153 (153481961)|CUMULATIVE_PROFILING|No profiling information for SOSL operations
11:45:23.153 (153481961)|CUMULATIVE_PROFILING|DML operations|
Class.TransactionBuilderBatch.finish: line 51, column 1: Update: Batch_Jobs__c: executed 1 time in 52 ms

11:45:23.153 (153481961)|CUMULATIVE_PROFILING|method invocations|
External entry point: global void finish(Database.BatchableContext): executed 1 time in 73 ms
Class.TransactionBuilderBatch.finish: line 44, column 1: global Schema.DescribeSObjectResult getDescribe(): executed 2 times in 1 ms

11:45:23.153 (153481961)|CUMULATIVE_PROFILING_END
