38.0 APEX_CODE,FINEST;APEX_PROFILING,FINEST;CALLOUT,FINEST;DB,FINEST;SYSTEM,DEBUG;VALIDATION,INFO;VISUALFORCE,FINER;WORKFLOW,FINER
10:32:27.0 (493544)|USER_INFO|[EXTERNAL]|005p0000000MSbo|priyanka.manoharan@rxpservices.com.devmerge|Australian Eastern Standard Time|GMT+10:00
10:32:27.0 (527003)|EXECUTION_STARTED
10:32:27.0 (531581)|CODE_UNIT_STARTED|[EXTERNAL]|01pp0000000ETpq|LeaveController.getAccountBusiness
10:32:27.0 (704669)|HEAP_ALLOCATE|[72]|Bytes:3
10:32:27.0 (768764)|HEAP_ALLOCATE|[77]|Bytes:152
10:32:27.0 (792927)|HEAP_ALLOCATE|[342]|Bytes:408
10:32:27.0 (814704)|HEAP_ALLOCATE|[355]|Bytes:408
10:32:27.0 (835065)|HEAP_ALLOCATE|[467]|Bytes:48
10:32:27.0 (867549)|HEAP_ALLOCATE|[139]|Bytes:6
10:32:27.0 (960646)|HEAP_ALLOCATE|[EXTERNAL]|Bytes:6
10:32:27.0 (967137)|HEAP_ALLOCATE|[EXTERNAL]|Bytes:8
10:32:27.0 (981766)|METHOD_ENTRY|[1]|01pp0000000ETpq|LeaveController.LeaveController()
10:32:27.0 (985772)|STATEMENT_EXECUTE|[1]
10:32:27.0 (991418)|STATEMENT_EXECUTE|[1]
10:32:27.0 (1025316)|HEAP_ALLOCATE|[50]|Bytes:5
10:32:27.0 (1050012)|HEAP_ALLOCATE|[56]|Bytes:5
10:32:27.0 (1058618)|HEAP_ALLOCATE|[64]|Bytes:7
10:32:27.0 (1080582)|SYSTEM_MODE_ENTER|true
10:32:27.0 (1103293)|HEAP_ALLOCATE|[EXTERNAL]|Bytes:5
10:32:27.0 (1110471)|SYSTEM_MODE_EXIT|true
10:32:27.0 (1120162)|METHOD_EXIT|[1]|LeaveController
10:32:27.0 (1129957)|SYSTEM_MODE_ENTER|false
10:32:27.0 (1141106)|SYSTEM_MODE_ENTER|true
10:32:27.0 (1145210)|HEAP_ALLOCATE|[11]|Bytes:5
10:32:27.0 (1148730)|STATEMENT_EXECUTE|[9]
10:32:27.0 (1150041)|STATEMENT_EXECUTE|[11]
10:32:27.0 (1163708)|METHOD_ENTRY|[11]|01pp0000000ETpq|LeaveController.getAccountId()
10:32:27.0 (1185796)|HEAP_ALLOCATE|[4]|Bytes:5
10:32:27.0 (1189352)|STATEMENT_EXECUTE|[3]
10:32:27.0 (1190615)|STATEMENT_EXECUTE|[4]
10:32:27.0 (1193104)|HEAP_ALLOCATE|[4]|Bytes:46
10:32:27.0 (1203986)|HEAP_ALLOCATE|[4]|Bytes:4
10:32:27.0 (1215080)|HEAP_ALLOCATE|[4]|Bytes:7
10:32:27.0 (1253711)|HEAP_ALLOCATE|[4]|Bytes:85
10:32:27.0 (1266040)|SYSTEM_METHOD_ENTRY|[1]|UserInfo.UserInfo()
10:32:27.0 (1268965)|STATEMENT_EXECUTE|[1]
10:32:27.0 (1276272)|SYSTEM_METHOD_EXIT|[1]|UserInfo
10:32:27.0 (1286325)|METHOD_ENTRY|[4]||System.UserInfo.getUserId()
10:32:27.0 (1327217)|METHOD_EXIT|[4]||System.UserInfo.getUserId()
10:32:27.0 (2415813)|SOQL_EXECUTE_BEGIN|[4]|Aggregations:0|SELECT AccountId FROM User WHERE Id = :tmpVar1
10:32:27.0 (2434022)|LIMIT_USAGE|[4]|SOQL|1|100
10:32:27.0 (2441995)|LIMIT_USAGE|[4]|AGGS|0|300
10:32:27.0 (5675905)|SOQL_EXECUTE_END|[4]|Rows:1
10:32:27.0 (5686444)|LIMIT_USAGE|[4]|SOQL_ROWS|1|50000
10:32:27.0 (5700015)|HEAP_ALLOCATE|[4]|Bytes:8
10:32:27.0 (5713432)|HEAP_ALLOCATE|[4]|Bytes:29
10:32:27.0 (5840597)|HEAP_ALLOCATE|[4]|Bytes:8
10:32:27.0 (5854700)|HEAP_ALLOCATE|[4]|Bytes:30
10:32:27.0 (5960583)|HEAP_ALLOCATE|[4]|Bytes:8
10:32:27.0 (6006192)|HEAP_ALLOCATE|[4]|Bytes:18
10:32:27.0 (6016075)|VARIABLE_SCOPE_BEGIN|[4]|accId|String|false|false
10:32:27.0 (6055734)|VARIABLE_ASSIGNMENT|[4]|accId|"005p0000000MSboAAG"
10:32:27.0 (6060668)|STATEMENT_EXECUTE|[6]
10:32:27.0 (6064818)|HEAP_ALLOCATE|[6]|Bytes:15
10:32:27.0 (6079175)|METHOD_EXIT|[11]|01pp0000000ETpq|LeaveController.getAccountId()
10:32:27.0 (6084354)|VARIABLE_SCOPE_BEGIN|[11]|accId|String|false|false
10:32:27.0 (6090374)|VARIABLE_ASSIGNMENT|[11]|accId|"001p000000DSVcL"
10:32:27.0 (6092556)|STATEMENT_EXECUTE|[12]
10:32:27.0 (6093713)|STATEMENT_EXECUTE|[13]
10:32:27.0 (6096227)|HEAP_ALLOCATE|[13]|Bytes:304
10:32:27.0 (6103073)|HEAP_ALLOCATE|[13]|Bytes:4
10:32:27.0 (10572565)|SOQL_EXECUTE_BEGIN|[13]|Aggregations:1|SELECT Id, Name, Leave_Remaining_Monday__c, Leave_Remaining_Tuesday__c, Leave_Remaining_Wednesday__c, Leave_Remaining_Thursday__c, Leave_Remaining_Friday__c, Leave_Remaining_Saturday__c, Leave_Remaining_Sunday__c, (SELECT id, Name, Leave_Date__c FROM Leave__r) FROM Opportunity WHERE AccountId = :tmpVar1
10:32:27.0 (10589420)|LIMIT_USAGE|[13]|SOQL|2|100
10:32:27.0 (10598266)|LIMIT_USAGE|[13]|AGGS|1|300
10:32:27.0 (32421319)|SOQL_EXECUTE_END|[13]|Rows:3
10:32:27.0 (32450845)|LIMIT_USAGE|[13]|SOQL_ROWS|18|50000
10:32:27.0 (32464028)|HEAP_ALLOCATE|[13]|Bytes:16
10:32:27.0 (32517735)|HEAP_ALLOCATE|[13]|Bytes:3131
10:32:27.0 (32609838)|HEAP_ALLOCATE|[13]|Bytes:16
10:32:27.0 (32630054)|VARIABLE_SCOPE_BEGIN|[13]|accBusiness|List<Opportunity>|true|false
10:32:27.0 (32805198)|VARIABLE_ASSIGNMENT|[13]|accBusiness|{"s":1,"v":[{"s":2,"v":{"Id":"006p0000003Y9K0AAK","Name":"Test AccBusiness2","Leave_Remaining_Mond (5 more) ...":3,"Leave_Remaining_Tues (6 more) ...":2,"Leave_Remaining_Wedn (8 more) ...":1,"Leave_Remaining_Thur (7 more) ...":1,"Leave_Remaining_Frid (5 more) ...":2,"Leave_Remaining_Satu (7 more) ...":3,"Leave_Remaining_Sund (5 more) ...":3,"Leave__r":[{"s":3,"v":{"Account_Business__c":"006p0000003Y9K0AAK","Id":"a02p0000002kJsQAAU","Name":"L-000000016","Leave_Date__c":"2016-09-14T00:00:00.000Z"}},{"s":4,"v":{"Account_Business__c":"006p0000003Y9K0AAK","Id":"a02p0000002kJsVAAU","Name":"L-000000017","Leave_Date__c":"2016-09-16T00:00:00.000Z"}},{"s":5,"v":{"Account_Business__c":"006p0000003Y9K0AAK","Id":"a02p0000002kL9gAAE","Name":"L-000000020","Leave_Date__c":"2016-09-21T00:00:00.000Z"}},{"s":6,"v":{"Account_Business__c":"006p0000003Y9K0AAK","Id":"a02p0000002kOE3AAM","Name":"L-000000025","Leave_Date__c":"2016-09-15T00:00:00.000Z"}},{"s":7,"v":{"Account_Business__c":"006p0000003Y9K0AAK","Id":"a02p0000002kOH2AAM","Name":"L-000000027","Leave_Date__c":"2016-09-15T00:00:00.000Z"}},{"s":8,"v":{"Account_Business__c":"006p0000003Y9K0AAK","Id":"a02p0000002kOHCAA2","Name":"L-000000028","Leave_Date__c":"2016-09-27T00:00:00.000Z"}}]}},{"s":9,"v":{"Id":"006p0000003Y9KAAA0","Name":"Test AccBusiness3","Leave_Remaining_Mond (5 more) ...":0,"Leave_Remaining_Tues (6 more) ...":0,"Leave_Remaining_Wedn (8 more) ...":0,"Leave_Remaining_Thur (7 more) ...":-2,"Leave_Remaining_Frid (5 more) ...":0,"Leave_Remaining_Satu (7 more) ...":-1,"Leave_Remaining_Sund (5 more) ...":-2,"Leave__r":[{"s":10,"v":{"Account_Business__c":"006p0000003Y9KAAA0","Id":"a02p0000002kJsaAAE","Name":"L-000000018","Leave_Date__c":"2016-09-17T00:00:00.000Z"}},{"s":11,"v":{"Account_Business__c":"006p0000003Y9KAAA0","Id":"a02p0000002kOGJAA2","Name":"L-000000026","Leave_Date__c":"2016-09-25T00:00:00.000Z"}},{"s":12,"v":{"Account_Business__c":"006p0000003Y9KAAA0","Id":"a02p0000002kNUXAA2","Name":"L-000000024","Leave_Date__c":"2016-09-15T00:00:00.000Z"}},{"s":13,"v":{"Account_Business__c":"006p0000003Y9KAAA0","Id":"a02p0000002kJspAAE","Name":"L-000000019","Leave_Date__c":"2016-09-18T00:00:00.000Z"}},{"s":14,"v":{"Account_Business__c":"006p0000003Y9KAAA0","Id":"a02p0000002kNQ1AAM","Name":"L-000000022","Leave_Date__c":"2016-09-22T00:00:00.000Z"}}]}},{"s":15,"v":{"Id":"006p0000003Y9JvAAK","Name":"Test AccountBusiness (1 more) ...","Leave_Remaining_Mond (5 more) ...":3,"Leave_Remaining_Tues (6 more) ...":3,"Leave_Remaining_Wedn (8 more) ...":4,"Leave_Remaining_Thur (7 more) ...":3,"Leave_Remaining_Frid (5 more) ...":4,"Leave_Remaining_Satu (7 more) ...":4,"Leave_Remaining_Sund (5 more) ...":4,"Leave__r":[{"s":16,"v":{"Account_Business__c":"006p0000003Y9JvAAK","Id":"a02p0000002kJsLAAU","Name":"L-000000015","Leave_Date__c":"2016-09-19T00:00:00.000Z"}},{"s":17,"v":{"Account_Business__c":"006p0000003Y9JvAAK","Id":"a02p0000002kJsBAAU","Name":"L-000000014","Leave_Date__c":"2016-09-15T00:00:00.000Z"}},{"s":18,"v":{"Account_Business__c":"006p0000003Y9JvAAK","Id":"a02p0000002kNQ6AAM","Name":"L-000000023","Leave_Date__c":"2016-09-27T00:00:00.000Z"}}]}}]}|0x2c6b3550
10:32:27.0 (32824902)|STATEMENT_EXECUTE|[19]
10:32:27.0 (32830701)|HEAP_ALLOCATE|[19]|Bytes:12
10:32:27.0 (33025351)|HEAP_ALLOCATE|[19]|Bytes:823
10:32:27.0 (33050417)|HEAP_ALLOCATE|[19]|Bytes:835
10:32:27.0 (33083447)|USER_DEBUG|[19]|DEBUG|accBusiness (Opportunity:{Id=006p0000003Y9K0AAK, Name=Test AccBusiness2, Leave_Remaining_Monday__c=3, Leave_Remaining_Tuesday__c=2, Leave_Remaining_Wednesday__c=1, Leave_Remaining_Thursday__c=1, Leave_Remaining_Friday__c=2, Leave_Remaining_Saturday__c=3, Leave_Remaining_Sunday__c=3}, Opportunity:{Id=006p0000003Y9KAAA0, Name=Test AccBusiness3, Leave_Remaining_Monday__c=0, Leave_Remaining_Tuesday__c=0, Leave_Remaining_Wednesday__c=0, Leave_Remaining_Thursday__c=-2, Leave_Remaining_Friday__c=0, Leave_Remaining_Saturday__c=-1, Leave_Remaining_Sunday__c=-2}, Opportunity:{Id=006p0000003Y9JvAAK, Name=Test AccountBusiness1, Leave_Remaining_Monday__c=3, Leave_Remaining_Tuesday__c=3, Leave_Remaining_Wednesday__c=4, Leave_Remaining_Thursday__c=3, Leave_Remaining_Friday__c=4, Leave_Remaining_Saturday__c=4, Leave_Remaining_Sunday__c=4})
10:32:27.0 (33093830)|STATEMENT_EXECUTE|[20]
10:32:27.0 (33095428)|STATEMENT_EXECUTE|[21]
10:32:27.0 (33100806)|SYSTEM_MODE_EXIT|true
10:32:27.0 (33909667)|SYSTEM_MODE_EXIT|false
10:32:27.33 (33961187)|CUMULATIVE_LIMIT_USAGE
10:32:27.33 (33961187)|LIMIT_USAGE_FOR_NS|(default)|
  Number of SOQL queries: 2 out of 100
  Number of query rows: 18 out of 50000
  Number of SOSL queries: 0 out of 20
  Number of DML statements: 0 out of 150
  Number of DML rows: 0 out of 10000
  Maximum CPU time: 0 out of 10000
  Maximum heap size: 0 out of 6000000
  Number of callouts: 0 out of 100
  Number of Email Invocations: 0 out of 10
  Number of future calls: 0 out of 50
  Number of queueable jobs added to the queue: 0 out of 50
  Number of Mobile Apex push calls: 0 out of 10

10:32:27.33 (33961187)|TOTAL_EMAIL_RECIPIENTS_QUEUED|0
10:32:27.33 (33961187)|STATIC_VARIABLE_LIST|
  char[]:DigitTens:0
  long:serialVersionUID:0
  long:serialVersionUID:0
  String:_sfdcAdditionalCodeLocations:0
  double:MAX_VALUE:0
  Boolean:FALSE:0
  long:serialVersionUID:0
  String:_sfdcSuppressedCodeLocations:0
  double:MIN_VALUE:0
  int:SIZE:0
  double:NEGATIVE_INFINITY:0
  int:MAX_VALUE:0
  String:_sfdcAdditionalCodeLocations:0
  char[]:digits:0
  double:NaN:0
  Boolean:TRUE:0
  int:MIN_VALUE:0
  char[]:DigitOnes:0
  int:BYTES:0
  int:MIN_EXPONENT:0
  int[]:sizeTable:0
  int:MAX_EXPONENT:0
  int:SIZE:0
  double:POSITIVE_INFINITY:0
  double:MIN_NORMAL:0
  int:BYTES:0

10:32:27.33 (33961187)|CUMULATIVE_LIMIT_USAGE_END

10:32:27.0 (34107707)|CODE_UNIT_FINISHED|LeaveController.getAccountBusiness
10:32:27.0 (35973650)|EXECUTION_FINISHED
10:32:27.40 (40172222)|CUMULATIVE_PROFILING_BEGIN
10:32:27.40 (40172222)|CUMULATIVE_PROFILING|SOQL operations|
Class.LeaveController.getAccountBusiness: line 13, column 1: [SELECT Id,Name,Leave_Remaining_Monday__c,Leave_Remaining_Tuesday__c,Leave_Remaining_Wednesday__c,
                                             Leave_Remaining_Thursday__c,Leave_Remaining_Friday__c,Leave_Remaining_Saturday__c,Leave_Remaining_Sunday__c
                                             , (select id, Name,Leave_Date__c from Leave__r)
                                             FROM Opportunity
                                             WHERE AccountId  = :accId]: executed 1 time in 26 ms

10:32:27.40 (40172222)|CUMULATIVE_PROFILING|No profiling information for SOSL operations
10:32:27.40 (40172222)|CUMULATIVE_PROFILING|No profiling information for DML operations
10:32:27.40 (40172222)|CUMULATIVE_PROFILING|method invocations|
External entry point: public static List<Opportunity> getAccountBusiness(): executed 1 time in 34 ms
Class.LeaveController.getAccountId: line 4, column 1: global static String getUserId(): executed 2 times in 5 ms
Class.LeaveController.getAccountBusiness: line 11, column 1: public static String getAccountId(): executed 1 time in 5 ms
Class.LeaveController.getAccountBusiness: line 19, column 1: public static String valueOf(Object): executed 2 times in 0 ms

10:32:27.40 (40172222)|CUMULATIVE_PROFILING_END
