38.0 APEX_CODE,FINEST;APEX_PROFILING,FINEST;CALLOUT,FINEST;DB,FINEST;SYSTEM,DEBUG;VALIDATION,INFO;VISUALFORCE,FINER;WORKFLOW,FINER
10:27:14.0 (512025)|USER_INFO|[EXTERNAL]|00528000004DSFj|resmi.ramakrishnan@qvmtest.com.devmerge|Australian Eastern Standard Time|GMT+10:00
10:27:14.0 (550323)|EXECUTION_STARTED
10:27:14.0 (557223)|CODE_UNIT_STARTED|[EXTERNAL]|066p00000004sPO|VF: /apex/DownloadABAFilePage
10:27:14.0 (2394854)|VF_APEX_CALL_START|[EXTERNAL]|01pp0000000EVMb|DownloadABAFileController <init>
10:27:14.0 (2412447)|SYSTEM_MODE_ENTER|true
10:27:14.0 (2988128)|HEAP_ALLOCATE|[72]|Bytes:3
10:27:14.0 (3056246)|HEAP_ALLOCATE|[77]|Bytes:152
10:27:14.0 (3080104)|HEAP_ALLOCATE|[342]|Bytes:408
10:27:14.0 (3100136)|HEAP_ALLOCATE|[355]|Bytes:408
10:27:14.0 (3118987)|HEAP_ALLOCATE|[467]|Bytes:48
10:27:14.0 (3153931)|HEAP_ALLOCATE|[139]|Bytes:6
10:27:14.0 (3178791)|HEAP_ALLOCATE|[EXTERNAL]|Bytes:152
10:27:14.0 (3183589)|HEAP_ALLOCATE|[EXTERNAL]|Bytes:10
10:27:14.0 (3186187)|HEAP_ALLOCATE|[EXTERNAL]|Bytes:14
10:27:14.0 (3199746)|METHOD_ENTRY|[1]|01pp0000000EVMb|DownloadABAFileController.DownloadABAFileController()
10:27:14.0 (3203262)|STATEMENT_EXECUTE|[1]
10:27:14.0 (3208381)|STATEMENT_EXECUTE|[1]
10:27:14.0 (3213502)|METHOD_EXIT|[1]|DownloadABAFileController
10:27:14.0 (3268919)|HEAP_ALLOCATE|[EXTERNAL]|Bytes:24
10:27:14.0 (3293137)|VARIABLE_SCOPE_BEGIN|[9]|this|DownloadABAFileController|true|false
10:27:14.0 (3366148)|VARIABLE_ASSIGNMENT|[9]|this|{}|0x10ff323b
10:27:14.0 (3373619)|VARIABLE_SCOPE_BEGIN|[9]|stdController|ApexPages.StandardController|true|false
10:27:14.0 (3532992)|VARIABLE_ASSIGNMENT|[9]|stdController|"StandardController [null]"|0x177a6775
10:27:14.0 (3541727)|STATEMENT_EXECUTE|[1]
10:27:14.0 (3543436)|STATEMENT_EXECUTE|[3]
10:27:14.0 (3544935)|STATEMENT_EXECUTE|[4]
10:27:14.0 (3546008)|STATEMENT_EXECUTE|[5]
10:27:14.0 (3546881)|STATEMENT_EXECUTE|[6]
10:27:14.0 (3547869)|STATEMENT_EXECUTE|[7]
10:27:14.0 (3558055)|HEAP_ALLOCATE|[11]|Bytes:6
10:27:14.0 (3605192)|STATEMENT_EXECUTE|[10]
10:27:14.0 (3607505)|STATEMENT_EXECUTE|[11]
10:27:14.0 (3687558)|HEAP_ALLOCATE|[11]|Bytes:17
10:27:14.0 (3743874)|VARIABLE_ASSIGNMENT|[EXTERNAL]|this|{}|0x10ff323b
10:27:14.0 (3753238)|VARIABLE_ASSIGNMENT|[EXTERNAL]|value|"                 "
10:27:14.0 (3766492)|VARIABLE_ASSIGNMENT|[6]|this.emptyString17|"                 "|0x10ff323b
10:27:14.0 (3773894)|STATEMENT_EXECUTE|[12]
10:27:14.0 (3777154)|HEAP_ALLOCATE|[12]|Bytes:1
10:27:14.0 (3832584)|VARIABLE_ASSIGNMENT|[EXTERNAL]|this|{"emptyString17":"                 "}|0x10ff323b
10:27:14.0 (3840647)|VARIABLE_ASSIGNMENT|[EXTERNAL]|value|"\n"
10:27:14.0 (3848179)|VARIABLE_ASSIGNMENT|[7]|this.newLine|"\n"|0x10ff323b
10:27:14.0 (3855503)|STATEMENT_EXECUTE|[13]
10:27:14.0 (16960547)|HEAP_ALLOCATE|[13]|Bytes:12
10:27:14.0 (17063034)|VARIABLE_ASSIGNMENT|[13]|this.batchlobObj|{"s":1,"v":{"Id":"a01p0000002pSpRAAU","RecordTypeId":"012p0000000CggNAAS"}}|0x10ff323b
10:27:14.0 (17070620)|STATEMENT_EXECUTE|[14]
10:27:14.0 (17190923)|HEAP_ALLOCATE|[14]|Bytes:12
10:27:14.0 (17370467)|VARIABLE_ASSIGNMENT|[14]|this.recId|"a01p0000002pSpRAAU"|0x10ff323b
10:27:14.0 (17420181)|VF_APEX_CALL_END|DownloadABAFileController <init>
10:27:14.0 (17592776)|VF_APEX_CALL_START|[EXTERNAL]|01pp0000000EVMb|DownloadABAFileController invoke(fetch)
10:27:14.0 (17663996)|HEAP_ALLOCATE|[EXTERNAL]|Bytes:24
10:27:14.0 (17680592)|VARIABLE_SCOPE_BEGIN|[17]|this|DownloadABAFileController|true|false
10:27:14.0 (17801323)|VARIABLE_ASSIGNMENT|[17]|this|{"batchlobObj":"0x65781610","emptyString17":"                 ","newLine":"\n","recId":"a01p0000002pSpRAAU"}|0x10ff323b
10:27:14.0 (17818864)|STATEMENT_EXECUTE|[18]
10:27:14.0 (17821398)|STATEMENT_EXECUTE|[20]
10:27:14.0 (17826616)|HEAP_ALLOCATE|[20]|Bytes:200
10:27:14.0 (17850046)|HEAP_ALLOCATE|[20]|Bytes:4
10:27:14.0 (17897496)|HEAP_ALLOCATE|[50]|Bytes:5
10:27:14.0 (17923995)|HEAP_ALLOCATE|[56]|Bytes:5
10:27:14.0 (17932504)|HEAP_ALLOCATE|[64]|Bytes:7
10:27:14.0 (18301638)|SOQL_EXECUTE_BEGIN|[20]|Aggregations:0|SELECT Financial_Institution__c, Name_Of_User__c, User_Identification_Number__c, Description__c, Date_to_be_Processed__c FROM Qvm_ABA_File_Generator__c WHERE Name = 'ABA File Header Generator' LIMIT 1
10:27:14.0 (18314734)|LIMIT_USAGE|[20]|SOQL|1|100
10:27:14.0 (18328496)|LIMIT_USAGE|[20]|AGGS|0|300
10:27:14.0 (36280402)|SOQL_EXECUTE_END|[20]|Rows:1
10:27:14.0 (36296842)|LIMIT_USAGE|[20]|SOQL_ROWS|1|50000
10:27:14.0 (36319409)|HEAP_ALLOCATE|[20]|Bytes:8
10:27:14.0 (36350386)|HEAP_ALLOCATE|[20]|Bytes:254
10:27:14.0 (36508611)|HEAP_ALLOCATE|[20]|Bytes:8
10:27:14.0 (36530742)|HEAP_ALLOCATE|[20]|Bytes:51
10:27:14.0 (36655838)|HEAP_ALLOCATE|[20]|Bytes:28
10:27:14.0 (36913543)|VARIABLE_ASSIGNMENT|[EXTERNAL]|this|{"batchlobObj":"0x65781610","emptyString17":"                 ","newLine":"\n","recId":"a01p0000002pSpRAAU"}|0x10ff323b
10:27:14.0 (36949225)|VARIABLE_ASSIGNMENT|[EXTERNAL]|value|{"s":1,"v":{"Financial_Institutio (4 more) ...":"NAB","Name_Of_User__c":"Queen Victoria Marke (1 more) ...","User_Identification_ (9 more) ...":128006,"Description__c":"TEST","Date_to_be_Processed (3 more) ...":170316,"Id":"a0bp0000001ZYpaAAG"}}|0x125c7ae1
10:27:14.0 (36974741)|VARIABLE_ASSIGNMENT|[5]|this.qvmABAFileObj|{"s":1,"v":{"Financial_Institutio (4 more) ...":"NAB","Name_Of_User__c":"Queen Victoria Marke (1 more) ...","User_Identification_ (9 more) ...":128006,"Description__c":"TEST","Date_to_be_Processed (3 more) ...":170316,"Id":"a0bp0000001ZYpaAAG"}}|0x10ff323b
10:27:14.0 (36987949)|STATEMENT_EXECUTE|[23]
10:27:14.0 (36993075)|HEAP_ALLOCATE|[23]|Bytes:5
10:27:14.0 (37125034)|VARIABLE_ASSIGNMENT|[EXTERNAL]|this|{"batchlobObj":"0x65781610","emptyString17":"                 ","newLine":"\n","qvmABAFileObj":"0x125c7ae1","recId":"a01p0000002pSpRAAU"}|0x10ff323b
10:27:14.0 (37196156)|HEAP_ALLOCATE|[23]|Bytes:8
10:27:14.0 (37233497)|USER_DEBUG|[23]|DEBUG|TTTT=NAB
10:27:14.0 (37239984)|STATEMENT_EXECUTE|[24]
10:27:14.0 (37358942)|VARIABLE_ASSIGNMENT|[EXTERNAL]|this|{"batchlobObj":"0x65781610","emptyString17":"                 ","newLine":"\n","qvmABAFileObj":"0x125c7ae1","recId":"a01p0000002pSpRAAU"}|0x10ff323b
10:27:14.0 (37406880)|HEAP_ALLOCATE|[24]|Bytes:26
10:27:14.0 (37425074)|USER_DEBUG|[24]|DEBUG|TTTT=Queen Victoria Market
10:27:14.0 (37432431)|STATEMENT_EXECUTE|[25]
10:27:14.0 (37573277)|VARIABLE_ASSIGNMENT|[EXTERNAL]|this|{"batchlobObj":"0x65781610","emptyString17":"                 ","newLine":"\n","qvmABAFileObj":"0x125c7ae1","recId":"a01p0000002pSpRAAU"}|0x10ff323b
10:27:14.0 (37696484)|HEAP_ALLOCATE|[25]|Bytes:6
10:27:14.0 (37717183)|HEAP_ALLOCATE|[25]|Bytes:11
10:27:14.0 (37733460)|USER_DEBUG|[25]|DEBUG|TTTT=128006
10:27:14.0 (37741533)|STATEMENT_EXECUTE|[26]
10:27:14.0 (37899891)|VARIABLE_ASSIGNMENT|[EXTERNAL]|this|{"batchlobObj":"0x65781610","emptyString17":"                 ","newLine":"\n","qvmABAFileObj":"0x125c7ae1","recId":"a01p0000002pSpRAAU"}|0x10ff323b
10:27:14.0 (37949721)|HEAP_ALLOCATE|[26]|Bytes:9
10:27:14.0 (37968335)|USER_DEBUG|[26]|DEBUG|TTTT=TEST
10:27:14.0 (37977479)|STATEMENT_EXECUTE|[27]
10:27:14.0 (38128914)|VARIABLE_ASSIGNMENT|[EXTERNAL]|this|{"batchlobObj":"0x65781610","emptyString17":"                 ","newLine":"\n","qvmABAFileObj":"0x125c7ae1","recId":"a01p0000002pSpRAAU"}|0x10ff323b
10:27:14.0 (38196615)|HEAP_ALLOCATE|[27]|Bytes:6
10:27:14.0 (38217215)|HEAP_ALLOCATE|[27]|Bytes:11
10:27:14.0 (38234012)|USER_DEBUG|[27]|DEBUG|TTTT=170316
10:27:14.0 (38315627)|VF_APEX_CALL_END|DownloadABAFileController invoke(fetch)
10:27:14.0 (40002925)|VF_APEX_CALL_START|[EXTERNAL]|01pp0000000EVMb|DownloadABAFileController get(emptyString17)
10:27:14.0 (40019571)|SYSTEM_MODE_ENTER|true
10:27:14.0 (40041934)|VF_APEX_CALL_START|[EXTERNAL]|01pp0000000EVMb|emptyString17
10:27:14.0 (40057847)|VF_APEX_CALL_END|emptyString17
10:27:14.0 (40075871)|VF_APEX_CALL_END|DownloadABAFileController get(emptyString17)
10:27:14.0 (40197805)|VF_APEX_CALL_START|[EXTERNAL]|01pp0000000EVMb|DownloadABAFileController get(qvmABAFileObj)
10:27:14.0 (40205458)|SYSTEM_MODE_ENTER|true
10:27:14.0 (40216564)|VF_APEX_CALL_START|[EXTERNAL]|01pp0000000EVMb|qvmABAFileObj
10:27:14.0 (40229137)|VF_APEX_CALL_END|qvmABAFileObj
10:27:14.0 (40243913)|VF_APEX_CALL_END|DownloadABAFileController get(qvmABAFileObj)
10:27:14.0 (40874669)|VF_APEX_CALL_START|[EXTERNAL]|01pp0000000EVMb|DownloadABAFileController get(newLine)
10:27:14.0 (40882389)|SYSTEM_MODE_ENTER|true
10:27:14.0 (40893336)|VF_APEX_CALL_START|[EXTERNAL]|01pp0000000EVMb|newLine
10:27:14.0 (40905750)|VF_APEX_CALL_END|newLine
10:27:14.0 (40920168)|VF_APEX_CALL_END|DownloadABAFileController get(newLine)
10:27:14.44 (44705870)|CUMULATIVE_LIMIT_USAGE
10:27:14.44 (44705870)|LIMIT_USAGE_FOR_NS|(default)|
  Number of SOQL queries: 1 out of 100
  Number of query rows: 1 out of 50000
  Number of SOSL queries: 0 out of 20
  Number of DML statements: 0 out of 150
  Number of DML rows: 0 out of 10000
  Maximum CPU time: 0 out of 10000
  Maximum heap size: 0 out of 6000000
  Number of callouts: 0 out of 100
  Number of Email Invocations: 0 out of 10
  Number of future calls: 0 out of 50
  Number of queueable jobs added to the queue: 0 out of 50
  Number of Mobile Apex push calls: 0 out of 10

10:27:14.44 (44705870)|TOTAL_EMAIL_RECIPIENTS_QUEUED|0
10:27:14.44 (44705870)|STATIC_VARIABLE_LIST|
  char[]:DigitTens:0
  long:serialVersionUID:0
  long:serialVersionUID:0
  String:_sfdcAdditionalCodeLocations:0
  double:MAX_VALUE:0
  Boolean:FALSE:0
  long:serialVersionUID:0
  double:MIN_VALUE:0
  int:SIZE:0
  double:NEGATIVE_INFINITY:0
  int:MAX_VALUE:0
  String:__sfdcProperties:0
  char[]:digits:0
  String:_sfdcSuppressedCodeLocations:0
  double:NaN:0
  Boolean:TRUE:0
  int:MIN_VALUE:0
  char[]:DigitOnes:0
  int:BYTES:0
  int:MIN_EXPONENT:0
  int[]:sizeTable:0
  int:MAX_EXPONENT:0
  String:_sfdcAdditionalCodeLocations:0
  int:SIZE:0
  double:POSITIVE_INFINITY:0
  double:MIN_NORMAL:0
  int:BYTES:0

10:27:14.44 (44705870)|CUMULATIVE_LIMIT_USAGE_END

10:27:14.0 (44874124)|CODE_UNIT_FINISHED|VF: /apex/DownloadABAFilePage
10:27:14.0 (46343622)|EXECUTION_FINISHED
10:27:14.49 (49479550)|CUMULATIVE_PROFILING_BEGIN
10:27:14.49 (49479550)|CUMULATIVE_PROFILING|SOQL operations|
Class.DownloadABAFileController.fetch: line 20, column 1: [SELECT Financial_Institution__c,Name_Of_User__c,
                         User_Identification_Number__c,Description__c,Date_to_be_Processed__c 
                         FROM Qvm_ABA_File_Generator__c where Name = 'ABA File Header Generator' LIMIT 1]: executed 2 times in 18 ms

10:27:14.49 (49479550)|CUMULATIVE_PROFILING|No profiling information for SOSL operations
10:27:14.49 (49479550)|CUMULATIVE_PROFILING|No profiling information for DML operations
10:27:14.49 (49479550)|CUMULATIVE_PROFILING|method invocations|
External entry point: public void fetch(): executed 1 time in 20 ms
Class.DownloadABAFileController.<init>: line 13, column 1: global SObject getRecord(): executed 1 time in 13 ms
Class.DownloadABAFileController.fetch: line 23, column 1: public Qvm_ABA_File_Generator__c __sfdc_qvmABAFileObj(): executed 2 times in 0 ms
Class.DownloadABAFileController.fetch: line 24, column 1: public Qvm_ABA_File_Generator__c __sfdc_qvmABAFileObj(): executed 2 times in 0 ms
Class.DownloadABAFileController.fetch: line 25, column 1: public Qvm_ABA_File_Generator__c __sfdc_qvmABAFileObj(): executed 3 times in 0 ms
Class.DownloadABAFileController.fetch: line 26, column 1: public Qvm_ABA_File_Generator__c __sfdc_qvmABAFileObj(): executed 2 times in 0 ms
Class.DownloadABAFileController.<init>: line 11, column 1: public String rightPad(Integer): executed 2 times in 0 ms
Class.DownloadABAFileController.fetch: line 27, column 1: public Qvm_ABA_File_Generator__c __sfdc_qvmABAFileObj(): executed 3 times in 0 ms
Class.DownloadABAFileController.<init>: line 12, column 1: public void __sfdc_newLine(String): executed 1 time in 0 ms
Class.DownloadABAFileController.<init>: line 14, column 1: global SObject getRecord(): executed 1 time in 0 ms

10:27:14.49 (49479550)|CUMULATIVE_PROFILING_END
