38.0 APEX_CODE,FINEST;APEX_PROFILING,FINEST;CALLOUT,FINEST;DB,FINEST;SYSTEM,DEBUG;VALIDATION,INFO;VISUALFORCE,FINER;WORKFLOW,FINER
11:05:21.0 (870796)|USER_INFO|[EXTERNAL]|00528000004DSFj|resmi.ramakrishnan@qvmtest.com.devmerge|Australian Eastern Standard Time|GMT+10:00
11:05:21.0 (902357)|EXECUTION_STARTED
11:05:21.0 (907639)|CODE_UNIT_STARTED|[EXTERNAL]|066p00000004sPO|VF: /apex/DownloadABAFilePage
11:05:21.0 (2579699)|VF_APEX_CALL_START|[EXTERNAL]|01pp0000000EVMb|DownloadABAFileController <init>
11:05:21.0 (2597443)|SYSTEM_MODE_ENTER|true
11:05:21.0 (3220534)|HEAP_ALLOCATE|[72]|Bytes:3
11:05:21.0 (3273638)|HEAP_ALLOCATE|[77]|Bytes:152
11:05:21.0 (3294496)|HEAP_ALLOCATE|[342]|Bytes:408
11:05:21.0 (3313228)|HEAP_ALLOCATE|[355]|Bytes:408
11:05:21.0 (3331494)|HEAP_ALLOCATE|[467]|Bytes:48
11:05:21.0 (3362939)|HEAP_ALLOCATE|[139]|Bytes:6
11:05:21.0 (3386689)|HEAP_ALLOCATE|[EXTERNAL]|Bytes:188
11:05:21.0 (3391623)|HEAP_ALLOCATE|[EXTERNAL]|Bytes:20
11:05:21.0 (3394124)|HEAP_ALLOCATE|[EXTERNAL]|Bytes:2
11:05:21.0 (3408852)|METHOD_ENTRY|[1]|01pp0000000EVMb|DownloadABAFileController.DownloadABAFileController()
11:05:21.0 (3412407)|STATEMENT_EXECUTE|[1]
11:05:21.0 (3417804)|STATEMENT_EXECUTE|[1]
11:05:21.0 (3423415)|METHOD_EXIT|[1]|DownloadABAFileController
11:05:21.0 (3473542)|HEAP_ALLOCATE|[EXTERNAL]|Bytes:32
11:05:21.0 (3492731)|VARIABLE_SCOPE_BEGIN|[14]|this|DownloadABAFileController|true|false
11:05:21.0 (3558239)|VARIABLE_ASSIGNMENT|[14]|this|{}|0x3decea49
11:05:21.0 (3564607)|VARIABLE_SCOPE_BEGIN|[14]|stdController|ApexPages.StandardController|true|false
11:05:21.0 (3694382)|VARIABLE_ASSIGNMENT|[14]|stdController|"StandardController [null]"|0x4bbd02f7
11:05:21.0 (3705139)|STATEMENT_EXECUTE|[1]
11:05:21.0 (3707111)|STATEMENT_EXECUTE|[3]
11:05:21.0 (3708621)|STATEMENT_EXECUTE|[4]
11:05:21.0 (3709597)|STATEMENT_EXECUTE|[5]
11:05:21.0 (3710519)|STATEMENT_EXECUTE|[8]
11:05:21.0 (3711429)|STATEMENT_EXECUTE|[9]
11:05:21.0 (3712309)|STATEMENT_EXECUTE|[10]
11:05:21.0 (3713271)|STATEMENT_EXECUTE|[11]
11:05:21.0 (3722677)|HEAP_ALLOCATE|[16]|Bytes:6
11:05:21.0 (3766258)|STATEMENT_EXECUTE|[15]
11:05:21.0 (3768348)|STATEMENT_EXECUTE|[16]
11:05:21.0 (10948319)|HEAP_ALLOCATE|[16]|Bytes:12
11:05:21.0 (11004567)|VARIABLE_ASSIGNMENT|[16]|this.batchlobObj|{"s":1,"v":{"Id":"a01p0000002pSpRAAU","RecordTypeId":"012p0000000CggNAAS"}}|0x3decea49
11:05:21.0 (11011034)|STATEMENT_EXECUTE|[17]
11:05:21.0 (11084862)|HEAP_ALLOCATE|[17]|Bytes:12
11:05:21.0 (11220652)|VARIABLE_ASSIGNMENT|[17]|this.recId|"a01p0000002pSpRAAU"|0x3decea49
11:05:21.0 (11225213)|STATEMENT_EXECUTE|[18]
11:05:21.0 (11253699)|METHOD_ENTRY|[18]|01pp0000000EVMb|DownloadABAFileController.FormatStrings()
11:05:21.0 (11286907)|VARIABLE_SCOPE_BEGIN|[35]|this|DownloadABAFileController|true|false
11:05:21.0 (11403944)|VARIABLE_ASSIGNMENT|[35]|this|{"batchlobObj":"0x767623aa","recId":"a01p0000002pSpRAAU"}|0x3decea49
11:05:21.0 (11416617)|STATEMENT_EXECUTE|[36]
11:05:21.0 (11418140)|STATEMENT_EXECUTE|[37]
11:05:21.0 (11484488)|HEAP_ALLOCATE|[37]|Bytes:17
11:05:21.0 (11610975)|VARIABLE_ASSIGNMENT|[EXTERNAL]|this|{"batchlobObj":"0x767623aa","recId":"a01p0000002pSpRAAU"}|0x3decea49
11:05:21.0 (11620927)|VARIABLE_ASSIGNMENT|[EXTERNAL]|value|"                 "
11:05:21.0 (11630005)|VARIABLE_ASSIGNMENT|[8]|this.emptyString17|"                 "|0x3decea49
11:05:21.0 (11637557)|STATEMENT_EXECUTE|[38]
11:05:21.0 (11670751)|HEAP_ALLOCATE|[38]|Bytes:7
11:05:21.0 (11791209)|VARIABLE_ASSIGNMENT|[EXTERNAL]|this|{"batchlobObj":"0x767623aa","emptyString17":"                 ","recId":"a01p0000002pSpRAAU"}|0x3decea49
11:05:21.0 (11801101)|VARIABLE_ASSIGNMENT|[EXTERNAL]|value|"       "
11:05:21.0 (11809854)|VARIABLE_ASSIGNMENT|[9]|this.emptyString7|"       "|0x3decea49
11:05:21.0 (11816951)|STATEMENT_EXECUTE|[39]
11:05:21.0 (11820750)|HEAP_ALLOCATE|[39]|Bytes:2
11:05:21.0 (11952582)|VARIABLE_ASSIGNMENT|[EXTERNAL]|this|{"batchlobObj":"0x767623aa","emptyString17":"                 ","emptyString7":"       ","recId":"a01p0000002pSpRAAU"}|0x3decea49
11:05:21.0 (11963774)|VARIABLE_ASSIGNMENT|[EXTERNAL]|value|"\r\n"
11:05:21.0 (11972564)|VARIABLE_ASSIGNMENT|[10]|this.newLine|"\r\n"|0x3decea49
11:05:21.0 (11980687)|METHOD_EXIT|[18]|01pp0000000EVMb|DownloadABAFileController.FormatStrings()
11:05:21.0 (12004103)|VF_APEX_CALL_END|DownloadABAFileController <init>
11:05:21.0 (12116986)|VF_APEX_CALL_START|[EXTERNAL]|01pp0000000EVMb|DownloadABAFileController invoke(fetch)
11:05:21.0 (12163925)|HEAP_ALLOCATE|[EXTERNAL]|Bytes:32
11:05:21.0 (12173326)|VARIABLE_SCOPE_BEGIN|[21]|this|DownloadABAFileController|true|false
11:05:21.0 (12275433)|VARIABLE_ASSIGNMENT|[21]|this|{"batchlobObj":"0x767623aa","emptyString17":"                 ","emptyString7":"       ","newLine":"\r\n","recId":"a01p0000002pSpRAAU"}|0x3decea49
11:05:21.0 (12283688)|STATEMENT_EXECUTE|[22]
11:05:21.0 (12284954)|STATEMENT_EXECUTE|[23]
11:05:21.0 (12286160)|STATEMENT_EXECUTE|[24]
11:05:21.0 (12287453)|STATEMENT_EXECUTE|[25]
11:05:21.0 (12291080)|HEAP_ALLOCATE|[25]|Bytes:200
11:05:21.0 (12305438)|HEAP_ALLOCATE|[25]|Bytes:4
11:05:21.0 (12336510)|HEAP_ALLOCATE|[50]|Bytes:5
11:05:21.0 (12355365)|HEAP_ALLOCATE|[56]|Bytes:5
11:05:21.0 (12363120)|HEAP_ALLOCATE|[64]|Bytes:7
11:05:21.0 (12635080)|SOQL_EXECUTE_BEGIN|[25]|Aggregations:0|SELECT Financial_Institution__c, Name_Of_User__c, User_Identification_Number__c, Description__c, Date_to_be_Processed__c FROM Qvm_ABA_File_Generator__c WHERE Name = 'ABA File Header Generator' LIMIT 1
11:05:21.0 (12645082)|LIMIT_USAGE|[25]|SOQL|1|100
11:05:21.0 (12655133)|LIMIT_USAGE|[25]|AGGS|0|300
11:05:21.0 (18423909)|SOQL_EXECUTE_END|[25]|Rows:1
11:05:21.0 (18432715)|LIMIT_USAGE|[25]|SOQL_ROWS|1|50000
11:05:21.0 (18445747)|HEAP_ALLOCATE|[25]|Bytes:8
11:05:21.0 (18464551)|HEAP_ALLOCATE|[25]|Bytes:254
11:05:21.0 (18581500)|HEAP_ALLOCATE|[25]|Bytes:8
11:05:21.0 (18595159)|HEAP_ALLOCATE|[25]|Bytes:51
11:05:21.0 (18701639)|HEAP_ALLOCATE|[25]|Bytes:28
11:05:21.0 (18889888)|VARIABLE_ASSIGNMENT|[EXTERNAL]|this|{"batchlobObj":"0x767623aa","emptyString17":"                 ","emptyString7":"       ","newLine":"\r\n","recId":"a01p0000002pSpRAAU"}|0x3decea49
11:05:21.0 (18924133)|VARIABLE_ASSIGNMENT|[EXTERNAL]|value|{"s":1,"v":{"Financial_Institutio (4 more) ...":"NAB","Name_Of_User__c":"Queen Victoria Marke (1 more) ...","User_Identification_ (9 more) ...":128006,"Description__c":"TEST","Date_to_be_Processed (3 more) ...":170316,"Id":"a0bp0000001ZYpaAAG"}}|0x326b4fac
11:05:21.0 (18945214)|VARIABLE_ASSIGNMENT|[5]|this.qvmABAFileObj|{"s":1,"v":{"Financial_Institutio (4 more) ...":"NAB","Name_Of_User__c":"Queen Victoria Marke (1 more) ...","User_Identification_ (9 more) ...":128006,"Description__c":"TEST","Date_to_be_Processed (3 more) ...":170316,"Id":"a0bp0000001ZYpaAAG"}}|0x3decea49
11:05:21.0 (18955151)|STATEMENT_EXECUTE|[28]
11:05:21.0 (19091555)|VARIABLE_ASSIGNMENT|[EXTERNAL]|this|{"batchlobObj":"0x767623aa","emptyString17":"                 ","emptyString7":"       ","newLine":"\r\n","qvmABAFileObj":"0x326b4fac","recId":"a01p0000002pSpRAAU"}|0x3decea49
11:05:21.0 (19167056)|HEAP_ALLOCATE|[28]|Bytes:21
11:05:21.0 (19302693)|VARIABLE_ASSIGNMENT|[EXTERNAL]|this|{"batchlobObj":"0x767623aa","emptyString17":"                 ","emptyString7":"       ","newLine":"\r\n","qvmABAFileObj":"0x326b4fac","recId":"a01p0000002pSpRAAU"}|0x3decea49
11:05:21.0 (19314736)|VARIABLE_ASSIGNMENT|[EXTERNAL]|value|"Queen Victoria Marke (1 more) ..."
11:05:21.0 (19325044)|VARIABLE_ASSIGNMENT|[11]|this.UserName|"Queen Victoria Marke (1 more) ..."|0x3decea49
11:05:21.0 (19375333)|VF_APEX_CALL_END|DownloadABAFileController invoke(fetch)
11:05:21.0 (20742320)|VF_APEX_CALL_START|[EXTERNAL]|01pp0000000EVMb|DownloadABAFileController get(emptyString17)
11:05:21.0 (20755542)|SYSTEM_MODE_ENTER|true
11:05:21.0 (20773199)|VF_APEX_CALL_START|[EXTERNAL]|01pp0000000EVMb|emptyString17
11:05:21.0 (20786899)|VF_APEX_CALL_END|emptyString17
11:05:21.0 (20803041)|VF_APEX_CALL_END|DownloadABAFileController get(emptyString17)
11:05:21.0 (20897825)|VF_APEX_CALL_START|[EXTERNAL]|01pp0000000EVMb|DownloadABAFileController get(qvmABAFileObj)
11:05:21.0 (20905451)|SYSTEM_MODE_ENTER|true
11:05:21.0 (20915691)|VF_APEX_CALL_START|[EXTERNAL]|01pp0000000EVMb|qvmABAFileObj
11:05:21.0 (20927723)|VF_APEX_CALL_END|qvmABAFileObj
11:05:21.0 (20941784)|VF_APEX_CALL_END|DownloadABAFileController get(qvmABAFileObj)
11:05:21.0 (21083037)|VF_APEX_CALL_START|[EXTERNAL]|01pp0000000EVMb|DownloadABAFileController get(emptyString7)
11:05:21.0 (21091460)|SYSTEM_MODE_ENTER|true
11:05:21.0 (21101783)|VF_APEX_CALL_START|[EXTERNAL]|01pp0000000EVMb|emptyString7
11:05:21.0 (21113182)|VF_APEX_CALL_END|emptyString7
11:05:21.0 (21126675)|VF_APEX_CALL_END|DownloadABAFileController get(emptyString7)
11:05:21.0 (21180913)|VF_APEX_CALL_START|[EXTERNAL]|01pp0000000EVMb|DownloadABAFileController get(UserName)
11:05:21.0 (21187935)|SYSTEM_MODE_ENTER|true
11:05:21.0 (21197461)|VF_APEX_CALL_START|[EXTERNAL]|01pp0000000EVMb|UserName
11:05:21.0 (21208509)|VF_APEX_CALL_END|UserName
11:05:21.0 (21221692)|VF_APEX_CALL_END|DownloadABAFileController get(UserName)
11:05:21.0 (21579598)|VF_APEX_CALL_START|[EXTERNAL]|01pp0000000EVMb|DownloadABAFileController get(newLine)
11:05:21.0 (21587066)|SYSTEM_MODE_ENTER|true
11:05:21.0 (21596444)|VF_APEX_CALL_START|[EXTERNAL]|01pp0000000EVMb|newLine
11:05:21.0 (21608044)|VF_APEX_CALL_END|newLine
11:05:21.0 (21621246)|VF_APEX_CALL_END|DownloadABAFileController get(newLine)
11:05:21.25 (25100388)|CUMULATIVE_LIMIT_USAGE
11:05:21.25 (25100388)|LIMIT_USAGE_FOR_NS|(default)|
  Number of SOQL queries: 1 out of 100
  Number of query rows: 1 out of 50000
  Number of SOSL queries: 0 out of 20
  Number of DML statements: 0 out of 150
  Number of DML rows: 0 out of 10000
  Maximum CPU time: 0 out of 10000
  Maximum heap size: 0 out of 6000000
  Number of callouts: 0 out of 100
  Number of Email Invocations: 0 out of 10
  Number of future calls: 0 out of 50
  Number of queueable jobs added to the queue: 0 out of 50
  Number of Mobile Apex push calls: 0 out of 10

11:05:21.25 (25100388)|TOTAL_EMAIL_RECIPIENTS_QUEUED|0
11:05:21.25 (25100388)|STATIC_VARIABLE_LIST|
  char[]:DigitTens:0
  long:serialVersionUID:0
  long:serialVersionUID:0
  String:_sfdcAdditionalCodeLocations:0
  double:MAX_VALUE:0
  Boolean:FALSE:0
  long:serialVersionUID:0
  double:MIN_VALUE:0
  int:SIZE:0
  double:NEGATIVE_INFINITY:0
  int:MAX_VALUE:0
  String:__sfdcProperties:0
  char[]:digits:0
  String:_sfdcSuppressedCodeLocations:0
  double:NaN:0
  Boolean:TRUE:0
  int:MIN_VALUE:0
  char[]:DigitOnes:0
  int:BYTES:0
  int:MIN_EXPONENT:0
  int[]:sizeTable:0
  int:MAX_EXPONENT:0
  String:_sfdcAdditionalCodeLocations:0
  int:SIZE:0
  double:POSITIVE_INFINITY:0
  double:MIN_NORMAL:0
  int:BYTES:0

11:05:21.25 (25100388)|CUMULATIVE_LIMIT_USAGE_END

11:05:21.0 (25246950)|CODE_UNIT_FINISHED|VF: /apex/DownloadABAFilePage
11:05:21.0 (26570457)|EXECUTION_FINISHED
11:05:21.29 (29278399)|CUMULATIVE_PROFILING_BEGIN
11:05:21.29 (29278399)|CUMULATIVE_PROFILING|SOQL operations|
Class.DownloadABAFileController.fetch: line 25, column 1: [SELECT Financial_Institution__c,Name_Of_User__c,
                             User_Identification_Number__c,Description__c,Date_to_be_Processed__c 
                             FROM Qvm_ABA_File_Generator__c where Name = 'ABA File Header Generator' LIMIT 1]: executed 2 times in 6 ms

11:05:21.29 (29278399)|CUMULATIVE_PROFILING|No profiling information for SOSL operations
11:05:21.29 (29278399)|CUMULATIVE_PROFILING|No profiling information for DML operations
11:05:21.29 (29278399)|CUMULATIVE_PROFILING|method invocations|
External entry point: public void fetch(): executed 1 time in 7 ms
Class.DownloadABAFileController.<init>: line 16, column 1: global SObject getRecord(): executed 1 time in 7 ms
Class.DownloadABAFileController.<init>: line 18, column 1: public void FormatStrings(): executed 1 time in 1 ms
Class.DownloadABAFileController.<init>: line 17, column 1: global SObject getRecord(): executed 1 time in 0 ms
Class.DownloadABAFileController.FormatStrings: line 37, column 1: public String rightPad(Integer): executed 2 times in 0 ms
Class.DownloadABAFileController.FormatStrings: line 38, column 1: public String rightPad(Integer): executed 2 times in 0 ms
Class.DownloadABAFileController.FormatStrings: line 39, column 1: public void __sfdc_newLine(String): executed 1 time in 0 ms
Class.DownloadABAFileController.fetch: line 28, column 1: public Qvm_ABA_File_Generator__c __sfdc_qvmABAFileObj(): executed 3 times in 0 ms

11:05:21.29 (29278399)|CUMULATIVE_PROFILING_END
