38.0 APEX_CODE,FINEST;APEX_PROFILING,FINEST;CALLOUT,FINEST;DB,FINEST;SYSTEM,DEBUG;VALIDATION,INFO;VISUALFORCE,FINER;WORKFLOW,FINER
10:38:27.0 (616081)|USER_INFO|[EXTERNAL]|00528000004DSFj|resmi.ramakrishnan@qvmtest.com.devmerge|Australian Eastern Standard Time|GMT+10:00
10:38:27.0 (647686)|EXECUTION_STARTED
10:38:27.0 (652859)|CODE_UNIT_STARTED|[EXTERNAL]|066p00000004sPO|VF: /apex/DownloadABAFilePage
10:38:27.0 (5414484)|VF_APEX_CALL_START|[EXTERNAL]|01pp0000000EVMb|DownloadABAFileController <init>
10:38:27.0 (5436116)|SYSTEM_MODE_ENTER|true
10:38:27.0 (6041122)|HEAP_ALLOCATE|[72]|Bytes:3
10:38:27.0 (6092375)|HEAP_ALLOCATE|[77]|Bytes:152
10:38:27.0 (6113234)|HEAP_ALLOCATE|[342]|Bytes:408
10:38:27.0 (6136498)|HEAP_ALLOCATE|[355]|Bytes:408
10:38:27.0 (6158183)|HEAP_ALLOCATE|[467]|Bytes:48
10:38:27.0 (6189821)|HEAP_ALLOCATE|[139]|Bytes:6
10:38:27.0 (6281372)|HEAP_ALLOCATE|[EXTERNAL]|Bytes:152
10:38:27.0 (6290852)|HEAP_ALLOCATE|[EXTERNAL]|Bytes:10
10:38:27.0 (6295738)|HEAP_ALLOCATE|[EXTERNAL]|Bytes:14
10:38:27.0 (6313847)|METHOD_ENTRY|[1]|01pp0000000EVMb|DownloadABAFileController.DownloadABAFileController()
10:38:27.0 (6320221)|STATEMENT_EXECUTE|[1]
10:38:27.0 (6329035)|STATEMENT_EXECUTE|[1]
10:38:27.0 (6339231)|METHOD_EXIT|[1]|DownloadABAFileController
10:38:27.0 (6347648)|HEAP_ALLOCATE|[EXTERNAL]|Bytes:24
10:38:27.0 (6368077)|VARIABLE_SCOPE_BEGIN|[9]|this|DownloadABAFileController|true|false
10:38:27.0 (6442320)|VARIABLE_ASSIGNMENT|[9]|this|{}|0x2dadfda9
10:38:27.0 (6448948)|VARIABLE_SCOPE_BEGIN|[9]|stdController|ApexPages.StandardController|true|false
10:38:27.0 (6599273)|VARIABLE_ASSIGNMENT|[9]|stdController|"StandardController [null]"|0x7c737bc3
10:38:27.0 (6608198)|STATEMENT_EXECUTE|[1]
10:38:27.0 (6609830)|STATEMENT_EXECUTE|[3]
10:38:27.0 (6611017)|STATEMENT_EXECUTE|[4]
10:38:27.0 (6612073)|STATEMENT_EXECUTE|[5]
10:38:27.0 (6612944)|STATEMENT_EXECUTE|[6]
10:38:27.0 (6613940)|STATEMENT_EXECUTE|[7]
10:38:27.0 (6622221)|HEAP_ALLOCATE|[11]|Bytes:6
10:38:27.0 (6668022)|STATEMENT_EXECUTE|[10]
10:38:27.0 (6670317)|STATEMENT_EXECUTE|[11]
10:38:27.0 (6746469)|HEAP_ALLOCATE|[11]|Bytes:17
10:38:27.0 (6787715)|VARIABLE_ASSIGNMENT|[EXTERNAL]|this|{}|0x2dadfda9
10:38:27.0 (6795774)|VARIABLE_ASSIGNMENT|[EXTERNAL]|value|"                 "
10:38:27.0 (6805401)|VARIABLE_ASSIGNMENT|[6]|this.emptyString17|"                 "|0x2dadfda9
10:38:27.0 (6811307)|STATEMENT_EXECUTE|[12]
10:38:27.0 (6814583)|HEAP_ALLOCATE|[12]|Bytes:2
10:38:27.0 (6858759)|VARIABLE_ASSIGNMENT|[EXTERNAL]|this|{"emptyString17":"                 "}|0x2dadfda9
10:38:27.0 (6868324)|VARIABLE_ASSIGNMENT|[EXTERNAL]|value|"\r\n"
10:38:27.0 (6880671)|VARIABLE_ASSIGNMENT|[7]|this.newLine|"\r\n"|0x2dadfda9
10:38:27.0 (6891148)|STATEMENT_EXECUTE|[13]
10:38:27.0 (14664914)|HEAP_ALLOCATE|[13]|Bytes:12
10:38:27.0 (14705618)|VARIABLE_ASSIGNMENT|[13]|this.batchlobObj|{"s":1,"v":{"Id":"a01p0000002pSpRAAU","RecordTypeId":"012p0000000CggNAAS"}}|0x2dadfda9
10:38:27.0 (14710146)|STATEMENT_EXECUTE|[14]
10:38:27.0 (14759656)|HEAP_ALLOCATE|[14]|Bytes:12
10:38:27.0 (14865381)|VARIABLE_ASSIGNMENT|[14]|this.recId|"a01p0000002pSpRAAU"|0x2dadfda9
10:38:27.0 (14891252)|VF_APEX_CALL_END|DownloadABAFileController <init>
10:38:27.0 (14991642)|VF_APEX_CALL_START|[EXTERNAL]|01pp0000000EVMb|DownloadABAFileController invoke(fetch)
10:38:27.0 (15021616)|HEAP_ALLOCATE|[EXTERNAL]|Bytes:24
10:38:27.0 (15029911)|VARIABLE_SCOPE_BEGIN|[17]|this|DownloadABAFileController|true|false
10:38:27.0 (15128617)|VARIABLE_ASSIGNMENT|[17]|this|{"batchlobObj":"0x746a3163","emptyString17":"                 ","newLine":"\r\n","recId":"a01p0000002pSpRAAU"}|0x2dadfda9
10:38:27.0 (15142112)|STATEMENT_EXECUTE|[18]
10:38:27.0 (15144083)|STATEMENT_EXECUTE|[20]
10:38:27.0 (15148087)|HEAP_ALLOCATE|[20]|Bytes:200
10:38:27.0 (15162488)|HEAP_ALLOCATE|[20]|Bytes:4
10:38:27.0 (15191801)|HEAP_ALLOCATE|[50]|Bytes:5
10:38:27.0 (15208476)|HEAP_ALLOCATE|[56]|Bytes:5
10:38:27.0 (15216169)|HEAP_ALLOCATE|[64]|Bytes:7
10:38:27.0 (16227677)|SOQL_EXECUTE_BEGIN|[20]|Aggregations:0|SELECT Financial_Institution__c, Name_Of_User__c, User_Identification_Number__c, Description__c, Date_to_be_Processed__c FROM Qvm_ABA_File_Generator__c WHERE Name = 'ABA File Header Generator' LIMIT 1
10:38:27.0 (16242035)|LIMIT_USAGE|[20]|SOQL|1|100
10:38:27.0 (16250581)|LIMIT_USAGE|[20]|AGGS|0|300
10:38:27.0 (22341983)|SOQL_EXECUTE_END|[20]|Rows:1
10:38:27.0 (22354123)|LIMIT_USAGE|[20]|SOQL_ROWS|1|50000
10:38:27.0 (22375746)|HEAP_ALLOCATE|[20]|Bytes:8
10:38:27.0 (22402598)|HEAP_ALLOCATE|[20]|Bytes:254
10:38:27.0 (22540653)|HEAP_ALLOCATE|[20]|Bytes:8
10:38:27.0 (22551611)|HEAP_ALLOCATE|[20]|Bytes:51
10:38:27.0 (22650019)|HEAP_ALLOCATE|[20]|Bytes:28
10:38:27.0 (22774534)|VARIABLE_ASSIGNMENT|[EXTERNAL]|this|{"batchlobObj":"0x746a3163","emptyString17":"                 ","newLine":"\r\n","recId":"a01p0000002pSpRAAU"}|0x2dadfda9
10:38:27.0 (22798325)|VARIABLE_ASSIGNMENT|[EXTERNAL]|value|{"s":1,"v":{"Financial_Institutio (4 more) ...":"NAB","Name_Of_User__c":"Queen Victoria Marke (1 more) ...","User_Identification_ (9 more) ...":128006,"Description__c":"TEST","Date_to_be_Processed (3 more) ...":170316,"Id":"a0bp0000001ZYpaAAG"}}|0x12b259b9
10:38:27.0 (22817065)|VARIABLE_ASSIGNMENT|[5]|this.qvmABAFileObj|{"s":1,"v":{"Financial_Institutio (4 more) ...":"NAB","Name_Of_User__c":"Queen Victoria Marke (1 more) ...","User_Identification_ (9 more) ...":128006,"Description__c":"TEST","Date_to_be_Processed (3 more) ...":170316,"Id":"a0bp0000001ZYpaAAG"}}|0x2dadfda9
10:38:27.0 (22825461)|STATEMENT_EXECUTE|[23]
10:38:27.0 (22829300)|HEAP_ALLOCATE|[23]|Bytes:5
10:38:27.0 (22944687)|VARIABLE_ASSIGNMENT|[EXTERNAL]|this|{"batchlobObj":"0x746a3163","emptyString17":"                 ","newLine":"\r\n","qvmABAFileObj":"0x12b259b9","recId":"a01p0000002pSpRAAU"}|0x2dadfda9
10:38:27.0 (22990918)|HEAP_ALLOCATE|[23]|Bytes:8
10:38:27.0 (23021645)|USER_DEBUG|[23]|DEBUG|TTTT=NAB
10:38:27.0 (23029474)|STATEMENT_EXECUTE|[24]
10:38:27.0 (23137548)|VARIABLE_ASSIGNMENT|[EXTERNAL]|this|{"batchlobObj":"0x746a3163","emptyString17":"                 ","newLine":"\r\n","qvmABAFileObj":"0x12b259b9","recId":"a01p0000002pSpRAAU"}|0x2dadfda9
10:38:27.0 (23171561)|HEAP_ALLOCATE|[24]|Bytes:26
10:38:27.0 (23186475)|USER_DEBUG|[24]|DEBUG|TTTT=Queen Victoria Market
10:38:27.0 (23192480)|STATEMENT_EXECUTE|[25]
10:38:27.0 (23297544)|VARIABLE_ASSIGNMENT|[EXTERNAL]|this|{"batchlobObj":"0x746a3163","emptyString17":"                 ","newLine":"\r\n","qvmABAFileObj":"0x12b259b9","recId":"a01p0000002pSpRAAU"}|0x2dadfda9
10:38:27.0 (23371869)|HEAP_ALLOCATE|[25]|Bytes:6
10:38:27.0 (23383383)|HEAP_ALLOCATE|[25]|Bytes:11
10:38:27.0 (23395702)|USER_DEBUG|[25]|DEBUG|TTTT=128006
10:38:27.0 (23401554)|STATEMENT_EXECUTE|[26]
10:38:27.0 (23509983)|VARIABLE_ASSIGNMENT|[EXTERNAL]|this|{"batchlobObj":"0x746a3163","emptyString17":"                 ","newLine":"\r\n","qvmABAFileObj":"0x12b259b9","recId":"a01p0000002pSpRAAU"}|0x2dadfda9
10:38:27.0 (23543070)|HEAP_ALLOCATE|[26]|Bytes:9
10:38:27.0 (23557563)|USER_DEBUG|[26]|DEBUG|TTTT=TEST
10:38:27.0 (23563639)|STATEMENT_EXECUTE|[27]
10:38:27.0 (23671898)|VARIABLE_ASSIGNMENT|[EXTERNAL]|this|{"batchlobObj":"0x746a3163","emptyString17":"                 ","newLine":"\r\n","qvmABAFileObj":"0x12b259b9","recId":"a01p0000002pSpRAAU"}|0x2dadfda9
10:38:27.0 (23715553)|HEAP_ALLOCATE|[27]|Bytes:6
10:38:27.0 (23726301)|HEAP_ALLOCATE|[27]|Bytes:11
10:38:27.0 (23738387)|USER_DEBUG|[27]|DEBUG|TTTT=170316
10:38:27.0 (23782221)|VF_APEX_CALL_END|DownloadABAFileController invoke(fetch)
10:38:27.0 (25147231)|VF_APEX_CALL_START|[EXTERNAL]|01pp0000000EVMb|DownloadABAFileController get(emptyString17)
10:38:27.0 (25177228)|SYSTEM_MODE_ENTER|true
10:38:27.0 (25210206)|VF_APEX_CALL_START|[EXTERNAL]|01pp0000000EVMb|emptyString17
10:38:27.0 (25231563)|VF_APEX_CALL_END|emptyString17
10:38:27.0 (25258065)|VF_APEX_CALL_END|DownloadABAFileController get(emptyString17)
10:38:27.0 (25443852)|VF_APEX_CALL_START|[EXTERNAL]|01pp0000000EVMb|DownloadABAFileController get(qvmABAFileObj)
10:38:27.0 (25457569)|SYSTEM_MODE_ENTER|true
10:38:27.0 (25478047)|VF_APEX_CALL_START|[EXTERNAL]|01pp0000000EVMb|qvmABAFileObj
10:38:27.0 (25500743)|VF_APEX_CALL_END|qvmABAFileObj
10:38:27.0 (25522288)|VF_APEX_CALL_END|DownloadABAFileController get(qvmABAFileObj)
10:38:27.0 (26552923)|VF_APEX_CALL_START|[EXTERNAL]|01pp0000000EVMb|DownloadABAFileController get(newLine)
10:38:27.0 (26565891)|SYSTEM_MODE_ENTER|true
10:38:27.0 (26582891)|VF_APEX_CALL_START|[EXTERNAL]|01pp0000000EVMb|newLine
10:38:27.0 (26598844)|VF_APEX_CALL_END|newLine
10:38:27.0 (26617355)|VF_APEX_CALL_END|DownloadABAFileController get(newLine)
10:38:27.30 (30680135)|CUMULATIVE_LIMIT_USAGE
10:38:27.30 (30680135)|LIMIT_USAGE_FOR_NS|(default)|
  Number of SOQL queries: 1 out of 100
  Number of query rows: 1 out of 50000
  Number of SOSL queries: 0 out of 20
  Number of DML statements: 0 out of 150
  Number of DML rows: 0 out of 10000
  Maximum CPU time: 0 out of 10000
  Maximum heap size: 0 out of 6000000
  Number of callouts: 0 out of 100
  Number of Email Invocations: 0 out of 10
  Number of future calls: 0 out of 50
  Number of queueable jobs added to the queue: 0 out of 50
  Number of Mobile Apex push calls: 0 out of 10

10:38:27.30 (30680135)|TOTAL_EMAIL_RECIPIENTS_QUEUED|0
10:38:27.30 (30680135)|STATIC_VARIABLE_LIST|
  char[]:DigitTens:0
  long:serialVersionUID:0
  long:serialVersionUID:0
  String:_sfdcAdditionalCodeLocations:0
  double:MAX_VALUE:0
  Boolean:FALSE:0
  long:serialVersionUID:0
  double:MIN_VALUE:0
  int:SIZE:0
  double:NEGATIVE_INFINITY:0
  int:MAX_VALUE:0
  String:__sfdcProperties:0
  char[]:digits:0
  String:_sfdcSuppressedCodeLocations:0
  double:NaN:0
  Boolean:TRUE:0
  int:MIN_VALUE:0
  char[]:DigitOnes:0
  int:BYTES:0
  int:MIN_EXPONENT:0
  int[]:sizeTable:0
  int:MAX_EXPONENT:0
  String:_sfdcAdditionalCodeLocations:0
  int:SIZE:0
  double:POSITIVE_INFINITY:0
  double:MIN_NORMAL:0
  int:BYTES:0

10:38:27.30 (30680135)|CUMULATIVE_LIMIT_USAGE_END

10:38:27.0 (30866228)|CODE_UNIT_FINISHED|VF: /apex/DownloadABAFilePage
10:38:27.0 (32084031)|EXECUTION_FINISHED
10:38:27.34 (34793389)|CUMULATIVE_PROFILING_BEGIN
10:38:27.34 (34793389)|CUMULATIVE_PROFILING|SOQL operations|
Class.DownloadABAFileController.fetch: line 20, column 1: [SELECT Financial_Institution__c,Name_Of_User__c,
                         User_Identification_Number__c,Description__c,Date_to_be_Processed__c 
                         FROM Qvm_ABA_File_Generator__c where Name = 'ABA File Header Generator' LIMIT 1]: executed 2 times in 7 ms

10:38:27.34 (34793389)|CUMULATIVE_PROFILING|No profiling information for SOSL operations
10:38:27.34 (34793389)|CUMULATIVE_PROFILING|No profiling information for DML operations
10:38:27.34 (34793389)|CUMULATIVE_PROFILING|method invocations|
External entry point: public void fetch(): executed 1 time in 9 ms
Class.DownloadABAFileController.<init>: line 13, column 1: global SObject getRecord(): executed 1 time in 8 ms
Class.DownloadABAFileController.fetch: line 24, column 1: public Qvm_ABA_File_Generator__c __sfdc_qvmABAFileObj(): executed 2 times in 1 ms
Class.DownloadABAFileController.fetch: line 23, column 1: public Qvm_ABA_File_Generator__c __sfdc_qvmABAFileObj(): executed 2 times in 0 ms
Class.DownloadABAFileController.fetch: line 25, column 1: public Qvm_ABA_File_Generator__c __sfdc_qvmABAFileObj(): executed 3 times in 0 ms
Class.DownloadABAFileController.fetch: line 26, column 1: public Qvm_ABA_File_Generator__c __sfdc_qvmABAFileObj(): executed 2 times in 0 ms
Class.DownloadABAFileController.<init>: line 11, column 1: public String rightPad(Integer): executed 2 times in 0 ms
Class.DownloadABAFileController.fetch: line 27, column 1: public Qvm_ABA_File_Generator__c __sfdc_qvmABAFileObj(): executed 3 times in 0 ms
Class.DownloadABAFileController.<init>: line 12, column 1: public void __sfdc_newLine(String): executed 1 time in 0 ms
Class.DownloadABAFileController.<init>: line 14, column 1: global SObject getRecord(): executed 1 time in 0 ms

10:38:27.34 (34793389)|CUMULATIVE_PROFILING_END
