38.0 APEX_CODE,FINEST;APEX_PROFILING,FINEST;CALLOUT,FINEST;DB,FINEST;SYSTEM,DEBUG;VALIDATION,INFO;VISUALFORCE,FINER;WORKFLOW,FINER
11:38:36.0 (555416)|USER_INFO|[EXTERNAL]|00528000004DSFj|resmi.ramakrishnan@qvmtest.com.devmerge|Australian Eastern Standard Time|GMT+10:00
11:38:36.0 (589835)|EXECUTION_STARTED
11:38:36.0 (595088)|CODE_UNIT_STARTED|[EXTERNAL]|066p00000004sPO|VF: /apex/DownloadABAFilePage
11:38:36.0 (6714322)|VF_APEX_CALL_START|[EXTERNAL]|01pp0000000EVMb|DownloadABAFileController <init>
11:38:36.0 (6734507)|SYSTEM_MODE_ENTER|true
11:38:36.0 (7361759)|HEAP_ALLOCATE|[72]|Bytes:3
11:38:36.0 (7403731)|HEAP_ALLOCATE|[77]|Bytes:152
11:38:36.0 (7417571)|HEAP_ALLOCATE|[342]|Bytes:408
11:38:36.0 (7435365)|HEAP_ALLOCATE|[355]|Bytes:408
11:38:36.0 (7452917)|HEAP_ALLOCATE|[467]|Bytes:48
11:38:36.0 (7482243)|HEAP_ALLOCATE|[139]|Bytes:6
11:38:36.0 (7498409)|HEAP_ALLOCATE|[EXTERNAL]|Bytes:188
11:38:36.0 (7503187)|HEAP_ALLOCATE|[EXTERNAL]|Bytes:20
11:38:36.0 (7506082)|HEAP_ALLOCATE|[EXTERNAL]|Bytes:5
11:38:36.0 (7521645)|METHOD_ENTRY|[1]|01pp0000000EVMb|DownloadABAFileController.DownloadABAFileController()
11:38:36.0 (7525641)|STATEMENT_EXECUTE|[1]
11:38:36.0 (7531240)|STATEMENT_EXECUTE|[1]
11:38:36.0 (7537427)|METHOD_EXIT|[1]|DownloadABAFileController
11:38:36.0 (7614931)|HEAP_ALLOCATE|[EXTERNAL]|Bytes:36
11:38:36.0 (7636722)|VARIABLE_SCOPE_BEGIN|[18]|this|DownloadABAFileController|true|false
11:38:36.0 (7722683)|VARIABLE_ASSIGNMENT|[18]|this|{}|0x72624b11
11:38:36.0 (7729291)|VARIABLE_SCOPE_BEGIN|[18]|stdController|ApexPages.StandardController|true|false
11:38:36.0 (7877010)|VARIABLE_ASSIGNMENT|[18]|stdController|"StandardController [null]"|0x477beefd
11:38:36.0 (7885080)|STATEMENT_EXECUTE|[1]
11:38:36.0 (7886294)|STATEMENT_EXECUTE|[3]
11:38:36.0 (7887221)|STATEMENT_EXECUTE|[4]
11:38:36.0 (7888146)|STATEMENT_EXECUTE|[5]
11:38:36.0 (7888970)|STATEMENT_EXECUTE|[8]
11:38:36.0 (7889769)|STATEMENT_EXECUTE|[9]
11:38:36.0 (7890576)|STATEMENT_EXECUTE|[10]
11:38:36.0 (7891758)|STATEMENT_EXECUTE|[11]
11:38:36.0 (7892642)|STATEMENT_EXECUTE|[14]
11:38:36.0 (7901598)|HEAP_ALLOCATE|[14]|Bytes:4
11:38:36.0 (7913939)|VARIABLE_ASSIGNMENT|[14]|this.maxLengthUserName|26|0x72624b11
11:38:36.0 (7922450)|HEAP_ALLOCATE|[14]|Bytes:6
11:38:36.0 (7965802)|STATEMENT_EXECUTE|[19]
11:38:36.0 (7967840)|STATEMENT_EXECUTE|[20]
11:38:36.0 (16686811)|HEAP_ALLOCATE|[20]|Bytes:12
11:38:36.0 (16759703)|VARIABLE_ASSIGNMENT|[20]|this.batchlobObj|{"s":1,"v":{"Id":"a01p0000002pSpRAAU","RecordTypeId":"012p0000000CggNAAS"}}|0x72624b11
11:38:36.0 (16765902)|STATEMENT_EXECUTE|[21]
11:38:36.0 (16830421)|HEAP_ALLOCATE|[21]|Bytes:12
11:38:36.0 (16981296)|VARIABLE_ASSIGNMENT|[21]|this.recId|"a01p0000002pSpRAAU"|0x72624b11
11:38:36.0 (16985532)|STATEMENT_EXECUTE|[23]
11:38:36.0 (17073011)|HEAP_ALLOCATE|[23]|Bytes:17
11:38:36.0 (17246834)|VARIABLE_ASSIGNMENT|[EXTERNAL]|this|{"batchlobObj":"0x4b04ed39","maxLengthUserName":26,"recId":"a01p0000002pSpRAAU"}|0x72624b11
11:38:36.0 (17258082)|VARIABLE_ASSIGNMENT|[EXTERNAL]|value|"                 "
11:38:36.0 (17267352)|VARIABLE_ASSIGNMENT|[8]|this.emptyString17|"                 "|0x72624b11
11:38:36.0 (17274779)|STATEMENT_EXECUTE|[24]
11:38:36.0 (17306753)|HEAP_ALLOCATE|[24]|Bytes:7
11:38:36.0 (17429414)|VARIABLE_ASSIGNMENT|[EXTERNAL]|this|{"batchlobObj":"0x4b04ed39","emptyString17":"                 ","maxLengthUserName":26,"recId":"a01p0000002pSpRAAU"}|0x72624b11
11:38:36.0 (17439328)|VARIABLE_ASSIGNMENT|[EXTERNAL]|value|"       "
11:38:36.0 (17447831)|VARIABLE_ASSIGNMENT|[9]|this.emptyString7|"       "|0x72624b11
11:38:36.0 (17454210)|STATEMENT_EXECUTE|[25]
11:38:36.0 (17457908)|HEAP_ALLOCATE|[25]|Bytes:2
11:38:36.0 (17593562)|VARIABLE_ASSIGNMENT|[EXTERNAL]|this|{"batchlobObj":"0x4b04ed39","emptyString17":"                 ","emptyString7":"       ","maxLengthUserName":26,"recId":"a01p0000002pSpRAAU"}|0x72624b11
11:38:36.0 (17605027)|VARIABLE_ASSIGNMENT|[EXTERNAL]|value|"\r\n"
11:38:36.0 (17613378)|VARIABLE_ASSIGNMENT|[10]|this.newLine|"\r\n"|0x72624b11
11:38:36.0 (17639120)|VF_APEX_CALL_END|DownloadABAFileController <init>
11:38:36.0 (17768994)|VF_APEX_CALL_START|[EXTERNAL]|01pp0000000EVMb|DownloadABAFileController invoke(fetch)
11:38:36.0 (17807522)|HEAP_ALLOCATE|[EXTERNAL]|Bytes:36
11:38:36.0 (17819159)|VARIABLE_SCOPE_BEGIN|[28]|this|DownloadABAFileController|true|false
11:38:36.0 (17923613)|VARIABLE_ASSIGNMENT|[28]|this|{"batchlobObj":"0x4b04ed39","emptyString17":"                 ","emptyString7":"       ","maxLengthUserName":26,"newLine":"\r\n","recId":"a01p0000002pSpRAAU"}|0x72624b11
11:38:36.0 (17937725)|STATEMENT_EXECUTE|[29]
11:38:36.0 (17939173)|STATEMENT_EXECUTE|[30]
11:38:36.0 (17940057)|STATEMENT_EXECUTE|[31]
11:38:36.0 (17941267)|STATEMENT_EXECUTE|[32]
11:38:36.0 (17945182)|HEAP_ALLOCATE|[32]|Bytes:200
11:38:36.0 (17959678)|HEAP_ALLOCATE|[32]|Bytes:4
11:38:36.0 (17990478)|HEAP_ALLOCATE|[50]|Bytes:5
11:38:36.0 (18012111)|HEAP_ALLOCATE|[56]|Bytes:5
11:38:36.0 (18021733)|HEAP_ALLOCATE|[64]|Bytes:7
11:38:36.0 (19309152)|SOQL_EXECUTE_BEGIN|[32]|Aggregations:0|SELECT Financial_Institution__c, Name_Of_User__c, User_Identification_Number__c, Description__c, Date_to_be_Processed__c FROM Qvm_ABA_File_Generator__c WHERE Name = 'ABA File Header Generator' LIMIT 1
11:38:36.0 (19322420)|LIMIT_USAGE|[32]|SOQL|1|100
11:38:36.0 (19334389)|LIMIT_USAGE|[32]|AGGS|0|300
11:38:36.0 (25795132)|SOQL_EXECUTE_END|[32]|Rows:1
11:38:36.0 (25804857)|LIMIT_USAGE|[32]|SOQL_ROWS|1|50000
11:38:36.0 (25822438)|HEAP_ALLOCATE|[32]|Bytes:8
11:38:36.0 (25843458)|HEAP_ALLOCATE|[32]|Bytes:254
11:38:36.0 (25932942)|HEAP_ALLOCATE|[32]|Bytes:8
11:38:36.0 (25945426)|HEAP_ALLOCATE|[32]|Bytes:51
11:38:36.0 (26037964)|HEAP_ALLOCATE|[32]|Bytes:28
11:38:36.0 (26235812)|VARIABLE_ASSIGNMENT|[EXTERNAL]|this|{"batchlobObj":"0x4b04ed39","emptyString17":"                 ","emptyString7":"       ","maxLengthUserName":26,"newLine":"\r\n","recId":"a01p0000002pSpRAAU"}|0x72624b11
11:38:36.0 (26268272)|VARIABLE_ASSIGNMENT|[EXTERNAL]|value|{"s":1,"v":{"Financial_Institutio (4 more) ...":"NAB","Name_Of_User__c":"Queen Victoria Marke (1 more) ...","User_Identification_ (9 more) ...":128006,"Description__c":"TEST","Date_to_be_Processed (3 more) ...":170316,"Id":"a0bp0000001ZYpaAAG"}}|0x9d6d24a
11:38:36.0 (26289546)|VARIABLE_ASSIGNMENT|[5]|this.qvmABAFileObj|{"s":1,"v":{"Financial_Institutio (4 more) ...":"NAB","Name_Of_User__c":"Queen Victoria Marke (1 more) ...","User_Identification_ (9 more) ...":128006,"Description__c":"TEST","Date_to_be_Processed (3 more) ...":170316,"Id":"a0bp0000001ZYpaAAG"}}|0x72624b11
11:38:36.0 (26299674)|STATEMENT_EXECUTE|[36]
11:38:36.0 (26430788)|VARIABLE_ASSIGNMENT|[EXTERNAL]|this|{"batchlobObj":"0x4b04ed39","emptyString17":"                 ","emptyString7":"       ","maxLengthUserName":26,"newLine":"\r\n","qvmABAFileObj":"0x9d6d24a","recId":"a01p0000002pSpRAAU"}|0x72624b11
11:38:36.0 (26497335)|METHOD_ENTRY|[36]|01pp0000000EVMb|DownloadABAFileController.FindExtraSpace(Integer, String)
11:38:36.0 (26505435)|VARIABLE_SCOPE_BEGIN|[47]|this|DownloadABAFileController|true|false
11:38:36.0 (26617305)|VARIABLE_ASSIGNMENT|[47]|this|{"batchlobObj":"0x4b04ed39","emptyString17":"                 ","emptyString7":"       ","maxLengthUserName":26,"newLine":"\r\n","qvmABAFileObj":"0x9d6d24a","recId":"a01p0000002pSpRAAU"}|0x72624b11
11:38:36.0 (26624881)|VARIABLE_SCOPE_BEGIN|[47]|maxLength|Integer|false|false
11:38:36.0 (26630288)|VARIABLE_ASSIGNMENT|[47]|maxLength|26
11:38:36.0 (26633049)|VARIABLE_SCOPE_BEGIN|[47]|actualString|String|false|false
11:38:36.0 (26637784)|VARIABLE_ASSIGNMENT|[47]|actualString|"Queen Victoria Marke (1 more) ..."
11:38:36.0 (26642037)|STATEMENT_EXECUTE|[48]
11:38:36.0 (26643403)|STATEMENT_EXECUTE|[49]
11:38:36.0 (26645739)|VARIABLE_SCOPE_BEGIN|[49]|actuallength|Integer|false|false
11:38:36.0 (26650420)|VARIABLE_ASSIGNMENT|[49]|actuallength|null
11:38:36.0 (26652124)|STATEMENT_EXECUTE|[50]
11:38:36.0 (26653543)|VARIABLE_SCOPE_BEGIN|[50]|extrLength|Integer|false|false
11:38:36.0 (26656313)|VARIABLE_ASSIGNMENT|[50]|extrLength|null
11:38:36.0 (26657812)|STATEMENT_EXECUTE|[51]
11:38:36.0 (26699218)|HEAP_ALLOCATE|[51]|Bytes:4
11:38:36.0 (26706127)|VARIABLE_ASSIGNMENT|[51]|actuallength|21
11:38:36.0 (26708686)|STATEMENT_EXECUTE|[52]
11:38:36.0 (26715036)|HEAP_ALLOCATE|[52]|Bytes:4
11:38:36.0 (26718646)|VARIABLE_ASSIGNMENT|[52]|extrLength|5
11:38:36.0 (26720146)|STATEMENT_EXECUTE|[53]
11:38:36.0 (26726091)|METHOD_EXIT|[36]|01pp0000000EVMb|DownloadABAFileController.FindExtraSpace(Integer, String)
11:38:36.0 (26729840)|VARIABLE_SCOPE_BEGIN|[36]|testExtraSpace|Integer|false|false
11:38:36.0 (26732239)|HEAP_ALLOCATE|[36]|Bytes:4
11:38:36.0 (26735800)|VARIABLE_ASSIGNMENT|[36]|testExtraSpace|5
11:38:36.0 (26737344)|STATEMENT_EXECUTE|[37]
11:38:36.0 (26740930)|HEAP_ALLOCATE|[37]|Bytes:16
11:38:36.0 (26774361)|HEAP_ALLOCATE|[37]|Bytes:1
11:38:36.0 (26791263)|HEAP_ALLOCATE|[37]|Bytes:17
11:38:36.0 (26821158)|USER_DEBUG|[37]|DEBUG|TTTTT ExtraSpace5
11:38:36.0 (26827776)|STATEMENT_EXECUTE|[39]
11:38:36.0 (26858160)|HEAP_ALLOCATE|[39]|Bytes:5
11:38:36.0 (26984204)|VARIABLE_ASSIGNMENT|[EXTERNAL]|this|{"batchlobObj":"0x4b04ed39","emptyString17":"                 ","emptyString7":"       ","maxLengthUserName":26,"newLine":"\r\n","qvmABAFileObj":"0x9d6d24a","recId":"a01p0000002pSpRAAU"}|0x72624b11
11:38:36.0 (26994935)|VARIABLE_ASSIGNMENT|[EXTERNAL]|value|"     "
11:38:36.0 (27003268)|VARIABLE_ASSIGNMENT|[11]|this.UserName|"     "|0x72624b11
11:38:36.0 (27047626)|VF_APEX_CALL_END|DownloadABAFileController invoke(fetch)
11:38:36.0 (28685558)|VF_APEX_CALL_START|[EXTERNAL]|01pp0000000EVMb|DownloadABAFileController get(emptyString17)
11:38:36.0 (28696751)|SYSTEM_MODE_ENTER|true
11:38:36.0 (28712185)|VF_APEX_CALL_START|[EXTERNAL]|01pp0000000EVMb|emptyString17
11:38:36.0 (28722570)|VF_APEX_CALL_END|emptyString17
11:38:36.0 (28737042)|VF_APEX_CALL_END|DownloadABAFileController get(emptyString17)
11:38:36.0 (28841181)|VF_APEX_CALL_START|[EXTERNAL]|01pp0000000EVMb|DownloadABAFileController get(qvmABAFileObj)
11:38:36.0 (28847804)|SYSTEM_MODE_ENTER|true
11:38:36.0 (28856394)|VF_APEX_CALL_START|[EXTERNAL]|01pp0000000EVMb|qvmABAFileObj
11:38:36.0 (28864733)|VF_APEX_CALL_END|qvmABAFileObj
11:38:36.0 (28876228)|VF_APEX_CALL_END|DownloadABAFileController get(qvmABAFileObj)
11:38:36.0 (29008269)|VF_APEX_CALL_START|[EXTERNAL]|01pp0000000EVMb|DownloadABAFileController get(emptyString7)
11:38:36.0 (29015684)|SYSTEM_MODE_ENTER|true
11:38:36.0 (29024368)|VF_APEX_CALL_START|[EXTERNAL]|01pp0000000EVMb|emptyString7
11:38:36.0 (29032857)|VF_APEX_CALL_END|emptyString7
11:38:36.0 (29044109)|VF_APEX_CALL_END|DownloadABAFileController get(emptyString7)
11:38:36.0 (29092109)|VF_APEX_CALL_START|[EXTERNAL]|01pp0000000EVMb|DownloadABAFileController get(UserName)
11:38:36.0 (29098018)|SYSTEM_MODE_ENTER|true
11:38:36.0 (29105969)|VF_APEX_CALL_START|[EXTERNAL]|01pp0000000EVMb|UserName
11:38:36.0 (29113698)|VF_APEX_CALL_END|UserName
11:38:36.0 (29124415)|VF_APEX_CALL_END|DownloadABAFileController get(UserName)
11:38:36.0 (29510714)|VF_APEX_CALL_START|[EXTERNAL]|01pp0000000EVMb|DownloadABAFileController get(newLine)
11:38:36.0 (29516805)|SYSTEM_MODE_ENTER|true
11:38:36.0 (29525256)|VF_APEX_CALL_START|[EXTERNAL]|01pp0000000EVMb|newLine
11:38:36.0 (29533666)|VF_APEX_CALL_END|newLine
11:38:36.0 (29544861)|VF_APEX_CALL_END|DownloadABAFileController get(newLine)
11:38:36.33 (33144167)|CUMULATIVE_LIMIT_USAGE
11:38:36.33 (33144167)|LIMIT_USAGE_FOR_NS|(default)|
  Number of SOQL queries: 1 out of 100
  Number of query rows: 1 out of 50000
  Number of SOSL queries: 0 out of 20
  Number of DML statements: 0 out of 150
  Number of DML rows: 0 out of 10000
  Maximum CPU time: 0 out of 10000
  Maximum heap size: 0 out of 6000000
  Number of callouts: 0 out of 100
  Number of Email Invocations: 0 out of 10
  Number of future calls: 0 out of 50
  Number of queueable jobs added to the queue: 0 out of 50
  Number of Mobile Apex push calls: 0 out of 10

11:38:36.33 (33144167)|TOTAL_EMAIL_RECIPIENTS_QUEUED|0
11:38:36.33 (33144167)|STATIC_VARIABLE_LIST|
  char[]:DigitTens:0
  long:serialVersionUID:0
  long:serialVersionUID:0
  String:_sfdcAdditionalCodeLocations:0
  double:MAX_VALUE:0
  Boolean:FALSE:0
  long:serialVersionUID:0
  double:MIN_VALUE:0
  int:SIZE:0
  double:NEGATIVE_INFINITY:0
  int:MAX_VALUE:0
  String:__sfdcProperties:0
  char[]:digits:0
  String:_sfdcSuppressedCodeLocations:0
  double:NaN:0
  Boolean:TRUE:0
  int:MIN_VALUE:0
  char[]:DigitOnes:0
  int:BYTES:0
  int:MIN_EXPONENT:0
  int[]:sizeTable:0
  int:MAX_EXPONENT:0
  String:_sfdcAdditionalCodeLocations:0
  int:SIZE:0
  double:POSITIVE_INFINITY:0
  double:MIN_NORMAL:0
  int:BYTES:0

11:38:36.33 (33144167)|CUMULATIVE_LIMIT_USAGE_END

11:38:36.0 (33298180)|CODE_UNIT_FINISHED|VF: /apex/DownloadABAFilePage
11:38:36.0 (35127873)|EXECUTION_FINISHED
11:38:36.38 (38277216)|CUMULATIVE_PROFILING_BEGIN
11:38:36.38 (38277216)|CUMULATIVE_PROFILING|SOQL operations|
Class.DownloadABAFileController.fetch: line 32, column 1: [SELECT Financial_Institution__c,Name_Of_User__c,
                             User_Identification_Number__c,Description__c,Date_to_be_Processed__c 
                             FROM Qvm_ABA_File_Generator__c where Name = 'ABA File Header Generator' LIMIT 1]: executed 2 times in 8 ms

11:38:36.38 (38277216)|CUMULATIVE_PROFILING|No profiling information for SOSL operations
11:38:36.38 (38277216)|CUMULATIVE_PROFILING|No profiling information for DML operations
11:38:36.38 (38277216)|CUMULATIVE_PROFILING|method invocations|
External entry point: public void fetch(): executed 1 time in 9 ms
Class.DownloadABAFileController.<init>: line 20, column 1: global SObject getRecord(): executed 1 time in 8 ms
Class.DownloadABAFileController.FindExtraSpace: line 51, column 1: public Integer length(): executed 1 time in 0 ms
Class.DownloadABAFileController.fetch: line 36, column 1: public Qvm_ABA_File_Generator__c __sfdc_qvmABAFileObj(): executed 2 times in 0 ms
Class.DownloadABAFileController.<init>: line 21, column 1: global SObject getRecord(): executed 1 time in 0 ms
Class.DownloadABAFileController.fetch: line 37, column 1: public static String valueOf(Object): executed 2 times in 0 ms
Class.DownloadABAFileController.<init>: line 23, column 1: public String rightPad(Integer): executed 2 times in 0 ms
Class.DownloadABAFileController.fetch: line 39, column 1: public String rightPad(Integer): executed 2 times in 0 ms
Class.DownloadABAFileController.<init>: line 24, column 1: public String rightPad(Integer): executed 2 times in 0 ms
Class.DownloadABAFileController.<init>: line 25, column 1: public void __sfdc_newLine(String): executed 1 time in 0 ms

11:38:36.38 (38277216)|CUMULATIVE_PROFILING_END
