38.0 APEX_CODE,FINEST;APEX_PROFILING,FINEST;CALLOUT,FINEST;DB,FINEST;SYSTEM,DEBUG;VALIDATION,INFO;VISUALFORCE,FINER;WORKFLOW,FINER
11:36:24.0 (558049)|USER_INFO|[EXTERNAL]|005p0000000MSbo|priyanka.manoharan@rxpservices.com.devmerge|Australian Eastern Standard Time|GMT+10:00
11:36:24.0 (589693)|EXECUTION_STARTED
11:36:24.0 (595610)|CODE_UNIT_STARTED|[EXTERNAL]|01pp0000000ETpq|LeaveController.getAccountBusiness
11:36:24.0 (926275)|HEAP_ALLOCATE|[72]|Bytes:3
11:36:24.0 (987614)|HEAP_ALLOCATE|[77]|Bytes:152
11:36:24.0 (1004541)|HEAP_ALLOCATE|[342]|Bytes:408
11:36:24.0 (1022642)|HEAP_ALLOCATE|[355]|Bytes:408
11:36:24.0 (1037948)|HEAP_ALLOCATE|[467]|Bytes:48
11:36:24.0 (1069939)|HEAP_ALLOCATE|[139]|Bytes:6
11:36:24.0 (1089622)|HEAP_ALLOCATE|[EXTERNAL]|Bytes:6
11:36:24.0 (1094103)|HEAP_ALLOCATE|[EXTERNAL]|Bytes:8
11:36:24.0 (1106525)|METHOD_ENTRY|[1]|01pp0000000ETpq|LeaveController.LeaveController()
11:36:24.0 (1110359)|STATEMENT_EXECUTE|[1]
11:36:24.0 (1115838)|STATEMENT_EXECUTE|[1]
11:36:24.0 (1151863)|HEAP_ALLOCATE|[50]|Bytes:5
11:36:24.0 (1177602)|HEAP_ALLOCATE|[56]|Bytes:5
11:36:24.0 (1185838)|HEAP_ALLOCATE|[64]|Bytes:7
11:36:24.0 (1205854)|SYSTEM_MODE_ENTER|true
11:36:24.0 (1230601)|HEAP_ALLOCATE|[EXTERNAL]|Bytes:5
11:36:24.0 (1238783)|SYSTEM_MODE_EXIT|true
11:36:24.0 (1246868)|METHOD_EXIT|[1]|LeaveController
11:36:24.0 (1256166)|SYSTEM_MODE_ENTER|false
11:36:24.0 (1270015)|SYSTEM_MODE_ENTER|true
11:36:24.0 (1273955)|HEAP_ALLOCATE|[11]|Bytes:5
11:36:24.0 (1277120)|STATEMENT_EXECUTE|[9]
11:36:24.0 (1278468)|STATEMENT_EXECUTE|[11]
11:36:24.0 (1294086)|METHOD_ENTRY|[11]|01pp0000000ETpq|LeaveController.getAccountId()
11:36:24.0 (1324920)|HEAP_ALLOCATE|[4]|Bytes:5
11:36:24.0 (1329003)|STATEMENT_EXECUTE|[3]
11:36:24.0 (1330314)|STATEMENT_EXECUTE|[4]
11:36:24.0 (1332994)|HEAP_ALLOCATE|[4]|Bytes:46
11:36:24.0 (1344852)|HEAP_ALLOCATE|[4]|Bytes:4
11:36:24.0 (1355660)|HEAP_ALLOCATE|[4]|Bytes:7
11:36:24.0 (1392771)|HEAP_ALLOCATE|[4]|Bytes:85
11:36:24.0 (1402180)|SYSTEM_METHOD_ENTRY|[1]|UserInfo.UserInfo()
11:36:24.0 (1404492)|STATEMENT_EXECUTE|[1]
11:36:24.0 (1410793)|SYSTEM_METHOD_EXIT|[1]|UserInfo
11:36:24.0 (1422071)|METHOD_ENTRY|[4]||System.UserInfo.getUserId()
11:36:24.0 (1464863)|METHOD_EXIT|[4]||System.UserInfo.getUserId()
11:36:24.0 (3065638)|SOQL_EXECUTE_BEGIN|[4]|Aggregations:0|SELECT AccountId FROM User WHERE Id = :tmpVar1
11:36:24.0 (3078544)|LIMIT_USAGE|[4]|SOQL|1|100
11:36:24.0 (3089361)|LIMIT_USAGE|[4]|AGGS|0|300
11:36:24.0 (6517905)|SOQL_EXECUTE_END|[4]|Rows:1
11:36:24.0 (6526672)|LIMIT_USAGE|[4]|SOQL_ROWS|1|50000
11:36:24.0 (6540206)|HEAP_ALLOCATE|[4]|Bytes:8
11:36:24.0 (6554113)|HEAP_ALLOCATE|[4]|Bytes:29
11:36:24.0 (6624881)|HEAP_ALLOCATE|[4]|Bytes:8
11:36:24.0 (6634751)|HEAP_ALLOCATE|[4]|Bytes:30
11:36:24.0 (6737830)|HEAP_ALLOCATE|[4]|Bytes:8
11:36:24.0 (6782411)|HEAP_ALLOCATE|[4]|Bytes:18
11:36:24.0 (6790730)|VARIABLE_SCOPE_BEGIN|[4]|accId|String|false|false
11:36:24.0 (6829130)|VARIABLE_ASSIGNMENT|[4]|accId|"005p0000000MSboAAG"
11:36:24.0 (6833089)|STATEMENT_EXECUTE|[6]
11:36:24.0 (6836721)|HEAP_ALLOCATE|[6]|Bytes:15
11:36:24.0 (6848338)|METHOD_EXIT|[11]|01pp0000000ETpq|LeaveController.getAccountId()
11:36:24.0 (6852876)|VARIABLE_SCOPE_BEGIN|[11]|accId|String|false|false
11:36:24.0 (6858891)|VARIABLE_ASSIGNMENT|[11]|accId|"001p000000DSVcL"
11:36:24.0 (6861621)|STATEMENT_EXECUTE|[12]
11:36:24.0 (6862847)|STATEMENT_EXECUTE|[13]
11:36:24.0 (6865251)|HEAP_ALLOCATE|[13]|Bytes:304
11:36:24.0 (6870565)|HEAP_ALLOCATE|[13]|Bytes:4
11:36:24.0 (10916238)|SOQL_EXECUTE_BEGIN|[13]|Aggregations:1|SELECT Id, Name, Leave_Remaining_Monday__c, Leave_Remaining_Tuesday__c, Leave_Remaining_Wednesday__c, Leave_Remaining_Thursday__c, Leave_Remaining_Friday__c, Leave_Remaining_Saturday__c, Leave_Remaining_Sunday__c, (SELECT id, Name, Leave_Date__c FROM Leave__r) FROM Opportunity WHERE AccountId = :tmpVar1
11:36:24.0 (10927346)|LIMIT_USAGE|[13]|SOQL|2|100
11:36:24.0 (10935223)|LIMIT_USAGE|[13]|AGGS|1|300
11:36:24.0 (27864206)|SOQL_EXECUTE_END|[13]|Rows:3
11:36:24.0 (27897063)|LIMIT_USAGE|[13]|SOQL_ROWS|18|50000
11:36:24.0 (27917159)|HEAP_ALLOCATE|[13]|Bytes:16
11:36:24.0 (27979478)|HEAP_ALLOCATE|[13]|Bytes:3131
11:36:24.0 (28033593)|HEAP_ALLOCATE|[13]|Bytes:16
11:36:24.0 (28055581)|VARIABLE_SCOPE_BEGIN|[13]|accBusiness|List<Opportunity>|true|false
11:36:24.0 (28219263)|VARIABLE_ASSIGNMENT|[13]|accBusiness|{"s":1,"v":[{"s":2,"v":{"Id":"006p0000003Y9K0AAK","Name":"Test AccBusiness2","Leave_Remaining_Mond (5 more) ...":3,"Leave_Remaining_Tues (6 more) ...":2,"Leave_Remaining_Wedn (8 more) ...":1,"Leave_Remaining_Thur (7 more) ...":1,"Leave_Remaining_Frid (5 more) ...":2,"Leave_Remaining_Satu (7 more) ...":3,"Leave_Remaining_Sund (5 more) ...":3,"Leave__r":[{"s":3,"v":{"Account_Business__c":"006p0000003Y9K0AAK","Id":"a02p0000002kJsQAAU","Name":"L-000000016","Leave_Date__c":"2016-09-14T00:00:00.000Z"}},{"s":4,"v":{"Account_Business__c":"006p0000003Y9K0AAK","Id":"a02p0000002kJsVAAU","Name":"L-000000017","Leave_Date__c":"2016-09-16T00:00:00.000Z"}},{"s":5,"v":{"Account_Business__c":"006p0000003Y9K0AAK","Id":"a02p0000002kL9gAAE","Name":"L-000000020","Leave_Date__c":"2016-09-21T00:00:00.000Z"}},{"s":6,"v":{"Account_Business__c":"006p0000003Y9K0AAK","Id":"a02p0000002kOE3AAM","Name":"L-000000025","Leave_Date__c":"2016-09-15T00:00:00.000Z"}},{"s":7,"v":{"Account_Business__c":"006p0000003Y9K0AAK","Id":"a02p0000002kOH2AAM","Name":"L-000000027","Leave_Date__c":"2016-09-15T00:00:00.000Z"}},{"s":8,"v":{"Account_Business__c":"006p0000003Y9K0AAK","Id":"a02p0000002kOHCAA2","Name":"L-000000028","Leave_Date__c":"2016-09-27T00:00:00.000Z"}}]}},{"s":9,"v":{"Id":"006p0000003Y9KAAA0","Name":"Test AccBusiness3","Leave_Remaining_Mond (5 more) ...":0,"Leave_Remaining_Tues (6 more) ...":0,"Leave_Remaining_Wedn (8 more) ...":0,"Leave_Remaining_Thur (7 more) ...":-2,"Leave_Remaining_Frid (5 more) ...":0,"Leave_Remaining_Satu (7 more) ...":-1,"Leave_Remaining_Sund (5 more) ...":-2,"Leave__r":[{"s":10,"v":{"Account_Business__c":"006p0000003Y9KAAA0","Id":"a02p0000002kJsaAAE","Name":"L-000000018","Leave_Date__c":"2016-09-17T00:00:00.000Z"}},{"s":11,"v":{"Account_Business__c":"006p0000003Y9KAAA0","Id":"a02p0000002kOGJAA2","Name":"L-000000026","Leave_Date__c":"2016-09-25T00:00:00.000Z"}},{"s":12,"v":{"Account_Business__c":"006p0000003Y9KAAA0","Id":"a02p0000002kNUXAA2","Name":"L-000000024","Leave_Date__c":"2016-09-15T00:00:00.000Z"}},{"s":13,"v":{"Account_Business__c":"006p0000003Y9KAAA0","Id":"a02p0000002kJspAAE","Name":"L-000000019","Leave_Date__c":"2016-09-18T00:00:00.000Z"}},{"s":14,"v":{"Account_Business__c":"006p0000003Y9KAAA0","Id":"a02p0000002kNQ1AAM","Name":"L-000000022","Leave_Date__c":"2016-09-22T00:00:00.000Z"}}]}},{"s":15,"v":{"Id":"006p0000003Y9JvAAK","Name":"Test AccountBusiness (1 more) ...","Leave_Remaining_Mond (5 more) ...":3,"Leave_Remaining_Tues (6 more) ...":3,"Leave_Remaining_Wedn (8 more) ...":4,"Leave_Remaining_Thur (7 more) ...":3,"Leave_Remaining_Frid (5 more) ...":4,"Leave_Remaining_Satu (7 more) ...":4,"Leave_Remaining_Sund (5 more) ...":4,"Leave__r":[{"s":16,"v":{"Account_Business__c":"006p0000003Y9JvAAK","Id":"a02p0000002kJsLAAU","Name":"L-000000015","Leave_Date__c":"2016-09-19T00:00:00.000Z"}},{"s":17,"v":{"Account_Business__c":"006p0000003Y9JvAAK","Id":"a02p0000002kJsBAAU","Name":"L-000000014","Leave_Date__c":"2016-09-15T00:00:00.000Z"}},{"s":18,"v":{"Account_Business__c":"006p0000003Y9JvAAK","Id":"a02p0000002kNQ6AAM","Name":"L-000000023","Leave_Date__c":"2016-09-27T00:00:00.000Z"}}]}}]}|0x6d3f80e6
11:36:24.0 (28241075)|STATEMENT_EXECUTE|[19]
11:36:24.0 (28249141)|HEAP_ALLOCATE|[19]|Bytes:12
11:36:24.0 (28446421)|HEAP_ALLOCATE|[19]|Bytes:823
11:36:24.0 (28470108)|HEAP_ALLOCATE|[19]|Bytes:835
11:36:24.0 (28503573)|USER_DEBUG|[19]|DEBUG|accBusiness (Opportunity:{Id=006p0000003Y9K0AAK, Name=Test AccBusiness2, Leave_Remaining_Monday__c=3, Leave_Remaining_Tuesday__c=2, Leave_Remaining_Wednesday__c=1, Leave_Remaining_Thursday__c=1, Leave_Remaining_Friday__c=2, Leave_Remaining_Saturday__c=3, Leave_Remaining_Sunday__c=3}, Opportunity:{Id=006p0000003Y9KAAA0, Name=Test AccBusiness3, Leave_Remaining_Monday__c=0, Leave_Remaining_Tuesday__c=0, Leave_Remaining_Wednesday__c=0, Leave_Remaining_Thursday__c=-2, Leave_Remaining_Friday__c=0, Leave_Remaining_Saturday__c=-1, Leave_Remaining_Sunday__c=-2}, Opportunity:{Id=006p0000003Y9JvAAK, Name=Test AccountBusiness1, Leave_Remaining_Monday__c=3, Leave_Remaining_Tuesday__c=3, Leave_Remaining_Wednesday__c=4, Leave_Remaining_Thursday__c=3, Leave_Remaining_Friday__c=4, Leave_Remaining_Saturday__c=4, Leave_Remaining_Sunday__c=4})
11:36:24.0 (28514285)|STATEMENT_EXECUTE|[20]
11:36:24.0 (28515815)|STATEMENT_EXECUTE|[21]
11:36:24.0 (28521922)|SYSTEM_MODE_EXIT|true
11:36:24.0 (29120546)|SYSTEM_MODE_EXIT|false
11:36:24.29 (29173751)|CUMULATIVE_LIMIT_USAGE
11:36:24.29 (29173751)|LIMIT_USAGE_FOR_NS|(default)|
  Number of SOQL queries: 2 out of 100
  Number of query rows: 18 out of 50000
  Number of SOSL queries: 0 out of 20
  Number of DML statements: 0 out of 150
  Number of DML rows: 0 out of 10000
  Maximum CPU time: 0 out of 10000
  Maximum heap size: 0 out of 6000000
  Number of callouts: 0 out of 100
  Number of Email Invocations: 0 out of 10
  Number of future calls: 0 out of 50
  Number of queueable jobs added to the queue: 0 out of 50
  Number of Mobile Apex push calls: 0 out of 10

11:36:24.29 (29173751)|TOTAL_EMAIL_RECIPIENTS_QUEUED|0
11:36:24.29 (29173751)|STATIC_VARIABLE_LIST|
  char[]:DigitTens:0
  long:serialVersionUID:0
  long:serialVersionUID:0
  String:_sfdcAdditionalCodeLocations:0
  double:MAX_VALUE:0
  Boolean:FALSE:0
  long:serialVersionUID:0
  String:_sfdcSuppressedCodeLocations:0
  double:MIN_VALUE:0
  int:SIZE:0
  double:NEGATIVE_INFINITY:0
  int:MAX_VALUE:0
  String:_sfdcAdditionalCodeLocations:0
  char[]:digits:0
  double:NaN:0
  Boolean:TRUE:0
  int:MIN_VALUE:0
  char[]:DigitOnes:0
  int:BYTES:0
  int:MIN_EXPONENT:0
  int[]:sizeTable:0
  int:MAX_EXPONENT:0
  int:SIZE:0
  double:POSITIVE_INFINITY:0
  double:MIN_NORMAL:0
  int:BYTES:0

11:36:24.29 (29173751)|CUMULATIVE_LIMIT_USAGE_END

11:36:24.0 (29328452)|CODE_UNIT_FINISHED|LeaveController.getAccountBusiness
11:36:24.0 (31147135)|EXECUTION_FINISHED
11:36:24.35 (35130586)|CUMULATIVE_PROFILING_BEGIN
11:36:24.35 (35130586)|CUMULATIVE_PROFILING|SOQL operations|
Class.LeaveController.getAccountBusiness: line 13, column 1: [SELECT Id,Name,Leave_Remaining_Monday__c,Leave_Remaining_Tuesday__c,Leave_Remaining_Wednesday__c,
                                             Leave_Remaining_Thursday__c,Leave_Remaining_Friday__c,Leave_Remaining_Saturday__c,Leave_Remaining_Sunday__c
                                             , (select id, Name,Leave_Date__c from Leave__r)
                                             FROM Opportunity
                                             WHERE AccountId  = :accId]: executed 1 time in 21 ms

11:36:24.35 (35130586)|CUMULATIVE_PROFILING|No profiling information for SOSL operations
11:36:24.35 (35130586)|CUMULATIVE_PROFILING|No profiling information for DML operations
11:36:24.35 (35130586)|CUMULATIVE_PROFILING|method invocations|
External entry point: public static List<Opportunity> getAccountBusiness(): executed 1 time in 28 ms
Class.LeaveController.getAccountBusiness: line 11, column 1: public static String getAccountId(): executed 1 time in 6 ms
Class.LeaveController.getAccountId: line 4, column 1: global static String getUserId(): executed 2 times in 5 ms
Class.LeaveController.getAccountBusiness: line 19, column 1: public static String valueOf(Object): executed 2 times in 0 ms

11:36:24.35 (35130586)|CUMULATIVE_PROFILING_END
